iteration,exchange,exchangeRandom,inversion,swap,scramble,add,addRandomly,shift
0,50,50,50,50,50,50,50,50
1,48,66,45,55,64,50,59,13
2,33,70,51,62,63,53,60,8
3,40,71,51,58,63,55,56,6
4,42,65,53,59,62,51,62,6
5,47,65,51,56,63,57,55,6
6,47,67,51,58,64,57,51,5
7,43,67,52,59,62,60,52,5
8,41,65,52,60,64,61,52,5
9,42,67,51,60,62,61,52,5
10,40,69,52,58,61,60,55,5
11,40,69,53,59,61,57,56,5
12,41,70,54,58,60,56,56,5
13,40,70,55,58,61,55,56,5
14,40,70,56,57,63,54,55,5
15,41,70,55,56,63,55,55,5
16,41,68,56,58,62,56,54,5
17,40,67,57,58,62,58,53,5
18,39,68,58,57,62,56,55,5
19,40,68,58,56,61,55,57,5
20,38,68,58,55,62,56,58,5
21,38,68,56,55,61,57,60,5
22,37,69,57,55,61,56,60,5
23,38,69,59,54,59,57,59,5
24,37,71,59,52,59,59,58,5
25,37,72,59,52,60,57,59,4
26,37,70,59,52,60,57,61,4
27,39,70,56,54,60,57,60,4
28,39,69,56,54,60,57,61,4
29,40,69,53,54,58,58,64,4
30,41,70,53,52,57,58,66,3
31,40,71,54,52,55,57,68,3
32,42,71,55,51,53,57,68,3
33,42,73,55,53,53,54,67,3
34,41,72,55,54,53,55,67,3
35,41,71,53,55,53,56,68,3
36,39,72,50,56,54,55,71,3
37,37,72,50,56,54,57,71,3
38,36,75,51,53,55,56,71,3
39,38,73,53,50,59,54,70,3
40,39,75,52,49,58,54,70,3
41,38,77,52,49,58,53,70,3
42,40,76,50,51,58,55,67,3
43,40,75,51,50,60,55,66,3
44,41,73,51,50,61,56,65,3
45,44,70,54,51,61,55,62,3
46,44,67,56,53,62,54,61,3
47,45,64,57,53,61,54,63,3
48,45,65,57,51,62,53,64,3
49,42,67,57,50,64,54,63,3
50,41,67,58,51,63,53,64,3
51,43,67,56,52,64,51,64,3
52,44,67,58,52,62,51,63,3
53,44,67,58,50,64,51,63,3
54,44,67,57,50,65,52,62,3
55,47,66,55,50,64,53,62,3
56,46,66,56,50,63,54,62,3
57,45,65,57,51,64,54,61,3
58,45,65,55,50,65,54,63,3
59,46,66,54,49,64,54,64,3
60,47,65,54,49,65,55,62,3
61,46,66,54,48,66,55,62,3
62,46,64,55,48,66,55,63,3
63,45,62,57,51,65,55,62,3
64,43,61,59,51,66,55,62,3
65,44,60,58,50,66,57,62,3
66,45,60,57,50,66,58,61,3
67,48,60,57,49,65,58,60,3
68,47,61,57,48,65,59,60,3
69,22,170,58,26,43,44,36,1
70,11,272,58,10,14,16,19,0
71,1,328,56,4,2,5,4,0
72,0,337,56,3,0,3,1,0
73,0,333,59,3,0,4,1,0
74,0,334,60,0,2,2,2,0
75,0,334,59,1,1,2,3,0
76,0,336,58,1,1,4,0,0
77,0,334,59,1,3,2,1,0
78,0,337,59,0,2,0,2,0
79,0,337,61,1,1,0,0,0
80,0,332,64,0,2,2,0,0
81,0,332,63,0,3,1,1,0
82,0,334,60,0,3,1,2,0
83,0,335,60,1,0,3,1,0
84,0,334,62,0,4,0,0,0
85,0,331,61,4,3,1,0,0
86,0,332,63,0,1,2,2,0
87,6,251,61,19,20,19,24,0
88,11,183,50,39,38,37,42,0
89,19,138,73,42,48,40,40,0
90,34,97,58,54,57,51,49,0
91,41,80,49,54,63,50,63,0
92,42,79,53,62,53,52,59,0
93,28,48,31,29,37,161,66,0
94,133,38,23,22,7,124,53,0
95,232,42,17,8,7,67,27,0
96,269,38,9,10,7,55,12,0
97,313,41,4,4,6,26,6,0
98,321,41,3,3,3,18,11,0
99,333,41,4,1,4,10,7,0
100,348,41,2,2,1,4,2,0
101,347,41,2,1,3,6,0,0
102,347,44,0,0,0,5,4,0
103,353,44,0,0,0,3,0,0
104,351,43,0,2,0,2,2,0
105,339,45,5,3,4,3,1,0
106,342,45,4,1,2,5,1,0
107,349,47,0,1,1,0,2,0
108,347,47,2,1,0,2,1,0
109,349,46,1,1,1,2,0,0
110,345,46,1,1,2,2,3,0
111,348,45,0,5,1,1,0,0
112,350,43,1,2,1,1,2,0
113,355,44,0,0,0,1,0,0
114,348,46,2,2,2,0,0,0
115,348,47,0,2,0,2,1,0
116,347,47,0,2,0,2,2,0
117,346,48,0,1,0,3,2,0
118,344,48,0,1,2,1,4,0
119,340,52,0,1,2,4,1,0
120,346,51,0,2,1,0,0,0
121,342,50,3,2,3,0,0,0
122,209,33,0,0,154,2,2,0
123,115,15,1,0,263,2,4,0
124,80,6,1,0,311,2,0,0
125,58,3,1,0,334,2,2,0
126,190,2,2,1,199,5,1,0
127,266,3,1,2,122,3,3,0
128,306,4,2,0,83,1,4,0
129,344,2,1,1,50,2,0,0
130,362,2,0,1,29,5,1,0
131,371,3,5,0,18,1,2,0
132,385,3,3,1,6,2,0,0
133,382,5,2,2,8,0,1,0
134,385,5,0,0,8,2,0,0
135,385,7,0,2,6,0,0,0
136,382,8,1,3,3,0,3,0
137,379,8,0,0,6,2,5,0
138,380,10,2,0,2,2,4,0
139,380,10,0,0,8,1,1,0
140,381,10,2,1,1,4,1,0
141,381,11,2,0,4,0,2,0
142,382,13,1,1,1,1,1,0
143,383,12,1,1,1,1,1,0
144,376,14,1,1,4,3,1,0
145,378,15,0,1,1,4,1,0
146,372,18,2,3,2,3,0,0
147,376,19,1,0,1,2,1,0
148,372,20,1,2,1,3,1,0
149,372,23,1,2,0,1,1,0
150,369,25,2,2,2,0,0,0
151,367,27,2,1,1,1,1,0
152,367,28,0,2,0,2,1,0
153,367,28,2,0,2,0,1,0
154,364,26,2,1,2,3,2,0
155,369,28,0,1,0,1,1,0
156,366,30,0,1,1,1,1,0
157,363,29,0,3,2,1,2,0
158,363,28,2,0,3,1,3,0
159,366,28,1,0,0,2,3,0
160,364,26,1,1,1,2,5,0
161,369,25,0,1,1,3,1,0
162,372,25,1,0,1,1,0,0
163,362,26,3,2,4,2,1,0
164,365,29,1,1,0,1,3,0
165,362,30,2,1,2,2,1,0
166,367,29,0,0,2,2,0,0
167,365,30,1,0,0,2,2,0
168,365,30,1,2,0,2,0,0
169,362,33,1,1,0,2,1,0
170,364,33,0,0,2,1,0,0
171,359,35,0,2,0,4,0,0
172,360,35,1,2,0,1,1,0
173,298,27,73,1,0,1,0,0
174,248,19,126,2,1,1,3,0
175,219,17,159,1,1,3,0,0
176,130,7,253,3,5,1,1,0
177,82,1,304,6,2,1,4,0
178,217,1,170,6,4,0,2,0
179,276,2,109,6,0,3,4,0
180,318,2,71,2,5,2,0,0
181,344,1,47,3,2,2,1,0
182,375,3,17,1,2,1,1,0
183,378,4,15,0,1,1,1,0
184,378,8,6,2,3,3,0,0
185,385,9,4,1,0,1,0,0
186,383,12,1,1,0,2,1,0
187,375,17,3,1,2,1,1,0
188,373,16,1,2,3,3,2,0
189,370,17,5,1,5,1,1,0
190,374,18,3,2,0,1,2,0
191,375,21,0,0,1,1,2,0
192,377,21,0,0,1,0,1,0
193,370,21,3,1,2,1,2,0
194,373,21,0,0,1,3,2,0
195,373,21,2,1,1,1,1,0
196,374,23,1,0,0,2,0,0
197,360,26,5,1,2,3,3,0
198,366,25,2,0,1,3,3,0
199,364,24,0,4,4,3,1,0
200,367,26,1,2,1,3,0,0
201,368,26,0,1,0,3,2,0
202,368,23,1,4,2,1,1,0
203,368,25,4,0,1,0,2,0
204,371,26,2,0,0,0,1,0
205,367,26,3,0,0,1,3,0
206,365,25,1,4,0,4,1,0
207,366,26,4,0,1,3,0,0
208,369,26,1,0,0,3,1,0
209,369,26,3,1,1,0,0,0
210,363,27,3,3,1,1,2,0
211,365,28,3,1,0,2,1,0
212,220,20,1,1,1,155,2,0
213,141,8,2,0,2,244,3,0
214,244,6,1,3,1,143,2,0
215,300,4,1,2,0,93,0,0
216,346,4,0,1,0,47,2,0
217,354,5,1,3,0,35,2,0
218,370,8,1,0,0,20,1,0
219,372,8,2,2,3,12,1,0
220,375,10,2,1,0,12,0,0
221,380,11,3,2,0,4,0,0
222,380,13,2,0,1,3,1,0
223,374,13,2,4,0,7,0,0
224,382,13,1,0,0,3,1,0
225,382,12,1,1,1,1,2,0
226,383,13,0,2,2,0,0,0
227,379,13,2,3,0,2,1,0
228,380,14,3,0,1,2,0,0
229,380,14,1,2,1,1,1,0
230,380,13,2,0,2,3,0,0
231,380,13,0,1,3,2,1,0
232,376,14,1,2,3,2,2,0
233,381,15,0,0,2,1,1,0
234,375,18,0,1,3,0,3,0
235,380,18,0,0,2,0,0,0
236,371,24,0,2,0,2,1,0
237,370,25,2,1,1,0,1,0
238,359,29,1,4,3,2,2,0
239,363,31,0,1,3,2,0,0
240,357,30,4,3,2,2,2,0
241,358,31,3,3,0,2,3,0
242,360,33,2,1,2,2,0,0
243,358,33,2,3,1,2,1,0
244,358,35,2,4,1,0,0,0
245,359,35,2,1,2,0,1,0
246,194,22,181,1,1,1,0,0
247,145,12,240,0,1,0,2,0
248,94,2,301,0,0,0,3,0
249,197,2,196,1,1,1,2,0
250,294,2,100,2,1,1,0,0
251,328,4,65,1,2,0,0,0
252,351,7,37,1,3,0,1,0
253,361,10,25,0,0,3,1,0
254,369,11,16,0,0,2,2,0
255,373,12,11,1,1,0,2,0
256,380,12,3,1,2,0,2,0
257,382,14,1,0,0,2,1,0
258,379,16,1,1,0,2,1,0
259,375,19,0,0,2,1,3,0
260,372,20,4,1,0,1,2,0
261,375,21,1,0,2,0,1,0
262,371,21,3,1,1,0,3,0
263,373,22,1,0,2,1,1,0
264,369,24,1,1,0,3,2,0
265,371,25,2,1,0,1,0,0
266,369,27,0,1,0,0,3,0
267,366,26,0,2,1,2,3,0
268,367,25,1,0,1,2,4,0
269,370,24,1,2,1,1,1,0
270,375,23,0,1,1,0,0,0
271,373,23,2,1,0,1,0,0
272,375,25,0,0,0,0,0,0
273,367,27,0,2,0,1,3,0
274,368,26,2,1,2,0,1,0
275,298,21,1,1,77,1,1,0
276,154,13,3,1,227,2,0,0
277,99,4,1,1,291,2,2,0
278,71,3,1,0,321,2,2,0
279,193,5,0,0,200,0,2,0
280,281,6,1,0,110,1,1,0
281,309,6,4,0,78,1,2,0
282,336,6,1,0,50,6,1,0
283,363,6,0,3,26,2,0,0
284,380,7,0,2,9,0,2,0
285,378,10,0,2,9,0,1,0
286,375,11,3,1,10,0,0,0
287,381,11,0,1,5,0,2,0
288,384,11,1,1,2,1,0,0
289,383,11,0,1,4,1,0,0
290,387,11,1,0,1,0,0,0
291,378,12,2,2,3,2,1,0
292,382,12,3,1,0,1,1,0
293,380,13,2,1,4,0,0,0
294,381,13,0,2,2,0,2,0
295,382,13,1,0,3,0,1,0
296,379,13,3,0,2,1,2,0
297,376,15,1,2,1,1,4,0
298,377,16,4,0,1,1,1,0
299,376,18,4,0,1,0,1,0
