iteration,exchange,exchangeRandom,inversion,swap,scramble,add,addRandomly,shift
0,100,100,100,100,100,100,100,100
1,97,104,103,104,101,89,102,100
2,87,85,90,200,77,80,89,92
3,69,80,84,261,90,73,70,73
4,54,48,67,354,82,67,68,60
5,65,67,52,337,78,79,61,61
6,62,58,57,381,57,73,64,48
7,49,59,54,421,52,66,50,49
8,47,42,52,432,80,59,54,34
9,48,44,50,361,59,57,148,33
10,43,50,41,385,49,61,134,37
11,50,52,50,397,54,51,111,35
12,42,40,40,413,51,56,107,51
13,58,47,37,449,38,57,80,34
14,51,41,45,455,38,52,78,40
15,54,43,37,493,28,43,67,35
16,65,28,39,473,36,54,61,44
17,58,40,37,469,43,54,50,49
18,47,46,32,504,44,34,37,56
19,44,47,47,501,34,40,40,47
20,37,36,43,506,55,33,48,42
21,48,47,44,478,44,45,40,54
22,39,47,50,505,45,40,20,54
23,43,42,39,382,178,38,38,40
24,57,47,40,390,130,55,30,51
25,48,34,48,440,105,39,40,46
26,43,39,33,447,105,47,41,45
27,28,35,35,478,78,48,46,52
28,47,33,29,489,65,45,36,56
29,44,155,36,378,68,43,34,42
30,34,133,40,402,70,43,36,42
31,52,94,50,408,58,42,53,43
32,59,81,36,464,43,46,47,24
33,46,86,38,465,52,37,36,40
34,54,61,42,480,58,34,36,35
35,48,62,42,480,41,43,42,42
36,47,52,48,470,40,58,33,52
37,50,53,37,474,50,46,41,49
38,46,51,42,373,149,30,58,51
39,48,42,34,417,122,37,72,28
40,33,36,40,442,111,41,57,40
41,53,63,42,413,87,46,53,43
42,37,44,46,472,61,44,52,44
43,49,47,40,462,62,49,54,37
44,51,34,27,384,72,35,158,39
45,39,31,33,422,68,41,131,35
46,37,45,37,446,50,34,107,44
47,29,52,47,447,42,43,98,42
48,31,43,45,361,38,44,197,41
49,33,39,43,370,51,37,179,48
50,35,38,51,432,30,43,117,54
51,47,32,52,431,47,41,98,52
52,29,54,41,469,46,44,88,29
53,51,43,58,338,52,33,186,39
54,41,58,147,272,43,36,168,35
55,35,48,120,215,44,46,230,62
56,52,49,112,192,41,48,267,39
57,30,56,105,134,45,54,318,58
58,151,65,89,122,38,45,242,48
59,228,47,80,96,36,40,239,34
60,164,50,77,94,46,51,286,32
61,150,48,55,74,31,42,344,54
62,132,47,56,57,31,43,389,43
63,116,39,42,70,44,30,411,46
64,88,32,51,55,40,55,434,43
65,70,35,48,34,33,45,490,43
66,69,40,34,49,45,53,466,42
67,74,50,34,60,43,41,466,30
68,49,34,41,48,45,40,495,46
69,49,42,32,42,40,43,504,46
70,56,56,37,45,35,51,484,34
71,56,52,37,34,159,29,395,36
72,52,25,36,38,263,35,324,25
73,44,44,47,53,190,42,326,52
74,42,38,48,29,170,42,394,35
75,50,46,41,28,136,46,427,24
76,44,50,30,41,115,37,440,41
77,30,47,55,52,73,37,461,43
78,52,48,36,43,70,42,462,45
79,34,49,38,44,79,39,467,48
80,41,36,39,40,73,38,479,52
81,39,37,41,30,58,38,493,62
82,46,59,39,28,183,34,364,45
83,32,36,60,42,226,47,318,37
84,48,41,42,30,225,40,334,38
85,33,39,55,37,293,47,260,34
86,44,35,55,32,310,51,229,42
87,154,42,44,45,242,52,177,42
88,117,41,59,39,334,47,130,31
89,90,52,50,49,337,49,139,32
90,112,44,36,43,390,36,92,45
91,194,46,46,55,289,42,75,51
92,240,33,47,48,256,35,81,58
93,224,38,34,54,284,31,74,59
94,155,49,41,50,353,35,57,58
95,136,50,44,45,265,156,43,59
96,109,47,38,41,222,134,159,48
97,108,36,46,34,286,87,141,60
98,84,35,50,38,341,79,122,49
99,93,27,49,36,296,147,102,48
100,63,35,48,38,340,134,98,42
101,65,46,42,32,250,223,74,66
102,60,38,38,42,207,308,57,48
103,53,47,29,38,279,260,53,39
104,51,60,41,39,302,201,62,42
105,43,49,41,38,387,146,44,50
106,55,43,34,37,437,104,35,51
107,45,53,31,46,434,96,40,51
108,48,51,52,38,424,98,38,47
109,61,46,23,44,456,70,53,43
110,43,46,36,46,449,81,56,39
111,35,51,29,46,478,71,43,43
112,51,47,38,46,485,44,55,30
113,48,43,41,54,475,57,41,37
114,47,52,34,54,465,60,33,51
115,39,32,43,31,504,46,48,53
116,58,44,26,55,478,44,49,42
117,45,54,43,43,486,47,38,40
118,41,60,55,44,468,52,43,33
119,35,52,40,33,495,50,46,45
120,47,42,33,38,496,54,43,43
121,47,53,50,28,486,56,35,41
122,51,49,22,43,497,53,48,33
123,40,47,43,28,504,44,48,42
124,37,47,44,27,501,43,37,60
125,44,58,37,37,499,40,38,43
126,32,53,37,34,507,34,49,50
127,47,48,27,39,494,37,52,52
128,37,35,40,46,502,34,48,54
129,147,45,52,39,395,32,50,36
130,121,41,41,47,403,45,46,52
131,98,40,32,36,455,50,45,40
132,207,36,42,26,350,44,37,54
133,141,62,49,47,358,43,53,43
134,135,34,48,34,406,53,46,40
135,113,44,37,32,422,43,50,55
136,96,52,32,29,419,48,55,65
137,90,33,40,45,467,38,45,38
138,83,38,35,33,474,53,34,46
139,67,41,44,30,475,51,37,51
140,50,44,43,46,469,48,47,49
141,53,47,38,42,481,50,48,37
142,47,33,31,38,501,48,55,43
143,57,45,29,44,470,51,47,53
144,53,40,41,52,483,39,43,45
145,51,47,41,37,497,38,36,49
146,51,43,46,39,487,28,48,54
147,44,35,42,41,502,37,48,47
148,40,47,41,38,502,45,43,40
149,43,24,50,31,509,48,43,48
150,41,40,47,27,518,37,46,40
151,26,34,42,42,530,45,32,45
152,47,24,58,40,484,37,37,69
153,53,38,36,40,503,42,34,50
154,40,36,47,38,515,28,47,45
155,43,36,44,38,516,30,43,46
156,55,40,45,40,500,37,34,45
157,53,38,35,52,508,40,27,43
158,44,49,39,42,502,54,35,31
159,50,55,35,43,495,39,34,45
160,50,51,40,48,469,49,35,54
161,40,57,35,50,489,44,39,42
162,36,45,29,34,534,49,36,33
163,35,60,49,49,472,44,41,46
164,34,37,47,54,488,45,47,44
165,44,42,41,43,514,39,33,40
166,29,42,49,41,489,41,55,50
167,39,42,51,45,503,37,43,36
168,36,44,42,42,507,40,41,44
169,37,37,51,64,489,41,36,41
170,33,28,55,51,502,34,60,33
171,24,62,38,51,528,24,38,31
172,46,51,47,52,468,42,49,41
173,38,49,44,43,504,44,39,35
174,45,25,50,47,511,44,43,31
175,42,40,37,37,504,54,51,31
176,36,43,50,51,465,56,59,36
177,34,58,43,47,490,41,46,37
178,43,37,38,34,507,44,52,41
179,20,37,46,36,407,154,56,40
180,31,35,38,44,303,222,65,58
181,34,36,49,50,352,169,53,53
182,40,44,41,39,414,136,32,50
183,41,43,43,37,419,121,42,50
184,55,38,45,54,419,109,36,40
185,61,43,35,40,430,101,29,57
186,37,55,25,42,478,77,42,40
187,49,39,17,31,482,96,37,45
188,51,36,26,41,491,62,44,45
189,56,49,23,32,488,64,43,41
190,49,60,39,29,462,67,57,33
191,46,42,45,58,485,39,45,36
192,38,49,30,41,499,55,46,38
193,52,36,31,55,497,44,49,32
194,44,31,38,52,491,46,48,46
195,53,39,38,53,479,54,47,33
196,144,38,39,66,359,67,49,34
197,141,37,42,151,300,48,41,36
198,105,41,24,129,371,52,47,27
199,85,44,58,101,399,46,27,36
200,78,42,43,95,394,56,49,39
201,72,42,31,88,433,59,46,25
202,68,27,35,87,421,54,62,42
203,58,38,51,63,458,45,50,33
204,53,34,48,63,442,48,71,37
205,59,44,35,61,460,46,46,45
206,53,29,29,48,498,40,49,50
207,53,32,43,47,517,27,41,36
208,48,31,35,47,489,52,44,50
209,35,34,46,42,405,142,52,40
210,51,38,41,48,391,132,56,39
211,38,43,50,47,433,99,42,44
212,46,32,56,48,445,85,44,40
213,54,46,30,40,460,70,55,41
214,50,38,43,52,454,64,52,43
215,46,35,55,36,486,64,46,28
216,43,42,59,33,461,70,34,54
217,39,32,46,35,383,52,169,40
218,47,34,44,50,419,50,115,37
219,45,37,39,43,419,58,121,34
220,57,33,48,49,432,48,96,33
221,45,28,29,47,451,56,82,58
222,46,38,21,49,357,51,188,46
223,48,33,41,39,374,58,150,53
224,40,36,142,48,296,62,136,36
225,50,35,127,30,378,40,101,35
226,44,37,101,46,383,37,96,52
227,164,38,80,35,311,43,78,47
228,217,38,73,32,284,37,72,43
229,177,56,82,35,321,40,52,33
230,146,40,59,48,367,38,62,36
231,117,23,45,53,404,58,55,41
232,112,43,40,42,426,44,56,33
233,73,37,53,43,455,35,67,33
234,77,45,53,37,444,47,52,41
235,78,36,58,40,446,34,61,43
236,62,38,52,36,476,43,36,53
237,58,33,47,36,490,37,53,42
238,77,51,46,35,477,45,32,33
239,57,51,33,42,472,44,52,45
240,54,40,35,55,483,38,49,42
241,37,56,36,39,493,48,38,49
242,40,56,42,38,477,50,32,61
243,36,54,45,34,482,47,34,64
244,39,48,48,43,491,48,31,48
245,43,67,39,31,490,44,37,45
246,46,48,40,47,476,36,51,52
247,44,62,48,37,483,39,40,43
248,55,50,48,30,486,32,53,42
249,41,47,54,27,509,47,32,39
250,36,48,35,49,507,29,49,43
251,42,39,36,40,495,33,60,51
252,35,63,41,51,484,35,43,44
253,41,45,44,41,500,31,46,48
254,51,53,35,54,490,37,40,36
255,42,41,49,48,487,42,41,46
256,49,42,40,43,486,52,45,39
257,42,41,40,44,503,54,42,30
258,47,50,49,44,497,36,44,29
259,43,48,37,68,471,50,38,41
260,34,30,41,167,404,46,39,35
261,46,37,43,133,421,48,37,31
262,41,49,50,110,427,43,35,41
263,46,37,41,86,461,40,41,44
264,54,40,44,70,428,66,42,52
265,37,38,42,56,508,43,22,50
266,35,41,49,48,488,49,43,43
267,40,35,48,49,487,50,35,52
268,22,45,44,50,498,58,39,40
269,44,49,33,50,487,45,47,41
270,37,41,39,48,480,51,47,53
271,34,51,40,37,485,33,49,67
272,44,44,42,45,480,45,45,51
273,44,49,42,45,499,38,41,38
274,46,50,40,47,496,38,36,43
275,34,51,44,36,485,51,51,44
276,39,51,39,33,496,39,37,62
277,42,60,34,40,491,44,45,40
278,37,50,36,44,498,38,55,38
279,31,24,32,56,523,48,35,47
280,50,47,37,42,494,40,40,46
281,52,42,27,52,487,42,48,46
282,49,37,35,43,534,31,36,31
283,54,39,53,57,467,42,32,52
284,49,49,42,42,511,36,34,33
285,47,31,63,54,477,36,41,47
286,38,41,33,50,513,34,35,52
287,44,29,34,36,522,37,45,49
288,44,29,40,54,498,48,42,41
289,47,32,30,41,502,60,40,44
290,64,23,34,55,511,54,27,28
291,36,21,47,51,512,46,39,44
292,58,40,58,37,478,39,40,46
293,44,29,50,39,522,35,31,46
294,46,30,58,45,500,41,30,46
295,54,35,55,42,495,40,35,40
296,40,36,46,44,517,36,32,45
297,39,31,48,41,505,33,41,58
298,38,58,34,42,493,34,42,55
299,46,45,34,37,486,45,43,60
300,41,43,42,34,484,52,57,43
301,56,30,41,26,505,39,50,49
302,36,37,51,39,494,47,46,46
303,44,50,40,33,477,45,47,60
304,43,48,36,47,480,45,49,48
305,44,55,35,41,495,41,54,31
306,36,52,37,27,491,50,58,45
307,44,38,44,29,511,39,44,47
308,41,43,45,36,505,28,47,51
309,46,43,31,41,490,39,35,71
310,28,48,46,38,521,26,47,42
311,41,48,37,43,508,34,40,45
312,41,164,47,37,382,40,47,38
313,34,233,56,42,308,37,39,47
314,43,172,45,45,374,26,50,41
315,31,147,30,50,403,34,49,52
316,31,236,39,38,313,40,52,47
317,42,296,41,32,254,44,34,53
318,43,265,27,36,309,42,28,46
319,49,222,29,36,330,34,46,50
320,35,180,45,43,352,44,44,53
321,42,138,34,26,420,47,44,45
322,47,115,31,43,431,44,38,47
323,133,102,52,40,344,32,36,57
324,118,109,38,40,377,42,30,42
325,107,66,47,43,425,45,23,40
326,112,66,39,44,423,52,23,37
327,73,73,41,41,453,36,42,37
328,67,64,37,47,458,32,51,40
329,57,146,56,45,368,44,45,35
330,66,134,46,37,389,45,38,41
331,59,234,48,39,314,41,34,27
332,49,168,56,41,345,44,48,45
333,47,250,45,37,264,44,58,51
334,39,182,38,36,370,45,38,48
335,51,170,47,38,352,46,50,42
336,33,127,40,35,413,45,53,50
337,28,238,47,29,335,40,37,42
338,32,181,51,36,360,50,38,48
339,38,144,48,42,390,57,40,37
340,38,119,52,28,425,40,41,53
341,45,82,44,44,439,56,41,45
342,39,94,38,47,423,60,42,53
343,34,61,38,69,452,55,39,48
344,39,63,46,45,464,40,46,53
345,36,75,51,41,433,46,49,65
346,33,67,47,45,430,56,51,67
347,34,54,45,37,485,52,42,47
348,36,32,47,36,505,37,48,55
349,44,53,31,32,496,45,43,52
350,49,49,40,27,488,39,39,65
351,60,42,19,42,486,39,55,53
352,42,48,34,45,508,30,39,50
353,32,38,32,55,508,35,46,50
354,37,37,39,54,520,31,37,41
355,36,31,41,44,518,28,46,52
356,47,38,43,50,501,46,33,38
357,39,39,44,52,503,37,41,41
358,65,26,51,35,521,25,35,38
359,57,36,48,33,497,31,53,41
360,45,31,38,41,524,35,41,41
361,49,38,48,36,499,32,39,55
362,37,31,48,47,526,28,40,39
363,38,38,62,40,379,49,54,136
364,45,41,41,39,298,46,42,244
365,43,39,40,37,251,47,43,296
366,50,20,46,33,204,51,44,335
367,60,38,41,32,267,41,38,266
368,46,35,54,25,345,40,41,197
369,38,36,37,52,360,39,38,183
370,56,28,45,42,394,34,48,136
371,40,41,36,39,430,36,40,121
372,46,54,37,40,422,32,35,117
373,52,47,40,29,452,34,48,81
374,57,59,35,35,441,37,42,77
375,43,59,43,43,452,50,41,52
376,49,54,54,38,460,35,37,56
377,43,46,35,45,465,42,37,70
378,47,45,31,38,490,37,41,54
379,46,43,44,29,491,46,36,48
380,39,55,45,32,477,37,33,65
381,44,44,32,28,487,52,52,44
382,38,46,40,39,489,34,40,57
383,59,40,42,42,484,36,34,46
384,42,51,34,54,477,36,48,41
385,53,34,29,52,491,45,35,44
386,63,44,32,66,460,43,44,31
387,40,29,39,58,504,38,44,31
388,41,27,34,72,491,47,34,37
389,46,36,42,164,389,40,23,43
390,37,38,29,223,317,56,43,40
391,34,37,29,196,353,49,37,48
392,42,40,34,166,275,162,28,36
393,32,40,45,101,340,138,39,48
394,46,27,51,84,391,103,31,50
395,51,37,111,89,323,86,37,49
396,47,34,88,89,377,78,28,42
397,42,44,88,67,408,55,39,40
398,37,39,72,74,436,50,41,34
399,33,57,56,63,427,62,40,45
400,37,36,70,53,450,52,41,44
401,44,35,61,51,453,45,52,42
402,44,159,58,46,348,48,45,35
403,45,134,54,42,374,54,38,42
404,28,107,57,43,321,155,37,35
405,45,95,61,32,236,232,49,33
406,36,86,56,44,195,293,45,28
407,31,75,46,55,172,339,37,28
408,41,64,57,42,140,376,32,31
409,41,46,43,47,113,422,33,38
410,32,56,42,38,108,441,34,32
411,165,53,41,34,88,326,35,41
412,132,61,45,38,66,378,23,40
413,108,40,45,47,60,407,40,36
414,84,48,47,34,69,400,41,58
415,79,56,47,44,57,423,38,36
416,72,48,35,53,45,455,37,35
417,175,57,44,38,43,339,46,38
418,113,41,45,50,50,404,32,45
419,107,47,50,44,47,426,33,26
420,80,35,33,39,44,439,48,62
421,78,37,44,44,47,444,43,43
422,65,47,43,31,46,446,47,55
423,50,44,43,43,39,469,49,31
424,47,53,39,48,28,458,56,39
425,42,36,40,51,47,477,43,32
426,33,41,48,44,40,480,37,45
427,42,54,41,50,39,463,44,35
428,41,38,49,53,39,453,38,57
429,52,41,47,60,31,448,45,37
430,60,38,34,46,34,469,47,33
431,38,48,41,49,26,499,40,20
432,35,35,53,48,35,474,41,40
433,46,41,27,45,23,506,33,40
434,41,30,48,48,23,504,29,38
435,45,41,45,30,52,473,28,36
436,32,29,37,53,49,481,35,34
437,34,23,52,40,42,482,28,49
438,33,36,39,35,43,492,35,37
439,48,46,53,26,37,460,40,40
440,37,32,48,37,53,465,38,40
441,47,25,44,31,37,483,50,33
442,35,23,36,33,44,492,42,41
443,35,35,40,38,45,487,35,31
444,39,30,55,38,36,466,38,44
445,38,30,40,42,39,440,57,51
446,35,42,38,50,30,462,40,40
447,38,37,43,41,35,467,43,33
448,39,29,33,41,40,466,46,43
449,24,36,41,39,37,456,55,49
450,21,30,38,38,53,459,56,39
451,31,37,37,27,43,481,45,33
452,39,32,33,35,29,470,45,51
453,50,28,20,35,48,465,41,47
454,32,37,36,35,34,464,49,41
455,34,48,26,53,34,442,35,56
456,38,36,37,53,31,449,38,46
457,51,41,29,53,43,432,41,38
458,54,33,34,33,46,352,138,38
459,45,33,41,39,38,376,107,49
460,32,24,26,35,45,416,104,46
461,40,44,33,36,48,327,163,37
462,34,42,40,37,53,256,226,40
463,41,42,24,28,46,215,286,46
464,53,35,23,31,45,166,335,40
465,30,38,45,25,52,133,364,41
466,52,35,47,38,36,202,294,24
467,45,33,42,45,21,280,223,39
468,50,44,28,29,34,204,295,44
469,35,46,34,34,38,179,323,39
470,54,57,35,34,27,120,365,36
471,43,52,31,35,43,114,378,32
472,38,46,36,30,35,85,424,34
473,52,37,32,30,51,96,399,31
474,41,50,36,40,39,77,410,35
475,42,43,39,40,43,55,436,29
476,41,56,43,43,41,46,429,28
477,42,62,37,48,31,47,430,30
478,47,47,31,59,30,39,442,32
479,45,40,43,44,39,47,427,42
480,50,43,34,40,37,33,454,36
481,139,35,39,36,48,36,349,44
482,124,44,32,40,35,115,303,33
483,91,39,46,50,33,215,217,35
484,74,32,34,44,29,189,288,36
485,81,25,42,36,39,228,240,35
486,69,25,45,37,52,270,189,39
487,72,32,33,48,44,219,239,39
488,163,40,23,43,47,161,206,43
489,234,34,29,41,48,148,159,31
490,300,37,32,37,41,95,139,42
491,308,47,42,40,40,100,107,39
492,317,54,38,44,37,77,110,40
493,387,33,41,36,30,62,73,44
494,382,29,42,31,41,71,61,49
495,420,37,30,23,35,52,72,37
496,420,41,40,22,30,38,48,47
497,403,47,31,33,35,51,55,31
498,395,30,49,45,40,57,40,27
499,427,35,33,48,29,41,44,26
500,324,28,33,36,46,51,39,125
501,263,29,26,33,47,140,29,115
502,307,42,33,24,41,110,39,86
503,232,38,36,37,39,101,38,161
504,200,36,32,31,34,82,46,221
505,245,37,41,21,35,70,32,201
506,261,43,44,31,39,63,45,152
507,216,43,32,32,28,55,41,231
508,174,53,37,27,39,49,43,245
509,154,43,37,24,38,48,41,282
510,109,36,40,34,44,50,36,311
511,98,46,26,36,33,44,48,319
512,81,29,33,34,41,37,44,340
513,65,38,41,128,41,29,49,248
514,57,42,29,212,35,29,29,200
515,51,32,38,162,120,36,28,166
516,61,41,30,116,93,21,46,219
517,42,34,36,193,82,24,39,173
518,48,30,21,170,57,34,120,143
519,36,43,30,135,47,31,85,213
520,44,29,29,110,59,35,93,221
521,47,29,29,70,38,34,62,301
522,37,30,41,79,44,19,60,296
523,31,34,27,64,36,31,63,307
524,28,21,41,59,47,27,132,238
525,46,25,115,52,31,32,104,188
526,32,39,99,43,110,17,70,183
527,39,31,70,44,101,30,75,203
528,35,27,72,37,81,25,72,238
529,29,34,123,34,97,26,49,192
530,37,24,208,32,48,21,55,159
531,27,35,233,25,45,40,45,134
532,44,34,176,17,45,36,49,183
533,36,30,153,27,38,35,35,230
534,38,27,125,31,34,38,38,243
535,39,15,80,38,34,34,38,296
536,46,23,149,32,30,31,31,232
537,38,34,117,33,31,41,97,183
538,44,30,119,33,32,27,95,194
539,32,22,90,36,129,29,69,167
540,30,22,168,28,86,23,66,151
541,31,29,189,28,93,43,51,110
542,24,26,245,26,80,28,54,91
543,24,29,275,37,53,32,47,77
544,23,33,286,26,49,42,45,70
545,24,45,294,45,43,35,36,52
546,29,33,315,36,42,36,40,43
547,32,46,321,38,43,26,33,35
548,38,29,333,25,37,26,42,44
549,27,49,351,18,39,34,23,33
550,28,42,326,23,51,33,31,40
551,34,31,369,22,33,28,26,31
552,32,40,332,28,51,30,26,35
553,29,26,376,30,21,29,29,34
554,23,26,360,35,29,32,41,28
555,17,25,372,29,22,31,40,38
556,17,34,345,31,36,43,33,35
557,25,34,348,20,42,28,36,41
558,23,29,365,29,43,27,31,27
559,20,36,354,32,29,27,35,41
560,35,31,344,25,37,38,27,37
561,24,33,363,29,31,24,29,41
562,34,30,359,25,26,36,31,33
563,36,36,350,39,32,25,26,30
564,37,28,351,27,29,33,44,25
565,19,41,261,37,123,30,34,29
566,26,32,320,31,78,21,35,31
567,31,23,300,31,66,41,56,26
568,44,31,317,30,59,29,35,29
569,48,40,300,33,63,32,33,25
570,33,32,333,27,53,30,41,25
571,44,85,286,25,42,25,38,29
572,37,77,307,34,39,23,31,26
573,40,76,305,27,46,26,29,25
574,40,70,326,18,26,27,33,34
575,36,63,254,92,41,28,36,24
576,27,40,288,99,32,34,30,24
577,32,49,293,63,38,34,28,37
578,28,44,315,63,30,26,33,35
579,24,45,317,60,22,26,38,42
580,23,36,341,47,30,30,31,36
581,27,53,337,43,23,34,33,24
582,31,49,342,46,29,32,21,24
583,27,36,354,33,31,42,26,25
584,16,36,358,40,31,34,32,27
585,25,41,340,39,33,46,36,14
586,31,37,362,36,27,30,26,25
587,24,40,365,23,34,35,31,22
588,21,26,270,28,32,37,129,31
589,30,31,212,32,38,31,174,26
590,28,33,185,32,121,37,119,19
591,20,35,224,25,100,29,105,36
592,26,32,175,28,64,45,183,21
593,32,32,130,21,59,42,220,38
594,33,36,109,32,56,30,249,29
595,35,33,176,34,51,29,193,23
596,40,29,132,36,42,30,243,22
597,30,37,113,27,36,26,277,28
598,29,30,84,30,62,31,282,26
599,42,48,73,37,36,21,297,20
600,33,36,149,37,38,30,218,33
601,35,45,108,35,36,32,254,29
602,27,36,104,33,33,36,277,28
603,26,26,76,27,37,28,325,29
604,32,27,149,42,24,27,249,24
605,32,32,124,28,28,39,262,29
606,44,32,113,23,30,21,292,19
607,28,32,102,22,30,28,305,27
608,45,42,63,35,18,38,306,27
609,29,37,145,43,28,33,230,29
610,43,34,176,26,21,37,209,28
611,32,37,220,41,36,24,147,37
612,28,29,242,25,39,30,157,24
613,26,28,287,30,38,40,92,33
614,31,34,305,23,35,41,63,42
615,30,42,324,18,31,25,70,34
616,24,46,315,39,27,18,74,31
617,16,36,332,29,24,28,66,43
618,28,35,328,29,41,23,58,32
619,25,29,338,38,37,22,53,32
620,33,38,350,29,25,21,43,35
621,16,31,361,36,32,21,39,38
622,28,34,357,37,26,20,46,26
623,33,29,345,24,43,35,41,24
624,25,31,352,41,37,33,23,32
625,30,35,352,29,38,38,39,13
626,23,19,384,28,29,30,37,24
627,36,28,347,40,43,32,27,21
628,34,32,350,38,34,33,32,21
629,31,27,375,28,33,32,30,18
630,34,26,374,27,18,35,34,26
631,30,29,355,32,31,35,32,30
632,41,28,358,38,21,30,31,27
633,31,39,347,30,32,41,30,24
634,26,27,352,40,28,33,38,30
635,29,28,357,42,20,40,29,29
636,23,41,372,37,24,30,28,19
637,31,24,349,27,33,40,39,31
638,29,35,358,24,26,39,33,30
639,31,41,348,24,30,39,31,30
640,22,44,365,24,25,34,30,30
641,22,37,350,31,20,40,36,38
642,35,34,369,30,25,24,28,29
643,36,34,338,43,24,43,27,29
644,27,25,371,38,29,37,19,28
645,28,15,362,41,37,27,37,27
646,18,34,346,28,39,46,41,22
647,25,36,356,38,25,34,36,24
648,18,25,348,49,39,45,28,22
649,20,25,352,36,44,37,28,32
650,25,17,368,43,46,21,25,29
651,41,26,354,31,37,34,15,36
652,32,21,284,50,29,30,24,104
653,34,27,302,29,25,37,21,99
654,30,21,307,41,24,34,31,86
655,32,34,336,28,21,24,34,65
656,15,109,268,38,34,31,29,50
657,15,94,290,28,27,38,25,57
658,28,54,325,31,35,39,16,46
659,34,63,321,25,35,23,32,41
660,28,59,347,26,31,26,16,41
661,21,68,328,23,19,37,37,41
662,25,52,349,29,23,38,23,35
663,20,46,351,20,37,38,33,29
664,27,47,354,27,26,25,28,40
665,42,35,272,118,29,27,20,31
666,32,26,221,171,36,24,28,36
667,32,30,206,198,21,23,34,30
668,32,39,215,179,21,42,21,25
669,27,35,182,223,20,27,38,22
670,25,41,156,239,25,18,41,29
671,18,24,112,306,22,24,37,31
672,28,31,90,305,33,32,28,27
673,31,23,82,311,27,37,37,26
674,41,27,61,254,25,31,102,33
675,33,48,49,265,34,38,83,24
676,30,35,47,288,27,36,80,31
677,29,32,50,319,20,35,59,30
678,42,37,53,296,32,32,47,35
679,105,39,45,264,33,26,36,26
680,92,32,31,278,34,26,48,33
681,143,41,28,228,39,22,43,29
682,129,41,38,234,22,29,48,32
683,107,29,40,271,32,30,33,31
684,95,29,38,307,36,21,32,15
685,70,35,37,309,36,23,33,30
686,66,23,24,338,37,33,26,26
687,59,23,36,350,28,18,31,28
688,41,31,28,364,29,24,23,33
689,33,31,31,359,40,22,34,23
690,32,32,37,356,32,23,26,35
691,35,40,32,351,38,26,23,28
692,42,35,31,335,39,34,27,30
693,35,38,27,356,29,28,29,31
694,22,32,30,322,38,40,40,49
695,25,22,42,358,28,44,25,29
696,24,20,46,365,32,33,30,23
697,30,20,37,354,28,50,30,24
698,45,28,45,352,23,25,29,26
699,34,19,32,358,36,33,38,23
700,36,21,28,364,34,38,30,22
701,27,29,26,376,35,32,26,22
702,35,33,23,353,28,26,46,29
703,31,29,27,369,25,32,34,26
704,31,35,32,357,30,26,25,37
705,32,29,20,371,29,27,42,23
706,28,32,26,365,29,29,41,23
707,41,35,28,353,27,26,35,28
708,35,35,104,267,38,21,40,33
709,35,35,169,221,32,25,28,28
710,32,32,230,187,18,18,36,20
711,31,30,178,211,32,32,32,27
712,21,29,161,254,25,28,24,31
713,31,39,109,290,26,22,30,26
714,37,29,105,263,40,40,34,25
715,35,27,73,310,35,32,27,34
716,45,41,72,304,29,31,21,30
717,45,39,46,342,29,23,24,25
718,39,26,41,352,35,31,33,16
719,39,33,44,340,40,31,27,19
720,25,32,45,362,33,27,25,24
721,38,29,41,350,23,26,37,29
722,20,44,40,342,30,36,39,22
723,30,39,48,322,33,30,36,35
724,90,27,33,302,29,33,30,29
725,171,28,31,197,43,37,35,31
726,144,37,30,229,27,33,40,33
727,128,36,31,267,32,20,32,27
728,89,39,33,294,24,27,39,28
729,77,32,35,246,26,29,95,33
730,77,33,45,237,29,38,84,30
731,50,40,37,296,18,33,76,23
732,54,26,35,306,24,38,56,34
733,56,30,32,323,16,23,49,44
734,44,37,31,303,30,26,62,40
735,34,39,48,332,21,24,46,29
736,36,38,41,331,23,40,33,31
737,42,29,31,346,23,34,34,34
738,40,33,28,336,30,37,40,29
739,30,34,19,363,21,38,30,38
740,40,30,28,341,26,47,32,29
741,116,32,38,289,21,23,32,22
742,98,18,31,300,24,31,40,31
743,78,25,28,245,24,103,29,41
744,71,30,21,192,117,80,31,31
745,56,27,29,226,95,76,28,36
746,35,111,30,188,69,75,41,24
747,41,150,22,153,65,79,36,27
748,40,135,26,186,61,58,29,38
749,51,116,24,135,51,55,102,39
750,49,85,31,142,118,39,78,31
751,30,93,30,173,112,43,69,23
752,33,56,24,238,89,46,64,23
753,36,45,23,185,81,105,62,36
754,28,125,32,149,72,102,42,23
755,38,105,30,204,50,76,48,22
756,38,88,115,162,45,69,38,18
757,28,81,91,116,139,53,30,35
758,35,65,76,172,108,56,27,34
759,32,61,78,197,90,48,32,35
760,27,52,158,160,69,32,46,29
761,29,43,101,244,55,39,25,37
762,41,55,84,239,49,45,30,30
763,31,50,65,278,40,31,36,42
764,30,47,57,301,47,26,23,42
765,37,39,50,321,43,32,25,26
766,31,47,58,332,31,26,20,28
767,35,38,45,338,33,29,31,24
768,21,37,34,353,38,33,23,34
769,25,25,136,275,29,26,22,35
770,23,31,88,291,25,36,37,42
771,27,34,83,316,27,33,29,24
772,27,36,50,330,34,26,34,36
773,24,34,57,328,40,32,25,33
774,26,20,56,343,35,39,26,28
775,23,32,51,344,31,28,35,29
776,35,27,57,333,40,23,31,27
777,31,24,39,313,35,37,21,73
778,35,39,38,324,22,29,24,62
779,34,22,28,335,37,27,31,59
780,33,32,29,311,43,35,33,57
781,33,35,18,354,25,28,36,44
782,36,30,32,264,26,25,109,51
783,33,29,30,285,43,27,86,40
784,31,18,31,232,36,17,81,127
785,39,31,48,234,44,35,64,78
786,37,24,40,194,116,25,60,77
787,33,31,36,251,82,31,39,70
788,34,35,26,256,79,37,46,60
789,27,26,29,227,134,36,35,59
790,28,37,37,180,173,35,48,35
791,37,22,34,144,213,34,43,46
792,46,27,30,112,259,30,35,34
793,43,32,29,90,289,25,37,28
794,31,32,37,89,279,29,39,37
795,30,29,41,72,321,17,24,39
796,31,48,31,69,301,22,32,39
797,28,42,20,61,338,30,25,29
798,25,35,33,48,351,18,25,38
799,35,33,34,27,339,25,39,41
800,23,33,39,43,350,24,28,33
801,35,18,41,26,376,25,28,24
802,31,35,24,48,357,23,20,35
803,34,28,40,39,363,14,24,31
804,28,32,26,32,365,33,24,33
805,88,43,51,18,296,25,19,33
806,101,44,36,34,272,32,28,26
807,74,39,25,32,326,28,28,21
808,77,39,26,30,308,38,29,26
809,56,27,29,35,338,39,29,20
810,51,33,25,27,345,32,36,24
811,52,36,32,28,344,27,33,21
812,41,37,35,46,324,28,32,30
813,29,19,40,40,354,31,23,37
814,39,27,21,37,343,38,33,35
815,33,29,30,37,355,34,19,36
816,40,44,25,30,348,31,22,33
817,38,41,20,42,347,31,22,32
818,24,34,21,23,371,35,36,29
819,41,38,33,27,345,30,31,28
820,39,44,23,35,331,33,34,34
821,28,31,21,31,375,27,30,30
822,28,33,28,38,362,33,27,24
823,20,22,32,34,366,32,39,28
824,17,23,44,32,362,33,29,33
825,24,29,41,22,363,23,33,38
826,20,26,36,40,368,30,21,32
827,28,34,31,17,375,25,27,36
828,31,28,44,25,346,29,36,34
829,28,28,28,22,361,28,36,42
830,38,36,27,30,336,43,29,34
831,25,45,37,25,345,31,29,36
832,32,35,37,37,343,25,27,37
833,22,32,41,36,357,24,32,29
834,28,23,40,40,344,27,40,31
835,31,34,27,35,362,30,28,26
836,34,36,23,31,378,19,19,33
837,46,27,22,35,350,33,22,38
838,36,37,30,29,346,25,31,39
839,30,49,27,29,350,31,30,27
840,27,28,23,26,376,34,30,29
841,32,44,18,40,335,33,36,35
842,28,38,23,31,365,24,37,27
843,24,33,18,36,367,27,43,25
844,25,33,18,43,363,21,42,28
845,29,40,26,30,350,28,47,23
846,28,29,25,39,360,39,28,25
847,31,18,34,34,363,28,37,28
848,30,25,41,24,351,36,37,29
849,31,32,27,24,366,34,34,25
850,32,30,32,41,346,31,37,24
851,21,24,32,22,373,40,23,38
852,38,15,41,22,379,26,27,25
853,25,30,30,25,378,25,35,25
854,37,31,29,31,357,24,36,28
855,23,29,35,21,360,25,47,33
856,37,30,27,33,355,26,32,33
857,39,24,35,29,359,34,26,27
858,34,21,23,26,362,35,27,45
859,28,35,30,32,355,36,27,30
860,34,25,28,22,375,36,22,31
861,19,26,31,26,388,42,20,21
862,30,29,37,25,360,41,26,25
863,21,38,29,26,353,39,31,36
864,24,25,35,21,389,33,21,25
865,25,26,39,24,348,33,42,36
866,22,27,25,27,348,35,34,55
867,33,35,24,27,331,30,36,57
868,28,30,18,22,386,31,33,25
869,20,43,23,20,364,36,35,32
870,23,34,26,25,369,29,25,42
871,28,33,28,42,347,32,24,39
872,44,36,35,30,333,46,20,29
873,35,22,29,38,350,41,21,37
874,36,23,22,30,370,43,23,26
875,34,27,27,30,368,38,23,26
876,29,28,23,38,362,39,33,21
877,25,33,29,31,372,25,34,24
878,31,57,32,40,323,33,23,34
879,28,23,30,31,385,31,27,18
880,31,28,34,27,384,23,28,18
881,29,39,35,34,347,36,33,20
882,38,37,37,23,345,39,30,24
883,30,34,26,38,364,33,24,24
884,27,26,27,25,369,29,39,31
885,28,34,36,17,380,24,28,26
886,28,29,36,19,371,25,35,30
887,28,31,30,26,371,21,39,27
888,23,25,33,22,368,25,44,33
889,27,28,50,31,353,32,26,26
890,22,20,45,37,356,39,33,21
891,29,25,39,29,364,28,40,19
892,22,27,33,32,377,30,27,25
893,23,30,35,34,352,28,36,35
894,12,33,42,29,369,26,30,32
895,35,43,36,27,350,36,29,17
896,34,26,41,19,366,38,24,25
897,29,30,34,28,356,42,20,34
898,29,36,30,41,370,34,10,23
899,36,29,31,27,356,32,32,30
900,31,22,43,20,369,23,36,29
901,35,29,31,37,352,22,34,33
902,29,33,43,30,346,28,25,39
903,30,38,27,28,371,20,32,27
904,29,42,36,45,332,23,39,27
905,32,32,29,37,357,26,37,23
906,37,23,41,29,357,36,29,21
907,32,26,42,31,354,26,40,22
908,37,28,37,32,345,31,43,20
909,23,36,30,31,368,38,21,26
910,21,36,33,26,361,43,27,26
911,36,26,25,29,366,34,35,22
912,36,35,31,27,357,33,35,19
913,37,26,35,30,357,36,27,25
914,108,35,29,48,284,25,18,26
915,100,27,45,38,287,25,28,23
916,73,24,49,28,311,28,25,35
917,144,34,34,22,249,30,28,32
918,182,41,34,26,193,31,29,37
919,159,35,36,26,160,108,24,25
920,119,35,26,21,125,111,103,33
921,182,39,27,31,98,85,88,23
922,134,36,34,34,166,67,74,28
923,198,48,28,34,120,53,65,27
924,205,36,31,38,109,51,59,37
925,281,31,32,22,82,43,50,25
926,282,30,34,26,68,43,48,35
927,290,29,29,33,66,41,52,26
928,316,25,19,32,64,41,40,29
929,295,23,34,23,54,41,50,35
930,304,36,21,27,45,35,43,37
931,252,34,20,31,41,35,106,27
932,218,99,25,25,34,31,84,30
933,159,171,25,33,24,27,71,36
934,204,118,27,27,33,25,69,43
935,219,109,23,36,29,27,66,34
936,253,96,29,26,27,23,58,31
937,266,75,38,28,28,17,54,37
938,214,117,34,31,38,23,48,38
939,258,106,28,34,22,31,34,30
940,264,80,35,25,32,22,48,37
941,295,69,36,27,30,17,42,27
942,303,64,23,37,31,22,33,30
943,222,54,32,35,33,34,22,111
944,187,48,36,28,22,107,25,90
945,209,30,29,29,29,102,34,81
946,247,37,21,43,23,76,26,63
947,281,31,33,24,28,60,22,51
948,263,31,30,33,27,57,34,55
949,304,33,34,26,33,47,20,33
950,312,30,33,21,21,44,35,34
951,294,17,47,20,28,37,43,44
952,298,31,33,22,24,50,35,37
953,330,19,24,18,37,45,30,27
954,258,29,20,19,28,51,28,91
955,272,24,25,28,22,37,33,82
956,290,21,31,19,30,37,33,62
957,296,23,33,30,36,24,23,58
958,305,19,33,25,31,25,33,45
959,316,28,30,32,28,31,21,30
960,331,17,32,24,33,24,23,32
961,339,24,30,30,26,24,20,23
962,316,29,35,28,34,26,17,31
963,242,32,26,26,39,93,24,34
964,205,23,19,30,31,161,17,30
965,229,29,26,33,30,112,24,33
966,254,35,25,28,22,97,18,37
967,169,29,35,23,31,168,30,31
968,221,34,28,23,31,121,27,31
969,168,29,18,23,24,192,22,40
970,152,38,27,22,29,191,26,31
971,119,28,27,37,36,220,31,18
972,99,28,21,25,31,245,41,26
973,67,19,31,28,31,286,29,25
974,155,23,22,20,30,209,30,27
975,90,27,33,24,22,265,24,24
976,167,33,21,19,21,193,25,30
977,179,32,29,31,18,157,32,29
978,162,30,25,24,24,201,25,16
979,196,30,27,30,28,151,22,23
980,147,30,27,36,22,191,15,39
981,146,26,34,26,22,196,33,24
982,110,30,27,29,19,242,22,28
983,76,31,29,20,24,275,21,31
984,68,22,22,38,28,273,24,31
985,120,37,32,28,26,204,23,36
986,158,39,23,20,29,186,17,34
987,206,27,28,30,27,123,27,38
988,230,23,29,23,31,116,25,29
989,243,28,28,20,33,97,27,30
990,256,18,26,37,36,74,32,27
991,231,22,73,34,32,59,26,29
992,274,19,50,30,21,49,30,27
993,276,26,39,32,24,51,27,25
994,300,24,35,26,25,39,26,21
995,300,20,29,25,22,47,28,25
996,307,27,34,18,26,37,28,19
997,290,31,30,20,31,39,26,29
998,282,39,32,28,26,27,28,34
999,300,24,33,23,33,20,30,33
