iteration,exchange,exchangeRandom,inversion,swap,scramble,randomShuffle,add,addRandomly,shift
0,50,50,50,50,50,50,50,50,50
1,42,55,40,53,51,50,47,54,58
2,41,41,33,47,60,99,49,35,45
3,38,95,30,52,41,82,29,39,44
4,32,138,32,18,28,87,40,46,29
5,29,178,28,25,29,70,35,31,25
6,85,157,24,19,31,56,30,23,25
7,126,120,23,19,22,60,33,23,24
8,172,119,17,26,23,37,19,22,15
9,210,96,18,20,17,33,19,18,19
10,237,70,23,23,16,45,11,14,11
11,222,62,13,72,18,26,13,14,10
12,252,62,10,56,12,23,8,17,10
13,275,45,15,48,9,24,12,8,14
14,292,57,10,40,2,9,15,15,10
15,293,37,12,44,9,25,5,12,13
16,347,25,9,29,5,15,7,7,6
17,333,31,7,27,6,20,10,8,8
18,349,28,12,24,7,12,5,6,7
19,376,13,9,16,4,14,7,4,7
20,316,23,3,19,9,11,8,52,9
21,269,23,4,22,2,7,4,114,5
22,236,18,9,16,5,8,4,148,6
23,195,15,4,18,8,6,5,194,5
24,157,10,5,16,75,7,5,172,3
25,149,13,5,12,106,5,6,150,4
26,194,8,4,13,102,2,7,117,3
27,161,15,5,9,140,5,4,110,1
28,142,9,2,13,188,3,4,87,2
29,124,6,8,5,218,3,5,75,6
30,100,7,5,10,245,2,4,73,4
31,86,4,10,6,287,5,2,45,5
32,77,6,5,3,297,3,3,53,3
33,66,3,3,5,325,2,4,42,0
34,52,6,9,6,309,4,3,53,8
35,53,5,7,4,329,1,8,40,3
36,39,7,5,2,357,2,5,27,6
37,43,4,5,2,355,1,6,28,6
38,32,6,4,3,369,0,8,24,4
39,22,0,7,7,380,2,3,25,4
40,26,1,8,3,382,1,6,20,3
41,28,6,5,7,330,3,3,66,2
42,75,8,4,6,290,2,3,60,2
43,71,4,3,2,248,4,9,106,3
44,59,4,5,3,203,9,3,161,3
45,50,4,6,2,186,2,4,195,1
46,37,1,6,5,144,3,2,251,1
47,31,7,8,4,133,2,1,260,4
48,41,3,3,5,101,2,7,285,3
49,23,1,4,2,97,4,2,312,5
50,29,7,2,1,81,8,4,315,3
51,20,2,4,3,86,5,4,322,4
52,18,3,2,3,50,3,1,364,6
53,16,5,2,3,57,3,2,360,2
54,15,0,8,4,28,5,0,387,3
55,11,5,2,5,38,2,3,383,1
56,9,4,4,7,27,5,2,386,6
57,9,0,2,2,32,4,2,393,6
58,9,5,5,3,31,2,2,389,4
59,12,6,7,1,27,0,3,389,5
60,7,5,5,0,27,0,7,395,4
61,4,5,4,3,19,1,5,404,5
62,8,3,2,6,13,5,3,406,4
63,4,2,3,6,19,3,1,412,0
64,6,2,2,4,11,3,3,416,3
65,6,6,0,6,15,1,4,408,4
66,5,7,1,0,12,4,5,410,6
67,0,13,3,5,6,1,3,416,3
68,1,9,0,1,11,3,5,420,0
69,5,5,3,9,4,6,1,415,2
70,2,7,1,5,3,2,3,425,2
71,3,4,1,2,11,0,1,425,3
72,4,3,3,7,4,5,3,416,5
73,5,3,2,1,5,1,1,427,5
74,4,2,6,5,3,6,2,421,1
75,3,3,2,5,4,3,5,424,1
76,3,5,3,7,3,5,5,416,3
77,4,5,2,5,5,7,4,416,2
78,3,4,6,2,2,3,5,421,4
79,3,2,4,2,6,5,4,419,5
80,3,2,0,1,2,7,3,428,4
81,3,3,1,1,3,3,2,433,1
82,8,4,2,1,6,2,9,415,3
83,3,6,4,0,4,4,3,424,2
84,2,2,4,2,3,8,4,421,4
85,3,4,3,3,3,6,2,423,3
86,6,5,4,1,3,6,0,423,2
87,4,5,67,3,6,6,2,355,2
88,3,2,76,3,4,7,3,303,49
89,5,0,163,5,3,4,5,219,46
90,0,2,194,3,0,7,2,189,53
91,6,2,242,0,3,3,2,144,48
92,2,2,278,3,3,2,3,120,37
93,4,0,216,2,2,1,3,185,37
94,4,2,177,5,6,6,3,227,20
95,5,2,175,1,6,6,2,234,19
96,10,2,126,5,2,2,5,273,25
97,5,3,125,4,3,3,2,294,11
98,2,4,94,6,2,4,3,321,14
99,6,2,88,4,2,2,4,337,5
100,2,1,72,3,5,1,3,352,11
101,2,0,64,3,3,4,0,367,7
102,4,4,42,2,4,3,3,382,6
103,4,2,37,3,3,3,5,386,7
104,1,3,39,3,3,5,5,383,8
105,4,6,31,5,2,2,3,392,5
106,3,1,31,4,4,6,6,391,4
107,4,3,27,2,7,5,3,395,4
108,4,5,23,4,2,1,2,402,7
109,5,5,12,6,4,0,3,411,4
110,4,9,10,1,1,4,1,414,6
111,1,3,11,6,2,4,2,413,8
112,5,3,12,4,4,7,1,412,2
113,1,3,17,1,3,0,4,416,5
114,6,2,12,0,6,4,1,410,9
115,3,1,10,1,2,1,4,423,5
116,2,2,5,9,6,3,3,414,6
117,2,1,3,6,3,7,8,419,1
118,4,2,6,0,6,2,2,425,3
119,3,0,9,5,6,1,2,419,5
120,5,6,1,6,5,1,3,419,4
121,5,9,7,3,5,1,3,411,6
122,4,6,4,5,4,5,2,414,6
123,0,3,3,3,4,3,2,430,2
124,1,2,3,3,3,3,5,426,4
125,2,4,2,4,2,2,2,428,4
126,2,4,5,3,1,4,7,422,2
127,2,2,4,6,5,2,2,421,6
128,4,0,3,3,8,1,3,427,1
129,4,1,2,5,5,2,0,428,3
130,5,5,4,1,7,2,3,418,5
131,3,4,4,4,4,2,4,420,5
132,3,7,0,4,2,3,1,426,4
133,3,5,4,1,8,3,3,418,5
134,5,7,2,2,0,1,4,426,3
135,3,1,1,3,3,0,3,432,4
136,1,4,4,5,5,3,3,422,3
137,2,2,4,2,3,5,8,421,3
138,5,3,0,4,3,4,1,425,5
139,2,1,3,1,3,5,3,429,3
140,1,3,3,3,2,5,1,426,6
141,4,4,2,6,8,3,1,417,5
142,5,2,0,3,5,1,2,431,1
143,1,2,4,2,1,6,0,430,4
144,2,5,3,3,3,7,3,421,3
145,1,2,3,3,1,9,3,425,3
146,4,4,0,6,4,1,4,424,3
147,1,5,2,1,3,6,0,430,2
148,6,1,9,2,3,2,1,421,5
149,3,4,3,1,3,4,4,426,2
150,1,5,4,3,1,3,3,429,1
151,3,6,4,4,4,3,3,419,4
152,6,3,3,3,3,3,2,425,2
153,2,5,6,3,2,1,2,428,1
154,4,3,2,1,2,7,5,419,7
155,4,0,2,0,4,3,5,425,7
156,4,1,2,1,1,3,2,434,2
157,1,4,4,3,4,3,4,426,1
158,1,4,2,3,3,5,1,428,3
159,5,2,1,4,2,3,6,426,1
160,1,4,1,2,2,2,6,428,4
161,2,3,1,5,4,2,4,429,0
162,6,2,3,2,3,1,1,430,2
163,1,4,1,2,5,3,0,432,2
164,4,4,3,1,3,2,3,429,1
165,1,8,3,1,2,3,2,427,3
166,1,6,4,1,4,2,5,420,7
167,3,5,2,4,0,1,4,430,1
168,6,2,3,8,4,1,1,425,0
169,7,1,4,4,1,2,2,427,2
170,3,2,4,5,7,1,0,427,1
171,8,1,3,2,5,2,4,425,0
172,4,6,6,3,3,6,2,418,2
173,3,5,1,5,2,0,2,429,3
174,6,3,4,6,5,3,1,420,2
175,3,1,4,5,1,2,7,425,2
176,3,3,3,3,4,2,3,425,4
177,3,2,3,2,2,4,2,432,0
178,3,2,0,3,1,5,2,430,4
179,1,4,3,1,5,4,6,421,5
180,2,6,5,2,4,3,3,419,6
181,1,2,1,2,4,3,2,433,2
182,1,2,6,2,1,3,1,429,5
183,0,2,3,3,4,6,4,426,2
184,7,2,7,0,3,5,5,418,3
185,0,2,4,2,1,4,5,428,4
186,3,3,8,2,3,2,2,426,1
187,4,1,7,3,4,5,3,422,1
188,6,3,2,2,4,2,5,422,4
189,2,2,4,2,9,2,4,421,4
190,0,3,1,2,5,3,5,430,1
191,4,1,4,3,5,4,3,421,5
192,2,2,3,3,6,0,3,426,5
193,5,0,2,4,2,2,7,422,6
194,3,1,6,2,6,4,8,418,2
195,3,2,5,4,2,3,4,426,1
196,3,4,2,2,2,6,1,429,1
197,4,2,0,2,0,3,4,432,3
198,3,7,1,2,3,3,3,424,4
199,4,1,1,3,3,3,4,429,2
200,2,2,2,3,3,3,1,433,1
201,4,3,4,4,3,1,2,424,5
202,5,6,4,1,5,1,3,422,3
203,4,0,5,4,0,5,2,428,2
204,6,2,5,5,3,5,0,421,3
205,4,2,1,1,2,5,5,427,3
206,3,1,2,3,5,0,0,432,4
207,1,4,4,2,0,2,5,429,3
208,5,2,3,1,1,2,1,431,4
209,1,1,0,3,4,2,5,428,6
210,3,2,4,2,1,3,7,427,1
211,3,1,4,2,3,3,82,350,2
212,6,2,1,1,4,4,136,292,4
213,0,2,3,5,3,5,203,226,3
214,6,3,4,1,3,3,241,184,5
215,2,3,1,6,1,3,260,170,4
216,3,1,1,3,2,1,277,158,4
217,2,2,5,7,2,1,336,94,1
218,0,4,6,1,5,2,279,150,3
219,1,4,0,3,0,5,275,161,1
220,3,1,2,1,1,2,246,193,1
221,1,1,2,0,3,4,268,168,3
222,1,3,1,2,3,0,325,113,2
223,1,2,1,1,2,1,279,160,3
224,1,4,1,0,4,1,317,120,2
225,0,1,1,1,3,1,323,116,4
226,5,2,4,1,1,2,336,99,0
227,0,3,5,1,6,1,359,74,1
228,2,3,0,1,2,2,385,54,1
229,1,0,3,3,4,1,387,49,2
230,3,4,6,1,4,3,384,44,1
231,2,1,2,4,3,3,392,39,4
232,1,4,3,4,2,1,410,23,2
233,4,2,2,2,2,1,419,17,1
234,3,1,4,4,2,3,412,18,3
235,3,4,4,2,2,4,415,13,3
236,2,2,1,2,4,2,419,11,7
237,1,5,3,1,1,3,419,14,3
238,8,7,4,2,3,4,410,10,2
239,4,6,3,4,1,2,423,5,2
240,4,3,8,2,3,3,419,7,1
241,5,1,0,0,0,1,426,9,8
242,1,1,4,0,3,2,432,5,2
243,0,6,5,4,5,0,417,11,2
244,3,4,4,2,1,1,427,5,3
245,2,1,3,1,2,4,431,5,1
246,5,2,3,3,3,2,425,3,4
247,1,2,2,6,6,2,419,10,2
248,2,3,4,5,4,1,421,5,5
249,0,3,4,2,1,0,430,4,6
250,2,3,1,5,3,1,427,5,3
251,2,2,5,5,4,1,426,2,3
252,2,2,0,6,4,0,431,2,3
253,2,2,0,2,3,1,432,3,5
254,3,5,5,4,2,0,428,2,1
255,6,1,1,5,9,3,422,1,2
256,2,5,2,4,2,4,426,3,2
257,4,1,3,3,1,2,431,3,2
258,3,5,2,6,3,2,425,4,0
259,4,4,3,8,3,0,422,2,4
260,3,2,4,4,2,1,430,3,1
261,2,2,2,1,2,0,433,3,5
262,3,5,2,1,1,2,434,0,2
263,2,3,7,3,2,3,419,9,2
264,3,3,6,2,5,0,427,0,4
265,1,3,3,73,0,2,364,1,3
266,1,3,3,147,1,0,295,0,0
267,2,3,3,170,5,1,262,4,0
268,1,2,2,221,3,1,218,1,1
269,1,2,3,272,1,4,166,1,0
270,2,0,4,275,2,4,159,3,1
271,1,6,2,259,3,1,173,3,2
272,4,3,2,235,3,2,198,2,1
273,4,2,1,289,2,0,149,2,1
274,1,1,0,313,3,3,126,1,2
275,0,3,3,332,0,1,109,2,0
276,1,1,2,337,2,6,99,2,0
277,2,4,3,366,3,4,61,5,2
278,2,1,1,330,3,4,106,2,1
279,3,2,1,334,4,3,102,1,0
280,0,1,10,360,1,3,66,7,2
281,2,2,4,387,3,3,43,3,3
282,4,4,4,388,2,1,45,2,0
283,3,2,1,392,4,4,43,0,1
284,0,1,3,395,1,1,46,1,2
285,3,6,4,396,4,5,29,3,0
286,3,2,2,410,2,4,20,6,1
287,4,2,6,407,3,4,15,3,6
288,2,3,3,408,2,5,23,0,4
289,2,1,1,360,3,2,76,2,3
290,2,2,3,372,4,4,53,3,7
291,1,5,2,371,1,5,60,3,2
292,1,4,2,393,2,2,41,2,3
293,1,3,2,390,4,3,40,2,5
294,2,5,2,400,1,2,30,3,5
295,3,2,1,414,4,2,18,3,3
296,3,1,3,346,3,3,85,2,4
297,0,3,2,361,4,0,78,2,0
298,3,2,4,388,3,1,43,4,2
299,2,1,4,380,3,3,51,4,2
