iteration,exchange,exchangeRandom,inversion,swap,scramble,add,addRandomly,shift
0,100,100,100,100,100,100,100,100
1,105,103,110,123,102,130,106,21
2,72,68,62,333,103,85,73,4
3,38,48,21,498,112,38,44,1
4,25,43,17,288,65,29,332,1
5,21,25,19,168,36,14,517,0
6,20,28,29,102,18,10,593,0
7,30,20,38,70,18,8,616,0
8,25,19,31,56,19,6,644,0
9,19,28,37,46,24,4,642,0
10,16,28,25,33,15,5,678,0
11,5,42,23,32,16,4,678,0
12,32,15,13,27,22,2,689,0
13,20,30,8,30,22,4,686,0
14,15,17,10,33,13,5,707,0
15,19,16,19,18,15,5,708,0
16,9,14,31,17,32,4,693,0
17,16,29,27,5,38,5,680,0
18,13,18,23,19,28,5,694,0
19,26,17,11,19,30,2,695,0
20,30,18,15,18,26,7,686,0
21,19,23,27,10,23,3,695,0
22,16,10,32,20,20,4,698,0
23,24,26,21,23,28,3,675,0
24,17,20,26,26,31,2,678,0
25,31,22,14,10,31,3,689,0
26,27,28,33,18,30,2,662,0
27,22,18,26,16,25,6,687,0
28,24,15,30,15,22,1,693,0
29,13,23,24,26,19,3,692,0
30,17,15,25,31,25,3,684,0
31,16,18,19,23,26,4,694,0
32,30,11,31,18,37,7,666,0
33,24,12,27,28,25,3,681,0
34,18,14,20,25,30,1,692,0
35,13,25,24,26,20,2,690,0
36,15,34,37,25,19,5,665,0
37,17,19,19,19,26,6,694,0
38,25,21,22,11,30,1,690,0
39,37,31,13,9,19,1,690,0
40,23,28,29,22,14,6,678,0
41,16,27,6,11,32,2,706,0
42,31,21,14,21,28,5,680,0
43,29,25,9,14,37,2,684,0
44,34,22,15,10,19,1,699,0
45,42,22,19,14,35,5,663,0
46,27,29,34,8,21,2,679,0
47,34,21,27,13,13,3,689,0
48,29,19,24,8,10,2,708,0
49,36,9,19,19,28,2,687,0
50,13,18,13,17,25,2,712,0
51,22,19,20,24,32,2,681,0
52,20,31,27,19,21,5,677,0
53,17,39,20,21,17,7,679,0
54,23,23,16,31,24,7,676,0
55,19,32,22,31,33,6,657,0
56,11,19,17,28,30,8,687,0
57,18,17,20,30,23,4,688,0
58,16,24,20,24,21,1,694,0
59,15,11,23,22,23,4,702,0
60,15,27,24,26,17,3,688,0
61,17,26,12,23,15,0,707,0
62,18,34,23,28,28,6,663,0
63,17,26,14,28,43,4,668,0
64,20,29,21,20,31,12,667,0
65,19,18,16,18,37,4,688,0
66,21,21,7,12,38,5,696,0
67,18,13,22,20,27,0,700,0
68,22,6,30,22,40,3,677,0
69,29,18,25,22,27,4,675,0
70,18,21,30,23,14,5,689,0
71,20,13,33,27,24,4,679,0
72,29,11,16,21,15,8,700,0
73,15,22,27,23,12,1,700,0
74,31,17,17,34,13,2,686,0
75,20,37,11,23,29,4,676,0
76,17,13,29,23,17,4,697,0
77,18,18,21,31,9,0,703,0
78,25,25,25,38,7,2,678,0
79,28,18,28,27,15,0,684,0
80,30,16,33,23,25,1,672,0
81,28,22,26,11,28,3,682,0
82,15,17,29,15,22,4,698,0
83,27,24,23,17,29,2,678,0
84,11,26,31,14,23,2,693,0
85,27,23,19,16,29,1,685,0
86,33,17,14,22,15,5,694,0
87,40,12,32,20,22,3,671,0
88,31,10,32,9,28,3,687,0
89,29,11,20,21,20,2,697,0
90,21,21,11,30,14,4,699,0
91,31,28,13,21,17,1,689,0
92,14,41,17,12,16,2,698,0
93,21,40,21,21,25,1,671,0
94,17,36,15,21,15,4,692,0
95,19,28,17,17,20,2,697,0
96,22,25,16,8,40,9,680,0
97,16,36,13,12,23,4,696,0
98,26,26,15,31,29,1,672,0
99,29,17,13,41,36,2,662,0
100,13,8,27,17,21,4,710,0
101,12,18,17,27,20,7,699,0
102,15,21,16,20,32,3,693,0
103,27,16,28,13,28,2,686,0
104,21,18,26,7,30,0,698,0
105,13,27,18,15,15,1,711,0
106,16,17,24,30,18,1,694,0
107,27,21,9,29,8,4,702,0
108,13,28,17,27,22,2,691,0
109,19,15,14,17,20,5,710,0
110,24,15,37,19,14,5,686,0
111,26,27,28,29,14,5,671,0
112,18,17,30,26,17,5,687,0
113,19,29,17,34,16,1,684,0
114,22,29,30,25,16,2,676,0
115,23,14,23,25,23,3,689,0
116,26,21,23,24,25,3,678,0
117,37,30,17,22,9,1,684,0
118,18,36,15,15,16,3,697,0
119,10,52,29,16,15,6,672,0
120,7,26,30,26,22,3,686,0
121,24,25,20,38,168,2,523,0
122,16,21,19,21,119,5,599,0
123,18,10,21,21,64,9,657,0
124,14,32,5,29,52,1,667,0
125,24,16,19,23,44,5,669,0
126,32,7,28,33,29,6,665,0
127,25,18,28,17,28,25,659,0
128,20,20,17,19,303,32,389,0
129,34,14,22,26,448,54,202,0
130,26,13,21,7,555,78,100,0
131,37,30,27,7,550,82,67,0
132,20,29,19,8,572,84,68,0
133,23,20,22,6,595,104,30,0
134,20,27,23,8,569,110,43,0
135,17,20,33,9,568,124,29,0
136,11,16,28,8,583,123,31,0
137,14,28,20,6,572,144,16,0
138,22,20,32,8,560,144,14,0
139,170,38,27,10,426,115,14,0
140,232,37,17,12,389,94,19,0
141,149,24,23,10,477,95,22,0
142,382,36,25,7,279,47,24,0
143,489,45,26,7,189,26,18,0
144,545,52,33,16,118,21,15,0
145,567,65,29,21,71,23,24,0
146,591,72,32,16,40,27,22,0
147,608,79,33,19,24,26,11,0
148,594,96,34,22,26,17,11,0
149,588,90,21,29,25,29,18,0
150,582,94,17,34,36,17,20,0
151,583,94,13,39,29,25,17,0
152,586,103,16,29,28,16,22,0
153,569,118,15,27,21,29,21,0
154,543,130,20,35,18,28,26,0
155,539,131,17,29,24,21,39,0
156,545,129,15,23,31,25,32,0
157,562,125,20,22,30,19,22,0
158,547,131,17,19,34,28,24,0
159,555,142,23,14,22,17,27,0
160,416,132,23,25,151,28,25,0
161,367,101,26,17,237,30,22,0
162,345,74,31,17,285,31,17,0
163,473,85,27,9,141,38,27,0
164,384,68,27,21,231,47,22,0
165,385,51,10,21,275,36,22,0
166,342,37,34,20,297,41,29,0
167,333,35,20,21,334,38,19,0
168,328,31,17,21,339,39,25,0
169,334,20,20,18,355,26,27,0
170,331,18,20,15,359,29,28,0
171,350,19,21,11,338,31,30,0
172,336,38,17,5,353,28,23,0
173,321,39,23,10,360,28,19,0
174,324,31,19,17,343,42,24,0
175,336,38,9,14,319,54,30,0
176,451,43,21,21,211,33,20,0
177,546,44,27,23,112,30,18,0
178,568,53,19,31,79,20,30,0
179,593,56,27,15,64,27,18,0
180,470,58,27,22,174,30,19,0
181,407,41,25,20,252,32,23,0
182,345,51,34,5,305,40,20,0
183,325,40,27,17,309,55,27,0
184,354,39,21,15,305,45,21,0
185,232,26,18,9,443,49,23,0
186,241,30,14,14,424,44,33,0
187,280,40,23,6,386,42,23,0
188,452,41,28,7,207,33,32,0
189,547,56,17,15,117,22,26,0
190,572,66,20,18,85,17,22,0
191,575,77,23,13,63,34,15,0
192,586,88,14,19,46,20,27,0
193,468,66,18,20,29,22,177,0
194,382,53,18,37,27,23,260,0
195,338,37,15,25,124,28,233,0
196,258,29,25,27,165,28,268,0
197,262,33,20,33,168,27,257,0
198,137,23,22,21,419,31,147,0
199,85,32,27,11,506,42,97,0
200,66,29,29,7,293,28,348,0
201,53,24,17,14,183,25,484,0
202,36,19,12,14,133,14,572,0
203,33,26,10,13,76,8,634,0
204,153,27,25,8,53,4,530,0
205,100,21,31,13,41,5,589,0
206,50,20,29,9,38,2,652,0
207,49,32,19,16,39,5,640,0
208,25,36,24,21,33,2,659,0
209,280,47,23,15,33,2,400,0
210,460,53,17,22,24,13,211,0
211,521,78,27,25,32,19,98,0
212,539,84,20,20,21,17,99,0
213,568,90,28,22,21,11,60,0
214,578,101,26,21,18,13,43,0
215,574,112,22,25,18,20,29,0
216,583,119,19,20,25,16,18,0
217,579,123,20,22,21,18,17,0
218,551,136,21,17,30,19,26,0
219,539,134,18,11,29,34,35,0
220,566,129,19,21,16,12,37,0
221,568,123,20,25,24,12,28,0
222,583,124,13,21,17,22,20,0
223,562,125,22,21,26,17,27,0
224,556,128,23,20,17,28,28,0
225,440,113,21,30,158,13,25,0
226,374,87,13,30,248,21,27,0
227,344,67,13,19,308,26,23,0
228,222,309,24,15,174,30,26,0
229,97,485,34,16,109,28,31,0
230,36,555,42,7,88,28,44,0
231,60,562,33,28,42,45,30,0
232,44,592,46,28,39,27,24,0
233,21,622,68,32,26,14,17,0
234,11,595,76,29,31,28,30,0
235,6,612,80,18,30,28,26,0
236,8,623,95,13,22,23,16,0
237,5,601,97,30,18,27,22,0
238,6,583,108,27,20,21,35,0
239,9,572,115,29,14,25,36,0
240,4,599,119,17,12,22,27,0
241,6,578,115,17,29,26,29,0
242,8,570,105,16,32,40,29,0
243,4,588,99,20,17,35,37,0
244,5,598,95,29,15,31,27,0
245,9,591,81,35,22,25,37,0
246,6,615,99,18,21,17,24,0
247,5,612,113,20,17,16,17,0
248,3,605,115,20,22,13,22,0
249,7,376,65,11,15,18,308,0
250,15,207,31,17,25,14,491,0
251,10,133,12,30,18,7,590,0
252,14,220,19,23,29,6,489,0
253,15,120,28,26,21,12,578,0
254,35,226,22,27,8,11,471,0
255,99,224,37,23,19,15,383,0
256,170,185,23,30,18,16,358,0
257,113,113,33,21,13,16,491,0
258,207,81,18,12,20,17,445,0
259,249,62,30,12,23,11,413,0
260,153,54,25,10,8,10,540,0
261,105,41,24,18,25,6,581,0
262,61,33,18,25,11,4,648,0
263,199,32,33,21,12,0,503,0
264,229,34,30,28,19,9,451,0
265,308,36,22,26,22,5,381,0
266,302,42,27,18,11,3,397,0
267,309,40,24,24,27,3,373,0
268,290,33,21,38,27,9,382,0
269,333,38,10,31,15,17,356,0
270,262,35,110,32,15,18,328,0
271,252,30,163,37,30,16,272,0
272,293,38,92,38,25,15,299,0
273,327,39,58,27,19,17,313,0
274,314,33,44,31,27,14,337,0
275,338,38,31,15,23,13,342,0
276,474,47,31,23,19,12,194,0
277,551,40,32,12,16,19,130,0
278,595,46,30,21,24,20,64,0
279,613,50,33,16,16,21,51,0
280,640,47,23,21,12,24,33,0
281,476,42,24,21,16,38,183,0
282,530,60,32,20,14,17,127,0
283,572,68,18,44,11,23,64,0
284,583,79,22,35,14,19,48,0
285,595,82,11,30,21,25,36,0
286,593,79,21,22,35,34,16,0
287,594,96,25,17,27,28,13,0
288,589,109,25,12,13,31,21,0
289,578,110,13,20,25,25,29,0
290,589,108,21,18,27,15,22,0
291,584,102,19,12,43,13,27,0
292,583,103,26,21,35,15,17,0
293,577,103,14,14,29,30,33,0
294,569,119,18,17,17,27,33,0
295,544,118,20,20,34,37,27,0
296,566,116,21,13,28,32,24,0
297,570,118,21,27,15,23,26,0
298,582,114,21,17,18,18,30,0
299,581,112,28,15,18,28,18,0
