iteration,exchange,exchangeRandom,inversion,swap,scramble,add,addRandomly,shift
0,100,100,100,100,100,100,100,100
1,105,103,110,123,102,130,106,21
2,72,68,62,333,103,85,73,4
3,38,48,21,498,112,38,44,1
4,25,43,17,526,111,42,36,0
5,21,21,15,558,104,47,34,0
6,17,18,6,599,111,26,23,0
7,26,21,6,594,118,22,13,0
8,15,35,5,585,121,25,14,0
9,19,39,15,564,105,29,29,0
10,17,32,13,337,65,27,309,0
11,23,30,7,209,33,22,476,0
12,25,29,16,137,30,12,551,0
13,35,11,8,74,22,6,644,0
14,34,22,3,64,35,6,636,0
15,14,14,15,43,31,6,677,0
16,14,16,9,29,38,1,693,0
17,12,24,29,31,34,3,667,0
18,27,24,15,16,29,5,684,0
19,26,32,21,7,21,2,691,0
20,27,24,15,12,11,2,709,0
21,23,17,14,23,30,4,689,0
22,26,21,16,11,24,1,701,0
23,23,19,17,17,34,5,685,0
24,17,19,14,23,28,5,694,0
25,17,11,18,21,23,1,709,0
26,24,9,38,32,16,2,679,0
27,22,24,24,35,28,4,663,0
28,29,14,34,22,30,2,669,0
29,25,20,23,12,22,2,696,0
30,27,28,26,26,18,2,673,0
31,21,26,32,28,16,4,673,0
32,19,21,13,30,23,5,689,0
33,23,13,14,27,37,3,683,0
34,28,18,17,18,28,3,688,0
35,22,19,25,19,26,2,687,0
36,16,32,27,17,30,7,671,0
37,11,26,44,19,29,64,607,0
38,15,18,22,16,29,55,645,0
39,23,20,13,20,28,84,612,0
40,28,16,33,8,15,120,580,0
41,19,17,42,12,19,161,530,0
42,14,27,12,11,23,219,494,0
43,27,24,16,11,21,250,451,0
44,22,14,6,13,12,303,430,0
45,26,26,24,18,9,311,386,0
46,18,18,25,14,23,350,352,0
47,19,21,12,16,12,396,324,0
48,19,26,21,20,17,391,306,0
49,11,35,23,306,24,228,173,0
50,29,29,17,453,36,165,71,0
51,22,31,15,538,46,112,36,0
52,16,35,7,596,55,70,21,0
53,31,24,5,600,58,50,32,0
54,17,26,7,622,74,32,22,0
55,25,20,1,619,83,33,19,0
56,33,20,3,597,91,41,15,0
57,38,6,4,591,103,29,29,0
58,13,11,6,599,116,27,28,0
59,21,29,4,588,125,16,17,0
60,21,19,5,589,135,15,16,0
61,25,15,6,576,139,20,19,0
62,28,17,5,560,138,38,14,0
63,13,26,7,562,134,29,29,0
64,31,25,7,572,129,22,14,0
65,18,29,3,576,125,29,20,0
66,23,21,5,577,124,30,20,0
67,22,24,6,583,111,28,26,0
68,33,31,8,581,106,11,30,0
69,20,27,4,586,110,29,24,0
70,26,13,9,569,118,31,34,0
71,26,27,5,581,122,15,24,0
72,22,18,5,571,128,24,32,0
73,23,24,8,586,123,7,29,0
74,23,14,11,586,124,27,15,0
75,20,24,4,585,118,24,25,0
76,14,14,4,601,119,31,17,0
77,28,11,3,595,122,25,16,0
78,21,21,10,572,123,24,29,0
79,19,23,11,578,119,27,23,0
80,22,27,6,572,127,30,16,0
81,20,24,10,561,136,23,26,0
82,25,15,10,578,132,20,20,0
83,16,30,5,572,139,22,16,0
84,24,18,10,581,132,16,19,0
85,14,19,4,599,134,5,25,0
86,27,26,5,566,129,20,27,0
87,30,20,6,571,129,21,23,0
88,29,16,6,583,129,16,21,0
89,25,17,3,588,117,23,27,0
90,10,37,9,593,110,30,11,0
91,10,35,8,595,114,15,23,0
92,28,31,10,587,114,8,22,0
93,25,27,7,597,119,9,16,0
94,32,26,37,565,105,14,21,0
95,32,25,85,541,71,19,27,0
96,38,14,142,519,38,17,32,0
97,30,18,203,482,18,24,25,0
98,36,15,234,444,35,20,16,0
99,25,5,291,393,42,23,21,0
100,28,17,334,358,29,18,16,0
101,22,16,371,329,24,17,21,0
102,22,13,398,291,28,25,23,0
103,34,11,435,253,16,26,25,0
104,22,12,453,232,11,29,41,0
105,26,14,474,216,11,28,31,0
106,30,9,481,205,13,25,37,0
107,22,9,492,201,20,26,30,0
108,16,15,527,183,12,24,23,0
109,9,7,552,169,16,12,35,0
110,16,4,550,163,20,22,25,0
111,17,7,552,155,29,17,23,0
112,10,12,556,152,25,16,29,0
113,11,5,561,155,23,21,24,0
114,14,5,563,151,31,15,21,0
115,12,5,563,142,23,24,31,0
116,11,14,568,136,20,21,30,0
117,16,7,584,122,22,20,29,0
118,17,7,580,121,18,17,40,0
119,24,12,584,114,21,18,27,0
120,18,3,579,126,26,20,28,0
121,27,13,571,126,24,16,23,0
122,16,12,550,118,42,21,41,0
123,20,11,588,115,13,18,35,0
124,22,4,576,111,29,32,26,0
125,12,7,601,115,19,27,19,0
126,19,8,588,111,23,27,24,0
127,19,4,592,127,16,12,30,0
128,15,5,559,144,28,24,25,0
129,21,5,554,149,19,32,20,0
130,11,4,570,140,23,27,25,0
131,33,3,544,131,23,37,29,0
132,29,5,573,133,18,21,21,0
133,40,4,558,137,20,24,17,0
134,30,5,555,130,35,20,25,0
135,27,4,583,131,21,17,17,0
136,27,4,591,119,12,25,22,0
137,29,6,605,109,10,16,25,0
138,34,8,596,107,13,22,20,0
139,26,7,602,99,17,24,25,0
140,33,6,591,105,24,24,17,0
141,19,8,606,110,30,18,9,0
142,26,5,339,64,321,24,21,0
143,29,15,184,34,476,35,27,0
144,24,19,135,8,545,40,29,0
145,37,20,67,7,607,41,21,0
146,14,28,54,4,637,46,17,0
147,31,13,30,5,661,51,9,0
148,31,31,34,4,630,55,15,0
149,22,21,27,2,641,65,22,0
150,12,19,21,2,642,80,24,0
151,11,20,32,8,620,94,15,0
152,16,17,21,3,629,94,20,0
153,16,34,22,5,350,54,319,0
154,19,25,25,13,202,30,486,0
155,22,24,18,20,103,19,594,0
156,23,21,17,19,68,7,645,0
157,16,25,26,17,71,3,642,0
158,16,24,25,20,40,7,668,0
159,28,16,32,9,31,3,681,0
160,18,29,26,22,29,7,669,0
161,16,22,29,25,51,3,654,0
162,20,15,157,19,26,3,560,0
163,22,14,249,31,26,8,450,0
164,17,9,161,27,15,7,564,0
165,25,10,231,33,19,6,476,0
166,10,18,436,28,26,9,273,0
167,18,11,519,33,31,8,180,0
168,16,6,592,39,25,19,103,0
169,29,4,609,50,26,26,56,0
170,18,3,634,64,30,13,38,0
171,11,4,611,80,33,26,35,0
172,19,11,609,92,24,15,30,0
173,18,6,603,107,28,12,26,0
174,16,8,597,124,15,11,29,0
175,23,10,562,146,19,11,29,0
176,27,4,549,148,21,15,36,0
177,18,4,568,141,21,16,32,0
178,17,2,558,139,27,31,26,0
179,13,7,574,140,15,36,15,0
180,21,7,580,136,19,21,16,0
181,22,4,570,121,27,31,25,0
182,28,7,597,117,15,19,17,0
183,35,5,593,116,11,11,29,0
184,22,1,600,116,17,16,28,0
185,13,3,600,115,19,23,27,0
186,18,7,584,108,21,33,29,0
187,36,4,604,97,18,19,22,0
188,27,8,626,101,14,13,11,0
189,33,4,604,104,18,18,19,0
190,14,1,606,111,28,26,14,0
191,31,3,581,126,18,22,19,0
192,28,5,584,116,23,19,25,0
193,15,10,615,116,18,13,13,0
194,18,8,599,111,23,24,17,0
195,20,3,622,104,12,22,17,0
196,19,3,613,107,13,29,16,0
197,22,7,607,106,8,29,21,0
198,18,5,602,112,13,25,25,0
199,28,3,600,103,13,27,26,0
200,29,4,600,109,16,18,24,0
201,17,6,582,106,32,24,33,0
202,22,6,587,106,38,18,23,0
203,24,4,595,112,27,11,27,0
204,25,5,544,131,22,42,31,0
205,30,8,553,143,29,21,16,0
206,28,7,579,132,16,20,18,0
207,21,8,563,134,23,25,26,0
208,19,6,582,133,14,18,28,0
209,17,7,607,123,15,7,24,0
210,29,8,559,127,22,29,26,0
211,25,1,573,126,24,25,26,0
212,29,9,557,127,13,33,32,0
213,29,6,553,141,26,25,20,0
214,41,3,546,138,41,22,9,0
215,29,2,573,129,29,17,21,0
216,16,9,578,126,30,24,17,0
217,28,6,575,139,12,21,19,0
218,18,4,578,149,12,28,11,0
219,180,7,435,98,21,46,13,0
220,397,18,273,47,18,27,20,0
221,358,27,309,41,11,22,32,0
222,499,46,149,48,18,17,23,0
223,515,64,109,43,23,21,25,0
224,552,87,68,22,17,26,28,0
225,542,93,56,15,20,55,19,0
226,585,106,25,13,20,26,25,0
227,563,110,36,22,20,25,24,0
228,562,120,36,23,14,15,30,0
229,560,124,40,20,10,15,31,0
230,567,132,23,14,14,16,34,0
231,573,129,17,24,27,15,15,0
232,555,136,22,20,14,27,26,0
233,545,144,9,22,15,35,30,0
234,547,143,20,16,15,30,29,0
235,542,155,21,23,17,21,21,0
236,539,155,24,19,24,14,25,0
237,509,146,42,32,21,18,32,0
238,536,125,27,26,24,30,32,0
239,574,121,17,16,23,24,25,0
240,553,129,29,22,21,29,17,0
241,553,139,20,23,22,26,17,0
242,550,152,30,24,10,17,17,0
243,539,152,33,13,30,18,15,0
244,520,164,22,19,27,23,25,0
245,520,175,31,13,16,23,22,0
246,516,158,21,35,17,28,25,0
247,539,154,18,19,20,27,23,0
248,539,147,23,16,30,17,28,0
249,552,144,26,20,21,18,19,0
250,406,123,17,163,24,42,25,0
251,362,91,21,249,25,32,20,0
252,347,57,15,300,33,28,20,0
253,489,65,18,159,30,23,16,0
254,541,66,26,82,28,26,31,0
255,579,79,20,54,25,20,23,0
256,592,88,12,36,21,28,23,0
257,567,100,38,35,16,19,25,0
258,566,98,33,31,24,23,25,0
259,580,110,17,28,22,18,25,0
260,573,117,9,28,31,24,18,0
261,588,123,24,13,15,16,21,0
262,566,119,36,20,24,22,13,0
263,569,122,23,34,20,16,16,0
264,556,119,20,33,27,24,21,0
265,568,112,21,30,26,33,10,0
266,570,117,15,33,21,23,21,0
267,554,116,30,24,30,23,23,0
268,564,117,12,27,38,27,15,0
269,570,118,21,20,25,29,17,0
270,575,119,24,22,13,21,26,0
271,575,126,16,26,21,17,19,0
272,561,123,15,33,24,26,18,0
273,550,132,16,27,30,24,21,0
274,558,123,15,30,26,28,20,0
275,567,136,9,20,30,19,19,0
276,555,135,11,30,27,25,17,0
277,557,127,7,30,34,30,15,0
278,576,121,11,21,38,21,12,0
279,581,124,24,15,15,28,13,0
280,461,103,17,20,16,165,18,0
281,262,71,25,21,17,376,28,0
282,161,35,17,26,15,513,33,0
283,95,20,17,22,9,595,42,0
284,73,27,20,5,7,609,59,0
285,42,33,19,13,6,608,79,0
286,45,22,22,13,9,603,86,0
287,33,30,23,15,5,601,93,0
288,34,31,28,27,3,591,86,0
289,31,17,34,35,8,595,80,0
290,35,12,17,20,5,617,94,0
291,24,26,30,17,4,600,99,0
292,19,24,21,29,6,599,102,0
293,22,27,17,20,6,602,106,0
294,14,19,173,24,8,473,89,0
295,23,19,253,40,4,399,62,0
296,27,10,258,38,8,390,69,0
297,18,14,314,43,13,346,52,0
298,22,14,325,48,9,327,55,0
299,17,17,325,50,15,331,45,0
