iteration,exchange,exchangeRandom,inversion,swap,scramble,randomShuffle,add,addRandomly,shift
0,100,100,100,100,100,100,100,100,100
1,96,108,109,78,102,104,93,117,93
2,97,83,90,120,111,105,107,93,94
3,94,87,83,165,85,102,100,88,96
4,93,91,90,185,99,97,73,86,86
5,86,86,99,225,85,77,87,84,71
6,92,80,94,220,79,80,73,90,92
7,83,120,75,245,82,73,65,71,86
8,77,116,87,248,75,72,79,71,75
9,69,103,69,280,78,76,76,71,78
10,81,104,71,303,57,65,67,81,71
11,70,104,69,293,69,68,77,77,73
12,65,140,60,300,75,67,63,75,55
13,61,160,83,305,46,80,56,63,46
14,67,173,62,294,62,65,62,52,63
15,57,214,68,275,60,48,52,66,60
16,54,260,67,239,52,50,54,68,56
17,59,271,54,229,53,66,43,60,65
18,46,321,60,207,53,45,56,56,56
19,46,279,68,222,56,63,51,62,53
20,37,332,50,212,51,52,57,56,53
21,45,362,45,199,51,58,45,47,48
22,54,368,51,189,49,53,44,50,42
23,40,399,51,173,50,46,44,55,42
24,35,412,50,184,44,47,42,48,38
25,43,436,55,164,32,50,44,29,47
26,41,454,33,155,51,47,41,35,43
27,33,460,41,151,42,38,46,50,39
28,38,487,30,149,46,37,39,25,49
29,27,519,33,133,37,44,33,41,33
30,29,530,35,124,29,37,37,36,43
31,48,513,39,109,37,31,40,43,40
32,36,499,33,112,25,40,35,81,39
33,34,467,37,110,40,27,36,112,37
34,31,425,35,136,31,37,36,142,27
35,25,409,25,141,25,32,45,161,37
36,36,365,28,134,33,26,33,209,36
37,26,351,31,131,35,36,28,225,37
38,68,322,25,115,31,39,38,236,26
39,99,324,35,100,31,26,35,220,30
40,146,291,28,95,32,36,26,220,26
41,173,272,30,93,37,30,24,207,34
42,193,287,27,91,24,24,26,196,32
43,208,279,21,82,26,20,24,211,29
44,241,260,22,83,28,25,28,186,27
45,253,251,36,80,29,27,20,185,19
46,287,226,23,57,34,28,40,175,30
47,306,252,22,70,30,27,23,145,25
48,294,224,29,66,31,24,22,187,23
49,336,230,22,70,20,28,19,162,13
50,330,227,21,65,34,15,23,156,29
51,363,179,24,50,32,25,23,178,26
52,360,184,27,80,22,32,20,153,22
53,353,182,31,62,22,25,18,184,23
54,409,156,22,49,33,22,20,163,26
55,415,156,13,50,21,24,57,141,23
56,368,149,24,61,20,23,85,155,15
57,394,133,20,49,17,23,122,120,22
58,358,131,26,41,34,14,163,116,17
59,348,121,21,51,22,23,186,110,18
60,298,120,23,36,14,16,247,128,18
61,274,120,27,39,31,22,253,115,19
62,275,126,21,36,16,18,279,111,18
63,274,111,22,47,17,17,287,100,25
64,256,116,12,46,19,15,327,90,19
65,258,96,22,36,20,17,297,134,20
66,250,104,13,20,21,20,309,146,17
67,245,90,12,30,16,23,300,168,16
68,243,93,10,28,16,16,299,179,16
69,241,91,22,25,24,9,318,156,14
70,235,84,18,18,15,17,364,137,12
71,207,128,14,22,16,12,367,123,11
72,163,148,15,21,15,11,397,119,11
73,193,143,17,24,19,19,348,123,14
74,209,161,16,28,12,15,323,121,15
75,207,167,16,21,12,19,305,143,10
76,194,155,18,53,9,15,304,148,4
77,181,153,12,90,8,12,311,121,12
78,152,142,13,120,8,18,317,111,19
79,144,125,12,132,14,17,338,107,11
80,113,129,12,171,14,55,296,92,18
81,129,110,10,200,11,74,255,98,13
82,166,124,8,161,14,98,216,101,12
83,179,133,11,185,9,106,178,86,13
84,191,158,8,222,7,65,183,60,6
85,224,173,12,208,5,66,132,64,16
86,189,187,10,194,8,64,131,106,11
87,224,170,12,208,10,52,135,78,11
88,230,190,6,217,7,43,87,114,6
89,267,211,7,191,12,38,83,86,5
90,258,233,13,179,6,37,80,83,11
91,221,214,8,216,7,46,84,93,11
92,206,220,9,260,8,41,68,70,18
93,215,209,16,265,8,33,77,65,12
94,192,209,10,274,13,38,77,73,14
95,217,186,11,279,16,30,68,77,16
96,224,196,13,278,10,32,68,66,13
97,271,167,13,256,13,33,70,68,9
98,290,173,9,226,7,27,58,97,13
99,263,164,19,245,10,31,60,89,19
100,257,135,9,303,15,27,49,91,14
101,252,135,15,322,10,28,46,78,14
102,254,116,20,318,10,31,50,89,12
103,243,125,10,344,17,15,42,90,14
104,223,111,15,367,7,33,46,86,12
105,205,110,56,358,10,35,43,71,12
106,203,108,87,348,11,30,32,71,10
107,170,94,121,370,10,30,28,66,11
108,183,123,115,317,13,22,37,71,19
109,191,115,151,292,13,18,28,78,14
110,147,116,192,297,11,19,47,57,14
111,144,152,184,262,11,28,41,64,14
112,141,188,177,243,15,28,39,60,9
113,138,221,170,237,17,24,36,50,7
114,136,259,160,207,16,21,39,42,20
115,131,250,169,197,21,25,24,63,20
116,143,319,136,184,15,19,35,37,12
117,120,316,136,204,19,21,19,49,16
118,111,334,126,214,17,24,28,34,12
119,138,279,100,199,48,20,22,81,13
120,138,290,88,220,70,14,21,47,12
121,159,257,99,230,52,15,21,60,7
122,138,274,98,247,58,15,17,47,6
123,144,266,89,275,53,9,18,36,10
124,136,242,83,303,59,13,11,40,13
125,159,216,81,300,55,19,15,46,9
126,197,221,71,295,51,15,13,24,13
127,164,234,62,315,47,15,19,30,14
128,142,220,77,332,41,14,22,29,23
129,117,247,85,336,34,12,15,37,17
130,125,222,87,349,48,18,16,24,11
131,113,245,71,341,34,12,18,57,9
132,89,260,64,340,14,6,15,88,24
133,70,254,110,305,53,9,12,77,10
134,79,242,75,338,82,12,11,59,2
135,61,277,76,318,77,7,7,67,10
136,66,300,74,284,79,13,13,60,11
137,47,297,84,270,74,8,11,104,5
138,47,282,64,258,71,9,11,140,18
139,53,299,73,225,69,6,11,157,7
140,50,258,66,233,67,6,16,198,6
141,45,246,63,214,65,15,13,226,13
142,50,254,60,197,86,10,18,216,9
143,32,216,37,216,117,16,11,237,18
144,41,226,44,173,131,10,11,253,11
145,42,250,35,160,137,9,10,253,4
146,34,243,25,130,178,7,8,263,12
147,53,252,22,109,176,6,11,255,16
148,84,215,26,102,182,11,9,260,11
149,95,249,18,107,182,9,5,231,4
150,81,224,16,79,194,15,13,271,7
151,91,191,19,89,164,7,5,329,5
152,61,214,26,84,141,12,10,345,7
153,54,190,19,64,181,14,5,361,12
154,60,171,14,64,218,11,7,343,12
155,62,193,17,56,202,11,7,337,15
156,55,211,18,54,189,14,12,338,9
157,32,215,9,52,198,8,9,369,8
158,28,210,15,53,217,6,11,350,10
159,37,210,15,60,212,9,8,304,45
160,22,218,12,94,202,7,8,294,43
161,28,216,9,82,216,7,9,295,38
162,76,171,8,113,212,6,7,286,21
163,83,158,5,134,224,7,9,254,26
164,84,132,12,165,199,10,4,266,28
165,69,148,9,168,213,10,2,262,19
166,82,135,12,218,175,10,10,233,25
167,69,121,7,217,171,12,11,266,26
168,74,129,11,246,153,8,14,241,24
169,52,134,11,288,156,6,7,222,24
170,60,143,10,256,200,8,15,183,25
171,74,143,3,278,180,7,7,192,16
172,102,108,8,252,192,11,6,202,19
173,143,97,9,267,215,5,8,144,12
174,153,87,6,276,204,13,9,138,14
175,145,111,7,250,223,8,8,140,8
176,188,125,5,233,179,6,6,149,9
177,174,89,8,242,164,5,8,198,12
178,179,115,4,257,133,6,2,191,13
179,192,74,8,261,131,9,7,209,9
180,200,61,6,274,115,10,5,220,9
181,248,70,5,285,97,7,5,178,5
182,235,88,4,267,80,7,12,199,8
183,220,121,4,254,112,5,6,172,6
184,176,134,1,278,129,3,10,163,6
185,198,118,5,255,145,6,5,163,5
186,221,121,8,253,137,2,7,141,10
187,212,125,7,252,180,7,6,106,5
188,242,149,4,235,157,9,4,91,9
189,218,179,9,227,150,6,5,103,3
190,191,163,8,242,152,2,12,125,5
191,218,158,9,226,167,5,5,109,3
192,199,186,6,253,161,6,5,81,3
193,186,204,7,223,162,5,6,99,8
194,172,254,5,186,149,12,12,102,8
195,181,242,5,197,166,6,11,85,7
196,193,270,12,136,184,7,7,82,9
197,201,260,7,124,175,9,7,112,5
198,220,271,7,110,160,13,10,101,8
199,286,194,7,110,184,14,8,87,10
200,293,234,8,110,148,6,11,83,7
201,314,194,12,103,157,14,9,87,10
202,356,196,13,80,148,5,11,80,11
203,352,183,12,78,164,14,10,81,6
204,379,172,10,103,130,15,14,62,15
205,403,177,5,94,121,15,13,60,12
206,417,152,16,81,109,14,11,88,12
207,429,140,6,74,114,7,14,107,9
208,407,131,12,70,110,18,9,130,13
209,372,135,15,73,99,20,11,170,5
210,372,105,12,71,100,11,12,207,10
211,326,123,11,61,108,12,10,236,13
212,272,119,14,126,66,12,11,265,15
213,297,99,11,113,80,19,10,263,8
214,304,88,11,120,70,13,19,258,17
215,308,79,13,83,76,13,12,306,10
216,299,74,12,92,97,13,16,287,10
217,265,75,13,101,129,10,18,276,13
218,278,64,10,101,157,11,20,249,10
219,240,70,15,70,210,9,13,260,13
220,212,54,11,73,223,17,16,285,9
221,241,58,14,62,238,14,15,244,14
222,239,43,14,76,244,10,11,249,14
223,223,78,7,83,257,10,15,219,8
224,181,107,13,120,248,15,13,195,8
225,164,152,7,102,273,12,7,170,13
226,183,167,7,101,264,9,6,152,11
227,185,182,9,77,247,10,13,167,10
228,192,186,9,114,250,9,6,128,6
229,200,180,1,128,257,10,5,112,7
230,195,181,15,125,205,7,10,154,8
231,190,208,6,162,203,6,7,112,6
232,224,215,3,169,169,11,9,91,9
233,247,188,9,163,168,13,7,99,6
234,255,178,5,148,183,5,10,110,6
235,310,155,6,157,164,12,15,77,4
236,315,160,9,137,149,13,10,97,10
237,352,154,12,121,156,7,9,81,8
238,328,161,16,107,182,15,4,78,9
239,353,142,9,112,156,15,12,95,6
240,392,124,13,117,157,6,12,65,14
241,405,131,20,99,151,6,9,68,11
242,425,106,11,101,163,13,11,61,9
243,430,104,19,102,152,14,15,56,8
244,471,123,11,66,143,12,9,57,8
245,438,97,12,87,134,18,6,97,11
246,466,88,15,54,170,5,13,76,13
247,457,74,9,66,139,12,13,123,7
248,418,103,8,44,137,20,10,145,15
249,417,131,6,45,165,16,14,99,7
250,410,167,11,45,131,10,3,114,9
251,386,183,11,50,130,5,14,106,15
252,383,207,10,50,126,10,12,89,13
253,336,235,15,47,134,12,15,95,11
254,325,262,8,44,114,9,12,112,14
255,310,245,10,36,106,13,11,159,10
256,285,224,8,33,88,14,44,193,11
257,234,178,11,31,130,15,90,198,13
258,220,162,14,28,157,10,107,190,12
259,184,180,10,18,152,8,139,199,10
260,176,177,3,24,146,10,162,187,15
261,167,186,9,25,136,7,197,163,10
262,204,159,10,22,128,9,228,130,10
263,232,131,7,18,113,5,218,165,11
264,196,130,5,18,138,12,225,168,8
265,179,131,12,13,144,8,215,183,15
266,178,159,6,14,148,11,205,170,9
267,180,154,9,14,144,6,211,177,5
268,201,137,3,7,162,5,211,165,9
269,217,128,7,11,139,10,179,200,9
270,277,107,2,8,177,6,167,152,4
271,276,90,8,16,218,6,159,116,11
272,273,82,4,11,248,10,151,116,5
273,318,87,6,11,237,6,120,105,10
274,276,74,8,9,285,8,125,107,8
275,305,67,4,12,269,10,113,111,9
276,273,68,9,11,286,4,136,99,14
277,241,71,9,9,311,6,130,114,9
278,209,49,13,14,303,9,116,175,12
279,258,43,10,15,318,10,103,133,10
280,263,50,14,13,310,7,94,136,13
281,286,44,9,12,310,20,76,135,8
282,278,31,11,7,307,9,83,161,13
283,291,36,9,14,313,11,48,169,9
284,253,28,8,9,353,3,59,174,13
285,243,30,12,8,346,9,58,179,15
286,236,19,6,10,367,12,65,175,10
287,186,66,11,7,375,12,55,179,9
288,157,62,7,8,400,10,48,190,18
289,147,64,5,7,391,9,40,225,12
290,157,51,8,14,378,9,43,234,6
291,196,49,6,15,352,4,44,218,16
292,176,40,12,6,384,9,34,226,13
293,193,27,11,8,383,8,22,237,11
294,169,31,13,19,377,9,27,247,8
295,163,26,5,6,361,9,29,295,6
296,158,23,7,11,394,12,23,266,6
297,145,24,14,14,394,6,26,270,7
298,127,30,5,19,384,13,19,295,8
299,134,31,10,8,387,6,10,302,12
