iteration,exchange,exchangeRandom,inversion,swap,scramble,randomShuffle,add,addRandomly,shift
0,50,50,50,50,50,50,50,50,50
1,45,49,49,48,27,64,50,54,64
2,30,39,58,34,49,51,36,122,31
3,44,38,29,31,32,34,32,175,35
4,39,29,22,31,118,29,26,130,26
5,16,106,32,18,89,29,18,116,26
6,22,164,23,19,72,19,14,99,18
7,17,125,17,23,141,18,14,78,17
8,7,115,17,14,180,19,12,73,13
9,16,81,8,17,245,9,10,56,8
10,13,66,14,15,264,9,12,47,10
11,13,57,7,6,296,12,11,35,13
12,11,56,3,9,323,5,4,31,8
13,2,45,7,2,343,6,9,29,7
14,8,37,4,9,354,8,3,20,7
15,7,26,7,3,287,6,85,28,1
16,6,27,3,2,229,6,162,10,5
17,3,19,9,0,207,4,191,11,6
18,3,14,6,5,253,6,147,9,7
19,4,16,2,4,270,3,135,14,2
20,9,16,4,4,228,6,176,5,2
21,1,11,5,4,185,2,225,12,5
22,6,11,2,2,146,4,271,5,3
23,4,7,2,3,123,3,298,6,4
24,2,11,3,5,100,2,318,7,2
25,2,7,4,5,81,10,336,3,2
26,4,1,2,4,61,2,367,7,2
27,5,5,4,2,45,1,380,2,6
28,4,1,2,4,37,6,392,4,0
29,6,7,4,0,36,2,389,2,4
30,5,6,1,3,27,5,394,5,4
31,5,1,3,5,18,1,412,2,3
32,5,1,3,3,14,1,417,3,3
33,2,2,3,2,18,6,410,3,4
34,6,6,2,4,10,6,413,2,1
35,1,5,3,4,8,2,422,2,3
36,5,2,5,0,9,0,425,2,2
37,1,4,3,2,11,2,420,4,3
38,5,3,8,4,13,3,403,9,2
39,1,1,6,2,9,3,418,4,6
40,2,7,4,1,4,6,420,5,1
41,2,2,1,0,1,3,436,2,3
42,3,3,4,4,1,66,363,2,4
43,2,4,4,1,2,123,311,1,2
44,2,1,5,2,5,158,276,1,0
45,4,1,3,0,2,161,275,1,3
46,3,0,1,2,0,185,257,2,0
47,3,3,1,2,0,202,235,3,1
48,2,2,1,2,0,201,237,2,3
49,6,3,2,1,0,203,231,1,3
50,2,3,3,1,0,156,279,4,2
51,5,2,5,0,2,148,287,1,0
52,3,2,1,0,1,155,284,3,1
53,3,3,1,2,2,182,256,1,0
54,1,2,4,0,3,245,190,1,4
55,3,1,1,2,1,275,162,2,3
56,7,0,3,2,3,290,136,5,4
57,0,4,2,3,3,336,98,2,2
58,4,3,3,5,4,347,81,1,2
59,1,2,2,4,5,352,78,5,1
60,2,1,0,2,1,375,64,3,2
61,2,3,2,4,3,379,54,1,2
62,4,2,1,1,1,404,34,2,1
63,0,1,6,4,2,399,34,2,2
64,2,0,2,4,2,405,29,4,2
65,6,1,3,3,2,401,30,2,2
66,2,0,5,1,2,419,14,2,5
67,1,4,5,3,2,413,16,3,3
68,4,6,5,2,3,414,11,5,0
69,3,3,0,6,1,417,17,2,1
70,1,6,4,3,4,416,12,3,1
71,2,1,3,3,1,422,13,3,2
72,2,4,4,3,6,416,11,0,4
73,0,4,2,2,7,425,6,2,2
74,3,3,1,4,6,424,5,1,3
75,0,2,3,1,1,436,2,2,3
76,2,2,2,3,2,433,4,1,1
77,5,5,4,6,4,417,5,1,3
78,2,1,3,4,8,423,2,2,5
79,3,2,1,4,3,430,4,2,1
80,3,1,0,3,1,439,2,1,0
81,3,3,5,3,5,424,6,1,0
82,3,3,7,1,3,424,3,4,2
83,0,2,1,2,4,435,5,1,0
84,5,2,3,1,7,426,1,2,3
85,0,3,6,0,2,429,5,1,4
86,4,2,7,1,3,426,2,2,3
87,2,5,3,4,1,430,0,3,2
88,4,3,3,1,0,428,8,3,0
89,1,2,3,1,3,437,0,1,2
90,3,0,1,2,2,438,3,0,1
91,2,4,4,6,4,427,2,0,1
92,3,5,3,3,2,426,2,4,2
93,3,4,3,5,2,423,2,4,4
94,7,2,2,3,2,428,4,1,1
95,7,5,7,2,3,415,5,4,2
96,4,3,3,2,2,426,3,3,4
97,2,3,3,1,0,434,2,4,1
98,2,1,3,5,2,428,1,3,5
99,0,3,3,2,4,427,3,4,4
100,5,3,2,0,1,430,3,3,3
101,2,3,3,5,2,428,2,4,1
102,1,3,6,1,1,430,3,4,1
103,3,4,7,3,4,419,2,4,4
104,4,2,6,3,4,421,3,2,5
105,3,0,2,5,5,428,3,2,2
106,0,3,4,3,5,424,3,4,4
107,2,2,2,3,0,435,1,1,4
108,2,2,2,2,2,429,3,4,4
109,4,2,2,5,1,424,3,3,6
110,1,2,1,3,3,433,3,1,3
111,4,2,7,5,2,422,1,3,4
112,4,3,7,3,2,424,1,3,3
113,2,5,2,2,0,429,4,1,5
114,3,4,3,3,2,432,0,1,2
115,1,4,5,1,2,433,0,2,2
116,2,6,7,2,0,427,2,2,2
117,1,2,4,0,3,436,1,1,2
118,1,3,7,1,2,430,1,2,3
119,2,2,4,4,0,433,1,3,1
120,3,3,5,4,4,419,3,6,3
121,4,3,7,7,3,423,3,0,0
122,6,4,0,2,4,428,2,1,3
123,6,1,4,1,3,422,8,1,4
124,2,2,6,5,3,422,6,2,2
125,8,2,2,0,1,431,4,2,0
126,1,4,5,1,2,426,6,1,4
127,2,1,5,4,2,431,0,2,3
128,0,1,7,5,5,425,0,1,6
129,7,2,5,1,3,424,2,3,3
130,4,4,1,1,5,430,1,3,1
131,3,3,4,2,7,424,1,2,4
132,2,3,5,7,3,427,1,1,1
133,1,1,4,1,5,431,3,2,2
134,1,3,2,3,2,429,5,2,3
135,6,5,4,3,2,426,1,1,2
136,3,1,3,2,3,433,3,1,1
137,0,3,6,3,4,427,4,0,3
138,2,3,1,3,1,432,4,2,2
139,1,3,1,2,1,432,4,3,3
140,1,5,4,3,2,339,3,2,91
141,3,3,1,2,2,294,2,2,141
142,2,5,3,4,4,241,4,2,185
143,2,2,1,3,3,172,3,2,262
144,1,2,0,3,1,166,1,6,270
145,2,2,3,1,5,116,3,3,315
146,2,2,1,7,4,104,3,4,323
147,2,2,3,8,8,75,3,4,345
148,3,0,6,4,4,136,4,1,292
149,1,0,5,4,6,116,2,2,314
150,2,1,1,2,2,113,4,0,325
151,0,1,5,2,6,88,5,5,338
152,5,4,4,4,1,68,5,1,358
153,4,0,2,2,3,50,3,7,379
154,4,2,5,2,4,52,3,2,376
155,3,5,4,2,4,33,2,1,396
156,2,2,3,5,2,33,4,6,393
157,3,3,1,5,1,31,3,4,399
158,7,1,2,4,2,18,1,2,413
159,1,5,0,2,4,17,1,3,417
160,8,0,3,4,2,18,2,3,410
161,3,3,2,1,3,12,0,1,425
162,2,6,2,3,3,80,0,6,348
163,4,4,1,6,4,131,2,3,295
164,4,5,4,7,5,199,1,4,221
165,0,1,4,4,4,249,2,4,182
166,3,2,4,1,1,291,3,4,141
167,2,0,2,8,4,290,3,4,137
168,1,5,3,5,2,316,4,2,112
169,1,8,3,5,6,328,4,4,91
170,3,3,6,4,1,277,4,85,67
171,0,3,4,1,3,247,6,123,63
172,4,3,2,2,3,201,3,189,43
173,1,2,4,1,3,147,4,183,105
174,3,0,6,5,0,127,1,123,185
175,2,2,2,2,4,103,4,109,222
176,1,2,3,3,1,155,2,93,190
177,2,4,4,6,2,215,6,75,136
178,4,2,4,4,3,178,76,69,110
179,5,4,4,5,4,139,138,60,91
180,1,1,2,3,4,115,203,40,81
181,3,2,4,3,3,105,227,29,74
182,5,2,6,3,2,75,278,23,56
183,5,2,3,3,1,76,284,26,50
184,4,0,3,1,6,50,319,33,34
185,7,3,1,1,2,40,352,14,30
186,3,3,3,3,2,39,346,19,32
187,1,4,1,2,2,26,389,7,18
188,3,3,2,3,2,22,390,9,16
189,4,4,2,2,5,20,384,8,21
190,1,2,5,4,1,15,399,8,15
191,5,1,5,3,2,15,393,9,17
192,4,2,5,1,3,9,411,10,5
193,3,0,2,2,4,11,414,5,9
194,6,3,2,6,1,7,415,4,6
195,3,2,5,3,4,9,416,5,3
196,2,1,2,3,1,15,418,2,6
197,8,2,1,3,5,7,413,5,6
198,8,2,3,3,3,4,416,5,6
199,1,4,2,3,5,8,417,6,4
200,4,1,1,3,3,6,426,3,3
201,4,2,4,3,3,1,431,1,1
202,9,2,4,0,3,2,421,6,3
203,6,0,0,5,1,0,429,2,7
204,5,4,1,2,2,2,432,1,1
205,5,60,4,3,1,0,373,4,0
206,2,107,2,4,3,2,328,1,1
207,3,104,2,3,1,3,332,1,1
208,3,73,4,0,2,3,357,1,7
209,3,58,1,7,3,2,371,3,2
210,5,46,1,2,1,1,392,1,1
211,5,49,2,2,1,2,383,2,4
212,2,37,0,1,3,5,393,3,6
213,2,29,2,0,2,4,405,2,4
214,4,29,6,3,3,4,395,2,4
215,4,15,1,4,3,4,418,1,0
216,2,17,3,2,1,6,416,2,1
217,3,16,3,2,3,3,418,2,0
218,1,10,1,5,0,5,420,3,5
219,2,16,3,5,1,2,415,2,4
220,3,18,3,0,7,2,413,2,2
221,1,7,3,1,3,3,422,7,3
222,3,6,1,4,4,7,421,2,2
223,5,8,3,4,4,7,406,8,5
224,5,7,2,2,7,1,422,1,3
225,4,4,1,4,66,1,367,2,1
226,2,0,1,3,135,3,298,4,4
227,3,1,1,2,110,1,325,2,5
228,3,3,4,3,88,4,337,4,4
229,2,6,3,1,80,2,353,1,2
230,1,4,1,3,68,3,367,2,1
231,3,5,3,3,56,3,376,0,1
232,2,2,1,4,45,4,386,2,4
233,1,3,1,0,27,2,409,2,5
234,2,2,3,2,27,4,406,2,2
235,3,3,3,5,21,3,407,1,4
236,3,3,0,86,24,2,322,4,6
237,3,5,5,147,13,2,273,2,0
238,6,1,3,196,12,4,223,4,1
239,2,1,1,237,12,2,190,3,2
240,7,4,1,260,13,1,158,2,4
241,3,4,4,308,9,2,112,4,4
242,3,1,1,335,11,2,93,1,3
243,2,1,0,346,4,3,88,2,4
244,2,1,2,364,8,5,65,1,2
245,4,1,5,387,6,0,43,3,1
246,7,1,6,299,5,4,125,3,0
247,3,2,4,246,4,2,185,3,1
248,1,2,4,278,4,2,154,1,4
249,0,0,4,309,3,1,128,1,4
250,1,6,0,262,2,1,94,82,2
251,4,4,3,214,4,2,80,134,5
252,2,2,4,165,4,3,77,191,2
253,0,4,2,211,3,4,74,150,2
254,6,3,1,261,5,5,40,128,1
255,3,3,4,300,2,1,39,95,3
256,3,2,2,323,2,1,29,87,1
257,3,7,3,352,4,3,20,57,1
258,2,3,5,348,4,1,20,64,3
259,3,3,4,378,3,0,15,41,3
260,2,2,3,395,4,2,9,32,1
261,2,5,2,382,5,3,14,36,1
262,6,2,1,392,0,5,11,31,2
263,1,0,3,402,1,3,12,23,5
264,4,1,6,402,4,4,8,18,3
265,0,2,2,421,1,1,5,17,1
266,0,5,3,418,4,2,7,9,2
267,2,1,5,413,4,7,2,14,2
268,1,1,1,428,4,2,7,5,1
269,2,3,1,426,4,0,5,6,3
270,3,3,5,421,3,2,4,6,3
271,0,2,79,350,0,1,6,7,5
272,0,2,150,289,2,0,3,4,0
273,3,5,200,229,1,1,3,5,3
274,6,2,239,191,3,1,4,1,3
275,3,3,196,148,4,2,91,2,1
276,2,0,167,126,1,2,140,7,5
277,0,2,138,175,4,2,122,4,3
278,4,2,87,249,2,3,91,7,5
279,3,2,75,279,1,0,80,6,4
280,4,2,71,289,6,5,67,4,2
281,2,0,67,303,2,2,72,1,1
282,2,2,47,335,7,4,42,6,5
283,2,5,37,358,4,5,34,3,2
284,1,4,25,381,1,3,31,2,2
285,5,2,19,395,1,2,20,4,2
286,1,2,17,388,3,6,25,4,4
287,2,3,17,396,2,1,20,4,5
288,1,1,20,403,6,2,16,1,0
289,5,4,12,405,2,6,12,2,2
290,3,3,14,410,1,3,11,2,3
291,3,2,8,424,5,0,5,2,1
292,2,2,11,417,2,3,7,3,3
293,3,1,7,423,2,1,6,2,5
294,1,1,7,421,2,1,9,4,4
295,2,3,5,432,1,1,4,1,1
296,0,4,3,431,1,2,3,2,4
297,5,2,4,419,5,1,6,6,2
298,1,0,2,434,1,2,5,1,4
299,3,2,4,422,2,1,8,3,5
