iteration,exchange,exchangeRandom,inversion,swap,scramble,add,addRandomly,shift
0,50,50,50,50,50,50,50,50
1,53,63,51,53,65,45,57,13
2,39,55,54,101,56,41,52,2
3,36,37,40,140,62,40,45,0
4,45,74,32,121,55,28,45,0
5,33,83,28,140,47,30,39,0
6,28,79,22,157,57,28,29,0
7,17,132,21,129,42,36,23,0
8,8,175,25,103,35,22,32,0
9,13,164,28,111,36,21,27,0
10,12,205,41,75,26,14,27,0
11,12,156,39,104,36,25,28,0
12,9,170,46,96,32,18,29,0
13,12,183,44,80,27,21,33,0
14,13,201,50,58,23,24,31,0
15,13,209,43,61,27,19,28,0
16,18,232,36,42,26,23,23,0
17,7,229,47,36,26,27,28,0
18,10,241,45,43,24,16,21,0
19,7,245,50,34,28,15,21,0
20,7,233,54,32,28,22,24,0
21,12,240,51,21,29,20,27,0
22,8,245,54,28,20,19,26,0
23,10,245,48,24,20,25,28,0
24,11,258,46,17,27,23,18,0
25,15,253,58,22,26,12,14,0
26,11,246,60,21,31,17,14,0
27,8,234,55,29,33,25,16,0
28,11,250,45,18,22,30,24,0
29,12,243,49,23,24,27,22,0
30,12,250,51,25,11,28,23,0
31,10,245,54,25,34,15,17,0
32,4,254,66,18,29,10,19,0
33,8,233,76,18,28,14,23,0
34,9,237,76,13,27,22,16,0
35,8,241,82,17,18,18,16,0
36,13,236,76,21,17,22,15,0
37,12,218,65,26,25,27,27,0
38,8,244,63,23,25,20,17,0
39,12,230,59,29,27,19,24,0
40,10,243,60,19,26,20,22,0
41,10,245,49,17,25,28,26,0
42,11,253,52,21,19,18,26,0
43,5,250,51,29,25,12,28,0
44,8,252,44,20,25,24,27,0
45,11,255,46,20,20,21,27,0
46,7,252,48,18,28,23,24,0
47,5,251,67,10,24,21,22,0
48,6,234,69,21,17,21,32,0
49,7,246,64,22,23,19,19,0
50,8,237,67,14,15,35,24,0
51,11,230,78,20,20,22,19,0
52,8,227,71,19,18,31,26,0
53,12,227,75,18,23,21,24,0
54,10,219,87,26,13,21,24,0
55,10,228,83,24,12,15,28,0
56,11,217,78,28,14,23,29,0
57,9,214,73,39,12,24,29,0
58,10,235,64,26,28,20,17,0
59,6,219,62,23,28,21,41,0
60,4,248,55,28,26,22,17,0
61,10,239,61,21,19,27,23,0
62,12,236,53,24,24,26,25,0
63,10,247,53,11,25,25,29,0
64,12,237,53,21,26,22,29,0
65,9,240,53,27,22,28,21,0
66,5,245,47,28,22,31,22,0
67,7,250,57,16,22,24,24,0
68,7,240,60,21,29,21,22,0
69,13,232,64,31,20,16,24,0
70,9,229,49,38,19,29,27,0
71,9,240,46,33,27,25,20,0
72,8,245,56,24,27,18,22,0
73,7,225,53,35,30,23,27,0
74,10,239,44,29,28,18,32,0
75,11,239,36,27,25,34,28,0
76,7,261,37,25,27,19,24,0
77,10,255,42,28,31,23,11,0
78,6,242,43,30,31,29,19,0
79,5,258,41,34,24,16,22,0
80,9,252,35,33,31,13,27,0
81,10,248,44,21,33,13,31,0
82,7,254,45,18,27,26,23,0
83,6,211,42,18,22,21,80,0
84,15,181,34,19,16,16,119,0
85,23,167,34,24,26,12,114,0
86,49,139,33,24,19,21,115,0
87,95,132,19,17,21,28,88,0
88,111,116,28,31,20,24,70,0
89,129,112,29,27,19,18,66,0
90,144,118,32,25,14,18,49,0
91,159,105,14,26,24,18,54,0
92,185,90,18,21,18,24,44,0
93,131,71,22,88,19,18,51,0
94,168,68,23,71,16,22,32,0
95,146,55,24,103,24,17,31,0
96,104,41,24,144,36,15,36,0
97,101,24,21,159,43,29,23,0
98,87,32,17,170,43,22,29,0
99,70,38,12,191,50,18,21,0
100,63,22,13,200,47,24,31,0
101,34,32,13,224,40,22,35,0
102,42,30,4,231,47,13,33,0
103,91,27,10,192,34,19,27,0
104,138,23,8,174,26,11,20,0
105,124,22,22,163,36,16,17,0
106,140,24,20,146,34,18,18,0
107,155,28,14,123,33,20,27,0
108,133,29,15,154,37,14,18,0
109,129,34,20,146,39,14,18,0
110,141,25,10,140,36,21,27,0
111,182,25,18,110,30,15,20,0
112,205,29,26,81,28,12,19,0
113,222,31,23,60,24,9,31,0
114,213,45,21,54,31,13,23,0
115,197,57,18,54,29,21,24,0
116,207,61,22,32,31,21,26,0
117,210,60,16,34,23,32,25,0
118,231,65,17,20,29,23,15,0
119,186,58,23,32,24,30,47,0
120,163,43,17,25,21,26,105,0
121,135,41,20,27,20,28,129,0
122,100,31,15,31,27,19,177,0
123,82,35,19,28,18,22,196,0
124,82,29,15,23,17,17,217,0
125,62,30,23,27,20,13,225,0
126,45,21,17,13,29,15,260,0
127,55,24,27,22,12,8,252,0
128,52,23,25,19,14,10,257,0
129,28,19,29,22,20,6,276,0
130,32,18,22,17,20,13,278,0
131,26,17,22,29,33,6,267,0
132,21,26,30,20,22,7,274,0
133,41,15,26,20,29,2,267,0
134,22,24,27,30,27,8,262,0
135,20,25,14,30,29,7,275,0
136,18,26,20,22,29,10,275,0
137,23,19,21,24,30,9,274,0
138,13,17,22,30,30,12,276,0
139,18,14,23,14,27,12,292,0
140,26,10,28,17,29,10,280,0
141,13,16,26,23,23,7,292,0
142,29,24,20,17,18,4,288,0
143,14,18,23,27,32,7,279,0
144,18,14,27,20,22,6,293,0
145,22,22,33,28,21,5,269,0
146,24,26,92,29,22,6,201,0
147,14,18,120,30,24,6,188,0
148,16,19,150,40,23,9,143,0
149,14,19,176,42,25,12,112,0
150,22,12,149,53,64,16,84,0
151,21,17,108,27,127,16,84,0
152,17,19,100,20,138,27,79,0
153,18,19,69,18,180,30,66,0
154,24,20,64,11,208,30,43,0
155,17,23,57,10,227,31,35,0
156,14,16,75,12,216,37,30,0
157,31,17,75,10,187,32,48,0
158,24,12,52,14,222,44,32,0
159,24,18,51,8,225,45,29,0
160,16,13,63,13,221,43,31,0
161,14,18,89,16,190,44,29,0
162,26,19,120,19,157,30,29,0
163,38,21,110,24,122,35,50,0
164,50,16,106,23,111,32,62,0
165,78,25,93,18,73,32,81,0
166,87,24,92,23,72,29,73,0
167,86,26,109,22,61,22,74,0
168,72,18,118,28,54,17,93,0
169,65,20,100,28,40,61,86,0
170,61,24,72,21,36,97,89,0
171,39,29,65,26,22,119,100,0
172,40,24,52,24,28,137,95,0
173,26,23,51,24,18,163,95,0
174,24,28,41,21,22,172,92,0
175,35,25,28,22,19,181,90,0
176,30,32,28,18,13,188,91,0
177,25,32,24,23,13,207,76,0
178,27,24,28,23,8,204,86,0
179,21,22,32,32,12,206,75,0
180,21,26,62,36,13,176,66,0
181,24,22,82,41,19,163,49,0
182,27,21,95,30,18,158,51,0
183,24,21,115,34,14,142,50,0
184,22,12,170,33,12,122,29,0
185,21,11,179,46,11,108,24,0
186,31,14,184,58,9,70,34,0
187,25,13,188,55,21,71,27,0
188,23,13,206,51,20,63,24,0
189,20,14,234,47,21,49,15,0
190,23,10,243,45,21,34,24,0
191,21,9,259,50,13,27,21,0
192,21,12,252,55,19,23,18,0
193,23,11,236,49,27,30,24,0
194,18,11,240,53,32,22,24,0
195,27,7,248,48,26,22,22,0
196,24,13,244,44,23,29,23,0
197,20,10,252,47,30,23,18,0
198,19,12,241,51,13,38,26,0
199,13,10,250,53,19,33,22,0
200,24,8,264,53,14,22,15,0
201,21,4,257,47,15,31,25,0
202,17,2,252,58,15,24,32,0
203,25,10,240,51,14,22,38,0
204,18,8,249,59,18,19,29,0
205,34,10,238,59,14,19,26,0
206,17,16,255,63,12,20,17,0
207,21,9,243,62,14,26,25,0
208,17,7,252,58,17,26,23,0
209,27,9,247,53,22,28,14,0
210,27,11,229,53,23,31,26,0
211,33,16,218,51,26,21,35,0
212,26,7,254,58,16,17,22,0
213,15,4,252,68,24,10,27,0
214,15,6,250,57,32,19,21,0
215,23,6,235,63,35,16,22,0
216,33,6,231,62,27,16,25,0
217,28,9,201,58,29,21,54,0
218,18,12,221,51,25,26,47,0
219,21,11,184,49,15,21,99,0
220,23,16,180,53,17,15,96,0
221,25,15,183,44,26,18,89,0
222,19,14,161,33,34,22,117,0
223,20,19,171,40,28,14,108,0
224,17,10,167,43,25,21,117,0
225,16,9,149,25,26,15,160,0
226,21,15,111,27,22,10,194,0
227,21,15,103,29,24,12,196,0
228,16,14,83,35,30,15,207,0
229,23,10,60,18,25,15,249,0
230,30,13,71,20,24,11,231,0
231,27,16,56,20,28,8,245,0
232,34,28,36,16,25,10,251,0
233,23,22,37,20,18,12,268,0
234,22,14,40,14,22,14,274,0
235,30,20,36,13,26,9,266,0
236,32,30,31,13,20,8,266,0
237,22,22,41,10,20,8,277,0
238,18,30,32,15,22,9,274,0
239,23,20,23,16,22,5,291,0
240,24,29,24,21,20,6,276,0
241,42,35,23,14,19,4,263,0
242,65,29,20,15,20,6,245,0
243,110,25,19,24,25,9,188,0
244,121,21,27,29,19,13,170,0
245,125,26,19,22,23,11,174,0
246,124,37,28,32,15,15,149,0
247,116,37,25,23,26,6,167,0
248,105,50,32,20,16,8,169,0
249,103,74,18,23,26,11,145,0
250,94,70,22,20,16,20,158,0
251,134,69,30,16,22,9,120,0
252,143,65,33,14,18,15,112,0
253,153,52,25,23,16,16,115,0
254,147,63,25,35,20,20,90,0
255,120,63,27,21,15,16,138,0
256,92,55,23,21,27,14,168,0
257,87,47,32,22,19,10,183,0
258,69,33,21,24,21,18,214,0
259,78,25,32,16,21,9,219,0
260,57,30,28,77,23,9,176,0
261,69,30,20,84,25,11,161,0
262,59,30,23,106,27,10,145,0
263,43,28,18,99,25,18,169,0
264,59,22,24,113,21,10,151,0
265,44,28,26,120,24,12,146,0
266,47,29,15,112,35,21,141,0
267,66,19,24,112,29,10,140,0
268,60,18,18,120,32,14,138,0
269,66,17,14,80,22,11,190,0
270,41,32,23,92,18,10,184,0
271,32,28,20,66,7,15,232,0
272,34,27,20,61,17,6,235,0
273,20,27,12,53,18,13,257,0
274,18,30,23,47,18,8,256,0
275,17,27,21,45,24,4,262,0
276,38,19,27,34,25,4,253,0
277,44,28,26,30,37,6,229,0
278,45,15,24,34,43,8,231,0
279,36,16,22,24,22,11,269,0
280,41,22,17,25,31,6,258,0
281,92,26,28,27,28,7,192,0
282,125,23,19,23,27,9,174,0
283,125,28,25,54,27,12,129,0
284,120,28,19,88,34,17,94,0
285,82,25,18,79,101,16,79,0
286,67,22,27,95,95,35,59,0
287,61,21,50,110,72,28,58,0
288,55,21,67,121,64,20,52,0
289,104,21,49,113,48,20,45,0
290,126,26,33,101,46,27,41,0
291,120,27,60,99,39,23,32,0
292,130,28,68,80,37,28,29,0
293,145,32,64,75,37,28,19,0
294,151,27,88,53,31,25,25,0
295,142,18,114,52,32,17,25,0
296,168,28,99,41,24,22,18,0
297,180,26,90,40,29,14,21,0
298,210,31,68,29,25,10,27,0
299,204,29,58,30,32,19,28,0
