iteration,exchange,exchangeRandom,inversion,swap,scramble,add,addRandomly,shift
0,100,100,100,100,100,100,100,100
1,89,106,118,103,106,81,94,103
2,92,75,83,85,80,204,101,80
3,70,62,83,199,77,152,73,84
4,154,68,63,150,81,140,64,80
5,138,68,61,119,47,233,70,64
6,215,52,52,122,54,195,53,57
7,274,65,40,97,48,153,65,58
8,353,63,44,72,59,118,44,47
9,387,46,48,71,47,100,61,40
10,413,45,50,65,37,85,47,58
11,438,32,58,51,48,82,44,47
12,440,45,42,51,34,81,61,46
13,440,46,39,44,47,64,55,57
14,474,48,48,46,26,67,34,49
15,464,45,38,52,44,56,50,42
16,456,48,45,43,52,58,35,54
17,472,57,48,45,35,57,36,41
18,475,55,45,44,34,38,41,59
19,498,47,42,44,36,44,28,52
20,487,33,35,45,53,54,32,52
21,361,34,33,48,54,70,146,45
22,306,46,40,34,38,48,232,47
23,351,42,29,35,48,43,199,44
24,382,58,34,46,40,38,139,54
25,388,44,45,53,41,34,135,51
26,335,46,140,39,38,35,107,51
27,237,49,242,39,32,45,103,44
28,317,34,199,42,25,31,82,61
29,342,40,134,34,49,57,82,53
30,363,54,118,30,57,51,63,55
31,305,39,105,124,52,59,66,41
32,250,37,194,109,50,62,44,45
33,301,45,161,102,36,58,47,41
34,334,36,131,87,49,56,44,48
35,373,34,126,80,36,41,54,39
36,388,44,104,71,38,40,41,39
37,414,25,57,66,53,46,63,41
38,430,49,51,50,45,35,42,38
39,437,36,55,40,39,41,41,36
40,431,40,45,51,44,34,45,35
41,449,39,36,54,35,27,43,41
42,438,48,36,48,49,30,38,35
43,466,32,49,40,45,34,25,31
44,437,40,52,40,48,28,35,38
45,439,34,48,46,48,29,37,37
46,342,40,43,46,33,42,136,36
47,341,40,46,34,46,44,113,54
48,375,44,44,50,41,33,92,39
49,391,35,35,52,44,41,84,36
50,418,52,40,43,27,26,67,40
51,403,48,40,42,43,46,57,27
52,413,48,41,53,26,39,45,41
53,426,36,37,37,30,33,62,42
54,423,23,36,42,50,36,50,32
55,400,36,27,30,36,39,66,58
56,427,31,21,45,39,40,48,39
57,435,23,37,36,36,40,45,38
58,427,20,33,37,50,35,42,46
59,423,27,38,37,40,35,42,48
60,428,36,41,29,44,34,36,42
61,439,36,28,35,40,27,40,45
62,448,39,45,28,36,24,31,39
63,428,30,36,36,44,37,37,42
64,432,42,44,27,34,29,36,46
65,393,51,59,35,39,22,40,39
66,423,31,45,34,34,34,42,35
67,421,33,37,29,35,34,53,36
68,403,38,31,41,45,31,36,32
69,403,28,43,51,35,32,33,30
70,421,42,31,41,32,31,26,26
71,397,43,35,39,31,38,36,31
72,393,37,36,35,37,43,36,22
73,389,30,32,41,32,45,38,29
74,415,25,31,28,47,29,42,19
75,390,43,27,38,41,34,36,27
76,420,28,31,27,36,38,32,24
77,383,28,43,40,46,37,30,29
78,392,44,24,35,39,25,38,39
79,389,30,26,34,52,33,36,36
80,403,34,40,34,39,23,31,32
81,387,34,35,34,44,24,38,40
82,410,37,28,30,44,30,28,29
83,406,19,31,30,43,33,46,28
84,409,40,30,39,33,38,25,22
85,408,32,34,34,37,26,38,27
86,421,46,23,40,34,24,25,23
87,390,45,38,39,25,30,28,41
88,390,40,34,48,38,30,23,33
89,374,46,43,38,41,36,20,38
90,403,42,32,31,31,35,17,39
91,301,34,129,35,35,32,28,36
92,333,34,81,41,45,48,23,25
93,357,31,68,31,31,34,32,37
94,352,46,74,30,26,28,36,29
95,372,39,59,29,29,30,29,34
96,349,36,56,35,32,39,42,26
97,301,42,40,31,38,28,102,33
98,223,36,43,28,29,29,195,32
99,268,36,35,26,37,39,154,20
100,280,31,37,41,32,37,132,25
101,322,36,31,39,33,27,99,25
102,333,47,37,30,21,37,86,21
103,327,32,28,30,31,57,77,22
104,354,24,34,22,38,42,46,34
105,250,31,33,18,49,44,143,26
106,287,24,21,33,29,39,129,23
107,321,30,34,36,20,25,96,23
108,328,21,39,33,39,28,70,27
109,338,28,30,40,30,24,61,28
110,340,28,30,29,42,23,57,30
111,341,29,31,32,32,30,49,35
112,323,34,34,38,31,30,41,40
113,346,27,22,26,30,33,47,24
114,337,29,35,26,28,28,47,25
115,350,34,23,30,27,26,39,19
116,337,35,29,28,24,28,37,30
117,323,37,38,22,24,42,38,24
118,327,29,22,31,19,26,44,40
119,331,27,30,26,27,25,35,37
120,332,33,26,34,18,37,36,22
121,323,33,29,38,15,36,32,32
122,344,27,34,34,16,22,39,22
123,315,19,38,25,35,27,35,31
124,337,22,22,29,19,28,30,38
125,341,29,33,17,17,26,28,32
126,323,32,28,22,29,17,32,40
127,336,16,31,26,21,32,38,23
128,340,25,28,24,17,34,23,32
129,329,22,26,32,22,26,35,31
130,238,20,104,22,32,35,44,28
131,183,18,92,30,26,25,124,25
132,173,29,135,32,30,24,79,21
133,228,24,88,28,31,25,73,26
134,145,39,81,23,32,32,153,18
135,114,39,76,25,23,32,186,28
136,95,30,76,19,21,36,222,24
137,89,34,51,22,22,42,241,22
138,77,41,53,23,27,24,254,24
139,62,32,35,31,28,23,279,33
140,65,29,32,24,19,106,220,28
141,50,26,44,32,19,84,238,30
142,61,29,33,33,23,62,261,21
143,44,26,36,34,18,71,273,21
144,39,38,35,29,29,40,288,25
145,27,109,26,23,11,51,247,29
146,32,105,23,28,20,35,257,23
147,32,74,31,22,31,29,266,38
148,36,75,100,22,26,36,201,27
149,19,59,160,26,33,35,164,27
150,33,51,205,21,19,27,136,31
151,30,44,210,33,24,29,111,42
152,26,48,261,28,25,22,76,37
153,33,43,271,23,31,22,67,33
154,114,32,217,21,24,30,53,32
155,65,35,228,33,34,23,66,39
156,73,28,264,34,31,19,51,23
157,71,30,266,34,23,27,48,24
158,53,22,288,31,30,30,46,23
159,44,22,219,33,38,92,46,29
160,43,33,258,37,23,69,34,26
161,41,23,197,31,36,136,32,27
162,43,35,147,27,32,191,23,25
163,30,28,115,106,32,158,27,27
164,29,28,96,160,24,145,21,20
165,31,33,90,188,29,96,24,32
166,43,23,84,137,21,163,26,26
167,36,31,63,109,26,204,22,32
168,28,35,58,96,43,212,27,24
169,28,30,47,84,29,246,30,29
170,28,30,36,144,32,179,40,34
171,28,27,38,117,40,210,26,29
172,21,35,32,163,22,182,27,33
173,25,29,32,130,27,208,27,37
174,30,25,41,104,34,208,33,40
175,17,26,36,153,31,200,32,20
176,38,25,41,198,20,134,35,24
177,32,32,35,230,25,112,23,26
178,30,39,25,246,21,89,27,38
179,37,26,26,277,22,78,30,19
180,27,24,19,284,35,78,21,27
181,33,24,34,314,14,50,24,22
182,38,18,22,295,16,67,27,32
183,31,19,32,309,21,42,29,32
184,17,25,22,314,29,52,28,28
185,17,38,37,309,23,43,22,26
186,27,31,103,250,17,34,27,26
187,29,36,136,215,29,25,19,26
188,26,22,137,219,33,23,37,18
189,28,34,153,186,29,28,33,24
190,23,17,145,225,27,33,22,23
191,24,22,103,236,33,35,27,35
192,24,18,121,263,24,24,19,22
193,26,22,60,284,30,36,33,24
194,29,24,122,230,38,22,26,24
195,31,20,95,233,33,26,40,37
196,27,14,104,252,29,31,30,28
197,22,22,69,274,27,41,30,29
198,28,23,72,264,37,37,24,29
199,26,23,59,280,35,32,24,35
200,24,17,52,298,26,37,27,33
201,25,20,50,310,22,30,23,34
202,20,30,30,325,40,34,13,22
203,24,22,21,320,32,40,25,30
204,28,16,30,323,28,34,20,35
205,44,17,42,286,27,27,44,27
206,32,27,34,329,23,19,15,35
207,37,32,29,315,30,19,27,25
208,25,29,30,322,31,26,17,34
209,18,21,35,328,29,20,23,40
210,21,25,27,334,33,24,24,26
211,20,26,29,320,44,23,21,31
212,23,30,29,311,37,29,24,31
213,23,27,33,327,29,28,17,30
214,15,28,26,347,33,14,23,28
215,28,24,23,322,32,21,34,30
216,27,30,24,314,37,33,30,19
217,16,32,34,336,19,17,32,28
218,24,25,28,334,25,27,24,27
219,33,34,32,301,34,31,34,15
220,26,35,29,331,31,20,17,25
221,23,24,28,333,23,24,23,36
222,27,24,35,341,24,23,13,27
223,49,22,25,306,32,26,31,23
224,30,34,29,311,44,22,28,16
225,17,31,23,329,40,29,24,21
226,29,29,21,320,41,19,39,16
227,25,29,27,330,29,25,31,18
228,33,29,26,310,31,34,24,27
229,28,20,30,338,20,27,24,27
230,28,40,31,313,27,21,32,22
231,25,33,40,256,26,33,22,79
232,25,26,29,255,23,28,35,93
233,20,22,30,277,31,22,38,74
234,28,20,15,296,30,23,40,62
235,26,35,22,239,27,20,41,104
236,31,27,21,170,39,27,39,160
237,28,18,22,211,40,25,39,131
238,34,26,25,166,26,21,39,177
239,33,23,22,129,34,33,36,198
240,29,23,31,112,17,22,27,234
241,30,26,28,94,29,22,29,237
242,27,26,29,66,98,35,32,182
243,21,28,24,66,75,29,18,214
244,25,28,22,55,67,22,25,226
245,28,32,21,49,37,25,28,237
246,17,27,14,35,30,33,32,259
247,23,14,38,27,41,32,23,247
248,29,24,18,31,45,16,24,255
249,27,27,29,33,28,28,19,239
250,26,19,38,29,27,31,27,229
251,22,30,25,13,104,17,18,195
252,16,28,31,24,75,31,22,193
253,13,11,23,31,47,32,19,238
254,21,19,26,22,44,26,23,233
255,31,27,25,21,40,27,27,216
256,20,30,25,23,46,31,19,217
257,13,25,84,16,25,28,30,190
258,23,27,68,12,32,19,29,200
259,23,25,52,18,21,18,34,219
260,16,24,44,18,23,27,28,224
261,19,22,46,19,29,24,31,214
262,15,20,43,25,23,25,23,226
263,23,19,77,20,15,27,27,184
264,24,24,106,19,21,22,16,157
265,28,15,153,11,19,30,19,114
266,20,19,108,18,18,26,19,161
267,34,18,147,18,15,20,14,123
268,29,17,109,19,24,21,18,152
269,33,18,141,16,19,19,31,112
270,24,19,171,20,17,17,21,100
271,22,26,140,24,13,23,29,112
272,23,26,163,23,23,16,15,100
273,21,23,147,17,23,24,20,114
274,17,26,141,28,23,26,14,114
275,21,12,166,25,25,23,18,99
276,18,17,188,25,16,32,18,75
277,17,13,195,25,23,20,19,77
278,18,16,212,19,19,20,23,62
279,29,19,211,22,20,15,23,50
280,15,15,225,21,18,23,24,48
281,28,21,226,17,15,17,26,39
282,26,27,183,14,22,18,18,81
283,12,15,155,17,21,14,21,134
284,22,28,122,17,21,19,12,146
285,11,21,89,15,18,18,23,189
286,26,21,79,23,20,21,22,170
287,22,21,59,20,17,23,13,197
288,18,16,46,21,15,20,20,209
289,34,15,43,17,15,14,27,197
290,24,15,46,21,21,14,19,202
291,22,21,32,13,20,11,23,210
292,18,17,31,17,24,11,25,209
293,21,11,34,13,23,6,20,224
294,16,9,24,17,26,14,69,176
295,21,18,16,21,19,15,50,191
296,18,18,26,16,18,23,47,185
297,20,19,15,18,19,16,44,200
298,9,13,15,19,18,31,33,213
299,15,11,17,30,25,16,29,208
300,17,13,21,30,13,13,36,207
301,20,17,23,22,18,20,22,208
302,16,26,13,16,10,24,25,216
303,23,28,12,17,13,21,20,210
304,14,28,15,14,12,12,29,220
305,21,29,13,16,25,18,23,199
306,25,20,14,18,22,22,20,199
307,19,24,19,11,9,11,22,222
308,24,25,15,13,21,9,24,206
309,17,21,13,12,13,20,15,226
310,25,16,17,16,16,19,12,216
311,19,11,17,11,11,18,22,228
312,16,16,13,21,13,18,26,214
313,19,14,16,15,18,15,28,212
314,20,16,18,23,19,24,26,191
315,18,11,19,6,13,16,28,226
316,20,23,23,10,7,11,78,165
317,14,16,14,11,17,10,63,192
318,12,21,17,18,9,22,42,196
319,19,13,18,25,16,20,36,190
320,25,17,22,8,15,21,36,189
321,25,17,20,18,18,12,51,172
322,18,13,19,14,20,63,44,140
323,16,12,22,18,17,56,41,147
324,57,13,22,20,18,50,24,125
325,49,18,13,17,19,51,27,131
326,36,12,20,20,12,41,19,165
327,36,25,12,18,14,27,26,164
328,33,18,17,16,20,16,22,174
329,25,19,13,25,18,31,18,165
330,29,18,15,19,19,27,13,174
331,22,25,10,28,18,21,13,172
332,20,13,15,20,19,13,17,192
333,17,17,14,23,24,13,12,189
334,19,19,10,24,18,13,14,192
335,16,15,15,24,15,12,13,199
336,18,10,20,18,13,21,14,195
337,16,11,15,20,22,16,16,192
338,25,13,21,19,17,20,18,175
339,18,17,20,16,22,16,10,189
340,25,17,19,13,20,22,18,174
341,19,22,18,20,15,14,16,184
342,14,24,13,18,19,16,17,187
343,19,15,16,19,10,11,23,195
344,19,14,20,21,22,11,14,187
345,11,10,18,18,16,21,17,197
346,17,13,14,14,23,18,24,185
347,15,20,12,18,27,15,13,188
348,25,14,16,14,20,17,19,183
349,15,17,19,19,16,13,8,192
350,8,14,14,11,22,22,20,184
351,22,27,11,15,17,21,20,162
352,13,24,8,16,15,10,16,187
353,13,10,16,15,13,12,13,197
354,13,18,14,12,14,16,16,186
355,17,13,24,13,7,12,18,181
356,9,17,52,24,15,16,19,133
357,15,14,50,13,17,15,15,146
358,8,14,39,19,11,19,22,153
359,19,13,34,17,13,17,13,159
360,15,19,29,13,17,12,11,165
361,12,19,22,8,13,9,13,182
362,5,15,26,20,12,9,10,181
363,16,20,28,9,16,14,12,163
364,14,14,22,15,17,15,16,161
365,12,19,21,15,18,22,17,150
366,9,20,20,15,17,15,11,164
367,19,17,15,14,13,13,11,165
368,20,16,12,15,6,16,13,163
369,17,10,13,13,15,16,18,159
370,15,19,9,13,14,14,12,164
371,11,10,14,13,16,12,14,170
372,11,13,12,27,19,9,8,160
373,20,20,18,26,11,14,15,135
374,19,20,15,7,15,14,26,143
375,19,12,21,15,16,10,15,149
376,41,10,13,20,12,8,18,135
377,40,15,14,9,14,14,18,133
378,30,14,13,26,12,9,14,136
379,55,6,11,26,17,14,15,110
380,78,11,20,13,16,18,12,86
381,105,9,13,21,14,9,16,67
382,114,7,7,27,19,11,14,55
383,123,7,10,15,12,10,13,64
384,128,11,14,14,19,16,13,39
385,142,18,11,17,20,9,11,26
386,149,11,13,11,14,10,15,31
387,131,12,19,18,17,16,15,26
388,140,16,18,17,22,16,10,15
389,156,18,12,14,11,10,14,19
390,145,15,16,19,10,15,13,21
391,157,14,14,13,9,14,14,17
392,104,13,16,15,52,12,18,22
393,115,13,13,17,41,17,17,19
394,112,8,14,44,30,12,22,10
395,81,7,20,45,55,17,12,15
396,91,14,10,33,60,13,8,23
397,67,16,17,32,84,10,14,12
398,60,12,6,31,104,11,16,12
399,49,13,15,19,112,15,15,14
400,37,8,18,17,132,15,16,9
401,32,16,11,33,119,13,14,14
402,25,25,12,20,126,17,13,14
403,24,11,16,21,135,17,13,15
404,27,10,19,13,150,11,9,13
405,19,10,13,11,154,17,9,19
406,25,10,18,11,143,11,15,19
407,13,11,21,57,114,8,15,13
408,16,15,15,38,128,13,12,15
409,17,10,12,42,132,13,14,12
410,25,16,11,31,137,12,9,11
411,10,18,11,32,142,17,9,13
412,10,12,10,30,145,15,16,14
413,21,14,14,14,154,15,9,11
414,23,9,16,15,144,15,12,18
415,14,12,15,17,148,15,16,15
416,14,11,8,15,151,19,12,22
417,17,14,10,14,155,16,13,13
418,25,13,12,16,146,12,16,12
419,15,14,9,20,160,9,10,15
420,11,15,9,19,159,16,9,14
421,15,16,8,19,144,17,18,15
422,15,18,14,14,162,8,13,8
423,11,15,10,18,150,11,19,18
424,9,14,13,13,158,14,18,13
425,21,15,10,15,157,12,9,13
426,10,11,13,15,165,9,20,9
427,12,21,7,10,159,12,17,14
428,11,13,10,18,169,6,18,7
429,8,15,10,17,166,5,20,11
430,12,14,13,8,169,8,17,11
431,13,16,10,15,168,12,12,6
432,18,16,10,11,157,4,22,14
433,16,18,14,14,156,8,14,12
434,18,15,14,8,157,9,16,15
435,18,13,14,9,157,9,13,19
436,9,10,13,17,161,10,21,11
437,9,12,16,16,166,16,5,12
438,19,8,16,14,157,18,10,10
439,18,7,14,11,165,14,10,13
440,18,18,20,12,157,8,13,6
441,10,15,21,10,157,14,11,14
442,11,10,14,17,162,18,6,14
443,11,18,13,13,166,12,9,10
444,15,22,9,5,158,18,13,12
445,14,16,8,6,159,19,9,21
446,14,17,13,15,164,13,10,6
447,13,9,12,15,126,45,17,15
448,15,15,10,9,148,41,6,8
449,13,21,12,6,143,33,10,14
450,19,12,17,16,127,29,20,12
451,17,10,18,5,148,21,14,19
452,15,16,9,8,157,18,14,15
453,14,18,12,11,147,19,17,14
454,13,15,11,13,154,13,14,19
455,14,18,10,11,151,19,18,11
456,15,10,12,51,123,12,14,15
457,14,17,8,37,129,16,15,16
458,7,18,14,43,111,14,24,21
459,15,12,7,31,143,8,24,12
460,16,9,18,30,138,7,19,15
461,13,14,7,25,158,11,13,11
462,9,14,9,21,150,10,25,14
463,13,25,8,22,153,9,14,8
464,10,25,9,15,157,9,16,11
465,10,25,12,14,135,18,22,16
466,18,14,12,23,117,35,20,13
467,8,20,11,18,124,47,13,11
468,12,21,10,11,130,45,12,11
469,19,10,11,14,145,31,11,11
470,20,17,11,14,147,19,11,13
471,17,52,10,12,124,16,12,9
472,12,45,8,17,132,19,8,11
473,18,28,7,54,96,18,16,15
474,10,22,17,43,117,20,6,17
475,11,16,15,44,120,18,17,11
476,13,20,12,29,131,17,15,15
477,9,19,10,28,140,16,12,18
478,9,23,13,12,141,10,19,25
479,8,15,7,21,153,16,16,16
480,14,20,15,16,147,17,8,15
481,7,10,16,15,171,14,14,5
482,16,20,7,12,144,18,17,18
483,16,11,12,15,117,18,14,49
484,15,20,13,19,112,21,12,40
485,10,9,15,12,117,9,47,33
486,12,17,12,14,106,15,42,34
487,18,21,14,16,120,6,32,25
488,16,13,13,17,93,7,67,26
489,11,17,6,14,112,14,61,17
490,10,14,16,13,126,10,43,20
491,13,9,10,15,144,16,36,9
492,19,16,11,13,122,17,40,14
493,9,9,10,12,160,9,22,21
494,14,8,7,6,153,21,24,19
495,21,9,6,13,163,14,13,13
496,26,6,19,11,149,10,18,13
497,14,14,22,10,151,13,10,18
498,16,16,16,13,158,6,12,15
499,20,17,16,11,149,6,17,16
500,6,8,11,16,129,18,11,53
501,9,15,14,8,134,18,5,49
502,13,13,11,42,114,19,14,26
503,15,13,8,49,114,13,9,31
504,17,13,13,35,102,12,17,43
505,9,15,9,30,127,15,14,33
506,12,15,11,26,120,17,16,35
507,14,10,16,25,140,11,8,28
508,9,12,15,19,147,10,18,22
509,12,16,12,19,134,19,15,25
510,14,15,17,12,147,12,17,18
511,17,15,17,15,152,10,13,13
512,17,17,11,17,150,20,10,10
513,15,22,10,13,147,14,19,12
514,14,56,6,7,123,16,14,16
515,4,45,10,16,142,15,9,11
516,8,67,14,21,112,13,7,10
517,21,80,20,16,87,12,3,13
518,14,129,16,12,49,11,10,11
519,10,125,14,19,50,16,8,10
520,10,132,17,14,48,10,6,15
521,4,134,14,15,50,8,13,14
522,13,152,10,13,29,14,6,15
523,15,135,23,15,27,10,17,10
524,15,163,14,11,16,16,8,9
525,5,169,16,10,16,17,10,9
526,10,139,13,14,25,15,27,9
527,16,142,18,15,16,14,17,14
528,14,164,12,15,11,19,8,9
529,24,144,11,14,17,7,12,23
530,20,149,8,10,21,13,16,15
531,11,158,17,10,16,11,14,15
532,11,160,15,8,13,18,18,9
533,13,160,9,15,15,14,20,6
534,16,161,23,6,11,10,14,11
535,11,167,12,16,16,12,11,7
536,20,154,14,9,15,16,15,9
537,17,118,18,38,22,10,19,10
538,14,99,29,29,17,12,12,40
539,16,86,20,38,13,15,11,53
540,16,48,14,31,14,14,18,97
541,18,78,12,27,12,13,11,81
542,20,62,14,56,13,16,14,57
543,12,51,19,80,14,8,14,54
544,13,57,13,62,12,8,11,76
545,17,40,13,80,14,13,18,57
546,13,35,14,93,14,16,22,45
547,13,32,15,74,18,13,16,71
548,10,25,8,99,14,3,20,73
549,18,19,14,118,11,9,20,43
550,16,18,2,135,18,9,12,42
551,14,19,4,108,15,8,18,66
552,14,17,17,120,14,6,13,51
553,17,15,13,127,21,4,12,43
554,14,7,25,137,10,12,9,38
555,15,17,21,148,12,9,8,22
556,14,10,12,149,11,9,20,27
557,13,17,14,153,10,12,15,18
558,14,18,7,147,11,18,13,24
559,16,19,11,150,13,13,15,15
560,23,20,14,123,20,21,9,22
561,21,16,17,128,15,15,20,20
562,13,18,14,149,11,10,17,20
563,18,20,6,160,8,14,10,16
564,12,18,13,161,12,16,14,6
565,8,16,10,157,16,19,12,14
566,8,14,5,168,15,12,15,15
567,12,12,6,149,23,22,18,10
568,11,17,16,135,34,12,9,18
569,11,18,18,117,36,18,20,14
570,14,11,13,126,40,15,20,13
571,16,11,19,128,38,17,10,13
572,11,14,12,156,23,13,11,12
573,12,14,15,125,16,11,18,41
574,9,12,16,119,21,19,19,37
575,12,10,14,146,14,7,15,34
576,14,15,15,139,16,22,12,19
577,20,15,11,133,22,14,11,26
578,16,18,12,145,15,16,7,23
579,11,13,13,149,17,11,12,26
580,19,10,14,145,12,15,11,26
581,19,9,12,160,17,14,12,9
582,8,11,13,159,15,11,16,19
583,15,18,12,160,15,7,11,14
584,11,14,11,174,11,12,10,9
585,17,12,8,163,15,12,15,10
586,12,18,10,158,16,6,14,18
587,12,8,13,162,18,9,17,13
588,4,12,17,160,12,16,17,14
589,13,12,14,158,14,13,13,15
590,17,10,14,148,16,20,13,14
591,11,10,10,130,45,14,17,15
592,9,9,45,88,43,15,30,13
593,13,13,39,116,32,17,6,16
594,18,13,32,123,31,14,13,8
595,18,13,53,116,23,11,11,7
596,15,13,43,127,14,15,11,14
597,13,14,33,137,25,8,10,12
598,39,20,37,98,18,13,8,19
599,27,14,29,137,15,9,14,7
600,30,24,52,96,17,12,11,10
601,30,18,48,105,12,12,8,19
602,33,11,83,77,12,9,17,10
603,19,22,50,96,23,13,10,19
604,20,13,53,103,25,15,13,10
605,18,14,48,111,19,10,15,17
606,14,9,21,151,17,18,11,11
607,61,6,21,104,15,17,15,13
608,41,15,17,121,16,16,14,12
609,34,11,20,140,12,12,15,8
610,26,9,26,137,14,20,15,5
611,39,10,27,123,20,11,15,7
612,17,15,24,159,15,8,8,6
613,23,9,17,149,14,15,17,8
614,19,14,18,146,13,10,16,16
615,14,15,7,148,20,13,24,11
616,38,22,20,116,19,5,18,14
617,35,13,17,138,18,16,6,9
618,33,15,13,141,14,15,10,11
619,35,11,10,134,19,19,13,11
620,21,13,9,150,10,16,15,18
621,17,16,11,146,18,20,13,11
622,23,10,13,149,14,20,15,8
623,13,18,8,150,16,19,13,15
624,16,19,8,154,13,14,17,11
625,24,12,12,163,12,11,9,9
626,12,11,11,158,10,15,21,14
627,20,11,7,156,18,8,13,19
628,17,20,16,141,19,8,14,17
629,9,11,16,113,51,17,25,10
630,14,13,10,95,43,11,55,11
631,10,9,14,111,37,18,38,15
632,10,9,12,94,25,10,78,14
633,20,8,16,107,22,15,52,12
634,10,16,8,120,19,16,47,16
635,13,10,8,88,30,18,71,14
636,14,13,11,78,57,10,52,17
637,11,17,18,60,79,14,41,12
638,11,14,15,78,58,9,54,13
639,12,17,12,70,80,13,36,12
640,13,11,12,87,66,24,31,8
641,12,13,12,71,100,12,21,11
642,15,9,18,62,98,18,23,9
643,15,15,6,85,80,19,21,11
644,17,19,11,92,72,14,15,12
645,18,8,16,78,84,20,10,18
646,12,14,10,66,111,11,16,12
647,22,13,11,42,117,14,24,9
648,21,11,14,35,116,13,26,16
649,12,9,14,75,88,18,21,15
650,10,11,17,100,73,12,16,13
651,12,11,18,112,60,17,14,8
652,10,14,11,89,91,12,9,16
653,12,21,7,91,83,5,20,13
654,15,11,9,57,113,16,18,13
655,16,10,8,78,98,15,11,16
656,8,8,12,95,79,21,16,13
657,10,12,11,118,50,21,20,10
658,8,9,14,88,85,17,16,15
659,10,12,13,116,70,7,14,10
660,17,9,14,124,54,8,15,11
661,9,13,16,98,80,10,14,12
662,10,9,13,118,59,13,14,16
663,14,8,17,117,50,16,14,16
664,14,8,19,124,43,15,21,8
665,14,14,19,135,25,14,20,11
666,15,13,10,152,28,16,11,7
667,13,16,10,147,31,17,9,9
668,13,16,6,154,27,9,12,15
669,14,14,10,149,25,11,17,12
670,9,51,17,115,23,14,12,11
671,12,74,11,98,23,5,14,15
672,14,100,9,71,17,13,15,13
673,15,73,13,97,11,11,17,15
674,15,54,46,81,16,14,14,12
675,13,50,41,85,16,16,15,16
676,12,34,37,108,16,14,11,20
677,10,48,30,125,13,8,8,10
678,13,24,27,139,19,10,11,9
679,7,27,19,145,10,8,24,12
680,16,26,27,121,17,13,21,11
681,7,58,15,96,22,15,25,14
682,16,55,9,104,17,19,13,19
683,45,34,21,95,13,19,9,16
684,41,28,15,105,11,20,16,16
685,29,28,17,107,10,35,11,15
686,19,18,12,116,17,36,14,20
687,20,17,11,132,12,25,19,16
688,19,21,18,139,13,20,10,12
689,22,20,14,136,6,18,10,26
690,16,21,13,150,5,22,12,13
691,15,50,12,126,11,12,11,15
692,14,37,13,134,11,14,9,20
693,10,42,9,130,12,17,16,16
694,11,66,13,93,17,29,12,11
695,15,45,17,119,14,16,13,13
696,16,39,12,93,6,19,21,46
697,17,43,6,109,9,13,14,41
698,19,23,8,116,16,13,16,41
699,13,21,13,124,13,16,16,36
700,19,29,12,112,25,14,13,28
701,19,16,11,147,18,14,12,15
702,15,24,13,119,21,25,15,20
703,14,18,13,148,10,13,19,17
704,9,17,13,147,23,19,10,14
705,13,12,7,160,13,12,15,20
706,14,17,15,148,13,18,5,22
707,18,7,19,156,12,14,9,17
708,9,17,14,158,15,18,13,8
709,14,13,14,164,11,11,9,16
710,12,16,21,153,15,14,8,13
711,21,13,27,135,11,15,18,12
712,14,14,20,148,15,15,14,12
713,16,11,19,154,16,13,15,8
714,15,7,16,149,19,13,22,11
715,14,13,25,131,17,13,23,16
716,13,12,9,128,14,12,15,49
717,3,12,14,110,41,11,16,45
718,11,16,12,110,35,17,16,35
719,12,17,17,107,40,13,8,38
720,12,21,10,89,75,7,18,20
721,9,19,16,105,55,17,10,21
722,13,12,17,80,43,13,11,63
723,11,15,16,100,44,10,11,45
724,11,12,16,121,42,10,11,29
725,13,7,11,140,21,11,20,29
726,7,10,13,138,17,17,16,34
727,14,7,13,131,24,18,14,31
728,12,11,20,137,27,10,16,18
729,12,11,11,157,17,13,7,23
730,19,16,11,159,11,13,8,14
731,14,13,14,148,13,14,14,21
732,17,14,17,158,14,9,11,11
733,13,17,13,163,16,3,14,12
734,10,16,15,147,15,17,16,15
735,8,17,11,158,16,12,17,12
736,4,8,12,164,20,18,10,15
737,12,13,17,152,14,16,11,16
738,43,12,19,111,10,18,20,18
739,40,13,14,126,10,13,19,16
740,29,14,4,138,13,21,26,6
741,23,16,12,149,7,15,13,16
742,22,16,39,115,12,11,18,18
743,19,15,39,88,13,16,15,46
744,18,16,36,98,16,12,13,42
745,18,12,22,128,14,7,15,35
746,22,16,22,125,13,9,15,29
747,15,20,19,143,6,11,6,31
748,51,11,20,104,19,10,21,15
749,42,12,17,122,11,11,17,19
750,36,16,23,111,13,11,21,20
751,28,17,14,126,15,9,19,23
752,16,13,21,141,10,16,11,23
753,18,17,16,147,8,11,22,12
754,21,13,9,153,6,10,26,12
755,16,16,12,147,10,12,18,19
756,21,18,11,110,14,13,46,17
757,13,16,14,84,11,18,78,16
758,13,8,18,105,15,10,74,7
759,19,14,14,116,15,7,50,15
760,18,9,13,113,13,9,60,15
761,12,7,15,89,25,11,71,20
762,13,10,16,68,12,16,99,16
763,14,13,24,93,10,10,71,15
764,19,8,13,105,13,12,66,14
765,8,13,17,134,17,11,45,5
766,14,10,23,135,19,12,25,12
767,18,14,9,125,22,17,27,18
768,16,8,16,104,16,50,24,16
769,16,15,12,73,12,85,25,12
770,18,9,13,63,16,102,14,15
771,14,12,16,53,21,109,16,9
772,10,14,10,79,10,90,20,17
773,13,15,13,82,14,80,15,15
774,13,8,13,92,6,83,22,10
775,18,18,10,74,9,86,17,15
776,16,8,7,75,10,110,11,10
777,7,12,13,86,15,84,15,15
778,11,7,13,76,21,88,13,18
779,12,8,9,93,14,81,18,12
780,20,11,8,77,14,98,8,11
781,16,11,8,75,14,88,16,19
782,17,20,12,68,11,92,10,17
783,10,11,10,65,12,110,12,17
784,13,14,12,50,11,117,14,16
785,14,18,13,42,13,113,17,17
786,17,14,10,32,21,120,17,16
787,14,9,12,29,13,130,18,21
788,11,13,13,28,16,133,11,21
789,17,12,17,20,20,140,11,9
790,14,8,17,16,16,139,18,18
791,12,9,12,17,12,164,7,13
792,13,23,14,20,7,146,11,12
793,14,13,15,20,15,146,12,11
794,10,15,15,19,11,149,16,11
795,21,8,12,21,6,154,12,12
796,18,9,12,13,23,144,11,16
797,10,17,7,15,14,163,9,11
798,10,12,11,12,14,166,11,10
799,10,10,13,13,17,155,16,12
800,11,12,11,16,13,152,13,18
801,11,15,8,18,14,144,18,18
802,18,8,14,15,8,144,20,18
803,9,13,16,18,15,146,13,15
804,14,14,10,16,9,162,8,12
805,16,10,9,10,11,166,7,16
806,12,10,7,7,17,128,13,51
807,14,8,42,12,16,107,9,37
808,15,15,41,14,14,94,14,38
809,12,15,29,16,9,121,12,31
810,10,11,32,8,11,130,13,30
811,10,22,20,20,9,102,11,51
812,15,11,62,13,7,79,13,45
813,13,11,51,11,8,99,14,38
814,14,14,35,13,14,106,13,36
815,17,12,33,15,19,88,10,51
816,8,15,30,16,18,58,19,81
817,17,19,22,15,11,42,14,101
818,11,7,25,10,14,43,8,120
819,8,13,16,17,11,40,44,89
820,11,11,18,11,10,68,36,73
821,12,14,22,6,20,91,26,47
822,11,17,16,12,14,97,19,52
823,17,10,19,16,12,101,16,47
824,12,16,20,11,13,72,24,70
825,18,13,16,18,14,65,13,81
826,8,21,10,20,12,63,16,88
827,9,19,14,12,13,46,18,107
828,5,14,16,18,18,34,17,116
829,8,7,27,14,9,25,17,123
830,14,12,9,9,13,30,9,134
831,7,18,15,18,9,29,11,120
832,16,16,6,13,9,24,12,131
833,10,12,15,22,9,17,15,127
834,10,9,19,13,6,19,51,98
835,9,9,5,15,10,16,42,114
836,17,15,13,14,12,15,26,108
837,11,14,15,13,9,8,27,123
838,8,16,12,11,8,10,24,131
839,14,17,12,12,13,18,17,117
840,11,42,18,7,7,19,18,98
841,9,40,11,14,9,12,16,109
842,10,38,9,20,15,7,16,103
843,11,27,13,10,11,11,18,117
844,6,28,16,9,10,8,15,126
845,14,23,7,8,18,17,31,100
846,11,24,8,7,10,10,52,96
847,4,17,12,11,10,17,42,105
848,13,20,11,12,12,9,33,108
849,12,19,10,12,12,10,35,108
850,15,19,16,5,11,8,27,117
851,16,12,18,19,7,13,18,115
852,18,13,5,12,6,13,17,134
853,12,13,11,11,10,14,18,129
854,10,14,7,13,11,10,17,136
855,3,7,11,12,16,6,17,146
856,11,15,19,9,12,10,15,127
857,13,16,11,13,10,6,20,129
858,10,13,9,9,13,11,10,143
859,12,14,15,11,15,13,8,130
860,11,15,6,8,11,15,10,142
861,7,12,9,10,13,16,13,138
862,7,12,7,15,11,9,15,142
863,11,12,12,9,14,14,15,131
864,2,8,13,15,17,6,13,144
865,7,9,13,11,11,14,14,139
866,10,9,6,12,14,6,16,145
867,11,11,19,12,11,11,16,127
868,11,10,5,14,18,8,5,147
869,10,7,12,5,18,15,14,137
870,7,10,9,17,15,7,11,142
871,11,7,7,17,14,11,8,143
872,5,13,15,11,5,12,11,146
873,5,9,14,12,18,13,8,139
874,8,15,7,17,17,12,11,131
875,12,5,12,42,16,13,15,103
876,11,15,11,26,44,18,13,80
877,9,13,7,30,42,13,9,95
878,11,7,11,22,27,16,16,108
879,12,12,12,18,27,17,6,114
880,10,7,7,18,20,13,12,131
881,16,14,11,10,25,12,7,123
882,17,8,14,10,24,17,8,120
883,6,15,9,16,15,12,12,130
884,12,11,9,13,19,12,7,132
885,17,32,12,11,20,7,6,110
886,8,63,5,10,22,12,10,85
887,12,52,9,12,16,13,11,90
888,5,48,9,13,9,14,14,103
889,11,70,14,16,12,12,9,71
890,11,93,10,10,8,4,11,68
891,9,57,14,17,15,10,10,83
892,7,57,8,13,16,14,12,88
893,9,40,16,9,14,14,6,107
894,15,33,10,10,13,6,9,119
895,6,32,4,14,14,12,16,117
896,13,49,11,10,13,16,10,93
897,11,68,10,11,12,13,15,75
898,7,71,37,12,6,7,11,64
899,7,49,66,10,10,11,7,55
900,10,66,55,8,8,13,13,42
901,9,94,43,13,11,9,6,30
902,9,75,66,14,9,6,9,27
903,36,59,48,11,8,18,11,22
904,39,41,40,16,48,12,8,9
905,23,33,76,10,31,6,14,20
906,25,33,60,8,49,16,9,13
907,27,48,43,9,50,10,9,17
908,18,44,32,14,67,12,15,11
909,24,42,27,7,78,13,11,11
910,16,35,52,11,61,8,15,15
911,16,25,41,11,85,14,9,12
912,9,28,38,8,83,17,12,18
913,21,18,32,5,97,13,11,16
914,16,16,20,8,115,15,14,9
915,15,15,20,14,123,6,8,12
916,18,14,18,2,129,12,12,8
917,12,15,13,7,128,9,7,22
918,16,9,23,12,120,7,5,21
919,21,11,10,8,110,11,8,34
920,9,14,9,10,112,15,13,31
921,2,13,17,17,118,11,12,23
922,4,9,8,11,127,9,11,34
923,5,11,11,8,116,12,15,35
924,6,14,18,8,134,7,10,16
925,5,6,15,8,127,11,17,24
926,5,20,9,14,133,7,4,21
927,11,46,7,9,107,15,8,10
928,15,38,13,13,110,8,11,5
929,12,35,15,14,106,6,8,17
930,8,30,13,10,110,9,16,17
931,13,20,8,14,123,6,13,16
932,11,18,15,13,127,12,4,13
933,12,16,12,11,120,15,14,13
934,12,17,10,13,128,8,15,10
935,12,13,10,16,136,7,9,10
936,14,12,6,9,133,8,14,17
937,6,14,9,8,142,8,14,12
938,9,20,10,9,133,5,18,9
939,13,6,7,9,149,8,10,11
940,11,9,14,10,136,5,13,15
941,5,8,3,17,132,19,13,16
942,9,7,7,17,129,16,11,17
943,5,9,13,18,131,8,15,14
944,12,10,12,11,137,12,8,11
945,18,9,7,12,140,6,11,10
946,10,10,8,15,128,16,15,11
947,19,9,7,17,113,13,5,30
948,10,8,12,13,133,5,8,24
949,16,9,15,6,127,15,9,16
950,26,12,11,8,124,14,7,11
951,10,8,13,15,128,11,10,18
952,9,14,8,10,122,15,12,23
953,6,9,12,13,130,12,11,20
954,17,12,12,14,119,12,15,12
955,16,8,11,20,121,14,6,17
956,11,21,10,16,121,9,14,11
957,16,9,13,13,127,11,6,18
958,12,8,14,18,128,12,11,10
959,6,9,11,9,153,7,10,8
960,14,9,11,9,130,12,11,17
961,14,12,11,10,136,10,12,8
962,13,18,7,8,125,14,15,13
963,13,6,15,8,136,13,14,8
964,9,2,8,9,143,14,15,13
965,16,11,9,9,138,13,10,7
966,11,17,19,14,131,3,10,8
967,10,14,13,6,133,13,12,12
968,8,18,7,9,144,12,4,11
969,9,21,18,7,119,10,18,11
970,16,6,13,7,146,6,6,13
971,10,19,17,15,127,9,9,7
972,10,7,17,8,133,15,14,9
973,14,17,20,7,121,14,10,10
974,11,12,13,11,136,11,7,12
975,14,14,18,13,123,12,8,11
976,10,12,13,6,144,13,7,8
977,10,11,17,11,136,10,9,9
978,12,11,10,12,132,15,2,19
979,17,9,34,12,107,10,10,14
980,9,12,44,10,107,10,12,9
981,16,15,59,10,85,13,8,7
982,17,9,50,15,97,13,6,6
983,18,9,28,12,120,6,9,11
984,17,15,34,8,116,12,4,7
985,11,14,69,7,84,8,14,6
986,11,14,72,12,63,20,9,12
987,15,15,81,6,70,5,10,11
988,11,11,104,8,46,13,6,14
989,12,9,109,7,37,8,12,19
990,11,10,88,12,56,17,12,7
991,9,9,80,9,75,13,13,5
992,9,8,53,9,94,10,12,18
993,16,11,73,11,67,16,11,8
994,16,10,91,15,43,14,15,9
995,12,10,70,11,71,13,17,9
996,11,11,47,13,92,11,18,10
997,10,12,39,14,94,15,13,16
998,14,12,32,19,96,10,13,17
999,9,15,22,18,118,11,15,5
