iteration,exchange,exchangeRandom,inversion,swap,scramble,randomShuffle,add,addRandomly,shift
0,100,100,100,100,100,100,100,100,100
1,101,103,86,93,103,90,110,105,109
2,147,82,87,94,99,85,94,111,101
3,131,96,85,82,85,96,152,92,81
4,124,76,83,91,92,82,173,86,93
5,117,91,85,78,88,87,205,79,70
6,119,74,75,84,72,77,243,85,71
7,103,77,71,84,85,73,265,78,64
8,101,73,70,68,85,77,275,75,76
9,85,69,64,77,66,71,294,121,53
10,92,57,70,66,65,67,335,85,63
11,78,63,65,61,73,72,344,97,47
12,93,66,67,52,62,67,345,97,51
13,80,57,57,58,58,61,386,90,53
14,91,64,56,56,43,48,387,106,49
15,69,42,57,41,50,62,419,97,63
16,71,49,70,89,43,67,393,74,44
17,52,46,87,118,51,76,354,72,44
18,55,58,64,147,47,82,357,50,40
19,54,47,59,147,42,76,332,52,91
20,52,40,114,138,36,89,305,56,70
21,42,23,137,153,46,65,303,62,69
22,37,47,156,166,36,60,283,52,63
23,40,24,213,151,26,64,277,44,61
24,50,41,222,149,41,42,248,45,62
25,53,42,246,121,38,44,248,44,64
26,30,24,252,132,26,41,275,34,86
27,55,24,222,138,30,32,227,62,110
28,81,17,219,123,17,39,225,75,104
29,80,17,208,104,14,24,262,75,116
30,74,21,205,98,22,34,248,83,115
31,90,19,178,89,20,30,319,62,93
32,57,12,186,106,22,27,331,76,83
33,69,18,180,102,25,28,318,69,91
34,70,18,150,83,16,28,385,61,89
35,94,20,157,87,18,27,335,73,89
36,90,13,129,72,20,22,386,57,111
37,88,10,104,61,13,67,376,85,96
38,73,10,101,58,23,55,373,91,116
39,61,17,95,49,19,50,371,78,160
40,98,13,92,47,11,41,355,66,177
41,116,15,70,43,9,31,324,98,194
42,114,8,61,30,14,63,346,72,192
43,110,11,66,35,8,66,358,61,185
44,97,16,47,39,13,92,350,75,171
45,72,13,43,29,45,97,358,60,183
46,62,11,46,43,86,88,343,46,175
47,69,8,44,25,114,64,357,50,169
48,44,5,38,63,133,62,363,40,152
49,51,10,41,88,148,60,295,44,163
50,38,7,27,105,153,50,325,58,137
51,37,6,23,118,170,38,255,88,165
52,30,5,18,153,201,24,238,97,134
53,19,13,25,161,179,26,225,117,135
54,30,7,14,140,213,34,228,114,120
55,28,3,18,144,249,23,194,100,141
56,31,8,14,161,229,25,197,107,128
57,21,9,13,102,276,30,194,143,112
58,27,11,20,98,307,25,142,174,96
59,16,8,10,126,275,20,167,184,94
60,11,3,13,139,269,14,184,199,68
61,11,14,11,111,291,14,139,199,110
62,10,7,12,114,280,16,118,208,135
63,18,10,7,138,278,10,121,172,146
64,4,12,8,155,259,15,123,202,122
65,13,11,50,167,257,12,72,211,107
66,10,5,74,125,271,15,71,188,141
67,11,7,92,154,269,17,62,137,151
68,13,6,130,141,266,8,59,123,154
69,10,7,137,105,293,5,65,131,147
70,8,6,169,93,304,8,42,95,175
71,9,6,196,115,271,11,41,113,138
72,6,6,193,70,286,8,36,131,164
73,11,8,205,77,273,6,30,111,179
74,5,9,219,69,273,14,32,114,165
75,8,4,254,62,282,14,21,104,151
76,9,9,261,67,256,11,23,114,150
77,7,7,274,76,289,12,22,82,131
78,9,10,303,50,258,5,27,107,131
79,12,8,287,45,236,6,10,133,163
80,9,8,308,40,198,5,27,110,195
81,3,9,288,41,213,9,20,106,211
82,9,4,287,33,203,10,9,131,214
83,12,9,269,19,210,10,15,157,199
84,7,4,281,16,227,2,17,153,193
85,4,10,225,14,234,9,21,192,191
86,7,9,210,18,255,6,25,212,158
87,6,3,194,18,242,12,13,193,219
88,8,12,174,22,239,15,5,201,224
89,12,9,127,18,285,11,6,224,208
90,7,4,117,9,259,8,3,252,241
91,10,4,109,12,285,10,11,232,227
92,5,6,91,11,280,12,14,261,220
93,1,6,122,11,250,7,11,258,234
94,4,8,161,13,188,7,7,292,220
95,5,6,182,6,236,8,7,259,191
96,5,5,184,12,199,6,7,296,186
97,11,12,216,8,227,9,8,273,136
98,4,5,238,14,167,11,8,304,149
99,8,5,207,9,184,2,9,339,137
100,12,13,229,7,182,4,7,331,115
101,12,12,239,5,157,14,13,341,107
102,5,11,261,10,133,15,11,360,94
103,5,8,272,12,152,2,10,323,116
104,7,9,258,4,139,11,8,314,150
105,7,10,276,11,117,13,8,303,155
106,5,6,285,10,112,6,10,339,127
107,11,8,283,9,96,4,13,358,118
108,3,4,346,14,84,2,13,342,92
109,14,8,319,7,87,5,17,359,84
110,10,8,305,9,89,6,9,380,84
111,11,9,347,4,73,11,11,375,59
112,10,6,320,8,108,11,12,353,72
113,10,14,325,7,138,6,8,333,59
114,11,5,308,11,144,16,9,336,60
115,9,9,296,8,191,9,11,316,51
116,4,6,362,15,192,9,4,268,40
117,14,18,356,7,163,7,13,280,42
118,8,12,378,17,172,10,10,262,31
119,6,8,373,13,173,12,10,257,48
120,12,11,372,11,159,10,7,280,38
121,7,10,375,12,189,7,6,246,48
122,6,8,360,9,209,9,6,222,71
123,10,10,315,13,247,9,12,187,97
124,6,10,307,9,243,16,8,172,129
125,7,11,330,5,265,6,9,137,130
126,10,15,281,9,249,6,11,134,185
127,13,10,307,9,232,11,7,125,186
128,8,7,295,9,236,8,3,124,210
129,8,12,324,13,245,3,6,84,205
130,10,12,309,4,226,5,12,92,230
131,8,48,311,9,206,8,6,81,223
132,12,39,323,6,186,11,7,65,251
133,6,31,328,6,166,6,9,74,274
134,11,41,365,9,145,4,10,64,251
135,8,74,338,9,120,9,7,45,290
136,6,64,340,8,128,11,8,58,277
137,12,64,341,12,152,9,8,45,257
138,5,74,323,9,160,8,12,74,235
139,8,71,353,9,180,11,9,56,203
140,9,78,321,8,197,7,45,54,181
141,2,44,311,12,221,3,41,49,217
142,11,72,298,14,218,5,23,43,216
143,9,52,270,9,257,8,18,45,232
144,4,48,262,10,255,8,32,30,251
145,7,43,243,9,290,10,28,34,236
146,12,52,233,10,301,6,28,48,210
147,8,43,209,4,312,4,21,40,259
148,13,33,196,11,319,10,22,69,227
149,12,36,192,7,315,9,29,110,190
150,12,26,169,8,343,9,22,93,218
151,11,32,226,8,324,12,23,80,184
152,8,28,190,13,386,10,11,82,172
153,11,29,189,5,347,12,14,71,222
154,11,22,167,13,385,8,15,59,220
155,8,22,193,5,368,8,16,82,198
156,8,24,236,9,361,10,19,48,185
157,11,28,302,16,304,5,19,56,159
158,11,21,269,13,308,15,19,49,195
159,10,22,262,10,326,10,18,43,199
160,10,22,269,12,329,9,12,34,203
161,15,12,288,10,301,8,13,35,218
162,6,18,302,15,315,9,12,29,194
163,8,22,267,9,333,8,14,35,204
164,11,20,304,8,317,12,12,32,184
165,9,12,292,13,356,9,11,19,179
166,7,25,270,10,335,9,7,31,206
167,8,6,255,16,339,10,13,30,223
168,9,13,224,5,366,4,20,21,238
169,13,57,199,15,353,9,13,25,216
170,12,79,171,8,370,7,13,14,226
171,5,118,172,13,340,5,16,13,218
172,8,126,196,6,320,8,14,20,202
173,10,121,228,8,310,9,11,15,188
174,14,89,227,9,369,5,7,17,163
175,10,88,245,11,363,10,14,17,142
176,4,64,246,11,366,5,10,15,179
177,10,79,281,11,361,6,5,5,142
178,10,62,247,11,376,7,10,14,163
179,7,58,239,11,372,5,13,42,153
180,6,54,271,14,361,9,7,38,140
181,6,56,271,11,360,15,4,33,144
182,10,54,303,9,361,6,10,37,110
183,9,52,287,8,380,8,9,35,112
184,5,35,307,12,391,6,11,33,100
185,11,35,321,20,370,5,6,32,100
186,11,42,329,13,355,7,6,22,115
187,8,29,297,9,373,7,6,27,144
188,7,36,306,7,338,13,11,31,151
189,6,27,326,13,314,8,6,21,179
190,7,31,268,11,345,7,14,21,196
191,11,29,258,13,334,3,6,15,231
192,7,19,232,12,345,14,12,17,242
193,11,15,210,9,372,15,14,30,224
194,13,20,205,12,416,12,8,15,199
195,11,19,183,11,409,9,14,16,228
196,7,25,160,14,406,11,12,21,244
197,13,14,144,12,403,16,9,20,269
198,8,17,139,12,401,9,9,18,287
199,53,13,161,11,405,14,11,17,215
200,71,19,104,15,426,10,14,11,230
201,108,22,106,13,407,9,9,11,215
202,100,15,122,9,400,11,12,10,221
203,100,20,151,4,376,9,14,10,216
204,70,15,166,4,377,6,7,8,247
205,91,9,167,7,336,10,12,8,260
206,125,12,184,6,317,3,6,8,239
207,143,11,206,7,267,12,8,8,238
208,127,9,211,7,248,9,11,12,266
209,115,7,216,7,253,6,9,14,273
210,110,10,175,10,261,10,7,4,313
211,98,6,192,8,230,5,39,8,314
212,87,8,168,10,217,5,87,9,309
213,83,15,163,11,182,9,98,9,330
214,58,12,153,7,217,2,129,8,314
215,64,12,126,9,226,8,124,6,325
216,64,5,129,2,248,5,122,15,310
217,43,7,121,10,267,15,99,7,331
218,56,7,117,5,266,11,105,9,324
219,40,6,169,4,252,9,106,40,274
220,33,9,167,5,235,5,79,73,294
221,26,11,135,6,259,4,80,90,289
222,28,5,149,10,246,9,51,124,278
223,19,4,167,6,251,8,54,108,283
224,23,4,150,11,267,9,57,91,288
225,21,8,143,3,283,8,50,82,302
226,15,6,143,13,259,8,35,114,307
227,19,9,158,6,275,9,40,94,290
228,15,11,177,13,276,8,29,95,276
229,13,5,207,3,288,9,36,82,257
230,21,10,244,7,299,7,33,68,211
231,24,12,232,6,304,7,28,74,213
232,12,8,252,12,306,17,24,73,196
233,16,18,279,6,307,7,19,57,191
234,9,8,280,5,326,7,54,41,170
235,9,9,245,7,283,4,104,40,199
236,13,12,250,8,267,8,117,32,193
237,9,8,268,5,295,6,90,34,185
238,9,7,299,9,257,8,94,34,183
239,6,4,271,11,297,5,89,29,188
240,7,8,252,11,285,9,76,24,228
241,9,9,257,8,287,5,58,29,238
242,6,10,218,9,297,8,65,22,265
243,7,9,224,11,295,6,50,30,268
244,9,9,195,8,317,9,51,17,285
245,11,7,179,9,306,9,45,17,317
246,8,18,191,13,310,8,30,18,304
247,11,13,145,8,315,18,41,18,331
248,13,14,149,9,292,12,32,18,361
249,14,4,148,9,266,12,44,12,391
250,8,13,129,11,257,11,39,19,413
251,10,15,131,13,217,8,43,22,441
252,13,13,107,10,238,20,35,21,443
253,10,13,99,10,244,23,33,22,446
254,9,9,104,15,243,13,37,14,456
255,10,15,87,16,241,12,36,18,465
256,8,16,120,12,268,13,25,18,420
257,17,18,75,7,322,9,33,6,413
258,13,9,71,13,279,12,50,14,439
259,13,10,61,8,312,14,76,10,396
260,13,8,55,14,278,9,122,16,385
261,14,10,48,15,308,7,170,10,318
262,10,9,49,6,307,11,163,12,333
263,8,14,43,7,302,6,175,11,334
264,15,9,43,6,289,8,196,12,322
265,10,7,38,7,326,7,187,16,302
266,9,11,28,10,347,8,174,9,304
267,10,10,36,10,341,8,201,12,272
268,14,10,32,9,365,9,181,10,270
269,6,12,65,8,334,6,171,12,286
270,9,5,108,11,324,11,160,10,262
271,17,6,123,13,297,9,181,12,242
272,8,10,168,8,296,13,137,17,243
273,8,12,216,10,254,8,112,12,268
274,59,11,208,9,238,6,122,10,237
275,80,10,215,12,217,7,90,18,251
276,70,11,195,8,254,7,84,8,263
277,49,10,237,6,258,9,88,5,238
278,70,6,246,9,222,10,102,7,228
279,50,11,243,6,190,11,143,5,241
280,38,8,275,11,165,7,142,7,247
281,44,7,272,8,142,8,169,12,238
282,28,7,255,3,142,6,184,7,268
283,33,9,225,5,177,11,185,6,249
284,32,12,194,6,204,6,177,6,263
285,23,9,204,11,197,6,161,9,280
286,23,7,176,9,202,10,176,4,293
287,26,8,141,9,237,8,195,5,271
288,19,7,141,6,254,8,219,8,238
289,13,7,122,7,255,8,198,7,283
290,15,7,146,8,303,9,177,8,227
291,16,13,114,9,317,11,193,4,223
292,15,10,116,4,319,7,221,15,193
293,13,12,111,8,324,11,198,9,214
294,18,6,94,6,379,12,181,11,193
295,16,9,92,9,383,10,202,4,175
296,18,11,73,9,348,16,229,15,181
297,16,9,72,12,383,14,238,7,149
298,17,9,73,20,382,10,243,9,137
299,11,9,57,7,401,13,273,8,121
