iteration,exchange,exchangeRandom,inversion,swap,scramble,randomShuffle,add,addRandomly,shift
0,50,50,50,50,50,50,50,50,50
1,47,48,65,46,47,47,46,56,48
2,42,33,39,43,141,46,44,30,32
3,37,26,28,31,161,24,84,38,21
4,20,22,21,18,164,25,130,25,25
5,15,14,11,67,149,18,143,16,17
6,7,11,10,88,162,5,147,8,12
7,7,5,3,106,151,8,157,6,7
8,3,1,3,127,184,7,115,5,5
9,1,5,3,147,175,5,110,2,2
10,3,0,1,163,180,3,87,5,8
11,1,3,1,168,170,3,99,4,1
12,2,1,2,171,128,3,140,3,0
13,4,0,0,161,134,0,147,2,2
14,0,4,1,160,161,1,121,0,2
15,2,2,1,188,175,1,74,5,2
16,1,0,0,202,204,1,37,2,3
17,0,0,2,239,159,2,42,0,6
18,1,0,0,259,135,2,48,4,1
19,2,2,1,298,107,0,35,3,2
20,1,1,2,328,93,1,22,1,1
21,2,0,5,332,77,3,23,2,6
22,0,3,4,343,70,5,23,2,0
23,3,0,4,315,105,2,17,3,1
24,3,3,2,295,133,2,9,0,3
25,2,0,2,271,161,1,12,0,1
26,1,3,4,272,159,2,5,3,1
27,3,0,1,239,190,1,9,5,2
28,3,0,3,256,179,2,3,2,2
29,3,1,0,231,205,2,3,3,2
30,1,1,1,227,217,2,1,0,0
31,3,0,3,166,266,1,6,4,1
32,1,3,1,163,277,1,2,2,0
33,1,1,2,121,310,4,3,3,5
34,2,7,2,104,327,1,2,4,1
35,4,3,5,92,337,3,1,5,0
36,2,4,2,66,361,7,5,3,0
37,2,1,1,52,385,2,2,2,3
38,4,1,1,47,381,2,7,4,3
39,1,1,2,41,393,3,3,4,2
40,2,1,2,45,389,4,5,0,2
41,1,3,2,45,387,3,3,3,3
42,2,1,4,28,400,1,3,6,5
43,2,5,7,19,406,2,3,4,2
44,1,2,5,10,418,1,3,7,3
45,5,3,4,9,412,3,3,4,7
46,4,2,4,16,413,2,4,3,2
47,6,3,3,12,412,4,6,3,1
48,4,1,2,11,421,5,2,2,2
49,6,4,3,4,424,1,2,3,3
50,1,3,0,8,426,3,2,5,2
51,3,1,1,8,423,4,4,4,2
52,1,2,2,8,416,6,6,7,2
53,2,5,0,66,361,4,7,2,3
54,4,3,3,107,326,0,2,5,0
55,2,1,5,143,293,2,1,2,1
56,3,3,3,154,281,1,1,1,3
57,0,1,1,186,256,2,3,0,1
58,1,2,1,214,229,0,2,1,0
59,0,2,4,164,276,1,0,2,1
60,3,2,0,177,259,0,3,2,4
61,3,2,0,139,301,1,2,1,1
62,2,3,1,138,297,2,3,0,4
63,2,3,1,91,346,1,2,3,1
64,3,3,1,102,331,3,4,2,1
65,5,2,1,78,354,5,2,0,3
66,2,2,3,74,357,4,3,3,2
67,6,0,2,52,383,1,2,1,3
68,3,1,3,47,384,2,3,7,0
69,2,2,3,31,403,3,4,2,0
70,5,0,0,31,408,4,1,1,0
71,5,2,1,20,408,5,4,2,3
72,2,4,2,26,406,3,1,3,3
73,5,2,1,16,417,3,1,3,2
74,4,0,8,13,414,3,4,1,3
75,4,3,1,16,414,3,5,3,1
76,2,0,3,11,428,3,1,2,0
77,4,0,3,7,425,1,2,5,3
78,4,2,7,10,416,2,4,2,3
79,2,2,4,6,425,3,2,5,1
80,0,4,4,10,421,4,0,2,5
81,4,1,6,2,423,4,3,6,1
82,2,3,4,2,426,1,8,2,2
83,2,6,4,3,421,2,4,6,2
84,2,1,6,9,420,2,5,1,4
85,3,4,5,9,417,4,2,5,1
86,5,2,5,4,423,3,7,1,0
87,3,2,3,9,421,4,2,3,3
88,1,2,4,3,429,5,0,3,3
89,3,0,5,7,422,4,5,2,2
90,1,2,8,6,422,4,1,3,3
91,8,2,2,3,426,5,2,2,0
92,3,1,7,7,423,0,4,3,2
93,2,6,3,4,423,3,3,5,1
94,2,3,3,3,423,2,2,8,4
95,4,3,7,2,421,6,2,3,2
96,3,3,2,3,421,6,4,4,4
97,4,0,6,2,428,4,1,3,2
98,6,1,3,2,422,4,2,5,5
99,4,1,4,7,422,4,2,2,4
100,4,4,7,1,426,3,0,2,3
101,7,5,0,2,431,3,0,1,1
102,0,0,2,2,437,2,1,3,3
103,1,1,6,4,434,1,0,2,1
104,1,3,3,4,428,3,3,3,2
105,4,3,3,1,428,5,2,2,2
106,1,4,5,3,419,9,4,3,2
107,4,2,4,3,418,6,5,6,2
108,2,2,5,2,429,5,2,1,2
109,5,5,3,3,421,3,4,3,3
110,2,3,4,2,421,10,2,4,2
111,5,1,2,6,425,5,2,4,0
112,3,2,4,7,428,1,1,2,2
113,5,3,3,2,432,2,2,0,1
114,4,4,2,1,429,4,0,3,3
115,3,6,0,3,423,5,3,1,6
116,7,1,2,2,433,1,0,1,3
117,3,2,1,2,432,2,2,3,3
118,2,4,3,6,427,0,1,4,3
119,3,6,4,4,425,2,1,3,2
120,0,4,6,3,427,2,3,3,2
121,1,1,4,4,427,2,3,4,4
122,2,3,1,2,428,3,4,0,7
123,2,0,3,2,436,3,2,0,2
124,3,1,2,1,427,3,4,5,4
125,4,2,2,4,421,4,7,4,2
126,2,3,3,3,427,2,5,2,3
127,4,2,3,3,424,3,5,3,3
128,4,1,4,5,427,0,5,1,3
129,2,1,7,5,426,3,3,1,2
130,5,2,3,5,417,5,8,3,2
131,2,1,4,4,431,1,2,3,2
132,5,3,0,2,431,5,3,1,0
133,2,2,3,7,427,2,2,3,2
134,1,1,2,0,432,2,5,5,2
135,2,4,4,1,425,7,2,1,4
136,2,6,3,2,422,3,3,4,5
137,4,0,10,3,420,3,3,4,3
138,3,3,4,3,427,5,3,1,1
139,2,4,2,2,428,1,2,3,6
140,0,1,4,6,430,1,3,2,3
141,2,4,1,2,426,4,4,2,5
142,4,1,1,5,429,3,1,4,2
143,3,3,2,3,421,7,2,7,2
144,1,4,0,3,431,3,0,3,5
145,3,1,1,4,430,3,1,4,3
146,4,0,11,2,422,3,4,1,3
147,1,1,3,4,433,1,0,1,6
148,1,5,6,6,424,1,2,1,4
149,1,4,3,3,427,5,3,2,2
150,3,3,4,3,430,1,2,2,2
151,3,3,6,4,422,2,2,3,5
152,2,6,3,6,426,2,3,0,2
153,3,3,3,6,423,0,2,7,3
154,0,2,2,5,425,1,4,9,2
155,4,4,4,2,430,1,2,2,1
156,1,9,1,4,422,3,1,4,5
157,3,4,1,4,422,2,4,3,7
158,3,2,4,8,426,2,1,4,0
159,3,3,3,6,425,3,2,2,3
160,2,4,2,3,431,0,3,4,1
161,4,6,2,3,426,2,2,3,2
162,2,5,6,3,416,2,6,8,2
163,1,5,3,2,431,2,1,3,2
164,3,1,5,6,422,2,4,3,4
165,5,2,6,3,422,6,2,3,1
166,3,2,5,3,421,0,6,8,2
167,1,2,4,1,435,1,0,6,0
168,1,3,4,5,420,4,4,4,5
169,3,3,2,2,428,4,1,2,5
170,3,2,1,0,437,1,2,2,2
171,2,2,43,8,385,1,2,5,2
172,1,2,89,1,345,2,3,5,2
173,3,0,152,4,279,1,3,4,4
174,3,3,190,4,237,2,7,1,3
175,2,4,256,2,180,2,2,2,0
176,1,1,257,6,177,1,3,1,3
177,4,4,226,0,152,1,4,1,58
178,2,1,228,3,117,1,4,0,94
179,5,1,224,1,72,0,1,0,146
180,0,2,225,1,58,2,1,3,158
181,2,1,237,2,29,2,2,2,173
182,2,0,247,1,35,3,4,3,155
183,1,5,271,0,28,1,3,3,138
184,5,1,324,1,16,1,4,1,97
185,4,2,343,6,11,1,2,2,79
186,1,71,305,0,10,3,1,0,59
187,2,116,278,0,3,5,1,5,40
188,2,144,254,1,5,3,0,6,35
189,2,149,268,1,7,1,0,1,21
190,0,186,235,0,7,1,0,2,19
191,3,192,231,3,3,2,1,3,12
192,3,181,238,0,6,5,3,3,11
193,2,199,230,0,3,2,4,2,8
194,0,219,215,1,2,3,2,2,6
195,1,229,207,2,2,2,1,0,6
196,3,253,178,0,1,3,2,4,6
197,0,273,162,3,3,1,2,1,5
198,1,278,152,5,2,4,1,2,5
199,2,240,193,2,3,1,3,1,5
200,1,272,163,3,5,1,2,1,2
201,4,256,174,1,1,2,3,5,4
202,0,228,169,1,1,0,3,47,1
203,2,233,109,3,0,2,2,99,0
204,2,173,94,1,2,2,1,174,1
205,2,217,70,0,3,1,3,153,1
206,0,197,37,2,2,1,3,207,1
207,1,187,102,1,1,0,2,155,1
208,2,197,57,3,1,1,3,185,1
209,1,198,48,1,1,0,4,195,2
210,3,195,34,0,0,0,3,213,2
211,0,220,17,0,2,1,0,210,0
212,0,232,9,1,2,3,0,202,1
213,2,215,16,2,1,1,0,213,0
214,2,242,9,2,0,0,0,195,0
215,4,216,3,2,2,1,2,218,2
216,0,262,10,1,1,3,0,171,2
217,2,288,3,0,1,0,3,152,1
218,2,268,5,1,2,1,0,169,2
219,0,240,3,1,2,2,1,200,1
220,0,225,5,5,4,2,0,208,1
221,2,201,5,1,0,2,4,233,2
222,2,179,1,2,1,3,3,254,5
223,0,147,3,1,1,1,3,292,2
224,2,137,1,3,3,0,2,298,4
225,1,87,6,0,1,1,6,345,3
226,3,77,1,4,5,2,5,349,4
227,3,113,0,5,5,2,0,321,1
228,5,138,4,1,1,4,1,291,5
229,4,174,2,1,0,2,0,264,3
230,1,176,2,2,2,3,3,258,3
231,4,225,4,1,0,2,1,212,1
232,3,258,2,3,1,1,5,173,4
233,3,290,5,1,4,5,3,135,4
234,2,271,4,2,2,1,2,165,1
235,2,236,4,1,3,5,4,195,0
236,0,246,2,0,1,1,2,198,0
237,2,235,0,1,2,0,1,206,3
238,2,227,2,2,3,2,1,210,1
239,2,234,1,0,1,1,2,207,2
240,0,238,2,3,1,3,2,199,2
241,1,239,2,5,0,3,1,197,2
242,4,283,2,4,2,2,2,149,2
243,0,317,2,1,3,3,0,123,1
244,0,290,1,1,2,2,1,152,1
245,0,271,1,1,1,3,2,170,1
246,5,295,1,3,3,1,4,138,0
247,1,269,3,2,2,5,2,164,2
248,0,249,2,0,4,2,0,192,1
249,1,241,0,0,0,0,2,205,1
250,2,236,1,0,1,0,3,206,1
251,3,220,2,2,3,3,1,216,0
252,1,246,1,1,0,3,1,196,1
253,0,237,0,1,0,0,3,208,1
254,2,235,2,1,0,1,1,203,5
255,3,216,4,3,2,0,0,220,2
256,1,269,4,1,3,1,0,168,3
257,4,286,4,3,1,1,2,148,1
258,3,301,1,4,1,0,3,135,2
259,1,326,4,0,1,5,1,107,5
260,3,298,3,4,3,5,0,132,2
261,4,312,0,1,2,1,0,127,3
262,1,336,2,1,2,2,1,103,2
263,2,368,3,3,5,0,2,61,6
264,3,368,1,6,5,0,1,65,1
265,1,315,2,2,3,4,3,117,3
266,3,344,4,4,4,3,1,84,3
267,2,356,2,3,5,1,2,78,1
268,2,379,1,3,3,4,1,55,2
269,1,374,3,2,5,4,5,54,2
270,0,340,5,0,1,5,2,93,4
271,1,311,4,1,2,0,6,124,1
272,1,240,0,5,2,4,50,143,5
273,0,183,1,0,0,1,110,153,2
274,2,127,1,1,4,3,121,189,2
275,4,84,0,0,4,1,167,188,2
276,3,63,0,1,0,0,161,222,0
277,4,47,1,1,4,3,138,248,4
278,1,55,4,1,3,2,123,259,2
279,1,34,3,1,0,2,119,287,3
280,3,34,1,0,1,5,78,326,2
281,3,35,2,1,2,3,102,300,2
282,2,16,2,0,2,1,162,261,4
283,1,10,0,5,1,3,160,270,0
284,3,6,1,6,2,1,153,276,2
285,2,8,1,3,0,5,166,263,2
286,1,8,1,0,1,2,174,259,4
287,1,5,2,0,3,1,190,247,1
288,4,3,0,1,3,2,207,229,1
289,1,5,3,3,2,2,194,240,0
290,1,4,2,1,3,3,202,234,0
291,1,1,1,1,1,5,217,223,0
292,0,1,0,0,2,2,225,218,2
293,2,4,2,1,2,0,216,221,2
294,0,1,2,1,3,1,211,231,0
295,3,0,2,1,0,1,209,234,0
296,2,0,1,2,0,2,215,228,0
297,2,0,1,6,1,1,213,226,0
298,0,2,2,2,1,4,201,237,1
299,2,1,0,3,1,1,219,221,2
