iteration,exchange,exchangeRandom,inversion,swap,scramble,add,addRandomly,shift
0,100,100,100,100,100,100,100,100
1,103,106,88,95,109,100,86,113
2,98,184,96,82,91,74,88,87
3,81,157,70,187,71,87,76,71
4,60,129,58,148,83,93,166,63
5,67,100,65,249,57,61,145,56
6,43,105,70,186,56,55,222,63
7,59,73,42,258,59,51,193,65
8,54,89,56,202,58,33,259,49
9,50,64,45,290,46,44,206,55
10,57,59,55,204,50,47,276,52
11,57,58,36,181,57,49,215,147
12,43,57,48,174,47,49,180,202
13,47,40,53,237,48,43,127,205
14,55,55,46,177,41,41,116,269
15,49,61,49,164,37,52,90,298
16,54,31,38,263,29,35,108,242
17,37,45,39,213,33,36,80,317
18,40,39,35,141,37,44,91,373
19,38,46,49,243,40,30,61,293
20,54,55,39,170,43,25,64,350
21,37,38,44,143,55,37,50,396
22,39,49,52,135,37,31,46,411
23,39,45,44,89,55,33,44,451
24,30,42,43,82,51,49,45,458
25,40,46,34,91,43,42,41,463
26,36,29,44,82,42,48,44,475
27,32,38,61,62,41,42,47,477
28,37,40,63,69,42,38,65,446
29,32,39,39,45,43,38,50,514
30,39,27,52,58,40,40,47,497
31,38,33,44,61,37,55,38,494
32,46,41,35,43,32,42,46,515
33,58,37,48,49,27,38,54,489
34,33,47,40,45,37,53,41,504
35,45,34,51,51,34,49,44,492
36,47,34,34,50,29,43,43,520
37,50,32,33,57,28,43,45,512
38,29,44,39,48,43,45,47,505
39,42,47,49,47,45,51,51,468
40,43,29,46,46,47,42,40,507
41,47,45,36,46,35,32,49,510
42,50,26,37,55,43,37,66,486
43,52,43,28,51,45,39,34,508
44,38,41,43,38,50,37,46,507
45,48,38,43,38,61,51,42,479
46,51,43,40,31,47,40,45,503
47,46,36,51,38,51,37,33,508
48,40,53,42,42,33,34,46,510
49,31,61,52,35,29,42,30,520
50,38,39,159,37,44,42,34,407
51,47,46,139,32,55,52,46,383
52,51,47,110,46,55,35,29,427
53,47,35,96,34,53,39,53,443
54,45,50,86,39,45,46,41,448
55,43,33,98,40,39,54,38,455
56,45,57,66,39,52,37,37,467
57,43,39,171,42,51,36,38,380
58,44,47,147,38,32,44,47,401
59,40,45,133,36,36,46,33,431
60,52,51,112,29,40,144,32,340
61,40,43,83,48,31,134,33,388
62,47,52,61,51,49,99,36,405
63,37,46,75,50,35,80,44,433
64,52,155,72,35,34,76,43,333
65,46,121,57,39,41,77,45,374
66,45,231,38,27,57,55,49,298
67,54,165,53,49,43,60,37,339
68,38,272,43,39,43,60,44,261
69,46,193,49,36,38,52,57,329
70,27,151,50,40,39,49,46,398
71,35,135,46,44,42,36,41,421
72,33,121,56,41,31,44,41,433
73,37,90,40,45,50,39,54,445
74,40,80,38,51,49,38,49,455
75,39,70,39,36,35,32,55,494
76,50,59,39,52,48,41,47,464
77,40,58,39,46,33,51,53,480
78,32,60,34,39,39,33,56,507
79,50,49,31,43,50,34,54,489
80,50,44,29,35,52,33,55,502
81,50,47,39,30,48,38,43,505
82,42,46,38,40,54,44,44,492
83,34,41,30,37,55,67,41,495
84,35,38,23,41,69,50,49,495
85,58,36,42,27,51,42,54,490
86,50,56,36,41,62,32,40,483
87,29,44,42,40,51,44,40,510
88,31,43,54,43,40,33,51,505
89,45,39,39,32,32,43,52,518
90,35,42,38,60,44,41,44,496
91,39,56,39,35,40,37,48,506
92,57,45,37,41,31,49,36,504
93,44,47,34,45,32,58,52,488
94,35,45,33,50,45,44,44,504
95,28,43,31,54,40,44,40,520
96,38,48,44,46,39,47,50,488
97,42,38,42,36,36,43,42,521
98,31,42,45,51,40,46,51,494
99,35,37,41,42,41,40,37,527
100,41,30,45,32,50,48,34,520
101,37,139,38,36,51,43,34,422
102,48,120,45,40,50,41,47,409
103,41,110,42,38,48,51,42,428
104,33,101,40,35,41,38,52,460
105,45,64,45,44,52,43,41,466
106,40,59,46,49,47,44,59,456
107,45,65,36,43,50,42,34,485
108,54,67,46,30,44,35,53,469
109,36,65,44,50,35,36,36,496
110,35,62,33,47,39,38,43,489
111,47,59,41,34,42,39,39,485
112,39,61,36,40,30,34,51,495
113,41,60,42,57,37,26,67,456
114,35,47,52,42,46,29,52,483
115,38,55,39,44,51,38,42,479
116,43,54,44,46,43,34,31,491
117,33,41,46,34,51,42,35,504
118,46,46,42,46,43,39,32,492
119,38,47,45,43,49,39,34,491
120,39,40,44,46,43,27,30,517
121,40,36,47,51,37,45,43,487
122,42,54,152,57,30,31,39,381
123,53,49,117,49,31,39,40,408
124,40,55,210,41,39,43,36,322
125,33,41,293,43,29,61,30,256
126,42,51,252,43,27,36,33,302
127,56,37,266,39,39,42,45,262
128,58,39,335,40,41,49,39,185
129,51,36,362,53,31,58,35,160
130,38,41,382,45,33,52,48,147
131,52,45,420,48,27,45,46,103
132,46,39,457,35,37,54,38,80
133,26,44,456,42,46,45,44,83
134,47,27,477,43,44,45,37,66
135,42,38,482,41,39,38,50,56
136,34,54,492,35,46,29,48,48
137,38,45,478,27,48,43,49,58
138,40,42,472,45,45,46,44,52
139,33,47,385,44,29,148,49,51
140,41,38,408,39,55,129,31,45
141,43,53,306,34,46,220,43,41
142,37,41,343,52,48,179,38,48
143,44,52,394,44,48,119,46,39
144,41,34,402,57,43,117,34,58
145,40,45,432,52,40,94,35,48
146,46,46,430,43,52,101,34,34
147,34,50,439,49,40,71,59,44
148,33,39,480,47,51,61,43,32
149,41,30,342,156,62,64,53,38
150,158,39,291,118,42,52,37,49
151,117,51,335,108,50,45,29,51
152,85,49,375,89,52,52,41,43
153,87,48,411,72,46,54,34,34
154,83,51,424,65,39,40,50,34
155,65,46,445,56,35,52,44,43
156,91,41,460,54,37,43,33,27
157,53,55,443,54,48,42,51,40
158,77,134,334,53,56,58,41,33
159,54,113,280,38,53,51,41,156
160,58,103,235,48,43,39,40,220
161,37,90,301,50,47,39,42,180
162,57,78,356,42,45,35,35,138
163,55,82,367,35,44,41,37,125
164,47,65,305,38,38,43,47,203
165,43,51,246,60,48,41,32,265
166,41,60,195,42,36,45,40,327
167,36,37,164,40,32,47,35,395
168,39,49,238,39,48,33,40,300
169,45,56,316,47,42,36,36,208
170,43,41,328,44,57,30,49,194
171,43,47,257,49,51,39,43,257
172,49,39,304,41,53,45,38,217
173,37,34,389,39,54,41,38,154
174,40,44,271,37,68,30,35,261
175,46,30,362,44,42,39,49,174
176,42,64,253,54,42,37,28,266
177,44,38,322,50,47,29,44,212
178,33,25,263,50,50,143,38,184
179,39,42,327,42,54,110,41,131
180,44,33,240,33,54,113,39,230
181,38,53,186,46,39,96,39,289
182,54,44,150,46,40,168,47,237
183,34,42,258,51,50,132,52,167
184,49,27,204,42,44,115,53,252
185,39,41,153,39,51,110,28,325
186,36,38,144,35,37,94,44,358
187,54,36,127,43,55,84,37,350
188,51,44,77,44,52,67,30,421
189,55,41,86,37,36,69,33,429
190,45,38,74,44,41,174,38,332
191,53,46,45,47,58,136,29,372
192,48,28,54,40,53,100,35,428
193,55,41,51,45,50,85,32,427
194,44,45,48,36,40,91,43,439
195,38,44,54,29,36,53,51,481
196,42,33,50,37,39,71,54,460
197,32,48,30,29,42,70,49,486
198,23,50,43,36,30,65,41,498
199,32,39,47,33,37,59,54,485
200,39,43,43,31,48,56,45,481
201,32,35,56,48,40,60,35,480
202,28,31,39,35,43,53,49,508
203,28,40,55,37,42,44,59,480
204,48,53,44,38,44,51,49,458
205,46,45,47,34,46,43,43,481
206,50,53,50,34,51,40,144,363
207,44,49,38,30,26,47,124,427
208,43,131,38,52,50,49,117,305
209,146,139,37,45,57,36,97,228
210,224,96,38,50,50,45,94,188
211,169,105,32,46,38,42,83,270
212,154,93,37,42,35,53,57,314
213,238,85,32,29,39,39,58,265
214,180,70,46,40,38,150,33,228
215,231,72,50,33,44,132,43,180
216,326,64,50,40,26,91,52,136
217,344,47,47,41,45,89,54,118
218,305,37,47,27,38,80,147,104
219,321,47,36,42,40,81,143,75
220,236,162,57,33,26,65,124,82
221,344,110,50,33,49,56,76,67
222,353,93,34,56,25,66,72,86
223,401,82,45,46,30,57,63,61
224,427,78,35,37,45,52,56,55
225,458,64,32,40,33,60,42,56
226,466,72,34,32,39,52,46,44
227,466,63,35,50,43,57,33,38
228,456,69,41,46,51,44,49,29
229,488,57,48,38,36,37,48,33
230,496,60,42,50,33,35,31,38
231,483,42,57,48,41,43,39,32
232,478,43,31,60,44,42,49,38
233,492,41,47,60,35,25,44,41
234,494,47,46,40,31,43,39,45
235,493,42,39,51,42,41,43,34
236,393,57,142,29,39,33,45,47
237,407,40,130,37,44,35,41,51
238,429,46,109,34,38,34,41,54
239,427,46,113,39,44,40,38,38
240,494,47,70,35,25,38,42,34
241,459,59,61,36,33,54,39,44
242,476,58,66,39,34,42,35,35
243,483,58,73,38,26,39,29,39
244,501,50,61,53,23,30,26,41
245,498,45,57,45,32,21,39,48
246,393,46,62,40,36,41,42,125
247,445,39,42,44,33,34,24,124
248,414,52,66,43,40,31,28,111
249,455,44,52,40,29,48,37,80
250,448,59,45,50,35,44,42,62
251,461,60,39,34,38,45,51,57
252,469,51,34,30,40,48,47,66
253,482,34,24,49,43,57,38,58
254,496,47,15,57,42,33,36,59
255,491,45,29,50,38,40,40,52
256,501,36,41,44,34,38,46,45
257,503,49,26,25,43,48,40,51
258,485,41,46,52,46,39,38,38
259,502,39,36,37,48,39,40,44
260,521,33,41,33,40,51,26,40
261,506,33,32,36,57,47,31,43
262,504,35,29,29,57,38,37,56
263,481,44,27,36,66,40,39,52
264,528,47,39,29,35,28,33,46
265,488,27,40,40,54,49,46,41
266,514,35,41,35,34,40,44,42
267,514,39,45,40,34,52,39,22
268,502,42,36,45,45,34,35,46
269,486,45,50,33,43,52,33,43
270,496,38,52,36,48,58,29,28
271,498,37,38,42,42,48,51,29
272,499,47,46,27,38,45,39,44
273,505,46,34,38,54,36,26,46
274,453,41,48,49,53,48,41,52
275,482,40,51,53,49,38,27,45
276,515,40,34,50,44,27,36,39
277,503,30,38,62,41,46,30,35
278,484,42,48,57,42,38,43,31
279,489,31,35,55,39,47,42,47
280,489,38,36,49,44,42,32,55
281,497,29,47,43,46,30,48,45
282,465,28,50,41,67,56,35,43
283,482,39,54,56,35,39,38,42
284,501,37,44,43,46,42,43,29
285,491,34,37,46,48,52,36,41
286,505,26,35,51,51,48,36,33
287,478,32,52,45,54,40,37,47
288,485,40,45,34,36,53,39,53
289,518,32,37,42,30,39,45,42
290,483,39,43,57,39,37,45,42
291,500,39,38,39,46,30,56,37
292,493,34,39,38,31,40,59,51
293,512,36,44,42,36,29,41,45
294,500,49,40,32,44,37,45,38
295,482,49,38,31,51,46,41,47
296,510,37,51,34,45,42,34,32
297,487,40,63,34,42,34,41,44
298,493,33,43,38,41,44,44,49
299,498,35,45,20,53,51,51,32
300,476,42,51,33,38,53,41,51
301,487,28,60,31,45,59,33,42
302,486,25,43,39,52,51,45,44
303,466,48,49,28,61,38,47,48
304,489,44,37,36,40,47,51,41
305,488,35,41,44,45,39,51,42
306,513,42,44,39,34,33,45,35
307,490,49,52,32,39,37,42,44
308,504,33,52,44,43,49,31,29
309,473,52,50,41,45,46,40,38
310,506,49,38,34,33,39,37,49
311,480,50,52,24,41,47,52,39
312,503,55,37,32,31,40,41,46
313,495,41,45,28,38,55,33,50
314,488,27,47,49,53,45,35,41
315,503,50,47,26,33,62,32,32
316,496,54,42,37,40,45,33,38
317,498,65,34,41,51,31,29,36
318,381,52,43,166,49,32,26,36
319,411,48,40,117,50,34,40,45
320,448,58,31,84,52,29,34,49
321,451,62,39,74,50,30,30,49
322,479,63,32,58,33,43,33,44
323,476,55,37,56,39,42,30,50
324,481,49,27,62,34,45,38,49
325,459,51,31,50,48,58,33,55
326,457,66,49,48,42,38,42,43
327,455,55,47,38,46,49,40,55
328,488,52,44,36,31,41,33,60
329,491,38,40,45,40,40,44,47
330,477,39,44,37,45,55,45,43
331,493,37,51,43,33,36,35,57
332,494,39,33,37,42,40,33,67
333,481,47,52,50,30,41,46,38
334,483,46,43,55,35,42,32,49
335,487,57,40,41,36,39,48,37
336,489,42,44,36,36,40,43,55
337,501,43,37,35,39,45,35,50
338,496,35,33,36,63,43,48,31
339,506,38,45,28,49,47,24,48
340,497,42,43,44,46,46,38,29
341,505,39,39,47,28,38,47,42
342,420,29,32,38,37,148,34,47
343,295,49,41,39,34,236,56,35
344,359,51,52,39,40,161,44,39
345,407,57,31,31,41,138,41,39
346,393,48,40,35,45,128,43,53
347,401,39,40,46,46,115,43,55
348,434,33,38,43,47,107,36,47
349,452,42,48,36,49,78,36,44
350,445,34,46,45,52,74,37,52
351,363,41,44,31,49,60,156,41
352,402,43,45,26,54,68,119,28
353,393,40,36,38,68,57,99,54
354,426,39,33,52,55,43,87,50
355,465,31,35,50,31,49,79,45
356,488,45,35,36,38,36,75,32
357,444,48,46,52,42,51,63,39
358,477,50,52,37,34,47,43,45
359,477,44,51,42,36,51,36,48
360,364,46,29,54,32,53,162,45
361,291,51,42,31,31,63,232,44
362,247,42,35,39,39,53,180,150
363,304,42,34,53,29,41,164,118
364,337,45,36,44,32,47,121,123
365,274,50,39,40,23,64,188,107
366,326,39,28,50,48,45,176,73
367,351,51,39,32,39,50,158,65
368,387,49,26,30,40,50,116,87
369,413,47,29,55,35,48,82,76
370,426,49,29,25,25,53,101,77
371,437,33,35,42,25,52,100,61
372,467,43,21,43,37,47,72,55
373,465,40,47,35,21,57,64,56
374,487,48,29,30,46,42,48,55
375,473,49,37,29,53,52,46,46
376,375,50,46,31,39,48,49,147
377,400,54,33,37,46,40,39,136
378,409,63,50,35,37,52,36,103
379,433,61,44,36,29,44,40,98
380,440,43,44,37,44,58,42,77
381,440,55,48,35,42,55,49,61
382,477,63,33,24,51,37,46,54
383,473,53,34,23,43,50,47,62
384,454,47,30,26,57,54,48,69
385,517,37,41,30,26,40,48,46
386,495,37,30,34,41,47,43,58
387,502,44,33,41,31,46,38,50
388,491,42,40,37,47,42,41,45
389,507,37,39,33,45,51,29,44
390,483,32,30,62,29,56,46,47
391,487,56,39,36,27,40,52,48
392,347,51,46,50,51,48,144,48
393,404,43,36,51,34,57,120,40
394,438,31,36,50,43,35,103,49
395,440,44,36,39,52,45,90,39
396,345,155,26,39,37,41,89,53
397,283,215,40,31,44,48,79,45
398,228,168,34,44,55,148,72,36
399,182,162,160,37,42,120,48,34
400,146,131,124,42,42,101,165,34
401,128,99,116,42,35,83,244,38
402,93,73,103,50,28,80,200,158
403,88,91,76,44,40,69,154,219
404,62,77,59,34,49,54,136,310
405,53,73,55,40,46,61,233,220
406,49,76,73,31,48,48,275,181
407,53,49,49,41,46,42,333,168
408,45,47,56,47,37,51,254,244
409,44,60,60,44,54,48,296,174
410,40,36,56,32,52,48,370,146
411,29,48,56,44,38,46,388,131
412,48,58,45,40,43,40,408,98
413,24,41,33,52,27,40,453,110
414,46,51,42,46,28,49,437,81
415,53,43,43,40,39,46,442,74
416,35,38,48,47,53,37,348,174
417,56,41,46,39,44,45,278,231
418,48,30,50,41,45,42,334,190
419,49,37,45,40,48,41,376,144
420,55,40,44,39,49,39,391,123
421,37,50,42,50,44,45,292,220
422,29,37,42,43,47,41,244,297
423,38,24,54,43,39,36,186,360
424,49,33,35,38,39,38,165,383
425,43,36,38,54,32,35,136,406
426,47,53,44,30,44,37,113,412
427,43,29,42,42,43,42,86,453
428,48,41,38,28,53,41,73,458
429,38,43,38,52,51,38,179,340
430,50,46,49,38,40,30,243,283
431,36,47,52,50,41,32,193,328
432,42,39,53,39,30,49,172,355
433,36,43,28,41,42,37,151,401
434,40,32,43,45,52,39,119,409
435,52,46,39,36,45,46,88,427
436,42,41,34,46,49,46,77,444
437,45,66,48,48,45,50,62,414
438,45,59,43,28,35,49,59,459
439,40,46,43,41,38,49,60,460
440,42,50,39,35,45,30,61,475
441,34,57,44,37,41,42,49,473
442,32,47,49,33,45,55,43,472
443,48,41,38,35,37,50,38,489
444,27,51,32,40,50,45,43,488
445,33,45,47,50,45,41,57,458
446,48,41,46,30,35,41,43,492
447,40,58,49,46,52,36,32,463
448,44,38,43,40,43,39,45,484
449,44,38,50,28,49,48,26,493
450,28,64,33,41,66,35,45,464
451,48,39,31,36,51,40,37,494
452,49,35,45,34,39,44,39,491
453,42,34,154,25,43,33,50,395
454,49,38,119,35,37,35,44,419
455,57,45,114,26,36,43,55,400
456,55,47,72,148,46,44,59,305
457,53,39,76,118,42,38,41,369
458,43,43,59,112,46,139,54,280
459,36,44,64,96,49,120,126,241
460,37,42,61,78,48,93,125,292
461,31,40,53,75,45,75,125,332
462,53,36,49,63,31,58,100,386
463,41,34,67,44,40,170,87,293
464,44,42,54,61,51,123,155,246
465,39,43,84,34,46,129,128,273
466,40,41,56,35,44,109,223,228
467,43,35,46,33,48,87,183,301
468,27,30,54,40,38,84,167,336
469,39,31,54,24,48,78,135,367
470,38,36,49,39,38,75,94,407
471,42,42,46,37,36,51,92,430
472,36,42,36,35,49,48,171,359
473,39,42,35,44,47,60,158,351
474,28,42,34,44,31,42,136,419
475,41,37,40,52,33,44,111,410
476,27,42,44,41,35,54,90,433
477,27,33,34,44,33,50,183,362
478,42,37,51,36,28,58,151,363
479,26,38,65,27,33,48,123,406
480,25,43,47,45,43,30,107,422
481,34,41,40,45,46,46,74,436
482,28,40,52,36,36,37,76,457
483,27,33,34,34,33,46,68,487
484,15,44,42,41,22,45,69,484
485,26,38,63,37,38,44,44,441
486,32,28,37,38,32,47,41,476
487,19,43,26,35,33,41,46,488
488,32,27,34,56,34,43,47,458
489,40,47,37,30,28,49,53,447
490,42,45,42,49,28,31,31,441
491,43,35,39,42,33,33,45,439
492,34,34,51,25,130,35,46,354
493,34,34,27,39,108,47,35,385
494,42,40,42,44,94,44,35,368
495,29,40,45,39,66,47,31,412
496,31,47,130,43,71,45,32,310
497,32,39,102,47,63,33,150,243
498,30,50,86,40,41,24,121,317
499,33,55,69,55,52,33,73,339
500,42,43,73,48,43,28,72,360
501,45,36,150,35,58,35,65,285
502,32,31,130,42,49,36,70,304
503,45,34,190,39,48,37,50,251
504,38,44,151,49,35,46,42,287
505,40,45,126,47,37,38,136,223
506,44,42,91,49,39,35,102,290
507,49,34,84,44,40,39,84,318
508,38,36,66,45,40,29,69,369
509,41,45,78,42,32,37,66,351
510,32,47,48,28,44,42,55,370
511,25,37,53,26,32,36,63,369
512,24,35,38,47,44,38,55,360
513,35,39,48,30,43,40,49,346
514,26,34,39,29,37,29,45,380
515,37,39,35,43,31,35,33,366
516,39,30,42,27,28,31,34,388
517,41,33,40,26,29,24,34,392
518,25,32,43,35,41,21,18,383
519,28,33,28,29,125,23,20,301
520,20,34,38,40,95,29,24,307
521,23,25,35,21,150,30,50,253
522,30,23,31,29,128,109,36,201
523,29,37,24,46,181,92,22,156
524,31,41,21,45,142,69,24,214
525,24,32,33,38,125,61,20,254
526,34,32,47,37,105,56,33,243
527,31,42,36,27,170,44,22,215
528,31,38,26,36,193,49,38,176
529,35,41,40,31,231,39,31,139
530,29,42,24,32,280,42,38,100
531,28,34,40,34,295,40,29,87
532,23,41,34,20,323,33,39,74
533,31,26,32,22,347,36,35,58
534,26,34,23,30,336,40,41,57
535,33,30,24,26,346,34,36,58
536,39,54,31,30,328,32,29,44
537,29,41,37,29,348,34,26,43
538,30,35,28,32,349,35,35,43
539,40,35,27,27,350,32,38,38
540,38,42,31,27,352,25,31,41
541,24,33,26,21,376,35,40,32
542,45,39,31,33,355,22,28,34
543,31,44,18,34,368,29,31,32
544,32,39,33,31,275,22,32,123
545,36,35,34,35,318,22,24,83
546,25,32,33,21,335,21,39,81
547,36,33,26,28,336,32,28,68
548,21,40,28,34,334,42,24,64
549,17,19,27,39,379,33,28,45
550,10,48,24,30,369,28,32,46
551,29,40,31,29,357,33,36,32
552,39,26,27,30,346,31,42,46
553,28,32,41,30,345,36,28,47
554,33,29,36,34,357,27,31,40
555,110,33,31,37,278,28,30,40
556,84,41,30,27,302,36,35,32
557,67,44,24,22,323,35,29,43
558,58,41,23,23,342,31,21,48
559,57,31,36,31,258,113,27,34
560,53,40,29,21,268,100,35,41
561,40,37,36,31,284,87,29,43
562,42,32,34,37,306,63,30,42
563,26,30,32,22,335,77,21,43
564,34,33,36,24,331,50,30,48
565,24,43,39,22,343,48,32,35
566,34,26,28,31,358,44,27,38
567,24,32,37,32,334,39,51,37
568,36,30,33,34,350,22,48,33
569,26,25,30,26,382,37,31,29
570,27,40,31,27,370,28,32,31
571,28,38,25,23,374,40,38,20
572,28,40,35,26,370,30,30,27
573,19,29,35,24,362,35,43,39
574,18,36,20,30,363,28,49,42
575,21,38,17,28,297,22,40,123
576,26,28,37,115,228,31,36,85
577,36,26,33,106,251,27,26,81
578,27,29,30,76,283,35,34,72
579,124,42,23,68,212,43,28,46
580,79,36,28,129,192,41,25,56
581,83,31,31,114,222,34,32,39
582,59,38,28,106,265,34,20,36
583,64,24,22,80,281,34,35,46
584,45,28,27,80,312,28,20,46
585,51,27,33,60,317,35,22,41
586,47,39,30,59,296,38,28,49
587,43,44,40,40,316,41,20,42
588,43,21,35,53,330,35,37,32
589,41,31,31,42,343,40,20,38
590,41,27,38,45,351,37,21,26
591,36,23,31,50,350,40,27,29
592,20,36,31,40,368,28,28,35
593,30,39,28,41,348,34,32,34
594,30,30,18,40,373,35,17,43
595,25,30,32,26,360,45,26,42
596,25,35,24,41,357,33,29,42
597,16,45,31,37,353,36,27,41
598,27,34,35,30,368,38,18,36
599,18,32,40,31,362,32,23,48
600,26,32,28,36,367,33,21,43
601,31,27,26,31,375,28,37,31
602,33,39,30,27,362,31,23,41
603,22,32,30,24,388,27,25,38
604,28,24,30,42,389,26,22,25
605,36,29,30,33,376,32,27,23
606,36,30,39,40,358,29,15,39
607,35,29,32,24,380,26,24,36
608,35,37,25,17,376,28,34,34
609,45,30,26,28,375,30,21,31
610,41,26,27,19,366,36,38,33
611,37,23,28,24,362,38,36,38
612,41,25,29,19,291,33,34,114
613,45,47,37,36,281,30,29,81
614,32,32,28,26,323,27,48,70
615,41,23,23,24,342,29,28,76
616,28,36,26,33,338,33,32,60
617,32,23,41,20,371,26,29,44
618,28,35,38,30,358,24,29,44
619,37,28,43,21,350,25,37,45
620,34,17,40,27,371,27,30,40
621,33,37,27,31,355,44,24,35
622,20,30,23,29,383,28,34,39
623,29,23,23,21,398,27,26,39
624,120,21,36,32,283,32,22,40
625,85,35,26,24,331,20,26,39
626,65,38,26,35,329,27,38,28
627,56,27,24,29,339,43,35,33
628,39,23,35,44,331,41,41,32
629,50,24,31,38,348,36,27,32
630,45,35,31,32,358,29,28,28
631,31,39,29,27,360,33,36,31
632,49,35,40,37,328,32,29,36
633,46,31,32,28,368,25,29,27
634,37,31,32,47,344,43,24,28
635,47,30,21,27,359,38,32,32
636,28,28,31,47,362,35,30,25
637,35,14,34,37,373,32,27,34
638,29,29,37,39,355,31,27,39
639,29,18,36,37,348,44,37,37
640,21,22,21,41,372,39,43,27
641,30,34,29,28,370,30,29,36
642,37,27,23,37,348,38,44,32
643,23,22,24,31,366,47,36,37
644,31,38,29,40,340,39,28,41
645,44,32,22,32,354,40,24,38
646,37,43,34,33,287,26,23,103
647,31,41,34,31,297,26,26,100
648,25,42,21,29,318,33,33,85
649,28,32,25,38,335,27,31,70
650,34,28,30,38,334,38,28,56
651,43,25,30,44,336,16,34,58
652,36,27,22,31,366,30,34,40
653,29,26,20,40,276,121,30,44
654,40,30,30,35,284,107,28,32
655,39,38,32,31,312,70,32,32
656,37,36,25,41,307,62,29,49
657,34,34,29,29,342,57,30,31
658,37,24,38,32,264,124,35,32
659,34,34,28,35,301,93,26,35
660,33,37,41,37,300,88,16,34
661,118,29,39,21,245,69,27,38
662,191,28,30,32,180,58,35,32
663,150,25,38,32,210,63,41,27
664,116,29,31,27,279,51,30,23
665,92,28,47,33,252,56,46,32
666,81,17,34,25,312,54,38,25
667,83,27,40,33,311,33,31,28
668,62,18,28,19,343,32,44,40
669,50,20,21,30,360,39,39,27
670,49,38,28,30,333,37,31,40
671,39,28,32,31,358,30,30,38
672,40,26,46,41,356,31,25,21
673,17,31,39,36,354,48,26,35
674,33,24,43,29,384,33,20,20
675,32,33,33,29,366,42,31,20
676,25,31,38,40,373,26,23,30
677,14,41,30,21,378,40,30,32
678,19,36,45,29,286,34,111,26
679,25,31,112,30,223,38,90,37
680,28,30,88,23,279,29,80,29
681,38,28,77,22,273,37,82,29
682,27,24,62,38,317,31,51,36
683,24,36,142,36,234,27,57,30
684,35,26,108,38,277,33,36,33
685,22,34,86,47,303,32,28,34
686,25,29,73,39,321,32,34,33
687,30,33,59,33,325,29,44,33
688,36,33,58,26,355,23,26,29
689,29,30,46,34,355,33,24,35
690,34,28,34,29,378,26,30,27
691,24,43,39,29,326,46,49,30
692,28,36,35,31,358,28,42,28
693,20,28,31,33,396,28,22,28
694,26,29,37,29,356,42,42,25
695,37,30,31,32,362,31,36,27
696,28,30,43,26,367,33,37,22
697,40,31,33,35,344,24,40,39
698,19,36,37,23,367,33,47,24
699,32,36,33,33,354,24,41,33
700,29,40,23,31,363,39,34,27
701,32,41,29,21,367,40,30,26
702,27,32,41,27,359,45,18,37
703,25,40,29,20,370,46,32,24
704,33,30,23,27,378,38,35,22
705,35,36,37,21,369,38,18,32
706,33,40,27,25,382,36,18,25
707,29,32,30,35,371,34,28,27
708,28,39,24,39,354,39,34,29
709,25,30,37,19,390,23,30,32
710,25,22,32,34,365,34,42,32
711,34,19,33,32,375,40,29,24
712,34,24,36,29,382,37,23,21
713,36,30,27,29,363,35,36,30
714,31,18,29,23,372,38,26,49
715,20,21,35,30,390,29,34,27
716,34,30,17,40,356,42,24,43
717,31,29,27,31,369,41,32,26
718,31,25,38,33,366,34,35,24
719,33,30,35,33,364,36,27,28
720,46,24,24,33,373,37,27,22
721,44,31,26,28,377,28,26,26
722,36,29,25,20,378,28,32,38
723,34,31,27,31,375,41,21,26
724,31,28,35,36,284,106,28,38
725,35,42,31,32,289,104,31,22
726,21,46,31,35,322,77,27,27
727,24,24,27,42,330,77,36,26
728,30,34,27,44,321,65,33,32
729,41,26,31,51,332,47,27,31
730,32,35,25,46,364,30,28,26
731,40,28,33,47,332,38,28,40
732,32,22,30,22,373,33,33,41
733,49,22,36,26,341,37,36,39
734,34,26,36,28,294,107,29,32
735,40,28,28,23,234,165,31,37
736,24,30,40,20,252,145,30,45
737,47,30,29,43,276,95,31,35
738,33,25,21,35,298,99,36,39
739,30,32,29,29,306,77,47,36
740,20,25,30,28,333,68,51,31
741,29,33,24,34,343,61,35,27
742,31,38,35,32,340,50,28,32
743,32,35,32,31,353,35,33,35
744,31,38,24,37,344,40,48,24
745,27,46,25,32,363,41,30,22
746,24,38,26,39,370,40,23,26
747,26,56,38,38,337,34,27,30
748,28,41,41,21,370,40,22,23
749,41,44,26,42,342,29,30,32
750,15,39,31,28,394,29,27,23
751,34,34,25,28,371,28,40,26
752,36,31,22,34,358,28,30,47
753,51,19,22,31,364,28,38,33
754,40,30,35,35,354,35,32,25
755,33,26,37,31,368,26,34,31
756,27,46,20,33,361,30,47,22
757,30,38,35,31,272,33,126,21
758,32,29,28,32,302,31,107,25
759,36,34,31,21,309,32,84,39
760,26,37,19,29,341,39,67,28
761,30,42,31,31,351,43,41,17
762,28,31,21,37,349,29,55,36
763,49,27,33,23,337,33,56,28
764,36,31,28,30,362,25,42,32
765,15,37,37,28,368,34,42,25
766,19,51,19,22,381,39,29,26
767,30,40,23,31,346,47,35,34
768,28,32,30,30,340,49,44,33
769,34,40,30,26,356,33,35,32
770,35,31,28,28,364,44,30,26
771,36,38,36,42,344,29,38,23
772,24,34,40,30,358,38,37,25
773,33,41,38,33,353,32,28,28
774,28,128,24,31,282,37,37,19
775,28,205,21,29,227,22,23,31
776,21,229,25,33,184,31,36,27
777,41,170,23,32,226,25,38,31
778,25,227,23,24,180,38,39,30
779,33,183,34,30,214,30,33,29
780,30,222,31,38,173,26,39,27
781,27,268,23,32,142,28,39,27
782,25,285,36,38,107,28,53,14
783,36,312,27,23,100,22,42,24
784,26,245,38,29,153,28,40,27
785,33,195,30,27,201,30,39,31
786,36,229,39,25,158,28,35,36
787,27,269,39,25,132,35,32,27
788,33,201,46,30,182,28,47,19
789,31,151,38,22,250,27,34,33
790,31,158,35,31,239,19,35,38
791,33,188,44,41,185,24,37,34
792,34,221,42,32,167,30,29,31
793,31,261,39,33,137,27,28,30
794,24,211,29,32,196,32,26,36
795,34,163,39,36,229,40,19,26
796,33,122,27,45,277,27,27,28
797,36,107,28,41,295,34,26,19
798,24,76,30,40,330,27,30,29
799,34,84,31,38,315,35,23,26
800,40,71,35,30,338,15,28,29
801,38,44,32,26,350,38,35,23
802,43,54,23,35,341,31,30,29
803,33,39,36,34,332,29,39,44
804,34,44,37,37,342,22,29,41
805,20,39,33,29,361,29,34,41
806,26,39,28,33,364,40,27,29
807,31,36,34,30,362,25,32,36
808,38,37,44,33,358,30,21,25
809,35,28,31,21,372,26,35,38
810,40,48,29,22,362,32,24,29
811,32,33,31,45,360,26,31,28
812,23,41,27,21,390,25,26,33
813,35,32,38,37,350,28,34,32
814,37,30,115,38,275,35,26,30
815,29,28,178,23,230,32,27,39
816,27,20,221,30,193,28,34,33
817,34,36,266,27,146,25,21,31
818,30,23,218,24,200,35,21,35
819,27,25,237,24,186,35,19,33
820,103,30,183,32,139,34,26,39
821,102,27,231,30,115,28,35,18
822,79,30,250,37,93,39,35,23
823,41,32,285,45,77,35,29,42
824,54,24,219,35,149,41,33,31
825,52,21,167,29,212,30,41,34
826,42,31,144,41,233,32,33,30
827,46,27,196,28,210,27,29,23
828,44,29,176,18,214,38,32,35
829,37,25,136,20,273,28,32,35
830,20,41,106,30,291,39,33,26
831,29,31,97,33,301,29,34,32
832,36,34,65,44,315,27,36,29
833,21,27,75,39,343,28,28,25
834,30,26,60,30,329,27,33,51
835,31,32,44,33,365,23,35,23
836,24,30,37,29,380,24,31,31
837,24,24,47,26,373,30,27,35
838,24,22,41,32,363,27,33,44
839,37,27,33,41,335,35,33,45
840,27,32,45,26,369,33,34,20
841,24,30,40,29,382,25,37,19
842,32,14,32,41,367,45,31,24
843,26,27,42,127,276,31,35,22
844,29,24,33,194,216,30,26,34
845,16,34,32,226,176,34,38,30
846,30,37,29,186,209,25,41,29
847,28,25,29,235,185,20,33,31
848,32,26,20,182,239,22,36,29
849,30,32,44,210,165,34,37,34
850,40,23,27,245,155,32,35,29
851,26,21,41,278,110,37,30,43
852,42,29,28,288,121,27,28,23
853,30,16,29,342,77,27,35,30
854,32,29,34,332,76,22,34,27
855,42,32,40,337,57,26,31,21
856,32,26,46,321,71,39,29,22
857,46,29,38,326,57,30,36,24
858,34,23,34,348,56,35,23,33
859,45,37,36,326,49,36,19,38
860,28,20,45,377,32,27,28,29
861,30,24,43,354,31,32,23,49
862,21,103,36,279,38,41,42,26
863,25,84,37,312,28,36,39,25
864,25,60,46,307,37,39,42,30
865,25,67,34,330,31,35,32,32
866,22,47,33,341,34,45,26,38
867,29,45,35,341,42,33,26,35
868,18,36,35,351,34,36,42,34
869,26,42,37,354,30,35,32,30
870,32,39,35,364,33,39,25,19
871,51,32,27,341,37,39,25,34
872,34,20,46,358,30,35,29,34
873,37,34,23,348,42,32,35,35
874,40,32,26,373,28,31,31,25
875,51,38,21,369,27,34,19,27
876,37,21,30,367,28,34,42,27
877,39,30,22,382,19,30,22,42
878,43,26,26,363,26,49,19,34
879,48,34,29,352,28,40,33,22
880,51,23,32,371,28,30,29,22
881,31,30,20,378,32,42,26,27
882,40,35,24,290,25,123,27,22
883,36,29,27,249,29,165,23,28
884,33,29,34,267,25,139,21,38
885,34,27,34,209,28,192,33,29
886,22,38,31,167,32,236,35,25
887,21,31,117,128,32,196,36,25
888,31,35,91,196,30,143,28,32
889,33,31,82,227,41,121,30,21
890,37,36,71,172,26,180,34,30
891,30,36,55,238,18,153,39,17
892,39,36,43,173,104,115,43,33
893,28,20,34,141,95,194,37,37
894,30,23,38,131,80,229,33,22
895,35,30,34,97,86,239,36,29
896,44,35,31,85,63,272,26,30
897,36,28,33,75,51,302,33,28
898,36,38,33,57,48,335,22,17
899,43,29,35,54,44,317,29,35
900,34,18,26,45,41,368,34,20
901,51,22,38,60,38,319,32,26
902,39,17,43,36,41,341,37,32
903,30,21,38,29,47,344,32,45
904,34,30,33,30,41,350,32,36
905,38,21,25,43,35,348,37,39
906,27,26,34,34,38,370,26,31
907,31,32,31,34,29,371,29,29
908,38,23,34,26,39,361,31,34
909,26,39,25,29,32,371,29,35
910,41,35,32,39,35,345,35,24
911,17,27,30,37,36,388,21,30
912,29,30,25,41,50,355,27,29
913,33,21,27,36,32,380,27,30
914,28,27,29,43,47,368,13,31
915,23,37,22,48,21,376,25,34
916,40,39,22,42,40,361,17,25
917,34,35,25,39,28,366,35,24
918,32,33,33,35,28,286,100,39
919,24,35,38,35,32,224,166,32
920,33,33,33,36,26,186,209,30
921,26,33,49,38,34,212,161,33
922,25,36,34,34,26,264,137,30
923,21,34,29,47,29,255,132,39
924,26,32,28,32,32,234,172,30
925,32,32,33,43,34,258,130,24
926,32,29,20,20,26,206,219,34
927,27,29,32,27,112,162,156,41
928,32,28,32,38,92,137,192,35
929,28,21,35,28,66,181,188,39
930,45,21,30,33,77,154,197,29
931,22,34,29,42,56,122,261,20
932,34,33,27,38,45,91,282,36
933,29,35,33,42,36,76,292,43
934,25,31,30,35,58,73,310,24
935,35,36,23,40,41,46,330,35
936,32,40,25,25,54,57,319,34
937,35,44,20,34,49,119,270,15
938,38,28,26,29,35,110,285,35
939,48,26,19,39,31,93,295,35
940,23,26,29,32,49,86,311,30
941,26,33,43,24,39,50,340,31
942,30,35,34,28,36,63,332,28
943,35,35,41,23,34,63,323,32
944,40,35,43,69,42,43,292,22
945,36,33,34,144,30,43,230,35
946,31,29,38,183,43,42,193,26
947,26,26,42,229,32,52,150,28
948,27,25,34,200,27,41,206,25
949,16,29,34,234,39,36,173,24
950,36,28,31,242,47,34,148,19
951,37,28,30,300,23,34,107,26
952,25,23,35,322,30,39,80,31
953,28,18,38,351,16,33,71,30
954,33,29,30,328,38,32,62,33
955,29,27,20,362,34,32,62,19
956,119,31,35,258,33,27,57,25
957,102,32,30,306,27,32,41,15
958,181,29,28,226,32,32,35,22
959,130,30,26,250,42,38,45,24
960,93,44,29,293,35,25,32,34
961,75,36,23,246,33,116,29,27
962,79,34,38,245,40,102,16,31
963,60,36,29,288,32,66,35,39
964,58,37,29,305,28,80,30,18
965,53,41,46,298,32,56,24,35
966,50,39,25,332,27,57,24,31
967,36,35,33,348,27,45,32,29
968,53,32,27,266,41,39,98,29
969,46,25,37,218,29,46,156,28
970,39,23,26,175,40,43,205,34
971,40,39,28,136,39,111,167,25
972,40,35,32,118,26,86,222,26
973,33,33,34,115,20,88,231,31
974,32,32,28,82,27,70,283,31
975,36,39,33,76,31,57,287,26
976,32,20,35,63,31,56,315,33
977,27,104,29,63,35,42,256,29
978,26,96,25,51,24,42,197,124
979,42,73,25,47,25,42,164,167
980,30,55,30,53,19,41,206,151
981,34,43,31,29,31,27,179,211
982,29,46,37,29,31,37,143,233
983,40,44,36,32,18,33,113,269
984,29,43,29,25,32,34,85,298
985,36,37,28,37,30,32,88,287
986,33,29,10,38,44,38,73,310
987,33,54,25,34,20,34,55,320
988,36,37,33,26,26,33,48,329
989,28,30,24,35,18,37,45,351
990,37,34,21,14,19,36,39,368
991,24,37,40,25,36,41,34,331
992,22,32,36,26,23,36,26,367
993,26,44,30,33,27,28,33,347
994,28,34,19,32,39,41,29,346
995,29,30,19,19,31,33,35,372
996,31,34,22,22,35,40,21,363
997,29,38,26,29,31,41,30,344
998,41,23,19,33,30,47,21,354
999,27,40,38,23,32,43,28,337
