iteration,exchange,exchangeRandom,inversion,swap,scramble,randomShuffle,add,addRandomly
0,70,70,70,70,70,70,70,70
1,55,80,66,76,84,65,64,70
2,69,54,63,84,89,67,58,76
3,59,62,60,129,63,60,64,63
4,66,74,58,134,50,50,68,60
5,58,59,51,158,61,69,50,54
6,74,50,51,132,50,56,91,56
7,52,63,49,138,40,56,101,61
8,43,50,44,131,51,57,103,81
9,48,53,49,143,42,40,97,88
10,44,44,54,121,41,51,93,112
11,45,47,49,108,45,57,81,128
12,40,39,39,110,54,33,73,172
13,47,42,36,100,47,42,71,175
14,46,37,36,86,31,36,87,201
15,37,55,34,82,36,33,72,211
16,32,44,37,84,32,35,63,233
17,33,28,30,89,24,35,69,252
18,28,37,29,71,30,41,64,260
19,27,29,27,72,30,29,57,289
20,24,35,21,67,34,26,62,291
21,25,39,35,64,24,27,46,300
22,22,31,19,68,40,26,55,299
23,31,21,27,59,29,36,38,319
24,23,22,24,59,27,22,49,334
25,16,31,29,70,25,26,42,321
26,26,26,19,54,24,13,40,358
27,14,17,21,50,28,18,49,363
28,21,34,18,43,24,16,33,371
29,26,29,22,56,27,25,30,345
30,22,12,27,40,24,19,44,372
31,25,13,22,40,22,25,41,372
32,21,17,21,50,26,16,31,378
33,20,20,17,48,17,21,24,393
34,24,20,21,36,17,14,29,399
35,20,10,20,31,18,24,27,410
36,10,18,20,28,14,21,29,420
37,21,19,21,27,20,23,26,403
38,21,14,17,34,28,19,23,404
39,14,15,15,40,21,18,28,409
40,15,22,17,25,15,19,26,421
41,15,21,13,32,11,23,55,390
42,14,19,13,33,13,14,75,379
43,12,13,11,25,23,14,111,351
44,13,17,8,24,17,12,141,328
45,13,18,18,37,15,15,147,297
46,16,23,16,28,20,16,150,291
47,13,13,19,29,6,14,191,275
48,16,12,10,18,11,14,222,257
49,10,10,12,24,13,17,226,248
50,12,13,11,19,17,8,245,235
51,10,24,13,25,15,16,253,204
52,18,12,18,25,18,14,255,200
53,10,12,17,19,19,8,252,223
54,15,13,9,22,9,16,239,237
55,8,13,11,24,13,15,249,227
56,7,14,16,16,10,12,226,259
57,9,15,11,20,13,14,199,279
58,12,15,13,15,7,10,200,288
59,14,18,15,17,12,13,208,263
60,11,15,13,20,15,17,188,281
61,12,19,13,21,7,18,185,285
62,7,14,13,15,18,14,163,316
63,4,13,17,15,18,13,160,320
64,17,12,8,16,12,15,154,326
65,13,12,3,13,17,10,152,340
66,16,7,11,11,11,15,121,368
67,37,13,14,17,10,20,122,327
68,77,16,11,11,9,5,131,300
69,83,10,6,14,7,12,112,316
70,118,11,14,17,11,13,110,266
71,138,21,17,14,20,8,103,239
72,166,11,9,14,11,13,103,233
73,168,11,8,14,14,19,86,240
74,199,15,15,17,9,10,75,220
75,185,16,20,11,13,15,80,220
76,175,7,12,15,17,23,84,227
77,232,8,11,11,8,11,68,211
78,251,8,9,14,14,15,55,194
79,256,13,10,14,9,9,58,191
80,267,9,9,14,15,5,61,180
81,269,13,13,13,10,9,69,164
82,262,15,12,11,15,14,56,175
83,306,19,14,11,12,7,36,155
84,302,12,8,12,14,10,44,158
85,318,6,7,12,11,17,47,142
86,299,12,22,16,15,13,48,135
87,347,16,10,10,13,11,40,113
88,334,17,15,11,13,18,50,102
89,354,17,10,14,8,13,43,101
90,379,11,11,7,7,8,39,98
91,367,13,16,10,9,11,38,96
92,390,8,14,11,8,11,34,84
93,349,36,13,14,8,15,43,82
94,337,65,16,10,14,12,35,71
95,322,95,11,6,14,8,29,75
96,307,99,8,18,17,15,25,71
97,290,134,6,16,9,8,31,66
98,268,122,43,12,14,9,29,63
99,250,131,58,9,13,12,21,66
100,239,108,94,16,18,16,23,46
101,212,106,112,11,13,15,36,55
102,216,132,110,12,9,10,14,57
103,190,143,103,15,14,16,26,53
104,190,173,96,14,7,8,25,47
105,192,175,88,13,14,9,21,48
106,173,184,73,7,11,10,25,77
107,151,193,84,15,15,9,25,68
108,170,208,68,12,11,10,23,58
109,194,186,77,8,17,5,16,57
110,169,208,62,11,16,15,16,63
111,167,199,76,13,4,14,26,61
112,200,177,67,14,16,15,19,52
113,205,174,62,10,13,13,21,62
114,226,169,58,17,7,16,21,46
115,237,180,56,8,8,8,13,50
116,208,159,52,8,11,14,55,53
117,202,171,44,15,14,8,63,43
118,220,157,48,11,11,14,56,43
119,217,136,58,13,13,13,62,48
120,232,134,41,12,6,10,86,39
121,206,180,42,14,8,8,65,37
122,180,192,48,9,11,9,83,28
123,191,203,36,10,13,14,60,33
124,163,231,32,15,5,8,63,43
125,158,219,43,7,17,11,75,30
126,149,240,42,12,13,4,63,37
127,157,243,38,20,8,14,54,26
128,140,260,41,12,15,14,53,25
129,136,274,36,11,9,13,52,29
130,124,296,44,6,9,5,47,29
131,121,303,37,4,12,10,45,28
132,103,318,40,12,6,18,41,22
133,112,310,33,16,13,10,36,30
134,85,359,33,9,8,9,34,23
135,95,343,28,15,20,7,30,22
136,83,349,35,12,8,11,34,28
137,92,350,32,12,12,10,30,22
138,76,350,33,9,6,11,49,26
139,83,381,24,8,8,10,28,18
140,72,374,26,19,12,6,28,23
141,81,374,24,8,17,5,27,24
142,73,387,23,3,12,12,29,21
143,60,375,30,12,17,8,30,28
144,60,392,23,26,11,5,24,19
145,53,396,25,31,10,5,26,14
146,60,378,24,28,14,10,26,20
147,50,395,30,25,11,10,21,18
148,40,415,27,18,13,9,22,16
149,50,412,24,17,15,12,22,8
150,43,423,23,17,18,6,18,12
151,52,413,20,22,15,6,20,12
152,38,425,18,16,11,12,17,23
153,40,423,14,19,15,13,15,21
154,35,436,22,18,8,16,12,13
155,21,443,17,18,13,13,18,17
156,30,418,11,14,11,14,50,12
157,35,385,11,12,10,7,77,23
158,69,351,20,17,9,9,63,22
159,85,324,21,23,14,13,63,17
160,122,311,12,16,9,10,69,11
161,108,295,15,18,13,13,85,13
162,111,284,15,15,19,10,95,11
163,158,235,9,17,12,10,96,23
164,151,267,16,19,14,17,62,14
165,168,249,16,14,17,13,66,17
166,220,223,15,14,10,8,61,9
167,195,204,15,21,20,10,74,21
168,208,208,14,10,11,12,79,18
169,206,222,17,14,12,11,65,13
170,205,228,5,19,13,9,60,21
171,183,250,11,14,11,13,72,6
172,190,210,12,14,13,11,95,15
173,164,206,12,16,14,12,122,14
174,158,225,13,8,13,7,126,10
175,164,233,13,11,7,12,107,13
176,137,246,8,11,6,15,122,15
177,133,268,9,9,18,8,100,15
178,136,273,19,11,10,12,84,15
179,110,293,10,14,12,13,101,7
180,122,280,12,12,11,15,91,17
181,114,267,16,7,15,15,82,44
182,84,264,10,13,15,21,89,64
183,103,254,11,12,13,11,70,86
184,85,234,7,13,14,12,75,120
185,92,201,6,12,10,13,84,142
186,61,198,14,13,14,12,68,180
187,68,229,14,12,9,16,65,147
188,75,225,15,17,14,13,57,144
189,72,212,19,14,14,13,55,161
190,64,232,14,12,9,17,61,151
191,68,231,10,14,20,13,54,150
192,54,241,16,15,13,16,76,129
193,53,261,12,14,12,12,81,115
194,52,240,10,8,9,15,108,118
195,37,237,13,13,7,17,132,104
196,37,205,11,13,21,9,150,114
197,35,203,12,14,10,12,153,121
198,43,190,5,15,13,11,160,123
199,45,198,10,11,11,13,178,94
200,32,186,12,10,7,8,204,101
201,41,138,5,11,9,13,223,120
202,37,149,15,8,12,17,222,100
203,35,138,10,12,14,16,244,91
204,29,144,15,14,12,7,257,82
205,36,131,7,11,9,8,276,82
206,27,115,13,14,7,10,304,70
207,36,107,13,10,13,8,283,90
208,24,124,12,12,11,7,314,56
209,28,124,12,14,11,13,290,68
210,27,146,8,12,14,10,275,68
211,34,163,10,9,12,7,265,60
212,26,187,7,13,13,12,226,76
213,22,217,12,10,16,12,211,60
214,23,225,10,11,16,22,193,60
215,22,238,18,15,15,14,183,55
216,26,249,9,13,14,9,197,43
217,29,263,12,16,8,12,185,35
218,19,273,3,10,13,16,183,43
219,21,277,10,11,9,13,177,42
220,20,285,6,16,10,10,180,33
221,21,279,8,16,13,14,168,41
222,22,291,10,18,14,18,154,33
223,13,317,14,16,15,8,151,26
224,15,326,7,15,12,11,145,29
225,17,331,13,13,20,10,120,36
226,20,337,10,11,13,12,124,33
227,12,329,11,16,23,13,128,28
228,17,344,7,10,28,11,117,26
229,18,349,11,14,23,12,108,25
230,18,363,11,11,25,19,87,26
231,12,377,10,13,25,18,82,23
232,22,360,8,24,24,12,91,19
233,15,385,11,12,19,15,74,29
234,13,379,14,14,16,15,84,25
235,13,372,13,13,18,14,94,23
236,13,361,18,12,14,17,96,29
237,13,339,20,9,18,11,132,18
238,10,329,13,8,14,12,160,14
239,24,305,5,8,17,9,176,16
240,10,283,14,14,19,15,187,18
241,15,251,13,14,26,13,205,23
242,17,257,9,9,19,12,224,13
243,11,246,8,13,14,15,234,19
244,13,251,14,12,17,9,230,14
245,14,235,17,11,14,11,248,10
246,7,276,11,8,12,11,221,14
247,8,254,11,16,20,10,224,17
248,12,243,7,17,16,7,247,11
249,7,226,14,10,18,7,268,10
250,12,221,8,7,16,7,275,14
251,10,223,10,9,12,9,266,21
252,11,224,10,10,12,11,263,19
253,11,166,10,12,14,7,322,18
254,14,172,11,14,19,15,299,16
255,11,159,9,14,18,12,324,13
256,17,155,4,11,14,8,325,26
257,9,148,10,22,19,13,325,14
258,14,138,9,40,15,9,318,17
259,9,144,9,62,18,8,292,18
260,11,134,11,87,15,5,277,20
261,11,131,11,126,11,7,245,18
262,14,121,17,138,11,9,240,10
263,12,129,14,146,11,9,223,16
264,12,103,10,156,18,13,237,11
265,19,88,13,156,13,14,243,14
266,14,83,11,148,13,10,262,19
267,19,83,10,166,12,12,244,14
268,16,77,10,201,13,13,219,11
269,13,102,11,217,13,6,182,16
270,7,85,14,219,15,19,193,8
271,18,82,11,236,11,17,176,9
272,9,72,14,255,13,19,165,13
273,19,74,12,216,12,10,203,14
274,11,62,21,237,12,16,192,9
275,20,62,13,262,16,14,162,11
276,11,50,14,281,12,12,163,17
277,10,48,13,301,12,11,158,7
278,10,55,11,306,12,9,149,8
279,16,63,14,310,10,10,131,6
280,6,65,7,317,14,8,132,11
281,11,30,10,349,16,13,120,11
282,18,43,14,354,13,11,98,9
283,6,50,15,354,7,16,107,5
284,13,42,16,335,11,9,123,11
285,11,33,5,361,12,13,114,11
286,15,26,20,362,11,13,105,8
287,13,35,11,386,6,14,87,8
288,14,35,15,375,8,9,93,11
289,19,35,12,379,13,12,80,10
290,8,32,10,382,13,13,86,16
291,3,35,9,404,16,8,68,17
292,4,28,15,410,15,12,72,4
293,15,41,10,400,17,9,57,11
294,14,24,8,408,14,8,75,9
295,15,32,10,401,7,18,65,12
296,16,20,8,402,11,16,70,17
297,11,31,5,412,5,11,76,9
298,16,16,9,449,12,7,42,9
299,21,15,13,414,16,14,56,11
300,11,25,12,430,11,14,46,11
301,13,22,12,436,9,21,38,9
302,20,16,5,457,12,5,39,6
303,12,22,14,432,12,18,39,11
304,15,16,8,431,15,17,43,15
305,7,23,11,441,14,10,41,13
306,6,25,19,449,6,14,32,9
307,12,9,8,460,8,15,35,13
308,13,22,11,447,17,10,33,7
309,13,15,13,452,13,19,23,12
310,13,10,20,457,15,10,25,10
311,10,13,17,459,8,15,31,7
312,9,22,16,453,10,5,39,6
313,11,13,14,459,11,12,31,9
314,7,13,8,460,17,16,27,12
315,15,15,8,457,13,10,31,11
316,13,8,15,461,8,15,26,14
317,15,13,15,434,19,11,45,8
318,11,7,11,436,7,11,62,15
319,10,14,8,407,10,8,90,13
320,9,9,20,371,13,11,110,17
321,12,32,8,340,8,6,138,16
322,10,16,16,322,14,13,155,14
323,14,13,15,314,7,14,168,15
324,7,9,14,281,13,10,215,11
325,19,10,17,266,8,18,206,16
326,10,16,11,269,14,15,197,28
327,12,8,21,234,7,14,221,43
328,11,11,20,237,16,8,211,46
329,8,13,11,217,7,11,213,80
330,16,10,11,186,10,20,188,119
331,12,11,12,211,19,11,163,121
332,18,12,12,183,10,10,162,153
333,13,6,14,188,14,12,151,162
334,8,11,12,180,13,13,148,175
335,15,13,10,157,15,12,133,205
336,16,13,10,146,15,21,131,208
337,10,10,13,134,17,6,143,227
338,15,9,14,145,9,11,120,237
339,8,5,13,128,12,14,129,251
340,9,7,10,125,17,12,139,241
341,8,12,9,115,10,8,173,225
342,14,9,13,103,15,17,189,200
343,13,15,11,111,10,12,203,185
344,13,10,10,91,18,10,208,200
345,11,15,8,102,13,17,224,170
346,9,13,16,78,12,17,254,161
347,14,13,12,74,16,9,258,164
348,11,14,11,83,12,14,263,152
349,13,14,14,70,8,12,262,167
350,6,8,15,75,14,11,270,161
351,5,9,10,77,13,11,307,128
352,11,13,8,70,11,13,279,155
353,7,12,15,39,11,12,321,143
354,15,7,14,67,15,7,277,158
355,8,12,14,48,10,18,268,182
356,12,14,13,42,15,9,251,204
357,17,17,20,38,12,6,269,181
358,12,15,14,55,12,11,229,212
359,9,12,13,35,10,3,249,229
360,12,7,11,64,9,10,232,215
361,13,14,11,63,12,13,215,219
362,14,18,7,74,12,14,193,228
363,14,21,21,78,12,13,182,219
364,19,18,8,99,9,12,171,224
365,11,9,10,118,18,5,181,208
366,18,13,12,129,13,16,156,203
367,9,14,15,135,17,12,150,208
368,16,8,12,164,15,12,141,192
369,13,14,17,181,12,6,125,192
370,8,13,12,195,14,12,117,189
371,6,14,12,216,12,12,115,173
372,14,15,12,245,16,6,119,133
373,4,13,15,244,7,13,119,145
374,13,7,13,277,10,11,95,134
375,11,13,11,284,14,8,100,119
376,14,11,7,290,13,14,100,111
377,8,10,10,276,18,15,108,115
378,10,12,18,249,10,6,150,105
379,8,10,14,220,15,14,162,117
380,12,11,13,222,13,9,192,88
381,9,8,11,180,14,9,219,110
382,8,13,8,202,11,10,232,76
383,4,10,13,192,11,12,248,70
384,11,16,10,166,10,16,264,67
385,11,14,15,160,21,10,262,67
386,14,15,13,133,11,11,298,65
387,14,9,14,152,4,15,289,63
388,7,12,10,128,14,9,321,59
389,13,14,12,121,7,5,320,68
390,13,13,9,123,10,15,326,51
391,13,17,19,117,13,11,320,50
392,12,11,21,98,12,12,340,54
393,10,8,13,117,10,12,334,56
394,6,12,16,86,15,14,338,73
395,10,14,15,93,12,13,351,52
396,14,10,13,93,15,6,351,58
397,13,11,11,71,21,14,374,45
398,12,10,19,85,12,10,368,44
399,13,19,10,72,14,8,377,47
