iteration,exchange,exchangeRandom,inversion,swap,scramble,randomShuffle,add,addRandomly,shift
0,50,50,50,50,50,50,50,50,50
1,54,52,41,45,49,44,56,57,52
2,48,119,47,39,27,39,41,46,44
3,24,98,34,38,36,31,111,49,29
4,23,150,26,33,26,41,95,23,33
5,20,213,21,19,23,28,71,28,27
6,29,249,23,18,18,16,55,18,24
7,19,267,10,27,13,26,46,14,28
8,9,320,10,17,13,11,49,14,7
9,21,325,7,17,17,12,35,7,9
10,7,254,8,10,5,64,23,71,8
11,7,252,9,4,7,40,20,107,4
12,5,206,6,0,2,39,70,113,9
13,4,227,2,4,4,19,49,135,6
14,6,219,2,1,2,12,32,175,1
15,2,239,4,2,3,14,37,149,0
16,3,232,63,2,5,12,18,115,0
17,0,244,125,3,2,4,12,57,3
18,1,225,145,1,3,2,11,62,0
19,2,233,170,0,1,5,8,30,1
20,3,236,165,1,2,4,8,29,2
21,4,219,195,1,1,2,6,22,0
22,2,224,198,1,1,5,4,13,2
23,2,222,200,0,3,6,5,9,3
24,1,219,210,0,1,3,5,10,1
25,2,240,196,1,0,3,1,5,2
26,3,175,259,0,3,0,3,6,1
27,2,154,277,0,2,3,1,7,4
28,1,107,331,1,2,2,1,4,1
29,2,87,347,7,0,2,0,2,3
30,1,136,301,3,2,3,1,2,1
31,2,162,272,2,1,2,4,4,1
32,1,179,265,1,2,0,0,1,1
33,0,205,235,1,2,3,3,0,1
34,4,159,280,1,0,0,1,2,3
35,0,140,301,4,2,1,0,0,2
36,3,108,329,2,0,1,1,6,0
37,2,97,339,0,2,1,3,2,4
38,3,116,321,2,3,2,1,2,0
39,2,152,285,4,0,2,1,2,2
40,1,163,276,5,1,2,1,1,0
41,3,199,244,0,0,1,0,2,1
42,1,226,215,0,0,4,2,1,1
43,1,197,243,1,0,2,2,1,3
44,1,200,240,2,0,3,2,1,1
45,2,189,251,1,0,1,2,3,1
46,5,240,198,3,0,1,2,0,1
47,2,208,233,2,1,3,1,0,0
48,1,219,220,0,3,3,3,0,1
49,2,219,222,0,0,0,2,3,2
50,1,222,216,2,0,1,2,4,2
51,6,227,212,1,0,0,2,0,2
52,3,197,236,2,0,2,2,3,5
53,2,214,227,0,2,3,0,1,1
54,1,246,195,2,0,1,1,2,2
55,1,222,220,1,0,2,1,2,1
56,3,212,224,2,2,3,1,1,2
57,3,236,202,1,0,4,4,0,0
58,2,280,158,2,2,1,1,1,3
59,1,318,119,1,0,3,2,2,4
60,2,352,87,2,2,1,3,0,1
61,1,356,76,4,2,3,2,3,3
62,3,369,67,2,3,2,0,0,4
63,6,373,53,0,5,2,1,6,4
64,2,385,43,3,2,3,5,2,5
65,0,402,31,3,1,1,6,3,3
66,1,389,40,4,1,7,2,5,1
67,3,402,33,2,1,2,2,3,2
68,2,346,89,6,0,2,3,2,0
69,3,318,125,1,1,0,1,1,0
70,3,279,152,4,4,2,2,1,3
71,3,242,187,1,1,5,2,5,4
72,3,222,210,4,1,5,4,1,0
73,2,185,254,3,2,1,1,0,2
74,3,148,285,4,3,2,0,1,4
75,2,130,298,2,3,5,5,0,5
76,1,96,343,2,1,1,2,3,1
77,5,91,340,1,1,2,3,5,2
78,3,64,362,5,0,4,1,6,5
79,3,64,363,6,4,3,1,5,1
80,1,42,389,2,1,2,8,3,2
81,2,38,395,3,0,5,1,3,3
82,3,30,400,5,2,2,2,2,4
83,5,28,407,2,0,0,3,2,3
84,1,22,346,1,1,1,4,71,3
85,4,19,347,3,1,2,1,70,3
86,1,13,379,4,2,3,3,43,2
87,1,10,391,4,1,0,1,40,2
88,2,8,395,2,4,2,2,34,1
89,3,6,400,5,3,5,0,27,1
90,3,7,405,2,5,3,3,21,1
91,2,6,355,1,3,3,1,78,1
92,0,3,363,3,1,2,1,75,2
93,2,4,372,1,2,1,2,63,3
94,2,10,374,0,3,1,4,52,4
95,1,3,399,0,1,3,3,36,4
96,4,4,399,0,2,2,7,30,2
97,2,2,411,4,4,3,0,22,2
98,3,5,398,2,7,2,1,30,2
99,2,6,410,4,4,4,3,16,1
100,6,1,423,1,1,1,0,15,2
101,7,6,413,2,3,2,1,15,1
102,0,6,425,1,5,1,3,6,3
103,2,3,422,4,2,3,1,12,1
104,3,4,423,3,0,2,6,8,1
105,1,4,424,4,2,2,4,5,4
106,3,4,423,3,2,4,1,9,1
107,6,3,424,2,1,2,5,5,2
108,1,1,428,1,1,3,5,7,3
109,3,3,430,1,0,2,4,0,7
110,1,5,425,1,2,3,5,3,5
111,2,4,418,1,1,6,5,7,6
112,3,0,371,2,3,5,63,1,2
113,1,6,337,1,2,3,97,3,0
114,2,4,291,0,2,3,145,1,2
115,1,0,261,2,1,3,179,1,2
116,4,4,260,0,3,0,177,0,2
117,2,1,196,1,1,3,242,2,2
118,3,2,168,0,3,1,271,2,0
119,2,1,187,0,1,0,258,1,0
120,2,2,140,1,2,1,294,2,6
121,1,0,128,1,0,2,314,2,2
122,1,2,95,3,1,1,341,3,3
123,0,1,79,2,2,5,354,1,6
124,1,2,120,4,0,0,320,1,2
125,2,1,164,4,1,3,269,3,3
126,1,1,167,4,1,4,264,3,5
127,1,0,183,2,1,0,258,0,5
128,0,1,196,2,2,0,243,2,4
129,1,3,212,0,1,0,228,1,4
130,0,1,221,2,4,0,217,3,2
131,2,2,225,3,3,1,213,0,1
132,2,2,212,1,1,0,231,0,1
133,1,2,233,1,2,1,210,0,0
134,2,2,225,1,0,2,217,1,0
135,1,4,231,2,1,2,207,1,1
136,2,2,233,0,3,0,208,0,2
137,1,0,230,1,0,1,215,1,1
138,1,0,228,2,1,2,213,1,2
139,3,2,224,2,0,2,214,1,2
140,1,4,229,0,0,4,212,0,0
141,6,3,240,1,2,0,197,0,1
142,2,0,197,1,2,1,241,3,3
143,0,3,243,0,3,1,195,3,2
144,1,0,238,0,1,0,209,1,0
145,2,1,229,2,0,2,213,0,1
146,4,0,218,2,1,3,218,3,1
147,2,2,213,1,0,1,228,2,1
148,1,3,234,1,1,2,208,0,0
149,1,0,226,0,4,1,214,2,2
150,6,1,198,1,1,3,239,1,0
151,3,0,218,0,0,1,227,0,1
152,3,2,225,4,3,0,211,1,1
153,0,1,214,0,1,1,228,4,1
154,1,1,225,1,1,3,214,2,2
155,2,0,217,1,0,0,227,3,0
156,0,0,214,0,1,1,227,3,4
157,2,2,209,1,0,0,232,4,0
158,0,2,228,1,0,2,216,1,0
159,2,2,178,3,2,2,256,4,1
160,4,2,141,2,1,5,293,2,0
161,1,1,127,0,0,1,316,3,1
162,1,4,95,1,2,0,339,6,2
163,4,5,74,1,3,1,358,2,2
164,1,0,139,4,1,3,298,4,0
165,36,4,154,2,0,2,250,2,0
166,86,0,131,0,1,4,226,2,0
167,64,1,166,2,5,1,209,1,1
168,61,1,168,2,2,1,211,1,3
169,34,0,190,0,3,3,219,1,0
170,17,0,209,2,3,1,214,1,3
171,15,1,190,0,1,1,238,1,3
172,21,3,127,4,4,1,287,2,1
173,14,1,109,0,2,2,319,2,1
174,5,3,104,1,1,3,328,4,1
175,16,1,92,1,0,0,335,2,3
176,8,2,66,3,1,1,361,4,4
177,7,5,110,3,2,3,314,2,4
178,5,1,144,1,2,2,291,1,3
179,5,0,161,3,2,4,274,1,0
180,1,2,155,0,3,1,218,67,3
181,3,0,128,1,1,2,209,103,3
182,3,3,79,2,0,1,219,142,1
183,3,1,92,1,1,0,192,160,0
184,0,3,124,2,0,0,167,153,1
185,1,1,80,0,0,2,195,169,2
186,1,1,64,1,1,0,240,140,2
187,2,0,56,2,2,1,266,120,1
188,1,3,59,2,3,0,280,97,5
189,2,2,30,2,4,2,317,89,2
190,0,2,32,1,3,2,336,69,5
191,1,1,22,4,0,2,303,113,4
192,2,1,17,1,2,2,295,130,0
193,6,0,65,3,1,2,242,130,1
194,3,0,90,2,1,1,209,142,2
195,2,0,151,0,0,2,192,102,1
196,1,1,171,4,0,0,215,58,0
197,0,1,188,3,2,0,205,49,2
198,1,1,177,1,1,0,190,79,0
199,2,0,126,1,3,3,248,64,3
200,2,1,132,1,0,0,256,57,1
201,3,4,95,3,1,2,287,51,4
202,2,1,81,7,2,1,312,42,2
203,1,2,62,0,0,4,288,87,6
204,0,1,41,2,3,0,274,128,1
205,1,0,81,0,3,2,232,129,2
206,1,2,68,2,62,3,226,84,2
207,1,2,95,2,109,2,184,52,3
208,0,2,110,1,98,0,198,39,2
209,1,0,115,3,127,0,183,20,1
210,1,1,145,1,123,1,160,16,2
211,1,1,144,2,133,1,155,8,5
212,0,3,143,1,142,1,153,6,1
213,2,2,151,1,119,1,168,3,3
214,1,2,156,0,148,1,137,2,3
215,2,1,154,2,148,0,143,0,0
216,1,1,169,1,173,0,100,2,3
217,2,1,175,2,180,0,84,4,2
218,3,2,194,1,197,1,50,1,1
219,1,0,219,1,182,3,43,1,0
220,2,0,195,0,219,0,27,4,3
221,3,3,243,2,176,2,20,0,1
222,1,1,275,0,152,1,16,1,3
223,2,4,292,2,127,4,11,4,4
224,3,3,343,1,86,3,8,1,2
225,2,2,284,1,143,2,12,3,1
226,2,1,289,1,146,0,5,3,3
227,2,4,244,3,182,5,4,3,3
228,1,3,251,1,186,0,3,3,2
229,1,0,276,1,159,2,5,4,2
230,1,2,296,2,141,0,6,0,2
231,1,1,354,3,86,0,1,3,1
232,3,4,347,3,83,3,5,1,1
233,3,1,354,2,77,2,6,2,3
234,0,4,308,6,124,2,6,0,0
235,1,3,281,0,156,4,2,3,0
236,2,1,267,1,176,0,0,2,1
237,1,2,245,3,192,1,3,1,2
238,1,2,216,0,222,3,2,1,3
239,2,1,294,4,143,2,1,1,2
240,1,1,319,0,126,2,0,0,1
241,5,0,328,1,106,2,0,6,2
242,2,1,348,1,94,1,0,2,1
243,2,3,316,1,122,3,0,2,1
244,3,2,274,4,160,2,2,1,2
245,0,2,265,2,174,2,1,2,2
246,2,2,246,1,190,1,2,5,1
247,1,2,238,0,200,2,3,2,2
248,5,4,225,1,207,0,3,2,3
249,3,0,237,0,199,4,4,1,2
250,1,0,232,1,207,0,3,1,5
251,2,3,237,2,201,1,1,2,1
252,1,3,208,2,231,1,1,0,3
253,4,0,203,2,238,1,0,1,1
254,0,1,209,3,230,0,3,3,1
255,2,0,216,1,225,0,3,0,3
256,1,0,233,0,211,0,1,4,0
257,1,1,217,0,226,1,0,2,2
258,4,0,221,2,217,1,2,1,2
259,2,2,231,2,210,1,1,1,0
260,1,2,228,1,209,1,4,1,3
261,1,1,200,2,243,0,2,0,1
262,1,2,239,1,201,2,0,3,1
263,4,0,234,1,208,0,1,0,2
264,2,3,200,0,241,1,0,1,2
265,1,1,133,2,307,0,1,3,2
266,1,4,107,0,327,3,3,3,2
267,4,4,88,3,339,2,5,4,1
268,5,2,92,3,342,4,1,0,1
269,1,2,70,1,369,1,0,4,2
270,2,3,58,3,375,5,2,1,1
271,2,2,104,2,330,0,3,3,4
272,1,1,125,3,314,3,1,1,1
273,1,3,166,1,269,0,4,3,3
274,2,4,178,0,260,2,1,1,2
275,2,2,196,2,240,2,1,2,3
276,2,1,212,3,228,0,1,1,2
277,1,2,189,1,252,0,1,1,3
278,0,2,223,3,218,3,0,1,0
279,1,0,225,1,221,1,1,0,0
280,0,5,241,1,196,3,1,3,0
281,0,3,211,3,230,1,0,1,1
282,0,0,210,0,231,4,1,3,1
283,2,2,233,3,207,2,1,0,0
284,2,0,218,1,226,1,1,1,0
285,2,3,225,1,209,5,2,0,3
286,2,0,243,1,201,0,1,1,1
287,1,1,214,0,227,5,1,1,0
288,0,2,224,1,220,2,0,0,1
289,3,1,224,0,216,1,1,3,1
290,1,1,216,1,223,1,2,2,3
291,0,1,230,1,212,1,2,0,3
292,1,1,226,1,213,2,2,3,1
293,2,1,188,0,252,0,3,3,1
294,4,0,208,1,229,3,1,3,1
295,2,2,226,1,212,0,4,2,1
296,0,2,213,3,228,1,1,1,1
297,8,2,209,0,227,0,1,2,1
298,1,1,216,4,224,1,2,1,0
299,1,1,209,2,229,2,1,1,4
