iteration,exchange,exchangeRandom,inversion,swap,scramble,randomShuffle,add,addRandomly,shift
0,50,50,50,50,50,50,50,50,50
1,58,49,50,52,45,41,58,57,40
2,118,53,34,45,40,30,46,42,42
3,177,40,38,26,30,34,31,38,36
4,146,16,27,29,27,23,118,39,25
5,122,22,25,26,18,31,159,26,21
6,99,99,15,22,18,18,133,19,27
7,95,91,12,19,90,14,101,12,16
8,65,66,15,15,158,9,99,14,9
9,36,44,15,17,231,14,67,6,20
10,50,38,12,10,255,4,64,7,10
11,35,50,9,4,284,9,44,5,10
12,29,27,8,6,320,4,41,10,5
13,21,32,9,6,332,7,30,7,6
14,17,22,6,7,283,5,102,2,6
15,15,20,4,5,222,4,170,7,3
16,11,18,5,4,266,4,140,0,2
17,14,15,3,2,206,5,195,5,5
18,7,15,6,4,163,6,241,3,5
19,5,17,2,6,144,4,267,1,4
20,5,10,5,1,126,3,291,6,3
21,3,9,3,1,80,4,345,4,1
22,3,6,2,1,82,2,350,1,3
23,2,4,6,3,146,6,278,1,4
24,5,6,2,0,219,0,213,1,4
25,5,3,2,2,222,3,205,7,1
26,3,4,1,5,269,7,155,1,5
27,5,2,2,1,297,2,134,4,3
28,2,5,3,4,337,2,93,1,3
29,5,1,3,4,352,2,76,5,2
30,4,2,1,3,369,2,61,3,5
31,91,3,4,6,287,1,52,4,2
32,150,2,2,6,243,3,40,2,2
33,208,4,4,3,185,1,38,3,4
34,263,7,4,1,141,0,31,3,0
35,293,4,4,2,115,4,26,0,2
36,308,1,4,1,112,3,17,0,4
37,327,1,3,0,92,2,23,1,1
38,361,0,1,2,68,2,10,3,3
39,359,2,3,1,63,1,18,1,2
40,378,2,5,4,41,3,13,3,1
41,385,0,5,4,39,5,6,1,5
42,393,0,2,5,34,1,5,6,4
43,384,2,6,6,31,5,12,3,1
44,419,1,4,1,13,3,2,4,3
45,404,3,5,5,14,5,8,3,3
46,348,2,3,6,77,2,5,3,4
47,349,2,1,1,85,4,4,3,1
48,354,2,4,6,70,3,4,5,2
49,271,2,0,4,160,1,8,2,2
50,322,1,3,4,107,3,6,3,1
51,353,5,2,1,82,3,2,1,1
52,370,1,2,5,63,4,0,2,3
53,369,3,2,3,58,2,2,7,4
54,377,2,4,3,48,4,5,4,3
55,388,3,2,5,41,3,3,2,3
56,402,4,3,2,32,1,3,2,1
57,402,3,4,4,26,3,1,5,2
58,408,3,2,3,23,3,5,1,2
59,416,3,1,3,17,4,2,3,1
60,417,4,3,1,19,2,2,2,0
61,353,3,4,1,79,6,4,0,0
62,303,4,4,0,130,3,2,3,1
63,257,1,4,3,175,1,3,2,4
64,207,5,5,1,226,0,1,0,5
65,152,2,4,6,278,1,3,2,2
66,147,1,2,1,290,3,2,3,1
67,98,1,3,2,338,1,3,0,4
68,77,1,2,2,361,3,0,2,2
69,75,2,4,4,360,0,3,0,2
70,62,5,3,0,371,2,1,3,3
71,45,3,4,1,386,3,4,3,1
72,37,4,5,3,391,4,1,2,3
73,33,2,2,2,396,4,3,2,6
74,24,0,0,1,415,3,0,1,6
75,28,2,2,2,406,2,3,2,3
76,16,6,4,3,410,6,3,1,1
77,15,1,0,1,426,1,2,2,2
78,11,4,4,5,412,4,5,3,2
79,14,2,1,1,423,5,2,1,1
80,16,3,3,2,340,3,72,5,6
81,4,3,2,4,290,0,143,1,3
82,10,4,3,5,230,2,188,3,5
83,3,3,7,1,172,3,257,4,0
84,8,3,4,3,133,2,289,5,3
85,6,2,2,1,130,1,303,1,4
86,2,4,4,2,75,1,360,2,0
87,3,3,5,1,83,6,346,2,1
88,6,5,4,2,51,2,374,5,1
89,4,5,3,3,58,3,367,4,3
90,7,3,1,3,42,2,384,4,4
91,5,2,1,3,43,1,390,5,0
92,2,3,2,3,28,2,406,3,1
93,1,5,6,2,20,1,408,5,2
94,1,1,1,6,11,2,421,5,2
95,3,6,4,2,23,1,404,3,4
96,3,5,4,0,13,2,413,7,3
97,1,1,3,1,12,2,425,3,2
98,4,1,0,0,11,2,432,0,0
99,6,5,1,5,6,3,420,0,4
100,3,2,0,1,11,1,425,3,4
101,5,5,0,1,6,3,423,4,3
102,4,6,3,4,4,3,424,2,0
103,6,1,3,0,2,1,433,0,4
104,3,3,0,5,5,1,424,5,4
105,3,2,3,2,0,1,431,6,2
106,2,1,4,4,2,1,431,1,4
107,5,2,1,1,6,4,427,1,3
108,10,1,4,1,2,3,426,2,1
109,5,7,0,3,2,1,426,6,0
110,4,3,4,2,1,1,428,4,3
111,2,3,3,1,3,1,433,3,1
112,3,4,5,1,0,1,434,1,1
113,4,2,3,3,0,3,428,3,4
114,3,2,3,2,4,2,428,3,3
115,1,2,3,5,1,2,429,4,3
116,2,3,2,1,3,4,430,2,3
117,3,2,5,4,1,3,429,3,0
118,3,3,2,5,0,0,434,2,1
119,0,5,2,1,1,0,436,3,2
120,3,2,0,3,4,4,428,2,4
121,5,4,2,4,9,4,417,4,1
122,3,3,2,1,2,5,430,4,0
123,3,2,1,1,2,1,434,3,3
124,1,1,5,2,1,2,431,6,1
125,3,3,3,4,3,5,420,6,3
126,3,1,1,2,2,1,431,2,7
127,2,1,1,2,2,1,434,2,5
128,1,5,2,2,1,1,432,3,3
129,2,1,3,2,4,4,426,6,2
130,2,3,2,1,3,2,432,4,1
131,6,1,6,2,4,2,427,0,2
132,3,0,4,1,3,1,434,3,1
133,3,4,6,3,0,2,424,4,4
134,1,2,1,0,5,3,431,2,5
135,0,4,2,1,6,1,430,1,5
136,1,0,3,3,2,2,434,2,3
137,1,4,5,4,1,2,430,2,1
138,2,6,2,2,0,3,428,3,4
139,2,4,4,3,3,0,427,6,1
140,5,1,6,2,1,1,430,3,1
141,5,1,3,2,3,1,431,2,2
142,8,0,0,1,2,3,430,3,3
143,2,4,4,3,4,3,423,3,4
144,1,2,0,1,2,2,436,5,1
145,2,0,0,3,1,1,436,4,3
146,1,4,4,2,1,2,430,4,2
147,2,1,3,2,1,3,430,5,3
148,2,0,1,5,3,1,430,4,4
149,4,3,1,3,4,1,428,1,5
150,2,2,1,4,7,1,431,1,1
151,2,2,2,3,79,3,356,1,2
152,2,5,1,0,115,5,317,2,3
153,3,0,0,4,142,4,291,1,5
154,1,0,2,4,135,0,304,4,0
155,2,4,4,4,98,1,336,0,1
156,2,3,0,2,79,1,362,0,1
157,1,7,3,3,66,4,365,1,0
158,1,1,4,62,43,4,332,0,3
159,2,1,3,125,27,5,283,2,2
160,3,1,2,92,35,0,313,3,1
161,1,1,0,80,18,1,346,1,2
162,1,1,1,58,19,2,364,2,2
163,1,1,0,52,6,0,386,3,1
164,0,5,2,42,19,4,374,4,0
165,1,2,5,37,9,4,383,5,4
166,0,0,0,35,10,3,400,2,0
167,0,2,1,21,9,0,413,4,0
168,4,1,1,11,12,1,413,5,2
169,4,2,3,15,7,2,411,4,2
170,2,2,0,18,6,3,415,2,2
171,1,2,2,14,3,2,420,5,1
172,1,2,4,11,2,1,419,5,5
173,1,1,4,7,6,1,426,1,3
174,2,3,0,12,6,2,423,0,2
175,0,3,3,10,4,5,421,2,2
176,2,2,2,7,5,4,418,6,4
177,1,4,0,5,6,3,427,3,1
178,1,2,1,10,0,3,429,1,3
179,3,7,2,2,0,8,421,3,4
180,7,2,1,3,2,2,428,3,2
181,1,3,6,3,2,1,429,0,5
182,5,6,3,3,3,6,413,2,9
183,63,3,3,0,3,2,371,4,1
184,150,2,2,4,1,5,284,2,0
185,185,0,5,3,3,3,249,2,0
186,234,8,3,3,1,4,189,5,3
187,296,7,2,1,5,1,134,3,1
188,323,5,1,1,5,1,109,3,2
189,345,2,1,3,4,2,83,8,2
190,356,2,5,2,3,3,75,1,3
191,376,2,2,2,0,2,61,4,1
192,322,1,0,5,1,1,112,7,1
193,291,0,8,0,3,3,145,0,0
194,216,1,69,0,1,2,161,0,0
195,166,0,116,1,1,2,161,1,2
196,120,0,138,1,1,0,188,0,2
197,88,1,204,0,2,4,150,0,1
198,81,2,242,0,3,1,117,2,2
199,136,2,229,1,2,2,77,1,0
200,147,2,241,2,3,4,47,1,3
201,163,1,244,1,0,1,36,2,2
202,141,1,277,3,2,0,17,4,5
203,110,1,310,2,2,0,17,5,3
204,80,1,345,0,1,0,19,2,2
205,176,1,241,4,5,2,16,2,3
206,208,2,218,5,0,2,12,3,0
207,255,2,167,4,5,2,9,4,2
208,285,5,146,2,2,0,6,2,2
209,337,2,90,4,1,3,10,2,1
210,332,7,90,4,1,2,10,0,4
211,355,5,73,2,1,2,4,3,5
212,361,5,65,3,5,1,6,1,3
213,395,1,37,3,3,0,4,3,4
214,392,2,38,3,2,3,3,2,5
215,403,2,31,3,1,2,3,2,3
216,404,2,27,1,2,6,2,4,2
217,413,3,21,1,2,4,2,3,1
218,411,2,18,5,2,6,4,1,1
219,417,6,16,2,2,1,1,2,3
220,419,6,14,1,5,2,1,0,2
221,419,1,8,2,6,4,3,2,5
222,431,3,6,1,3,0,1,3,2
223,422,2,12,6,2,2,4,0,0
224,425,2,7,2,0,3,6,1,4
225,432,2,7,2,1,2,0,4,0
226,423,5,3,2,5,3,7,1,1
227,428,6,3,1,1,0,7,1,3
228,422,4,4,6,1,6,4,2,1
229,425,5,5,1,4,3,2,3,2
230,430,2,3,0,6,4,2,1,2
231,424,2,5,2,2,2,6,3,4
232,428,5,1,1,3,5,4,3,0
233,427,5,2,3,5,1,2,3,2
234,427,3,5,4,0,3,3,2,3
235,425,5,4,2,1,2,7,2,2
236,421,5,5,5,5,1,2,3,3
237,428,4,1,3,7,2,2,1,2
238,439,0,3,2,0,2,1,2,1
239,421,4,2,5,4,6,3,3,2
240,424,6,3,5,3,4,1,2,2
241,432,4,2,3,0,4,2,1,2
242,439,0,3,2,1,0,2,1,2
243,435,1,2,1,4,4,2,0,1
244,433,1,2,0,3,5,4,2,0
245,425,3,1,3,4,6,4,2,2
246,427,4,6,0,1,4,2,3,3
247,435,1,0,3,0,1,1,4,5
248,421,3,2,1,2,2,5,12,2
249,435,2,3,1,1,2,1,3,2
250,426,5,3,3,6,3,3,1,0
251,423,2,4,5,2,2,4,2,6
252,434,0,3,0,3,3,2,1,4
253,429,2,0,4,2,5,2,3,3
254,434,3,3,0,3,0,2,3,2
255,424,3,2,5,2,5,0,1,8
256,424,1,4,2,2,3,4,3,7
257,430,4,3,3,2,0,4,2,2
258,433,3,2,0,4,5,1,1,1
259,436,3,1,2,3,1,1,0,3
260,425,4,5,4,1,2,2,1,6
261,427,5,5,3,1,3,1,3,2
262,426,2,0,6,4,2,3,3,4
263,430,3,1,2,4,4,3,0,3
264,432,2,1,3,4,3,4,1,0
265,426,5,2,4,4,2,4,2,1
266,427,4,1,1,2,6,3,2,4
267,428,5,6,1,1,4,1,2,2
268,363,3,3,2,6,3,3,62,5
269,329,1,0,3,1,4,2,109,1
270,285,1,1,2,1,2,1,154,3
271,335,1,1,2,2,3,0,106,0
272,345,1,4,2,0,1,1,96,0
273,348,2,2,3,1,1,5,85,3
274,375,0,1,4,4,2,2,57,5
275,332,1,0,0,2,1,3,110,1
276,281,2,0,4,0,0,1,162,0
277,249,1,1,2,0,2,3,191,1
278,211,2,3,3,3,3,0,223,2
279,179,3,1,1,1,1,1,260,3
280,150,5,4,0,1,3,2,282,3
281,101,1,2,2,1,2,3,334,4
282,82,4,2,3,4,1,2,351,1
283,66,2,2,94,2,3,2,277,2
284,58,2,1,132,0,3,1,251,2
285,40,0,2,154,4,2,3,244,1
286,31,3,3,165,1,1,1,245,0
287,17,0,4,144,2,1,0,277,5
288,13,2,4,196,5,5,2,223,0
289,11,2,1,249,3,5,1,175,3
290,4,1,3,238,1,1,2,197,3
291,9,4,2,234,1,0,0,199,1
292,3,0,1,235,0,0,3,204,4
293,2,3,3,290,1,1,4,143,3
294,5,1,5,319,3,1,4,111,1
295,3,1,3,322,3,1,3,110,4
296,1,1,3,344,2,4,1,94,0
297,4,4,5,363,2,3,3,65,1
298,1,1,3,383,1,3,2,56,0
299,1,5,2,384,1,2,4,48,3
