iteration,exchange,exchangeRandom,inversion,swap,scramble,add,addRandomly,shift
0,100,100,100,100,100,100,100,100
1,100,90,96,105,97,106,96,110
2,83,91,190,77,94,95,90,80
3,85,78,275,87,61,76,66,72
4,71,54,341,67,57,60,79,71
5,62,59,240,66,56,185,67,65
6,63,51,224,59,61,255,36,51
7,67,57,165,45,45,299,63,59
8,53,51,126,55,62,351,46,56
9,60,46,118,56,51,369,59,41
10,43,46,83,47,47,413,69,52
11,63,46,82,47,43,439,45,35
12,53,56,61,40,32,352,157,49
13,47,44,65,36,41,404,125,38
14,35,54,73,26,44,285,240,43
15,47,46,69,37,38,222,303,38
16,50,38,67,36,49,192,338,30
17,34,65,52,38,43,159,376,33
18,37,52,57,45,36,253,279,41
19,49,51,55,42,36,288,232,47
20,48,37,49,47,50,334,198,37
21,34,62,31,46,50,387,157,33
22,50,29,46,54,50,409,123,39
23,41,46,37,40,59,410,123,44
24,40,38,31,35,58,466,91,41
25,29,33,39,47,47,497,66,42
26,41,34,39,38,40,463,87,58
27,156,34,42,50,51,352,64,51
28,212,45,40,41,48,311,68,35
29,287,50,50,46,41,254,45,27
30,340,44,45,55,48,169,54,45
31,387,38,44,46,44,148,58,35
32,402,50,40,48,51,122,50,37
33,421,48,41,49,48,103,56,34
34,316,48,51,44,44,207,55,35
35,279,56,48,36,40,255,41,45
36,226,51,34,44,33,336,45,31
37,271,37,52,47,36,260,54,43
38,326,45,38,41,37,223,44,46
39,267,36,37,46,55,273,49,37
40,201,43,43,52,46,327,47,41
41,173,34,32,49,41,388,46,37
42,254,54,44,47,32,282,44,43
43,326,39,36,47,30,247,35,40
44,355,37,41,41,34,184,53,55
45,382,31,38,36,44,167,48,54
46,410,68,27,25,38,126,38,68
47,454,30,41,43,27,110,50,45
48,451,48,35,57,41,86,40,42
49,463,46,32,53,42,70,43,51
50,495,42,34,59,32,63,41,34
51,496,32,29,58,38,60,45,42
52,508,33,36,56,26,62,41,38
53,491,48,49,65,29,49,43,26
54,495,39,43,52,47,54,40,30
55,496,44,43,31,42,62,42,40
56,504,47,38,36,35,54,43,43
57,542,48,26,39,39,41,33,32
58,495,39,39,67,46,42,35,37
59,481,52,55,47,47,40,39,39
60,458,68,51,39,46,52,43,43
61,358,44,47,66,41,158,40,46
62,431,36,40,47,28,123,41,54
63,444,47,45,45,29,97,48,45
64,465,27,51,45,36,86,43,47
65,469,42,47,47,41,70,46,38
66,478,51,45,50,28,66,41,41
67,477,51,46,41,25,78,34,48
68,395,38,42,41,30,62,40,152
69,402,33,49,52,33,62,32,137
70,422,53,54,46,41,51,33,100
71,444,42,48,40,34,66,36,90
72,439,46,52,35,33,54,52,89
73,486,41,39,47,34,45,27,81
74,490,34,42,45,29,53,43,64
75,472,42,46,27,43,49,44,77
76,504,45,46,31,32,37,43,62
77,472,40,46,37,40,53,47,65
78,494,42,43,46,28,36,47,64
79,501,32,33,50,30,46,55,53
80,518,45,31,36,35,45,31,59
81,505,58,38,36,37,33,41,52
82,495,37,31,40,35,31,67,64
83,481,48,38,48,41,56,40,48
84,491,59,38,49,45,32,51,35
85,506,53,29,43,40,34,37,58
86,511,34,38,34,35,42,38,68
87,416,39,55,30,29,36,29,166
88,423,52,45,33,25,45,48,129
89,452,55,45,36,40,28,46,98
90,492,48,40,38,32,28,45,77
91,362,148,39,43,34,40,50,84
92,419,109,48,45,24,51,45,59
93,298,225,38,44,36,43,48,68
94,253,179,40,44,30,25,50,179
95,324,130,33,50,34,34,43,152
96,372,113,26,42,28,35,42,142
97,374,122,34,54,44,33,29,110
98,301,82,36,47,154,39,34,107
99,347,93,28,46,124,43,36,83
100,418,72,30,36,97,46,38,63
101,422,70,48,21,95,41,31,72
102,438,57,42,31,73,35,60,64
103,468,50,54,31,68,39,43,47
104,471,40,53,37,68,49,33,49
105,480,50,32,43,66,34,36,59
106,498,41,42,40,59,32,34,54
107,472,49,44,58,53,35,41,48
108,505,63,49,36,37,37,31,42
109,514,44,40,36,51,42,34,39
110,506,49,40,31,47,41,47,39
111,493,50,49,33,54,32,46,43
112,505,44,40,29,57,41,45,39
113,492,31,42,37,44,39,54,61
114,472,40,46,36,50,53,55,48
115,490,37,41,49,43,49,44,47
116,495,36,69,35,42,30,50,43
117,477,41,62,44,48,40,43,45
118,474,39,69,22,47,57,46,46
119,396,47,147,43,44,39,49,35
120,411,44,134,41,39,52,36,43
121,430,40,110,34,38,48,53,47
122,421,42,104,41,60,45,41,46
123,450,44,91,33,47,50,32,53
124,474,30,83,47,48,38,40,40
125,400,42,167,29,55,33,36,38
126,415,48,130,27,55,43,43,39
127,438,57,121,42,43,45,32,22
128,351,61,189,38,50,47,35,29
129,263,54,284,44,55,32,38,30
130,311,51,241,43,42,36,31,45
131,356,53,169,39,61,36,34,52
132,400,58,158,38,36,35,42,33
133,430,51,118,42,35,41,42,41
134,435,39,96,48,41,45,35,61
135,448,36,103,53,40,35,32,53
136,466,41,96,29,37,49,33,49
137,495,53,65,37,32,28,41,49
138,507,46,68,26,30,38,34,51
139,534,37,57,20,42,37,24,49
140,474,56,49,43,36,47,44,51
141,498,44,54,46,27,39,41,51
142,500,35,39,47,34,41,38,66
143,508,39,40,43,26,66,35,43
144,514,38,29,39,48,40,44,48
145,536,37,36,31,27,49,37,47
146,503,43,41,49,29,52,46,37
147,504,37,43,47,36,46,51,36
148,487,35,51,41,30,44,53,59
149,390,37,46,149,37,33,65,43
150,324,29,44,213,41,40,58,51
151,259,23,46,172,40,53,166,41
152,305,38,32,157,46,50,116,56
153,248,44,50,125,58,42,185,48
154,201,34,31,115,55,40,186,138
155,258,41,35,96,42,38,166,124
156,223,46,38,75,35,42,226,115
157,179,48,53,79,45,41,181,174
158,144,38,27,73,50,47,256,165
159,224,43,48,55,33,57,204,136
160,194,52,40,46,37,41,276,114
161,154,40,53,56,52,45,307,93
162,138,29,41,41,48,41,381,81
163,102,50,49,44,39,39,416,61
164,88,27,36,56,38,41,450,64
165,82,22,37,50,49,67,438,55
166,79,26,42,29,53,52,465,54
167,54,32,146,57,57,50,365,39
168,47,37,121,44,39,60,404,48
169,48,34,202,41,54,49,336,36
170,39,48,289,35,48,58,249,34
171,43,38,325,38,44,44,223,45
172,50,45,370,43,50,47,146,49
173,41,47,406,53,36,41,135,41
174,62,42,417,38,49,34,126,32
175,54,65,447,43,36,45,77,33
176,47,53,462,42,37,43,85,31
177,63,45,464,39,34,44,68,43
178,51,54,452,48,52,34,70,39
179,59,54,441,30,52,39,92,33
180,45,51,482,34,52,40,64,32
181,45,52,474,31,50,57,49,42
182,34,54,488,35,42,46,60,41
183,43,46,497,42,35,56,51,30
184,47,49,483,38,49,52,44,38
185,50,56,492,31,59,40,35,37
186,146,43,398,26,53,47,51,36
187,121,50,295,35,54,46,151,48
188,97,56,328,35,45,53,141,45
189,99,51,354,43,64,44,96,49
190,83,46,407,54,37,41,86,46
191,64,39,308,53,59,47,180,50
192,171,31,248,57,36,47,155,55
193,133,40,306,40,45,44,144,48
194,113,62,334,44,48,42,106,51
195,92,48,405,43,51,32,80,49
196,79,54,399,58,44,51,73,42
197,66,45,441,41,48,49,65,45
198,72,35,444,48,30,45,79,47
199,57,55,428,44,46,44,82,44
200,53,36,334,49,37,46,183,62
201,48,49,390,34,49,36,147,47
202,52,51,430,33,37,29,124,44
203,43,41,458,34,44,30,96,54
204,38,42,339,36,44,49,200,52
205,40,46,377,32,55,34,166,50
206,36,48,408,38,54,38,123,55
207,43,45,419,39,40,46,108,60
208,41,61,454,40,35,46,86,37
209,59,38,494,31,26,30,82,40
210,50,56,473,36,36,43,67,39
211,52,62,475,26,44,42,65,34
212,44,51,489,31,43,38,66,38
213,46,43,461,32,57,41,74,46
214,38,46,492,30,43,37,70,44
215,50,29,489,38,38,62,53,41
216,37,40,510,40,33,43,59,38
217,46,76,475,37,35,45,42,44
218,42,49,504,31,55,31,37,51
219,37,48,525,31,42,31,46,40
220,38,46,506,36,37,46,62,29
221,47,51,483,51,35,30,59,44
222,49,55,521,41,24,33,42,35
223,33,46,530,37,31,42,36,45
224,56,46,499,34,30,47,47,41
225,48,53,508,35,42,37,36,41
226,35,54,504,43,45,59,33,27
227,42,47,509,48,49,50,23,32
228,55,52,489,53,35,37,34,45
229,39,37,395,53,49,40,36,151
230,40,42,421,52,35,43,46,121
231,35,49,434,51,44,46,34,107
232,31,39,464,47,44,62,32,81
233,32,38,446,65,44,62,40,73
234,30,41,453,58,59,54,36,69
235,40,54,348,50,165,42,37,64
236,27,49,303,58,226,40,40,57
237,33,58,331,50,197,38,49,44
238,48,58,385,36,146,39,41,47
239,46,40,420,43,132,35,28,56
240,34,55,438,46,106,40,36,45
241,42,40,464,44,98,35,36,41
242,49,28,471,47,92,32,42,39
243,39,27,496,55,64,35,48,36
244,53,36,475,53,52,48,47,36
245,38,46,484,36,64,45,47,40
246,48,49,392,39,159,51,41,21
247,37,43,306,34,263,42,41,34
248,37,50,351,31,203,55,32,41
249,152,45,288,33,159,38,37,48
250,127,41,326,33,118,60,36,59
251,113,48,240,134,117,48,44,56
252,212,47,207,106,95,42,34,57
253,163,38,190,116,73,54,19,147
254,133,47,121,80,74,55,38,252
255,115,44,126,86,59,157,38,175
256,213,35,86,75,58,115,42,176
257,263,34,74,73,53,125,44,134
258,307,45,85,58,61,83,48,113
259,270,43,62,168,59,71,41,86
260,189,41,64,245,43,86,43,89
261,181,36,62,192,37,171,53,68
262,143,38,63,261,45,146,37,67
263,231,32,59,219,38,96,67,58
264,191,27,50,296,40,101,47,48
265,163,33,54,332,32,66,56,64
266,138,41,38,377,45,70,40,51
267,105,22,54,402,47,58,54,58
268,109,41,40,421,32,77,34,46
269,190,32,44,367,37,54,32,44
270,242,38,35,261,52,67,52,53
271,215,36,35,206,53,168,44,43
272,163,34,44,188,41,238,49,43
273,142,34,50,249,42,197,44,42
274,244,39,50,197,45,149,39,37
275,277,35,41,169,40,139,53,46
276,375,28,30,127,39,119,49,33
277,264,30,41,225,49,94,47,50
278,230,32,37,285,47,72,51,46
279,294,39,35,216,45,82,54,35
280,321,50,37,196,49,47,55,45
281,271,51,39,242,41,53,46,57
282,296,54,53,201,37,60,53,46
283,372,48,42,162,37,55,39,45
284,393,61,26,140,56,40,34,50
285,311,47,39,226,42,46,40,49
286,238,38,35,285,56,62,49,37
287,322,47,50,215,41,40,43,42
288,350,51,30,185,54,41,51,38
289,296,157,31,154,45,40,37,40
290,351,127,36,121,42,41,48,34
291,259,125,44,207,50,37,33,45
292,201,208,30,192,41,39,47,42
293,137,159,50,260,41,43,54,56
294,130,135,48,315,44,37,54,37
295,219,99,45,265,48,29,46,49
296,187,220,48,176,36,35,48,50
297,159,168,37,242,48,46,51,49
298,227,129,42,229,56,25,46,46
299,301,115,47,165,49,34,47,42
300,359,97,44,142,35,33,38,52
301,400,76,47,113,35,32,51,46
302,293,204,45,104,47,27,34,46
303,246,251,33,78,54,38,53,47
304,196,306,28,79,52,40,41,58
305,160,255,40,177,44,41,39,44
306,245,214,36,155,45,34,29,42
307,195,184,40,108,47,40,32,154
308,273,137,50,101,44,48,30,117
309,299,124,44,87,42,39,53,112
310,259,214,38,83,44,51,30,81
311,324,173,29,63,39,52,37,83
312,246,238,47,54,45,46,46,78
313,195,310,35,66,49,50,31,64
314,274,226,22,62,49,36,43,88
315,341,199,37,53,35,48,35,52
316,240,280,42,61,39,47,32,59
317,223,314,41,43,41,51,46,41
318,254,279,37,50,38,40,53,49
319,217,220,25,167,39,38,44,50
320,271,174,39,155,38,42,29,52
321,226,143,39,209,46,37,46,54
322,277,132,38,177,49,33,45,49
323,318,90,55,171,36,39,35,56
324,385,89,36,132,42,39,47,30
325,319,70,42,199,37,30,48,55
326,350,80,37,170,44,52,41,26
327,373,70,44,163,31,34,30,55
328,409,50,37,139,39,38,48,40
329,457,39,50,99,38,36,36,45
330,453,51,51,88,49,44,33,31
331,471,59,42,79,31,48,38,32
332,481,35,46,84,37,47,30,40
333,446,42,34,72,55,53,56,42
334,503,36,45,53,46,45,32,40
335,504,37,30,75,43,23,35,53
336,498,26,48,45,51,35,50,47
337,513,30,33,45,50,38,45,46
338,538,31,28,53,43,31,34,42
339,476,42,44,46,53,36,47,56
340,501,32,38,43,41,41,50,54
341,486,49,40,59,40,52,36,38
342,496,46,47,50,40,53,37,31
343,514,53,35,40,46,40,37,35
344,515,57,53,34,26,32,41,42
345,517,56,32,52,41,45,26,31
346,407,45,46,52,32,151,24,43
347,292,48,39,52,48,240,36,45
348,236,46,40,47,41,293,36,61
349,315,37,49,40,42,239,30,48
350,332,46,48,40,45,197,40,52
351,367,47,36,43,38,170,42,57
352,396,49,44,43,35,138,54,41
353,432,37,46,50,50,116,32,37
354,434,35,38,52,46,111,41,43
355,357,47,48,60,50,160,40,38
356,289,42,48,43,37,136,174,31
357,219,39,56,46,37,242,114,47
358,278,34,53,49,43,168,117,58
359,259,46,45,50,43,210,91,56
360,183,36,49,43,44,317,83,45
361,251,33,49,51,46,253,55,62
362,199,42,38,56,33,326,63,43
363,174,34,53,52,36,348,64,39
364,133,46,53,47,35,386,50,50
365,112,48,36,45,35,442,48,34
366,88,50,41,50,39,445,47,40
367,214,49,53,49,30,323,41,41
368,175,47,37,39,30,382,43,47
369,125,57,36,54,32,397,50,49
370,128,41,47,34,30,421,49,50
371,107,34,37,39,50,443,43,47
372,97,40,37,43,37,347,35,164
373,69,38,30,47,36,413,43,124
374,66,43,46,38,42,423,42,100
375,55,44,32,66,36,439,49,79
376,61,60,43,48,41,420,43,84
377,67,42,47,39,41,436,54,74
378,159,57,47,24,44,362,43,64
379,258,40,34,42,39,276,48,63
380,281,45,41,42,44,246,43,58
381,215,44,44,38,43,319,42,55
382,297,40,50,34,39,235,46,59
383,244,46,52,25,36,290,57,50
384,175,40,46,43,35,373,44,44
385,278,39,44,29,48,261,49,52
386,206,41,144,29,42,230,51,57
387,175,40,235,33,38,176,45,58
388,132,61,287,44,40,141,44,51
389,118,49,333,33,45,124,52,46
390,99,45,414,40,28,91,35,48
391,76,41,436,40,37,78,47,45
392,74,44,422,42,42,75,47,54
393,86,32,452,34,36,70,40,50
394,74,38,351,41,40,153,53,50
395,176,29,267,39,48,155,32,54
396,141,38,352,36,50,102,38,43
397,111,36,276,42,54,99,142,40
398,94,52,310,57,45,88,125,29
399,94,46,341,36,46,82,105,50
400,66,41,413,39,48,70,84,39
401,76,56,412,37,43,65,78,33
402,61,50,433,45,51,55,68,37
403,67,46,444,58,43,47,68,27
404,47,36,478,64,56,42,50,27
405,48,37,373,148,42,56,55,41
406,47,45,424,126,46,37,49,26
407,47,38,441,117,49,36,38,34
408,41,57,346,196,42,32,46,40
409,36,60,370,150,44,39,54,47
410,38,38,410,130,45,42,52,45
411,40,158,334,108,43,33,49,35
412,45,109,381,102,39,38,54,32
413,54,87,394,88,44,40,43,50
414,44,89,400,84,43,33,58,49
415,46,85,440,62,30,44,40,53
416,38,74,448,74,50,37,38,41
417,49,61,436,80,40,38,53,43
418,60,45,490,54,31,33,37,50
419,67,40,456,62,41,39,41,54
420,58,48,482,55,29,42,39,47
421,54,58,489,40,41,47,36,35
422,47,45,498,51,42,37,40,40
423,56,46,498,34,31,45,51,39
424,49,42,506,43,36,37,34,53
425,58,28,514,40,40,33,49,38
426,49,47,525,35,38,32,42,32
427,64,33,518,25,43,45,37,35
428,35,50,515,48,41,48,33,30
429,36,31,510,41,54,48,40,40
430,63,28,510,40,34,43,46,36
431,46,35,384,37,51,50,47,150
432,53,29,307,44,46,42,47,232
433,49,37,241,28,43,36,54,312
434,59,38,196,37,45,39,53,333
435,36,41,154,48,48,51,134,288
436,42,51,128,48,31,41,144,315
437,48,39,115,45,36,29,215,273
438,51,45,90,35,44,28,176,331
439,146,37,91,38,40,39,160,249
440,123,165,59,53,46,39,107,208
441,100,136,58,40,37,28,109,292
442,93,114,55,40,30,42,86,340
443,83,199,73,45,26,36,85,253
444,68,284,67,33,35,44,72,197
445,160,213,69,42,35,37,57,187
446,261,165,66,40,33,33,58,144
447,196,259,58,48,31,43,51,114
448,170,325,54,38,29,44,53,87
449,146,238,50,47,39,38,56,186
450,205,221,57,46,40,32,61,138
451,323,152,48,49,39,47,35,107
452,370,122,45,39,50,38,37,99
453,367,102,51,40,54,58,37,91
454,409,97,41,30,48,54,45,76
455,422,80,43,31,32,54,52,86
456,441,62,60,37,37,41,54,68
457,466,72,33,44,41,52,43,46
458,480,47,29,41,44,49,51,56
459,487,51,50,51,23,42,42,51
460,477,40,42,57,29,48,44,60
461,480,53,35,53,41,49,40,46
462,477,46,23,68,44,59,34,46
463,391,41,47,49,43,35,40,151
464,326,42,41,42,36,47,32,231
465,235,145,37,52,45,41,29,213
466,293,113,46,49,38,56,52,150
467,237,102,27,149,45,45,55,137
468,189,84,53,114,33,44,45,235
469,154,82,41,115,38,42,55,270
470,133,71,50,94,43,49,50,307
471,103,63,42,179,39,45,39,287
472,69,81,42,160,44,55,47,299
473,80,60,34,257,37,39,35,255
474,63,51,33,193,46,56,40,315
475,62,60,33,167,146,42,40,247
476,63,43,42,119,133,45,29,323
477,57,57,53,104,104,32,32,358
478,62,59,26,97,92,48,32,381
479,167,44,35,74,90,31,32,324
480,236,38,50,63,64,46,38,262
481,187,56,37,72,80,38,40,287
482,268,50,41,74,54,37,47,226
483,228,37,41,52,51,43,38,307
484,171,48,44,54,46,44,45,345
485,137,47,43,33,49,51,46,391
486,118,53,42,52,34,51,47,400
487,102,49,33,45,43,57,51,417
488,92,47,25,53,68,53,53,406
489,64,51,23,67,40,44,45,463
490,49,56,41,59,38,44,39,471
491,39,66,33,57,58,42,48,454
492,54,49,38,54,40,42,39,481
493,50,54,27,62,29,50,37,488
494,48,43,43,38,50,44,44,487
495,33,46,46,50,50,43,36,493
496,30,33,35,44,46,62,57,490
497,33,37,36,48,54,58,40,491
498,35,37,44,39,51,48,32,511
499,38,37,58,41,47,46,32,498
500,43,49,59,33,53,42,42,476
501,38,48,64,29,48,62,52,456
502,43,34,46,39,48,42,37,508
503,37,54,49,28,40,43,46,500
504,38,39,47,37,50,48,48,490
505,30,37,55,38,45,48,33,511
506,30,33,55,43,39,59,47,491
507,41,32,51,29,41,48,49,506
508,34,51,44,35,61,38,39,495
509,43,37,40,40,57,28,46,506
510,44,54,42,40,56,34,31,496
511,53,46,33,39,36,31,45,514
512,36,34,24,32,44,44,42,541
513,38,36,35,43,38,60,27,520
514,38,45,36,39,39,52,40,508
515,29,46,39,41,49,50,43,500
516,41,37,32,44,52,46,40,505
517,39,43,41,57,48,51,39,479
518,49,52,33,37,54,60,33,479
519,48,43,34,46,53,40,37,496
520,39,47,31,56,65,47,23,489
521,39,44,25,38,164,49,34,404
522,39,38,33,40,150,40,34,423
523,42,47,33,36,107,31,41,460
524,58,34,35,49,90,33,60,438
525,50,36,41,37,94,35,59,445
526,44,34,42,48,74,35,37,483
527,39,27,33,55,66,54,42,481
528,52,43,41,53,49,43,43,473
529,26,36,44,44,56,49,65,477
530,43,35,36,47,55,46,39,496
531,41,33,29,40,66,37,57,494
532,37,42,51,40,46,45,48,488
533,36,48,41,29,54,36,46,507
534,28,54,55,32,53,161,34,380
535,30,46,46,40,36,134,45,420
536,39,55,40,43,43,127,35,415
537,36,50,53,46,37,93,30,452
538,27,40,33,24,44,102,45,482
539,44,32,39,35,53,87,34,473
540,40,50,44,37,48,67,43,468
541,40,38,33,33,55,60,42,496
542,52,58,30,40,39,53,44,481
543,33,64,35,44,40,48,41,492
544,44,49,36,42,29,53,52,492
545,42,45,39,40,53,41,46,491
546,44,51,46,41,39,56,38,482
547,36,37,42,48,43,65,37,489
548,41,34,43,41,31,61,41,505
549,45,56,50,39,37,37,47,486
550,45,33,40,67,41,39,45,487
551,42,49,41,39,38,39,48,501
552,41,42,41,40,31,53,39,510
553,48,39,34,41,40,48,48,499
554,32,45,46,23,33,51,44,523
555,54,48,39,39,39,33,48,497
556,40,62,47,60,47,40,33,468
557,47,38,46,39,42,40,34,511
558,45,43,36,49,51,50,51,472
559,53,30,34,40,43,64,41,492
560,50,39,39,45,49,40,50,485
561,45,33,29,42,51,38,25,534
562,40,50,45,34,64,46,33,485
563,32,48,37,49,70,34,40,487
564,52,44,31,46,58,39,48,479
565,51,42,51,28,57,44,27,497
566,47,53,31,25,40,53,47,501
567,45,53,41,49,42,42,39,486
568,53,33,40,40,51,52,43,485
569,50,47,31,49,36,36,42,506
570,40,43,23,46,39,46,50,510
571,43,56,37,40,49,49,43,480
572,36,40,38,42,59,52,51,479
573,45,49,28,40,54,46,35,500
574,48,49,27,44,39,35,57,498
575,48,46,31,47,40,24,59,502
576,29,53,31,54,40,39,48,503
577,56,40,45,44,45,37,45,485
578,40,51,35,40,31,35,29,536
579,49,44,36,44,49,33,41,501
580,47,51,37,47,38,31,40,506
581,46,44,33,41,45,48,49,491
582,34,38,37,47,45,40,47,509
583,34,43,43,57,48,36,55,481
584,41,44,31,47,65,42,52,475
585,36,45,39,46,53,40,44,494
586,28,50,38,34,42,40,39,526
587,36,42,45,32,44,28,53,517
588,34,54,33,48,49,45,40,494
589,49,36,51,52,49,29,44,487
590,40,42,35,56,54,34,36,500
591,47,31,43,42,54,45,45,490
592,52,38,37,37,44,43,35,511
593,47,30,60,43,46,33,40,498
594,46,44,50,52,49,26,32,498
595,30,44,43,58,41,45,50,486
596,50,35,49,50,44,43,50,476
597,65,39,51,32,43,43,34,490
598,53,36,51,39,51,51,54,462
599,56,45,45,24,41,42,38,506
600,47,37,58,48,24,51,36,496
601,56,56,36,53,35,29,33,499
602,41,55,44,56,36,43,32,490
603,41,38,52,53,38,39,57,479
604,51,28,49,49,38,34,52,496
605,38,47,49,33,46,30,45,509
606,62,42,34,53,45,23,29,509
607,43,51,46,58,40,20,45,494
608,71,54,36,47,44,35,29,481
609,63,37,27,33,46,39,39,513
610,69,37,36,50,40,53,35,477
611,55,62,28,36,51,42,48,475
612,47,47,30,33,49,31,47,513
613,59,39,35,22,53,30,46,513
614,47,43,32,40,41,26,34,534
615,59,49,57,36,40,43,38,475
616,41,40,46,32,49,35,63,491
617,37,52,38,43,47,39,53,488
618,38,61,47,31,40,36,40,504
619,36,44,42,25,38,41,43,528
620,45,42,38,43,34,42,48,505
621,52,50,39,44,39,47,45,481
622,33,35,35,53,46,45,29,521
623,47,40,25,48,36,51,40,510
624,41,38,24,39,42,47,51,515
625,28,47,27,36,46,48,54,511
626,53,35,30,44,39,41,31,524
627,59,40,45,48,57,44,25,479
628,51,38,25,51,52,43,43,494
629,42,23,25,51,48,44,37,527
630,47,48,27,32,52,48,32,511
631,47,38,38,37,47,43,44,503
632,39,47,39,39,51,47,37,498
633,52,48,42,52,36,31,44,492
634,162,35,42,46,45,54,33,380
635,227,51,33,45,42,44,50,305
636,298,44,35,43,51,42,57,227
637,207,51,47,62,38,39,42,311
638,288,40,38,56,37,42,28,268
639,231,42,36,68,35,33,56,296
640,191,62,46,45,32,43,41,337
641,150,64,37,42,26,37,43,398
642,141,55,39,34,47,39,41,401
643,105,44,42,46,41,39,49,431
644,85,56,41,43,49,53,42,428
645,82,36,37,48,43,46,41,464
646,46,39,52,52,50,49,35,474
647,67,42,49,37,55,41,44,462
648,52,49,40,48,37,45,47,479
649,54,56,39,37,43,37,44,487
650,61,60,29,39,36,44,33,495
651,38,48,30,38,27,53,39,524
652,37,37,45,40,44,54,53,487
653,44,44,30,29,38,48,56,508
654,42,40,27,40,40,47,57,504
655,40,49,48,39,26,54,50,491
656,36,41,45,32,37,43,60,503
657,58,40,37,48,43,43,42,486
658,56,42,40,39,44,32,38,506
659,42,54,39,31,46,53,52,480
660,53,47,39,43,26,42,37,510
661,49,51,32,37,40,47,35,506
662,36,56,36,49,50,53,32,485
663,52,42,34,47,23,44,36,519
664,56,42,40,37,31,52,54,485
665,42,47,41,42,48,50,40,487
666,42,38,52,31,39,48,50,497
667,58,39,28,32,53,53,44,490
668,40,36,48,25,51,42,39,516
669,40,55,50,30,44,39,30,509
670,40,61,41,28,40,56,29,502
671,44,36,42,46,48,39,34,508
672,57,53,26,37,33,46,32,513
673,40,46,40,34,50,45,37,505
674,42,37,37,37,61,44,40,499
675,31,35,55,36,54,46,27,513
676,33,54,152,48,40,33,32,405
677,53,36,125,154,25,34,41,329
678,47,31,110,138,39,35,48,349
679,50,38,95,115,37,50,37,375
680,54,45,85,91,36,39,40,407
681,40,54,85,99,30,34,34,421
682,42,54,62,77,38,49,35,440
683,30,53,50,75,39,50,38,462
684,28,48,39,69,52,50,43,468
685,49,53,61,60,50,34,36,454
686,44,42,51,57,66,38,42,457
687,46,37,44,39,53,33,52,493
688,42,46,61,44,40,31,39,494
689,41,46,53,36,61,49,38,473
690,45,58,46,35,47,37,37,492
691,44,44,45,38,47,49,43,487
692,55,41,50,48,51,44,43,465
693,161,53,46,53,29,28,34,393
694,128,38,49,40,37,41,39,425
695,84,42,45,42,44,44,47,449
696,76,55,32,36,44,44,58,452
697,72,40,34,32,31,33,57,498
698,48,52,51,40,30,40,49,487
699,64,53,51,53,31,40,32,473
700,55,44,34,45,36,46,62,475
701,49,53,47,41,43,46,54,464
702,150,59,55,45,44,38,48,358
703,143,59,31,40,36,44,40,404
704,89,59,60,40,30,50,53,416
705,80,56,44,44,42,51,36,444
706,78,47,37,45,38,44,45,463
707,77,37,49,43,35,38,47,471
708,72,37,48,41,42,46,47,464
709,54,36,48,30,42,45,54,488
710,56,55,47,39,41,50,35,474
711,46,50,48,42,38,47,43,483
712,54,45,40,57,30,35,41,495
713,62,43,40,159,24,57,53,359
714,37,45,51,107,50,42,48,417
715,52,59,47,103,46,42,29,419
716,50,43,37,89,41,50,40,447
717,47,56,49,74,33,49,27,462
718,56,23,55,85,31,39,37,471
719,54,37,51,68,33,40,40,474
720,57,46,42,60,39,45,36,472
721,44,40,45,48,31,44,45,500
722,33,44,43,46,40,66,47,478
723,42,41,51,49,31,38,42,503
724,41,46,47,31,38,50,47,497
725,38,43,61,31,45,48,45,486
726,34,49,51,45,38,46,29,505
727,29,42,35,50,54,57,47,483
728,25,28,40,46,54,58,46,500
729,40,23,35,51,60,51,37,500
730,50,34,49,41,55,48,48,472
731,45,39,33,41,62,45,50,482
732,31,24,37,62,54,50,51,488
733,44,26,29,45,58,45,44,506
734,59,40,33,54,38,33,53,487
735,33,38,41,36,39,45,52,513
736,40,42,45,63,36,35,43,493
737,38,32,36,40,37,52,57,505
738,48,43,42,49,41,42,47,485
739,40,49,34,47,40,42,51,494
740,32,46,37,42,29,36,54,521
741,39,58,46,47,35,52,48,472
742,37,39,40,50,37,52,41,501
743,36,44,46,55,28,58,48,482
744,38,39,56,36,34,48,51,495
745,34,57,42,33,23,42,32,534
746,29,60,28,42,53,30,49,506
747,26,48,36,57,45,36,64,485
748,33,53,41,39,45,43,45,498
749,28,46,42,42,41,38,51,509
750,33,44,41,53,34,40,43,509
751,44,38,32,152,47,40,61,383
752,45,53,38,251,35,40,45,290
753,42,37,35,193,31,49,45,365
754,39,46,38,153,54,38,53,376
755,35,47,39,128,41,50,37,420
756,40,66,44,104,30,39,41,433
757,33,45,55,83,42,63,36,440
758,28,42,48,79,36,55,39,470
759,34,59,46,59,43,47,53,456
760,30,146,35,56,32,37,49,412
761,53,129,46,56,56,27,33,397
762,37,123,29,57,48,42,42,419
763,29,95,35,64,46,32,36,460
764,37,93,40,41,55,44,39,448
765,33,94,37,49,53,45,40,446
766,33,74,37,65,44,43,36,465
767,39,68,48,56,36,37,35,478
768,47,72,31,46,54,46,52,449
769,41,52,46,46,42,54,149,367
770,40,68,54,46,31,35,137,386
771,55,45,41,50,28,40,102,436
772,47,37,52,54,35,51,86,435
773,50,49,44,58,44,40,62,450
774,46,60,62,51,34,43,53,448
775,39,51,42,59,32,61,56,457
776,44,46,37,53,33,43,71,470
777,39,48,40,42,29,51,49,499
778,48,43,54,52,40,44,50,466
779,47,34,45,59,37,41,39,495
780,47,36,147,58,45,43,59,362
781,45,41,103,49,42,44,39,434
782,53,48,103,143,35,48,55,312
783,144,47,91,139,38,46,43,249
784,106,46,86,107,39,42,55,316
785,94,43,176,90,41,43,46,264
786,101,39,268,89,33,40,44,183
787,81,33,199,68,57,40,30,289
788,82,43,159,72,41,34,37,329
789,69,45,137,78,44,40,39,345
790,60,38,127,66,36,37,26,407
791,66,47,116,62,38,49,24,395
792,42,43,203,64,42,44,35,324
793,44,35,154,61,36,46,30,391
794,34,43,127,70,37,49,30,407
795,51,35,120,58,34,46,41,412
796,42,39,90,41,44,43,47,451
797,39,38,92,43,53,41,43,448
798,51,36,79,36,37,45,44,469
799,45,38,73,23,36,49,40,493
800,55,43,50,38,45,44,40,482
801,62,34,68,32,26,47,31,497
802,50,29,63,35,42,45,46,487
803,43,33,48,34,55,50,38,496
804,47,25,49,47,35,53,46,495
805,50,32,51,43,44,49,37,491
806,38,34,44,43,36,48,49,505
807,25,38,50,47,40,50,38,509
808,42,39,45,39,46,63,50,473
809,31,42,38,45,46,45,41,509
810,35,40,30,47,34,51,54,506
811,34,48,39,46,36,49,43,502
812,40,43,49,43,46,56,46,474
813,41,39,27,49,40,36,34,531
814,43,36,34,51,44,36,32,521
815,34,37,44,54,155,44,38,391
816,35,37,47,48,126,33,48,423
817,37,51,55,53,102,45,47,407
818,29,39,30,57,99,52,45,446
819,40,42,37,44,84,33,42,475
820,37,27,53,38,68,35,51,488
821,41,36,43,48,59,52,53,465
822,40,41,45,43,49,57,49,473
823,47,48,36,52,59,42,32,481
824,54,35,29,52,51,38,37,501
825,40,32,31,52,62,55,47,478
826,60,33,34,51,38,51,34,496
827,49,31,55,37,54,59,31,481
828,49,37,44,39,54,59,29,486
829,168,37,38,38,29,55,39,393
830,127,45,37,42,37,47,35,427
831,111,46,62,41,37,50,28,422
832,93,32,44,33,53,56,28,458
833,69,39,40,47,56,34,40,472
834,78,32,52,45,54,36,36,464
835,43,37,71,40,53,44,34,475
836,54,37,42,39,44,61,39,481
837,57,41,47,46,65,38,43,460
838,57,51,45,36,35,35,35,503
839,40,37,46,42,48,45,50,489
840,38,26,38,39,54,47,34,521
841,50,30,35,46,74,53,27,482
842,29,32,50,48,48,51,46,493
843,38,45,35,43,59,39,57,481
844,26,48,41,48,45,35,46,508
845,27,39,44,45,36,43,46,517
846,22,53,36,56,49,44,140,397
847,35,37,45,163,44,41,116,316
848,40,34,47,144,29,44,103,356
849,39,28,38,106,43,48,80,415
850,33,41,51,97,53,38,75,409
851,39,39,42,88,47,32,75,435
852,41,34,48,79,34,35,75,451
853,47,54,55,58,41,30,52,460
854,29,47,34,67,51,34,65,470
855,41,58,43,56,51,35,46,467
856,51,41,35,65,45,47,44,469
857,38,31,40,59,57,40,42,490
858,40,53,37,51,36,53,49,478
859,50,44,46,44,34,47,53,479
860,35,49,47,27,43,55,57,484
861,46,57,50,26,36,45,46,491
862,45,43,46,28,38,54,34,509
863,42,28,40,54,51,50,36,496
864,52,41,47,45,37,45,41,489
865,45,33,41,39,36,44,51,508
866,41,41,41,47,49,37,52,489
867,44,36,56,46,50,41,36,488
868,39,33,55,53,60,44,39,474
869,40,44,42,47,49,41,32,502
870,33,33,41,53,48,41,47,501
871,44,44,44,48,52,49,38,478
872,32,37,46,42,54,44,41,501
873,26,43,43,27,66,55,39,498
874,38,33,43,30,50,50,39,514
875,49,36,42,38,44,36,41,511
876,46,48,41,52,42,44,33,491
877,38,35,43,43,50,32,45,511
878,40,45,47,24,45,40,27,529
879,53,53,39,33,38,38,54,489
880,51,50,44,33,43,38,39,499
881,45,31,62,21,33,53,46,506
882,48,43,40,23,36,50,36,521
883,35,35,45,39,30,49,46,518
884,44,44,46,37,36,41,34,515
885,43,52,31,21,34,47,43,526
886,41,49,37,38,38,58,32,504
887,34,39,34,47,25,67,41,510
888,42,52,41,35,46,51,24,506
889,34,41,54,38,33,44,34,519
890,39,32,54,33,35,50,45,509
891,40,39,42,32,40,63,44,497
892,33,57,46,33,44,29,44,511
893,22,57,57,34,38,45,40,504
894,36,46,55,37,36,37,147,403
895,45,41,60,49,44,141,114,303
896,46,38,44,44,28,123,119,355
897,44,49,35,42,35,99,98,395
898,34,40,48,53,35,85,69,433
899,40,45,35,38,35,99,66,439
900,26,44,33,44,42,82,77,449
901,42,44,32,59,39,66,47,468
902,136,40,38,58,39,58,40,388
903,120,43,43,41,40,55,43,412
904,90,40,35,40,37,51,61,443
905,92,26,39,51,38,61,40,450
906,85,27,33,54,38,158,49,353
907,80,36,47,43,28,132,63,368
908,64,45,39,27,42,103,58,419
909,66,40,39,31,43,100,50,428
910,67,33,48,35,47,94,56,417
911,158,40,48,39,42,72,51,347
912,130,31,56,34,47,68,144,287
913,116,48,47,34,52,52,110,338
914,193,44,35,28,46,61,100,290
915,171,39,43,35,48,49,87,325
916,253,49,51,28,39,55,73,249
917,210,44,40,37,42,49,70,305
918,160,39,29,46,150,57,61,255
919,131,40,27,38,218,54,61,228
920,113,51,40,45,161,52,70,265
921,101,47,25,44,273,50,43,214
922,76,49,43,39,192,50,44,304
923,73,36,34,45,185,45,58,321
924,57,53,37,36,148,40,56,370
925,53,54,41,29,123,38,35,424
926,75,47,31,36,101,38,49,420
927,58,47,31,53,99,52,39,418
928,39,41,33,39,96,45,57,447
929,38,132,34,44,86,55,37,371
930,44,122,37,47,67,36,50,394
931,33,124,49,49,47,50,44,401
932,47,99,41,57,62,51,33,407
933,154,65,46,41,51,48,41,351
934,230,79,39,54,41,52,25,277
935,195,66,40,49,32,52,36,327
936,178,62,49,34,48,46,34,346
937,224,54,51,51,46,44,23,304
938,222,37,45,39,47,29,48,330
939,154,58,32,43,49,29,54,378
940,125,52,37,36,52,36,36,423
941,98,58,43,42,53,44,40,419
942,69,48,141,46,58,51,38,346
943,89,44,207,34,42,48,49,284
944,71,49,177,38,58,38,42,324
945,63,40,251,43,47,43,49,261
946,57,42,205,46,60,33,40,314
947,62,48,159,38,38,39,44,369
948,38,42,252,40,46,33,46,300
949,42,41,178,52,54,42,53,335
950,50,38,147,47,45,42,36,392
951,31,47,128,40,41,41,46,423
952,44,34,109,44,35,33,47,451
953,43,45,94,36,59,30,53,437
954,46,36,67,53,52,24,51,468
955,47,42,76,34,53,35,57,453
956,34,46,72,42,46,36,20,501
957,31,55,64,48,35,52,29,483
958,29,42,64,48,53,42,18,501
959,45,34,60,39,39,60,27,493
960,34,33,54,43,47,49,29,508
961,53,34,53,37,38,39,42,501
962,40,41,40,28,52,52,46,498
963,43,42,35,44,57,59,26,491
964,37,39,60,51,65,36,32,477
965,66,36,42,37,140,51,46,379
966,37,42,53,48,146,46,42,383
967,34,28,54,41,116,43,38,443
968,46,44,53,44,97,34,44,435
969,28,45,41,44,87,33,35,484
970,46,65,40,40,69,45,41,451
971,47,47,38,42,65,42,37,479
972,55,35,36,27,60,62,33,489
973,45,56,38,39,51,41,39,488
974,36,58,38,36,48,54,49,478
975,39,54,26,37,49,50,32,510
976,37,59,46,43,50,46,33,483
977,34,58,49,42,44,40,37,493
978,33,51,35,54,50,32,45,497
979,37,39,32,38,54,38,32,527
980,38,40,32,31,46,39,55,516
981,43,40,37,48,40,40,39,510
982,36,36,44,41,40,46,45,509
983,38,45,40,25,42,51,46,510
984,48,43,37,41,34,44,55,495
985,49,48,32,30,33,46,35,524
986,145,49,19,37,48,35,55,409
987,142,51,33,35,47,49,41,399
988,125,49,31,38,36,53,55,410
989,197,31,46,45,40,43,62,333
990,169,42,137,40,36,45,53,275
991,139,32,125,35,51,36,47,332
992,103,40,116,37,62,49,42,348
993,87,50,82,42,45,41,49,401
994,72,34,86,41,46,43,39,436
995,66,40,71,41,42,52,50,435
996,61,32,66,36,39,37,49,477
997,47,45,53,41,31,44,46,490
998,54,42,59,34,22,41,67,478
999,49,48,48,56,35,47,53,461
