iteration,exchange,exchangeRandom,inversion,swap,scramble,randomShuffle,add,addRandomly,shift
0,100,100,100,100,100,100,100,100,100
1,93,112,86,105,115,104,85,104,96
2,85,81,84,85,78,88,225,92,82
3,62,78,73,73,80,65,320,63,86
4,64,69,64,71,66,52,381,78,55
5,55,80,66,76,65,42,415,59,42
6,50,61,45,49,46,60,499,49,41
7,45,58,45,33,50,45,525,52,47
8,55,51,42,40,46,49,522,58,37
9,42,49,53,36,57,45,544,43,31
10,43,44,39,28,60,30,573,39,44
11,51,41,39,30,48,40,580,25,46
12,58,43,31,39,47,46,554,33,49
13,46,50,40,22,49,49,579,33,32
14,45,43,42,34,43,49,577,29,38
15,48,48,48,29,36,49,552,48,42
16,55,41,23,34,20,45,580,61,41
17,45,37,38,35,33,57,572,38,45
18,196,31,33,33,41,42,440,38,46
19,290,35,38,40,50,42,321,36,48
20,225,31,50,44,34,44,404,38,30
21,309,44,31,45,42,44,303,42,40
22,225,44,26,43,37,39,398,39,49
23,318,50,34,51,34,28,310,34,41
24,380,48,46,26,34,37,247,33,49
25,450,54,42,40,21,37,172,39,45
26,498,38,45,41,30,40,119,38,51
27,522,35,38,38,32,35,116,39,45
28,397,39,34,45,40,38,231,33,43
29,439,51,34,35,53,41,167,45,35
30,482,43,40,50,48,36,132,42,27
31,363,37,32,35,20,24,210,32,147
32,414,27,35,37,25,36,170,24,132
33,458,28,44,38,28,46,126,25,107
34,492,24,39,32,40,33,124,29,87
35,547,30,35,42,34,44,83,21,64
36,566,30,41,30,33,31,67,34,68
37,579,25,38,38,38,34,66,27,55
38,583,35,32,40,34,48,57,27,44
39,554,44,45,30,43,46,54,33,51
40,591,36,35,26,32,41,60,31,48
41,615,34,34,20,35,38,47,32,45
42,564,52,38,22,33,40,48,41,62
43,590,38,38,28,49,35,44,35,43
44,612,51,28,35,35,28,54,28,29
45,602,51,24,27,43,40,39,31,43
46,589,47,26,36,55,34,52,31,30
47,453,41,32,169,55,27,56,34,33
48,341,34,45,293,55,31,44,31,26
49,284,33,36,350,39,28,47,41,42
50,198,39,34,422,49,31,41,35,51
51,158,42,33,479,42,43,30,40,33
52,130,34,36,512,41,34,43,31,39
53,92,47,38,548,30,31,34,33,47
54,73,45,31,553,30,39,40,32,57
55,69,38,26,412,41,200,28,37,49
56,71,32,40,294,35,305,39,37,47
57,57,33,38,262,32,367,32,44,35
58,176,31,37,183,29,318,31,47,48
59,312,28,38,135,42,226,32,44,43
60,386,38,31,120,38,177,35,46,29
61,294,202,26,102,24,139,28,44,41
62,227,298,31,63,47,110,35,51,38
63,171,389,29,71,33,89,41,46,31
64,147,414,43,61,29,78,43,36,49
65,106,476,39,60,47,66,41,39,26
66,103,507,42,48,34,58,44,36,28
67,110,519,33,52,38,53,37,31,27
68,69,558,43,39,32,41,51,29,38
69,61,561,44,49,25,43,43,35,39
70,68,577,44,39,18,36,43,40,35
71,61,592,48,29,29,40,35,31,35
72,61,591,38,30,32,41,36,30,41
73,52,575,38,33,33,49,34,40,46
74,56,580,33,36,37,38,37,30,53
75,43,595,43,34,43,35,46,25,36
76,49,561,44,35,51,39,42,41,38
77,29,470,135,34,23,28,32,19,130
78,33,364,101,158,39,36,25,30,114
79,29,266,95,275,37,37,20,22,119
80,55,190,67,364,28,48,30,32,86
81,38,135,51,470,39,34,32,33,68
82,46,126,52,468,42,42,25,36,63
83,36,99,45,489,47,46,48,30,60
84,32,81,50,534,43,31,31,47,51
85,37,100,42,537,43,35,29,43,34
86,48,73,43,563,44,32,33,35,29
87,40,59,53,575,43,34,25,36,35
88,44,45,43,572,40,43,32,53,28
89,42,36,47,583,39,32,37,37,47
90,39,45,52,575,26,20,42,54,47
91,53,40,38,429,38,27,30,195,50
92,33,40,37,361,37,27,30,294,41
93,31,41,38,367,34,39,39,251,60
94,31,42,39,378,30,23,37,288,32
95,45,33,28,425,32,42,41,225,29
96,33,45,26,481,31,26,33,190,35
97,29,33,36,512,33,28,47,144,38
98,161,21,25,463,31,30,35,104,30
99,274,26,33,363,34,35,33,79,23
100,364,37,31,255,32,26,32,88,35
101,433,43,39,200,32,36,33,55,29
102,450,42,32,147,50,35,43,57,44
103,495,38,46,119,46,35,32,50,39
104,499,43,31,126,44,31,33,42,51
105,419,186,24,107,29,35,30,42,28
106,276,334,32,62,35,46,32,42,41
107,249,390,35,64,30,41,33,31,27
108,207,422,44,50,42,37,37,34,27
109,144,482,49,41,38,32,42,32,40
110,99,532,46,33,42,40,34,35,39
111,109,383,29,61,40,34,40,179,25
112,67,280,45,38,61,30,43,309,27
113,83,221,32,30,39,44,48,376,27
114,53,163,41,34,40,47,39,443,40
115,65,131,32,41,41,39,37,497,17
116,49,99,42,190,39,39,48,361,33
117,47,97,27,320,35,36,41,274,23
118,39,69,40,364,45,40,43,222,38
119,38,67,36,462,30,36,37,161,33
120,38,83,43,479,30,35,35,128,29
121,43,53,41,519,22,45,39,113,25
122,50,48,30,547,31,38,41,92,23
123,45,47,30,576,36,35,35,70,26
124,49,51,41,555,46,37,34,60,27
125,33,28,45,584,46,37,33,66,28
126,31,21,46,573,54,42,48,43,42
127,56,29,40,580,32,49,39,47,28
128,33,48,33,592,32,57,28,43,34
129,52,42,28,593,28,42,44,34,37
130,43,45,30,607,39,33,31,48,24
131,40,39,32,623,33,30,33,50,20
132,59,31,36,576,40,37,38,54,29
133,43,42,43,587,41,29,26,56,33
134,40,36,31,598,40,41,39,45,30
135,38,41,32,600,33,44,35,50,27
136,25,52,39,582,33,42,38,51,38
137,203,51,34,459,33,23,40,32,25
138,311,43,40,327,30,32,51,42,24
139,375,63,47,235,33,45,38,43,21
140,442,44,42,179,34,41,50,38,30
141,464,59,43,158,38,26,32,34,46
142,521,44,38,113,31,38,38,50,27
143,427,35,26,75,140,22,17,146,12
144,407,24,36,52,223,23,19,92,24
145,449,32,43,37,168,38,31,83,19
146,331,29,183,37,151,36,37,71,25
147,251,44,283,43,114,32,32,64,37
148,193,41,374,57,101,37,21,40,36
149,164,34,424,61,87,30,34,45,21
150,131,39,469,35,73,44,39,39,31
151,97,43,516,46,62,28,36,39,33
152,91,29,504,67,67,24,47,44,27
153,76,27,550,39,50,39,33,44,42
154,74,27,572,45,47,37,50,20,28
155,69,37,539,46,51,44,44,36,34
156,56,49,550,31,36,38,54,46,40
157,22,39,601,28,43,30,40,44,53
158,41,39,580,40,41,42,36,44,37
159,46,39,586,34,45,34,35,51,30
160,39,48,599,34,32,31,33,41,43
161,45,50,573,37,43,32,43,38,39
162,32,39,505,176,29,32,28,28,31
163,26,43,521,131,33,42,32,37,35
164,34,28,562,103,33,29,31,39,41
165,41,32,566,77,38,30,34,41,41
166,20,38,478,188,29,40,27,38,42
167,37,21,443,253,31,25,22,43,25
168,23,21,348,277,20,22,144,22,23
169,30,32,436,188,24,19,110,29,32
170,42,32,472,159,24,30,87,28,26
171,40,26,519,118,32,39,61,35,30
172,32,23,462,82,27,33,71,144,26
173,28,14,364,57,20,19,42,224,132
174,36,26,419,32,19,24,31,190,123
175,45,24,453,58,36,28,51,118,87
176,30,28,504,34,42,31,44,102,85
177,40,46,532,35,26,23,50,80,68
178,31,27,499,32,30,32,37,45,167
179,25,15,403,132,29,21,20,40,215
180,23,19,328,192,24,22,15,33,244
181,28,21,410,151,23,34,16,25,192
182,38,32,455,116,20,37,35,26,141
183,31,32,528,100,15,21,33,25,115
184,21,30,526,86,28,37,24,46,102
185,32,41,523,83,42,38,42,29,70
186,26,37,544,87,28,43,28,32,75
187,25,36,592,65,30,26,42,25,59
188,29,37,587,63,34,31,23,40,56
189,20,44,563,49,45,33,43,43,60
190,30,41,604,43,29,34,45,36,38
191,38,38,596,51,30,17,48,39,43
192,36,41,581,50,41,30,43,35,43
193,36,36,576,53,44,40,42,39,34
194,40,26,604,51,35,48,40,27,29
195,39,45,571,40,57,37,34,32,45
196,24,44,617,44,37,40,28,38,28
197,31,32,457,197,45,45,22,34,37
198,38,38,411,254,29,37,26,31,36
199,39,37,382,308,25,32,26,25,26
200,26,26,305,397,34,25,22,23,42
201,41,44,217,422,35,42,23,42,34
202,51,28,197,448,43,33,28,35,37
203,38,41,133,511,33,44,21,40,39
204,40,43,95,528,59,35,29,42,29
205,43,48,87,541,36,36,27,45,37
206,37,33,80,571,33,38,33,43,32
207,35,27,74,584,30,33,23,47,47
208,35,42,49,607,37,26,25,38,41
209,38,36,54,435,43,29,32,192,41
210,56,44,70,485,27,23,46,120,29
211,39,43,54,523,27,16,42,120,36
212,31,36,35,524,38,32,51,108,45
213,39,22,34,592,29,28,28,79,49
214,47,21,50,554,27,36,45,68,52
215,43,38,46,568,25,40,40,57,43
216,41,34,47,596,26,29,36,48,43
217,43,40,50,577,34,35,40,41,40
218,53,48,30,563,38,39,46,36,47
219,39,22,37,601,35,36,41,46,43
220,52,41,37,590,29,27,28,32,64
221,45,45,29,595,33,28,39,35,51
222,161,23,24,431,36,21,28,24,152
223,268,25,22,326,34,23,32,38,132
224,367,35,25,240,32,26,27,39,109
225,421,28,29,190,40,24,28,45,95
226,356,18,24,124,32,127,33,142,44
227,283,24,21,250,31,113,21,107,50
228,200,17,17,355,41,109,34,84,43
229,144,27,30,412,34,93,34,77,49
230,142,25,32,454,37,66,34,72,38
231,107,34,31,486,38,61,50,56,37
232,92,49,35,508,42,58,41,46,29
233,65,35,37,551,44,57,33,49,29
234,48,23,32,508,36,35,33,158,27
235,46,41,20,451,27,29,158,102,26
236,37,34,28,468,27,41,138,102,25
237,46,38,24,503,33,42,112,70,32
238,27,33,24,553,43,41,77,61,41
239,45,32,29,535,34,45,72,70,38
240,35,35,24,556,37,49,65,66,33
241,41,35,40,555,33,54,74,44,24
242,35,45,38,582,38,54,34,46,28
243,40,41,48,579,25,52,59,35,21
244,33,30,19,528,30,33,177,32,18
245,40,36,22,558,21,41,131,22,29
246,28,35,20,490,21,33,227,22,24
247,20,21,17,426,29,36,311,16,24
248,18,26,25,488,44,26,230,20,23
249,26,34,35,512,46,29,161,25,32
250,22,22,27,378,46,45,294,36,30
251,25,27,37,295,42,36,354,40,44
252,26,24,34,365,46,42,293,36,34
253,32,23,36,450,41,42,207,40,29
254,40,29,40,493,21,38,170,33,36
255,149,25,38,456,24,43,105,28,32
256,220,20,39,398,43,44,72,34,30
257,321,21,41,317,42,36,66,27,29
258,425,14,30,237,23,43,57,32,39
259,431,22,38,178,48,35,52,43,53
260,482,34,36,140,46,31,55,36,40
261,439,26,20,100,27,27,171,50,40
262,459,19,18,61,21,28,238,33,23
263,332,28,23,156,153,16,144,32,16
264,274,19,18,177,178,12,184,28,10
265,225,22,22,275,151,24,138,20,23
266,125,13,26,317,235,35,98,20,31
267,85,30,33,333,285,23,71,22,18
268,69,40,30,399,221,35,57,26,23
269,65,18,26,451,192,34,51,23,40
270,51,40,31,510,132,32,58,16,30
271,42,55,20,422,96,23,47,44,151
272,23,23,16,431,68,168,26,42,103
273,15,32,21,352,164,206,24,17,69
274,27,32,14,434,130,155,33,23,52
275,38,36,32,454,106,134,35,27,38
276,24,30,25,523,83,106,29,35,45
277,29,25,27,466,79,198,32,21,23
278,23,33,21,359,149,137,122,26,30
279,25,35,25,341,253,78,95,21,27
280,33,28,28,425,183,62,84,29,28
281,44,34,37,469,131,55,80,27,23
282,30,27,29,538,104,51,69,29,23
283,24,21,19,392,56,43,179,24,142
284,34,34,20,379,48,27,243,28,87
285,29,21,14,385,39,24,298,27,63
286,24,16,15,343,143,15,277,16,51
287,16,21,15,206,198,19,268,17,140
288,27,23,18,116,247,20,321,24,104
289,20,21,31,99,201,25,407,13,83
290,15,35,20,191,101,17,346,18,157
291,14,17,22,209,87,19,297,21,214
292,9,22,18,253,37,19,294,15,233
293,24,32,18,194,45,24,364,16,183
294,13,29,33,144,45,22,290,27,297
295,31,39,32,108,40,28,223,32,367
296,37,42,30,73,35,31,193,29,430
297,26,26,19,68,33,15,188,148,377
298,26,25,20,54,30,18,279,96,352
299,18,25,20,45,20,17,250,179,326
