iteration,exchange,exchangeRandom,inversion,swap,scramble,randomShuffle,add,addRandomly,shift
0,100,100,100,100,100,100,100,100,100
1,99,113,72,100,97,100,98,119,102
2,77,93,101,68,73,81,80,228,99
3,68,64,186,45,66,71,202,130,68
4,41,42,237,63,61,47,247,113,49
5,47,49,196,37,155,63,197,111,45
6,38,37,189,40,219,46,134,159,38
7,28,36,232,23,213,34,67,239,28
8,25,19,246,36,247,28,60,212,27
9,23,16,276,26,246,29,31,231,22
10,21,24,244,31,255,19,33,256,17
11,10,14,215,14,241,17,27,241,121
12,16,18,251,21,237,25,19,228,85
13,22,11,251,17,244,24,27,247,57
14,23,19,288,12,288,28,28,161,53
15,21,31,291,25,303,26,27,126,50
16,19,18,319,15,274,23,23,81,128
17,10,28,285,15,268,17,22,62,193
18,21,13,268,12,293,16,17,35,225
19,23,29,286,17,304,25,24,37,155
20,15,31,314,21,307,28,18,36,130
21,16,29,342,21,336,25,18,30,83
22,24,19,338,38,345,21,15,33,67
23,22,27,305,21,315,23,29,16,142
24,22,22,303,19,293,19,28,25,169
25,19,10,272,23,280,29,29,19,219
26,30,29,320,19,288,23,21,22,148
27,21,19,328,20,288,15,19,20,170
28,26,24,294,12,315,17,32,32,148
29,30,25,326,26,343,17,19,30,84
30,19,32,337,29,327,20,25,30,81
31,23,16,319,25,310,19,23,16,149
32,28,25,332,18,323,21,26,23,104
33,20,26,292,22,312,15,29,23,161
34,31,27,313,28,308,19,30,19,125
35,31,32,230,25,323,27,137,16,79
36,27,35,156,23,349,24,97,23,166
37,33,25,202,22,347,22,79,25,145
38,22,32,233,27,308,14,51,26,187
39,29,20,302,23,313,23,37,31,122
40,35,26,289,18,320,22,51,31,108
41,28,21,334,27,338,18,31,33,70
42,25,29,331,17,288,22,120,16,52
43,26,27,269,17,297,17,192,21,34
44,17,16,282,21,277,22,124,14,127
45,24,16,269,22,278,27,65,15,184
46,27,17,248,22,280,17,154,19,116
47,19,23,274,17,269,27,174,15,82
48,14,18,269,24,252,18,125,20,160
49,21,20,251,14,248,25,193,16,112
50,29,18,240,23,274,17,218,15,66
51,12,16,267,14,264,22,248,11,46
52,25,19,232,20,260,32,242,34,36
53,12,87,252,15,236,19,143,21,115
54,16,171,218,21,215,19,73,12,155
55,101,172,210,20,170,14,38,78,97
56,127,145,194,13,194,9,35,123,60
57,93,211,218,17,201,14,21,90,35
58,164,143,235,26,217,21,15,56,23
59,195,86,246,34,232,21,24,38,24
60,215,53,263,20,240,16,27,37,29
61,178,49,214,28,318,15,40,32,26
62,100,43,133,27,297,31,129,119,21
63,69,32,182,25,298,19,78,171,26
64,61,26,107,20,273,116,61,206,30
65,41,11,177,19,266,82,51,238,15
66,113,23,190,25,234,45,40,203,27
67,161,16,213,11,254,40,28,157,20
68,191,13,195,18,242,36,8,169,28
69,228,15,132,24,231,29,17,205,19
70,280,23,87,23,297,23,18,121,28
71,270,15,171,16,276,17,20,87,28
72,259,29,201,19,264,31,20,57,20
73,268,25,213,32,245,28,12,47,30
74,244,14,223,24,224,22,15,116,18
75,225,16,217,17,209,15,17,158,26
76,217,11,216,20,215,6,11,185,19
77,222,15,199,17,206,11,27,187,16
78,236,13,229,18,229,19,24,117,15
79,239,12,252,16,245,16,19,83,18
80,277,24,153,21,296,13,35,56,25
81,305,24,116,20,296,14,36,56,33
82,288,29,163,19,274,15,29,47,36
83,300,19,194,19,288,17,20,21,22
84,264,39,239,16,252,13,23,24,30
85,258,24,256,21,257,19,21,24,20
86,255,19,249,12,283,12,22,18,30
87,273,8,179,17,308,23,35,28,29
88,283,26,103,17,247,22,144,24,34
89,260,19,192,18,273,18,81,18,21
90,287,23,206,16,273,18,53,11,13
91,200,24,196,96,206,16,47,103,12
92,188,102,198,112,189,11,26,50,24
93,105,142,177,172,219,10,19,29,27
94,72,193,230,91,218,14,28,39,15
95,50,192,218,81,188,19,18,116,18
96,35,220,117,51,238,24,114,86,15
97,33,281,96,28,281,14,97,47,23
98,32,292,69,33,316,19,70,50,19
99,28,263,63,45,345,12,83,35,26
100,17,217,137,112,298,23,41,30,25
101,18,127,187,82,285,18,32,134,17
102,27,100,116,43,271,18,22,184,119
103,26,143,163,35,248,12,20,78,175
104,13,99,211,130,255,12,21,63,96
105,17,68,189,174,224,9,28,122,69
106,19,102,201,101,227,14,20,164,52
107,14,164,142,135,199,19,13,181,33
108,24,164,73,142,193,17,89,186,12
109,17,172,136,84,166,17,133,159,16
110,10,174,151,125,181,6,67,164,22
111,7,211,158,68,180,13,49,193,21
112,11,176,172,114,219,8,23,168,9
113,6,196,176,85,193,12,25,193,14
114,17,208,217,39,175,20,17,194,13
115,12,188,204,32,216,8,19,196,25
116,12,216,198,25,199,11,22,203,14
117,13,221,228,27,228,20,22,127,14
118,8,206,191,18,237,10,14,195,21
119,17,221,192,22,204,11,16,199,18
120,19,246,207,22,233,9,10,135,19
121,19,248,262,26,226,13,19,74,13
122,29,165,296,29,255,13,21,71,21
123,14,119,298,20,317,25,31,51,25
124,26,65,290,19,312,21,28,34,105
125,21,64,311,26,304,24,30,32,88
126,22,76,326,27,319,23,22,22,63
127,27,31,286,32,300,130,18,21,55
128,22,34,336,29,199,204,12,24,40
129,34,39,315,20,144,255,32,30,31
130,21,19,299,21,227,250,21,20,22
131,15,23,272,20,124,269,25,131,21
132,18,25,272,29,167,261,24,90,14
133,10,20,270,21,218,264,25,55,17
134,24,17,255,15,254,256,23,44,12
135,12,19,238,28,231,227,18,115,12
136,11,10,206,23,221,236,26,155,12
137,23,13,219,24,179,222,13,193,14
138,9,17,210,10,205,212,24,195,18
139,12,8,210,97,194,130,13,219,17
140,14,14,144,146,207,149,12,198,16
141,22,14,47,97,246,187,23,247,17
142,8,26,114,66,208,209,19,234,16
143,16,16,178,33,207,193,15,230,12
144,18,17,185,38,199,207,16,203,17
145,15,21,229,28,239,217,8,119,24
146,19,19,269,22,281,165,14,88,23
147,100,20,217,26,240,98,12,157,30
148,161,12,200,23,196,133,7,158,10
149,195,12,142,21,238,154,15,105,18
150,213,18,186,20,234,121,21,77,10
151,235,23,202,29,251,73,19,47,21
152,256,11,221,26,273,35,15,45,18
153,247,12,247,17,247,39,28,33,30
154,299,15,284,30,162,31,17,38,24
155,252,16,327,34,142,35,36,37,21
156,154,15,350,26,219,36,37,34,29
157,201,10,293,20,253,40,31,24,28
158,143,21,409,36,171,35,28,35,22
159,98,16,264,26,213,119,19,118,27
160,158,15,284,15,98,140,9,157,24
161,80,22,266,19,96,179,15,204,19
162,58,29,318,22,48,121,27,248,29
163,43,14,234,18,118,88,127,239,19
164,24,9,246,5,73,160,153,212,18
165,29,23,268,13,48,108,228,160,23
166,22,22,283,14,39,61,255,185,19
167,27,8,291,25,44,57,287,136,25
168,29,19,318,26,23,40,316,103,26
169,24,25,281,20,34,47,274,167,28
170,21,24,305,25,28,39,186,248,24
171,28,30,305,33,31,29,256,167,21
172,31,20,376,39,35,41,204,130,24
173,11,27,385,32,37,39,133,211,25
174,24,28,348,29,25,29,188,210,19
175,47,30,404,34,21,20,148,172,24
176,31,19,382,32,32,27,116,238,23
177,30,22,440,42,26,29,106,181,24
178,119,22,356,39,32,28,153,121,30
179,98,29,348,32,21,36,121,181,34
180,61,26,327,23,14,20,77,212,140
181,47,25,327,22,26,28,62,287,76
182,138,27,309,15,22,25,46,261,57
183,228,16,305,20,30,32,37,192,40
184,123,28,336,23,31,26,29,157,147
185,111,47,421,17,22,20,38,108,116
186,73,27,386,25,30,47,34,197,81
187,76,36,373,19,24,18,42,130,182
188,158,24,374,28,24,33,22,113,124
189,237,29,355,41,30,32,35,64,77
190,242,15,307,29,34,22,20,55,176
191,252,30,341,43,21,26,25,48,114
192,281,12,369,29,23,24,35,32,95
193,204,27,353,26,27,22,37,44,160
194,173,26,360,23,131,22,37,30,98
195,110,18,269,12,159,24,113,114,81
196,74,16,321,15,229,24,75,85,61
197,51,24,315,28,269,25,84,61,43
198,39,16,300,13,271,25,46,53,137
199,25,14,276,13,285,20,37,129,101
200,39,25,278,26,296,33,34,99,70
201,28,20,321,27,322,28,28,75,51
202,29,26,311,20,298,21,25,45,125
203,34,20,313,28,310,25,25,33,112
204,27,18,347,26,320,22,30,37,73
205,29,15,324,31,286,27,22,29,137
206,31,23,325,19,316,25,34,25,102
207,22,12,342,28,342,26,32,27,69
208,22,16,335,28,364,26,26,38,45
209,15,16,331,27,293,25,27,128,38
210,22,9,228,13,247,111,24,131,115
211,18,18,247,9,219,130,12,89,158
212,12,12,210,21,229,168,23,49,176
213,13,15,247,13,232,122,18,27,213
214,24,13,155,20,300,88,22,26,252
215,20,25,117,27,326,74,25,27,259
216,23,23,108,30,365,62,28,41,220
217,27,31,86,50,407,67,35,24,173
218,26,23,64,36,405,45,21,38,242
219,29,34,53,43,439,40,34,31,197
220,35,21,48,32,401,34,49,133,147
221,30,39,56,40,436,37,36,124,102
222,26,26,72,28,486,42,43,89,88
223,30,31,34,33,509,48,48,76,91
224,36,27,34,30,451,46,50,169,57
225,21,36,37,25,506,42,28,143,62
226,26,32,55,44,502,42,44,111,44
227,29,22,144,46,470,37,45,65,42
228,24,29,111,31,407,43,42,76,137
229,21,24,62,113,361,26,44,131,118
230,9,14,140,140,256,20,27,154,140
231,17,94,166,91,233,21,113,88,77
232,19,202,108,61,278,25,79,65,63
233,17,104,162,126,241,18,51,135,46
234,14,132,180,139,220,17,112,56,30
235,18,140,149,172,215,15,58,109,24
236,14,195,86,173,192,15,131,73,21
237,16,190,52,181,204,19,161,54,23
238,11,178,116,102,243,21,185,27,17
239,11,202,179,54,210,15,190,22,17
240,11,181,215,37,203,18,209,17,9
241,19,260,134,40,258,16,131,24,18
242,24,272,76,36,263,12,95,110,12
243,14,238,153,20,213,21,60,149,32
244,15,198,164,16,196,20,119,161,11
245,10,187,148,120,187,13,66,152,17
246,20,230,200,158,106,13,45,110,18
247,23,208,215,107,67,23,45,188,24
248,24,228,216,76,53,15,33,236,19
249,12,217,189,127,118,13,99,112,13
250,15,192,172,149,157,12,59,127,17
251,24,132,233,230,110,19,50,85,17
252,25,96,292,260,73,20,39,79,16
253,15,169,269,266,71,17,29,45,19
254,24,179,197,250,42,27,29,137,15
255,17,210,217,212,33,19,18,158,16
256,21,208,254,235,22,13,19,104,24
257,19,119,222,213,13,21,19,164,110
258,111,67,220,120,27,24,23,168,140
259,144,49,229,147,16,14,12,115,174
260,199,118,197,166,23,19,14,61,103
261,182,125,193,184,18,24,12,34,128
262,190,181,191,92,26,15,12,24,169
263,226,99,121,181,13,18,21,28,193
264,231,70,88,199,26,19,16,31,220
265,242,45,57,242,22,18,10,21,243
266,252,33,39,233,21,11,26,21,264
267,252,21,34,250,28,23,23,20,249
268,265,43,44,232,14,18,19,17,248
269,290,34,27,301,20,15,13,13,187
270,247,40,31,353,30,24,36,18,121
271,178,44,35,406,25,32,33,17,130
272,266,32,41,380,23,46,17,11,84
273,223,31,23,323,20,111,17,15,137
274,236,27,21,276,21,173,22,26,98
275,245,21,9,282,23,227,18,21,54
276,282,23,14,288,17,165,22,30,59
277,274,14,12,282,28,194,17,29,50
278,263,22,22,274,21,211,18,28,41
279,170,25,33,328,21,263,15,21,24
280,209,27,30,283,28,256,14,34,19
281,146,23,23,327,22,282,23,23,31
282,116,23,20,280,22,283,13,118,25
283,65,30,20,296,19,323,23,93,31
284,55,21,30,187,24,268,127,161,27
285,43,23,21,232,23,260,72,204,22
286,17,17,28,221,111,229,54,203,20
287,126,17,14,126,159,211,43,189,15
288,143,17,7,125,82,202,103,206,15
289,88,15,13,170,53,180,162,200,19
290,149,17,13,107,39,171,185,207,12
291,220,14,8,72,20,225,95,227,19
292,188,11,14,129,19,172,137,213,17
293,187,26,17,156,27,98,190,189,10
294,184,14,24,106,23,174,175,184,16
295,215,20,23,48,14,181,175,211,13
296,206,24,14,40,14,173,201,211,17
297,197,16,6,123,15,116,221,200,6
298,122,21,21,218,20,80,140,261,17
299,82,21,23,221,13,59,192,268,21
