iteration,exchange,exchangeRandom,inversion,swap,scramble,randomShuffle,add,addRandomly,shift
0,100,100,100,100,100,100,100,100,100
1,102,94,97,109,93,93,103,104,105
2,93,105,102,96,95,131,84,92,102
3,97,93,79,83,78,132,131,105,102
4,88,91,80,81,94,115,134,136,81
5,81,72,71,86,107,165,107,127,84
6,66,76,69,71,85,166,104,182,81
7,59,71,58,67,90,168,102,210,75
8,70,74,65,77,83,144,86,234,67
9,57,57,69,63,95,136,83,268,72
10,59,56,54,55,97,135,85,297,62
11,46,52,68,59,78,104,127,307,59
12,52,42,52,59,63,122,143,323,44
13,48,49,49,48,63,102,167,334,40
14,38,80,76,37,52,78,172,328,39
15,68,93,58,41,39,62,198,307,34
16,64,119,78,24,36,103,182,265,29
17,43,103,83,24,51,128,171,276,21
18,81,91,51,24,76,155,139,264,19
19,75,76,58,12,81,166,127,285,20
20,62,76,59,15,124,188,154,208,14
21,71,50,60,21,129,174,179,199,17
22,42,59,29,17,179,215,142,201,16
23,37,59,47,15,174,228,167,162,11
24,36,66,34,17,212,251,143,129,12
25,50,38,31,11,200,258,154,146,12
26,34,46,33,11,235,256,115,112,58
27,30,31,22,9,228,273,96,114,97
28,69,21,20,8,236,290,85,87,84
29,93,16,23,8,246,288,77,69,80
30,88,22,20,9,255,284,60,103,59
31,88,18,11,8,227,294,59,137,58
32,68,21,11,10,209,304,61,130,86
33,44,14,17,8,231,299,61,109,117
34,54,24,12,9,209,324,48,99,121
35,41,16,10,10,200,296,44,103,180
36,31,14,15,9,175,335,39,87,195
37,49,10,8,9,176,354,40,91,163
38,46,15,12,12,142,386,43,75,169
39,44,24,23,7,138,376,42,55,191
40,29,16,17,12,135,374,31,69,217
41,45,11,14,8,150,395,26,50,201
42,27,43,15,10,139,406,33,58,169
43,20,99,9,7,123,404,28,49,161
44,31,127,17,8,112,386,27,48,144
45,28,148,14,15,104,388,20,44,139
46,19,184,10,7,100,400,21,40,119
47,19,220,11,14,61,397,21,41,116
48,19,230,14,5,84,383,24,31,110
49,11,266,6,11,71,409,15,26,85
50,15,233,12,11,69,383,26,19,132
51,18,238,7,8,43,404,10,28,144
52,20,245,6,9,52,392,21,20,135
53,14,266,7,7,43,396,11,14,142
54,9,265,12,9,42,405,8,24,126
55,8,272,13,8,34,409,14,24,118
56,8,311,10,7,29,393,14,25,103
57,12,278,12,10,34,405,15,20,114
58,12,325,13,12,31,391,10,15,91
59,10,322,14,9,31,397,14,13,90
60,12,308,9,5,25,434,10,18,79
61,10,271,12,7,36,449,18,14,83
62,5,276,17,10,27,454,8,15,88
63,12,294,13,7,20,450,9,20,75
64,6,268,15,13,29,472,12,11,74
65,11,282,8,9,42,457,14,15,62
66,9,232,5,6,36,508,16,16,72
67,19,233,11,12,22,511,21,14,57
68,13,222,15,9,23,544,15,13,46
69,11,202,17,8,20,542,13,21,66
70,7,212,13,13,28,542,15,12,58
71,13,183,14,16,22,569,17,9,57
72,8,191,20,9,23,581,16,13,39
73,14,169,18,11,22,589,19,14,44
74,17,153,19,5,18,609,17,21,41
75,11,148,13,18,26,597,23,19,45
76,20,134,14,18,9,620,19,24,42
77,14,133,16,20,16,628,21,13,39
78,15,120,7,16,22,636,22,26,36
79,12,125,11,11,19,649,20,21,32
80,13,135,13,12,12,646,15,17,37
81,22,110,15,14,22,658,15,19,25
82,16,90,17,12,19,691,10,11,34
83,8,108,4,24,19,668,18,21,30
84,16,92,14,14,22,665,17,18,42
85,9,101,15,16,14,662,18,27,38
86,15,94,14,24,14,665,21,22,31
87,14,90,16,12,24,678,18,17,31
88,15,59,18,17,28,690,19,22,32
89,13,82,20,20,25,680,10,24,26
90,20,72,19,18,16,703,12,18,22
91,12,58,13,23,15,702,24,22,31
92,18,61,15,19,18,693,25,19,32
93,18,57,22,13,23,698,19,26,24
94,17,75,14,21,27,673,16,15,42
95,15,68,15,14,10,724,20,13,21
96,20,56,20,18,16,702,21,21,26
97,18,54,21,14,18,708,26,16,25
98,19,45,20,23,20,723,14,22,14
99,12,57,14,19,13,721,20,18,26
100,22,64,16,13,16,723,13,16,17
101,19,49,17,22,16,710,24,23,20
102,14,39,11,23,16,731,20,21,25
103,22,44,14,19,14,725,17,24,21
104,12,43,18,16,14,741,9,24,23
105,15,47,18,16,16,742,18,20,8
106,11,49,17,24,12,718,17,19,33
107,23,48,18,12,22,716,12,19,30
108,13,43,21,19,17,740,13,19,15
109,10,39,20,12,15,736,27,16,25
110,20,43,24,18,17,708,22,29,19
111,20,34,18,17,13,733,22,20,23
112,10,28,32,14,12,754,16,16,18
113,12,31,11,29,18,728,19,23,29
114,18,43,24,19,14,722,21,17,22
115,23,35,19,22,19,729,15,21,17
116,24,34,18,15,20,731,17,15,26
117,11,30,15,17,13,761,15,15,23
118,17,35,18,15,18,731,26,17,23
119,19,31,22,19,17,729,25,21,17
120,13,28,23,16,19,751,13,16,21
121,22,36,14,27,24,720,20,21,16
122,21,23,18,12,23,738,24,22,19
123,19,33,17,15,9,758,15,16,18
124,17,23,12,18,15,762,14,21,18
125,15,24,14,20,15,753,24,14,21
126,19,20,21,17,17,746,17,20,23
127,10,30,14,20,26,745,18,20,17
128,15,24,18,16,22,757,13,14,21
129,17,22,17,28,16,754,11,15,20
130,19,30,21,24,21,738,17,12,18
131,16,25,24,28,16,744,15,16,16
132,27,12,15,21,21,745,21,19,19
133,11,18,19,25,13,763,18,15,18
134,21,25,18,19,23,740,23,14,17
135,16,30,14,16,16,756,20,20,12
136,14,19,21,28,17,753,17,12,19
137,19,34,16,20,19,745,16,13,18
138,26,11,20,23,18,754,14,16,18
139,29,17,15,15,24,744,20,19,17
140,17,22,26,21,17,737,21,23,16
141,18,24,19,20,20,742,22,11,24
142,20,15,13,20,10,757,19,21,25
143,16,25,19,25,20,734,29,15,17
144,20,23,19,23,22,743,17,20,13
145,16,15,19,20,15,775,11,15,14
146,19,20,15,27,14,758,11,16,20
147,22,17,19,27,14,752,25,12,12
148,15,22,20,22,21,740,24,20,16
149,21,24,19,16,21,751,16,15,17
150,14,19,17,16,17,756,26,23,12
151,15,22,8,28,22,747,19,23,16
152,14,19,20,25,19,760,12,12,19
153,15,24,18,14,24,740,22,24,19
154,23,22,23,12,21,741,18,21,19
155,18,18,18,35,12,741,19,23,16
156,10,21,19,19,21,765,16,14,15
157,14,17,15,22,24,718,61,17,12
158,19,17,15,17,15,696,76,33,12
159,17,18,14,20,17,647,127,19,21
160,23,12,22,20,15,612,158,17,21
161,16,19,14,11,21,585,183,25,26
162,18,15,10,17,19,556,234,19,12
163,21,13,20,13,19,512,268,22,12
164,15,17,21,13,16,521,261,17,19
165,14,14,11,17,17,482,310,17,18
166,17,17,17,21,16,461,313,13,25
167,16,14,23,18,25,415,358,16,15
168,13,21,11,18,19,425,359,17,17
169,14,23,15,23,18,359,417,19,12
170,17,24,13,57,16,375,350,27,21
171,13,22,12,79,26,382,332,14,20
172,11,10,13,118,24,382,304,16,22
173,10,13,66,84,12,389,303,14,9
174,18,17,82,115,12,393,228,18,17
175,18,10,130,107,14,361,232,22,6
176,9,16,153,76,15,411,193,18,9
177,10,14,130,120,17,386,189,16,18
178,8,17,104,122,16,398,210,13,12
179,14,11,89,125,11,385,250,7,8
180,21,7,99,123,20,393,202,22,13
181,16,12,85,112,13,436,202,7,17
182,7,13,89,115,6,426,216,16,12
183,17,7,80,115,18,424,216,17,6
184,12,5,86,81,14,461,226,10,5
185,10,4,82,86,15,478,202,10,13
186,15,16,67,78,14,478,203,16,13
187,12,17,54,81,18,496,203,12,7
188,23,11,66,72,12,512,178,16,10
189,23,12,68,83,10,491,184,17,12
190,22,14,107,70,16,485,160,13,13
191,15,10,142,72,14,464,155,15,13
192,20,11,143,101,26,437,138,13,11
193,16,9,171,133,17,402,128,11,13
194,19,11,185,155,17,390,96,12,15
195,13,10,196,154,7,403,88,12,17
196,13,13,211,185,10,376,74,9,9
197,8,6,219,206,12,363,69,4,13
198,13,12,247,188,12,323,81,16,8
199,11,6,240,203,13,343,64,8,12
200,12,9,269,188,7,338,54,10,13
201,13,15,266,162,15,342,68,9,10
202,11,13,317,147,8,334,52,12,6
203,54,12,306,134,10,331,41,5,7
204,45,8,309,147,7,331,38,8,7
205,40,11,321,134,5,332,34,14,9
206,43,8,302,129,8,348,41,14,7
207,32,6,331,119,8,363,32,5,4
208,26,12,327,111,14,375,21,5,9
209,26,10,323,106,8,384,26,10,7
210,27,7,336,93,10,386,22,8,11
211,29,14,336,80,7,380,29,8,17
212,29,13,312,78,7,409,32,10,10
213,28,16,298,110,8,405,20,6,9
214,28,17,257,125,10,429,16,11,7
215,22,14,245,124,13,434,26,11,11
216,22,14,220,119,11,432,22,9,51
217,20,7,188,110,18,464,27,16,50
218,24,13,191,114,9,465,14,15,55
219,18,13,192,102,18,476,19,13,49
220,21,15,199,98,16,473,24,13,41
221,23,8,183,99,9,498,23,11,46
222,22,7,232,99,13,429,9,11,78
223,23,11,219,74,6,438,12,15,102
224,23,16,203,62,11,437,16,14,118
225,16,16,188,59,11,406,20,13,171
226,6,13,177,46,11,435,14,12,186
227,12,15,162,65,8,419,12,14,193
228,17,14,131,39,13,431,7,12,236
229,14,14,115,38,16,445,19,10,229
230,10,16,118,34,8,435,12,14,253
231,14,8,113,42,9,395,11,11,297
232,15,15,93,35,16,408,8,10,300
233,11,11,107,36,12,394,9,14,306
234,15,10,96,29,17,340,12,11,370
235,10,5,91,31,12,373,10,9,359
236,14,11,77,27,11,342,11,19,388
237,12,14,76,32,12,349,10,13,382
238,10,10,65,28,5,325,14,17,426
239,19,11,58,25,21,340,11,11,404
240,15,15,66,24,16,345,13,6,400
241,14,11,62,25,10,327,13,13,425
242,11,11,53,19,21,325,19,12,429
243,17,14,60,32,15,295,18,11,438
244,9,11,38,15,9,301,12,12,493
245,18,16,63,22,13,242,20,10,496
246,10,17,53,18,10,257,17,15,503
247,12,14,38,25,14,240,14,14,529
248,14,12,44,34,13,241,12,16,514
249,14,11,45,16,14,265,11,11,513
250,14,11,35,19,11,264,11,9,526
251,8,16,49,24,9,269,11,12,502
252,15,17,33,14,54,301,17,10,439
253,12,15,33,20,79,310,6,9,416
254,10,8,28,24,86,299,9,8,428
255,14,15,19,12,69,345,12,13,401
256,9,14,30,14,85,354,12,9,373
257,9,13,31,23,72,358,18,17,359
258,16,12,28,19,51,396,16,10,352
259,12,11,23,12,58,390,16,11,367
260,8,8,28,11,56,387,16,12,374
261,8,16,26,16,38,420,9,13,354
262,10,11,11,9,46,385,15,15,398
263,6,15,21,7,49,390,11,7,394
264,17,9,16,13,35,428,10,12,360
265,8,8,20,14,54,435,21,11,329
266,14,8,20,8,31,451,8,16,344
267,13,20,11,16,30,451,7,52,300
268,13,12,21,13,33,473,13,48,274
269,10,21,25,15,29,459,17,36,288
270,8,15,17,14,33,445,17,60,291
271,6,11,13,16,27,456,12,43,316
272,16,15,14,4,26,456,6,34,329
273,14,9,19,11,29,452,13,39,314
274,13,14,22,14,35,474,14,36,278
275,10,10,15,15,32,512,9,42,255
276,7,11,14,10,19,501,11,34,293
277,10,14,12,14,26,497,14,33,280
278,14,17,16,10,23,511,16,27,266
279,12,6,12,11,20,496,16,35,292
280,10,13,11,17,15,495,18,25,296
281,5,9,20,12,13,496,14,18,313
282,13,13,13,15,17,507,12,26,284
283,9,14,10,13,15,515,13,16,295
284,6,8,11,17,14,525,17,27,275
285,10,12,22,18,7,497,9,15,310
286,12,19,15,17,26,517,12,13,269
287,13,7,15,15,25,553,10,16,246
288,14,7,19,13,21,512,15,18,281
289,10,13,16,7,9,528,16,20,281
290,11,16,20,17,11,531,17,28,249
291,13,10,15,9,9,585,7,24,228
292,12,8,18,10,19,586,10,25,212
293,13,16,15,13,20,569,13,25,216
294,17,14,15,12,18,610,16,19,179
295,11,15,11,13,16,592,16,32,194
296,20,14,10,15,15,610,10,19,187
297,20,12,17,10,12,625,14,17,173
298,15,15,17,20,13,625,10,13,172
299,14,14,21,21,12,629,17,22,150
