iteration,exchange,exchangeRandom,inversion,swap,scramble,add,addRandomly,shift
0,50,50,50,50,50,50,50,50
1,49,61,49,56,66,48,60,11
2,43,47,33,56,106,64,51,0
3,49,43,28,34,143,56,47,0
4,39,34,33,56,143,55,40,0
5,31,37,28,84,144,40,36,0
6,34,27,28,114,125,34,38,0
7,30,66,39,101,100,30,34,0
8,24,115,32,91,78,26,34,0
9,12,149,26,88,78,21,26,0
10,18,174,31,66,51,20,40,0
11,14,198,37,59,38,27,27,0
12,17,218,37,51,37,21,19,0
13,12,212,39,40,36,29,32,0
14,12,214,50,42,29,26,27,0
15,10,217,57,37,34,18,27,0
16,12,227,53,35,28,18,27,0
17,15,220,57,36,22,19,31,0
18,5,232,53,37,24,19,30,0
19,8,228,53,49,26,15,21,0
20,7,240,62,28,17,26,20,0
21,10,227,63,30,23,18,29,0
22,6,227,73,36,17,18,23,0
23,10,230,65,30,13,27,25,0
24,11,224,70,30,26,20,19,0
25,8,234,72,24,27,12,23,0
26,8,230,78,29,24,16,15,0
27,10,230,79,19,22,22,18,0
28,7,221,90,19,34,13,16,0
29,15,206,91,22,33,13,20,0
30,14,203,91,18,23,26,25,0
31,13,232,72,15,29,17,22,0
32,8,230,76,26,21,17,22,0
33,5,221,80,18,32,17,27,0
34,12,235,72,20,17,23,21,0
35,11,235,76,22,19,13,24,0
36,19,228,67,15,29,14,28,0
37,10,243,68,10,29,15,25,0
38,8,244,68,12,19,21,28,0
39,8,234,71,12,19,24,32,0
40,10,231,76,17,19,16,31,0
41,12,225,69,18,19,35,22,0
42,19,220,72,22,21,28,18,0
43,8,240,66,17,22,26,21,0
44,9,232,67,22,17,21,32,0
45,10,233,67,19,31,18,22,0
46,11,217,74,13,25,22,38,0
47,12,219,69,10,24,34,32,0
48,9,219,66,19,26,23,38,0
49,10,231,65,18,21,24,31,0
50,6,244,62,19,26,16,27,0
51,10,237,67,17,30,20,19,0
52,12,233,70,19,26,20,20,0
53,4,231,71,19,30,19,26,0
54,8,215,69,23,25,33,27,0
55,15,210,70,26,20,37,22,0
56,16,218,61,28,28,25,24,0
57,11,241,62,20,21,23,22,0
58,12,237,63,24,21,15,28,0
59,7,249,66,20,23,15,20,0
60,8,235,64,24,28,18,23,0
61,12,226,55,26,27,28,26,0
62,9,239,57,18,29,18,30,0
63,9,255,55,21,26,11,23,0
64,3,234,59,31,27,11,35,0
65,4,236,67,29,23,17,24,0
66,5,249,58,22,20,17,29,0
67,8,237,74,23,24,12,22,0
68,7,224,73,21,18,23,34,0
69,8,226,75,18,21,18,34,0
70,16,219,74,20,22,21,28,0
71,8,223,80,19,15,21,34,0
72,9,233,76,17,24,18,23,0
73,14,244,67,16,21,14,24,0
74,7,217,63,19,28,29,37,0
75,9,232,68,26,26,16,23,0
76,9,243,66,25,21,12,24,0
77,4,242,62,21,29,14,28,0
78,8,247,60,15,27,18,25,0
79,14,240,57,21,18,22,28,0
80,14,230,67,25,17,19,28,0
81,13,243,60,22,21,13,28,0
82,3,258,68,19,15,14,23,0
83,5,239,78,23,18,16,21,0
84,6,233,82,20,15,18,26,0
85,5,222,93,16,20,21,23,0
86,10,219,90,23,17,13,28,0
87,15,226,72,22,27,14,24,0
88,11,224,63,21,17,25,39,0
89,9,236,60,22,19,24,30,0
90,14,246,70,16,17,25,12,0
91,6,237,68,25,23,22,19,0
92,6,241,62,26,23,16,26,0
93,32,209,58,16,32,25,28,0
94,55,204,56,18,22,16,29,0
95,76,203,33,12,25,34,17,0
96,95,199,21,23,24,16,22,0
97,109,182,20,29,24,20,16,0
98,108,161,21,19,36,32,23,0
99,136,149,22,20,28,24,21,0
100,129,150,24,16,35,21,25,0
101,154,139,22,18,24,20,23,0
102,150,127,27,18,24,25,29,0
103,176,108,23,19,34,19,21,0
104,183,108,26,14,27,23,19,0
105,185,98,23,23,30,23,18,0
106,213,85,20,22,21,17,22,0
107,199,69,22,31,34,28,17,0
108,212,62,22,23,29,28,24,0
109,203,62,18,27,30,29,31,0
110,213,62,29,18,25,27,26,0
111,227,65,19,13,38,19,19,0
112,210,59,24,24,35,27,21,0
113,212,66,8,19,37,31,27,0
114,173,55,20,25,26,22,79,0
115,134,36,25,20,30,17,138,0
116,135,20,25,20,23,12,165,0
117,106,21,25,12,18,17,201,0
118,89,20,26,20,19,10,216,0
119,62,15,13,31,26,9,244,0
120,61,22,11,14,29,6,257,0
121,43,20,19,18,30,8,262,0
122,49,20,28,20,29,6,248,0
123,39,27,25,17,22,10,260,0
124,36,23,21,17,24,12,267,0
125,22,16,25,35,27,8,267,0
126,27,16,19,18,25,3,292,0
127,25,15,21,32,33,3,271,0
128,24,23,21,20,26,10,276,0
129,20,22,20,29,26,9,274,0
130,18,73,24,29,22,8,226,0
131,15,61,23,10,35,12,244,0
132,18,58,21,17,27,10,249,0
133,15,51,29,20,18,14,253,0
134,26,54,16,25,32,13,234,0
135,20,48,23,26,16,8,259,0
136,24,37,27,20,26,7,259,0
137,21,39,24,21,20,9,266,0
138,28,35,15,24,26,11,261,0
139,14,32,19,23,25,5,282,0
140,12,83,34,28,20,6,217,0
141,21,132,32,17,24,8,166,0
142,14,163,37,22,14,8,142,0
143,12,180,40,25,24,11,108,0
144,10,176,52,16,28,15,103,0
145,11,199,58,14,17,20,81,0
146,15,206,61,16,17,18,67,0
147,15,195,66,14,27,21,62,0
148,11,222,64,16,29,15,43,0
149,8,233,63,18,20,15,43,0
150,10,216,70,20,32,19,33,0
151,7,222,67,19,27,19,39,0
152,12,215,50,23,30,39,31,0
153,9,241,52,23,18,31,26,0
154,10,236,54,24,22,33,21,0
155,6,223,56,26,23,47,19,0
156,7,229,66,25,24,29,20,0
157,13,232,69,24,18,21,23,0
158,10,237,67,22,21,27,16,0
159,8,228,62,13,25,38,26,0
160,14,238,60,22,20,22,24,0
161,15,244,57,29,25,16,14,0
162,10,236,55,22,29,27,21,0
163,7,235,57,26,31,20,24,0
164,12,225,65,22,24,23,29,0
165,13,235,51,26,19,23,33,0
166,10,252,54,20,20,20,24,0
167,10,252,51,21,33,15,18,0
168,11,253,56,25,25,16,14,0
169,16,226,57,30,21,30,20,0
170,11,234,56,32,28,22,17,0
171,14,239,61,33,21,13,19,0
172,12,238,60,26,20,24,20,0
173,11,238,60,18,31,20,22,0
174,16,268,59,15,14,14,14,0
175,9,253,65,20,15,17,21,0
176,14,243,62,21,14,23,23,0
177,12,239,57,20,24,18,30,0
178,8,239,61,24,20,21,27,0
179,7,253,63,22,21,15,19,0
180,7,246,71,19,23,15,19,0
181,16,228,77,23,23,15,18,0
182,13,244,66,20,20,21,16,0
183,13,227,60,32,27,14,27,0
184,13,250,62,28,18,12,17,0
185,8,252,62,23,21,18,16,0
186,4,253,68,27,22,18,8,0
187,7,242,58,23,21,22,27,0
188,6,229,53,32,28,34,18,0
189,13,240,54,24,14,29,26,0
190,8,201,40,28,19,74,30,0
191,6,167,34,23,21,125,24,0
192,10,124,35,24,17,160,30,0
193,21,101,31,25,20,172,30,0
194,7,92,32,30,20,183,36,0
195,13,60,18,23,14,217,55,0
196,22,69,19,20,17,201,52,0
197,19,106,37,12,17,152,57,0
198,20,86,32,13,14,193,42,0
199,17,70,33,25,21,174,60,0
200,19,70,30,21,18,184,58,0
201,15,113,27,21,18,147,59,0
202,19,160,29,18,21,107,46,0
203,5,185,27,29,23,98,33,0
204,8,182,35,27,19,91,38,0
205,7,198,49,24,13,78,31,0
206,8,216,62,26,10,57,21,0
207,7,210,72,17,21,49,24,0
208,5,228,67,7,19,42,32,0
209,10,235,62,16,19,38,20,0
210,8,228,61,19,27,37,20,0
211,9,235,60,27,24,26,19,0
212,12,231,68,27,18,20,24,0
213,12,224,70,17,24,24,29,0
214,19,230,72,16,20,22,21,0
215,13,182,60,16,24,81,24,0
216,16,145,39,18,18,130,34,0
217,18,114,30,23,21,157,37,0
218,19,107,31,25,18,162,38,0
219,16,88,27,30,13,192,34,0
220,20,87,39,25,11,176,42,0
221,8,85,27,27,14,197,42,0
222,20,74,19,17,10,207,53,0
223,9,60,70,16,14,181,50,0
224,23,52,114,27,8,132,44,0
225,18,43,160,31,18,98,32,0
226,19,27,173,33,17,97,34,0
227,27,20,190,32,22,84,25,0
228,22,17,172,29,22,70,68,0
229,24,22,204,19,22,50,59,0
230,19,14,220,30,25,38,54,0
231,20,22,215,47,22,38,36,0
232,16,20,226,45,16,28,49,0
233,23,22,216,48,14,36,41,0
234,24,19,234,52,19,25,27,0
235,23,16,233,48,23,25,32,0
236,25,13,234,58,20,24,26,0
237,55,11,203,53,16,28,34,0
238,39,13,191,57,17,27,56,0
239,38,10,189,57,19,16,71,0
240,34,19,170,51,26,19,81,0
241,32,10,166,40,22,17,113,0
242,24,15,192,37,22,18,92,0
243,31,13,198,32,15,22,89,0
244,26,11,225,33,18,14,73,0
245,22,6,234,38,26,21,53,0
246,27,11,241,30,25,19,47,0
247,34,10,239,37,14,21,45,0
248,59,10,219,37,22,16,37,0
249,83,11,188,33,29,23,33,0
250,95,13,183,41,15,20,33,0
251,111,13,176,44,19,14,23,0
252,133,15,139,35,25,23,30,0
253,157,16,136,23,18,19,31,0
254,188,21,91,24,18,26,32,0
255,202,33,76,25,15,25,24,0
256,199,45,72,23,18,20,23,0
257,201,54,65,17,20,21,22,0
258,203,59,56,23,21,17,21,0
259,212,63,42,22,18,22,21,0
260,203,79,30,24,15,27,22,0
261,209,84,35,23,12,15,22,0
262,169,81,63,27,17,18,25,0
263,153,72,94,33,18,16,14,0
264,180,60,81,22,15,15,27,0
265,123,41,133,27,30,15,31,0
266,105,25,129,20,64,29,28,0
267,105,28,127,25,62,25,28,0
268,125,31,111,29,68,18,18,0
269,117,34,98,33,72,22,24,0
270,144,25,107,28,58,21,17,0
271,125,32,119,20,58,25,21,0
272,131,29,111,33,46,18,32,0
273,127,33,108,27,43,37,25,0
274,139,18,88,30,35,53,37,0
275,129,25,81,24,39,73,29,0
276,123,23,70,32,25,97,30,0
277,151,25,72,24,19,74,35,0
278,161,26,75,22,24,60,32,0
279,182,35,61,25,21,49,27,0
280,192,38,42,29,25,51,23,0
281,203,38,52,15,27,38,27,0
282,208,38,30,19,48,32,25,0
283,206,38,34,24,49,30,19,0
284,183,37,31,20,72,36,21,0
285,165,42,34,18,90,26,25,0
286,151,36,26,22,93,43,29,0
287,133,33,27,17,105,55,30,0
288,118,29,36,15,85,84,33,0
289,85,28,25,21,98,109,34,0
290,61,31,22,19,113,127,27,0
291,65,36,21,16,122,115,25,0
292,52,15,21,19,153,115,25,0
293,60,21,52,18,125,100,24,0
294,33,28,106,23,111,75,24,0
295,49,15,132,24,101,54,25,0
296,35,20,171,24,86,35,29,0
297,46,14,176,24,74,40,26,0
298,31,7,195,37,63,34,33,0
299,31,7,232,35,47,23,25,0
