iteration,exchange,exchangeRandom,inversion,swap,scramble,add,addRandomly,shift
0,100,100,100,100,100,100,100,100
1,95,107,126,109,129,107,108,19
2,86,89,117,82,100,198,123,5
3,76,67,94,79,61,300,123,0
4,63,59,63,58,115,323,119,0
5,60,47,47,58,181,320,87,0
6,35,49,52,43,231,311,79,0
7,32,45,151,31,202,278,61,0
8,40,30,261,41,172,210,46,0
9,35,25,341,44,150,174,31,0
10,22,19,423,39,147,127,23,0
11,29,13,446,44,143,94,31,0
12,24,9,493,45,112,92,25,0
13,27,5,505,42,114,82,25,0
14,13,8,593,39,80,46,21,0
15,11,2,585,42,84,56,20,0
16,14,3,614,40,72,42,15,0
17,9,2,640,47,64,31,7,0
18,7,0,660,55,44,21,13,0
19,10,1,647,55,41,32,14,0
20,10,2,648,61,49,19,11,0
21,12,3,660,71,33,15,6,0
22,6,1,651,75,36,20,11,0
23,6,2,664,79,30,12,7,0
24,7,4,671,78,17,13,10,0
25,8,1,658,82,17,15,19,0
26,7,1,686,85,6,5,10,0
27,14,1,677,83,9,11,5,0
28,11,1,668,82,7,18,13,0
29,3,1,688,86,5,12,5,0
30,5,0,681,89,11,9,5,0
31,7,0,685,87,11,4,6,0
32,9,1,679,91,9,5,6,0
33,9,1,685,91,6,7,1,0
34,4,1,680,96,9,5,5,0
35,8,1,671,97,11,6,6,0
36,9,1,665,93,13,10,9,0
37,4,1,665,101,12,8,9,0
38,5,1,663,103,6,13,9,0
39,7,1,662,99,13,8,10,0
40,13,1,666,94,6,12,8,0
41,8,2,672,91,10,10,7,0
42,4,1,680,94,5,7,9,0
43,5,1,685,91,5,6,7,0
44,7,0,676,95,6,9,7,0
45,7,1,678,95,7,8,4,0
46,2,2,666,99,10,11,10,0
47,5,2,679,97,6,5,6,0
48,4,1,679,99,6,9,2,0
49,1,0,678,97,10,8,6,0
50,4,0,675,104,8,3,6,0
51,5,1,668,105,3,4,14,0
52,4,3,662,105,6,8,12,0
53,5,0,679,111,0,2,3,0
54,6,2,668,111,6,6,1,0
55,4,0,665,118,4,5,4,0
56,4,2,657,115,3,8,11,0
57,4,1,645,116,7,10,17,0
58,6,2,659,116,4,7,6,0
59,5,0,654,121,8,5,7,0
60,4,4,645,124,7,5,11,0
61,6,1,646,125,9,7,6,0
62,3,2,643,126,12,7,7,0
63,4,2,653,126,4,7,4,0
64,10,2,650,121,6,10,1,0
65,5,1,650,123,3,7,11,0
66,8,3,651,123,4,6,5,0
67,6,0,645,126,4,11,8,0
68,4,2,650,131,2,3,8,0
69,6,0,638,135,7,7,7,0
70,5,3,631,131,11,12,7,0
71,11,0,643,124,7,6,9,0
72,8,0,651,126,8,5,2,0
73,7,0,637,130,13,9,4,0
74,7,1,640,128,12,4,8,0
75,2,3,647,125,13,7,3,0
76,5,0,641,127,13,7,7,0
77,7,0,642,130,9,6,6,0
78,7,1,645,127,8,4,8,0
79,6,0,647,122,9,8,8,0
80,6,2,653,126,5,5,3,0
81,6,3,641,123,11,8,8,0
82,9,1,642,126,10,9,3,0
83,12,1,643,126,9,4,5,0
84,7,0,645,127,7,2,12,0
85,7,1,640,130,7,11,4,0
86,7,2,641,130,10,8,2,0
87,14,3,634,131,8,6,4,0
88,5,4,643,129,6,5,8,0
89,6,0,653,126,2,5,8,0
90,7,2,648,123,4,9,7,0
91,7,1,643,129,11,5,4,0
92,7,3,552,108,117,6,7,0
93,3,1,462,70,253,6,5,0
94,5,3,405,44,326,9,8,0
95,7,4,486,23,267,10,3,0
96,5,6,526,22,222,11,8,0
97,10,4,565,22,182,10,7,0
98,9,2,582,18,173,14,2,0
99,10,3,623,24,125,9,6,0
100,6,2,641,27,113,4,7,0
101,4,0,660,27,97,3,9,0
102,4,1,660,28,92,7,8,0
103,5,1,678,29,72,8,7,0
104,8,0,689,33,57,5,8,0
105,3,2,680,38,64,4,9,0
106,5,1,686,41,50,7,10,0
107,6,2,689,42,43,4,14,0
108,6,0,700,43,41,2,8,0
109,4,2,705,42,34,7,6,0
110,5,1,712,44,28,5,5,0
111,7,2,718,46,19,4,4,0
112,11,2,707,48,18,5,9,0
113,2,0,704,59,18,9,8,0
114,6,2,702,62,14,5,9,0
115,8,0,696,67,15,5,9,0
116,10,0,703,74,10,1,2,0
117,6,1,692,77,11,6,7,0
118,5,0,682,81,16,6,10,0
119,11,0,683,78,11,6,11,0
120,4,1,694,85,4,6,6,0
121,5,0,686,85,10,6,8,0
122,6,0,684,89,7,8,6,0
123,6,0,682,91,5,9,7,0
124,5,1,682,90,7,6,9,0
125,8,0,672,96,10,8,6,0
126,8,3,671,94,9,3,12,0
127,12,1,670,92,5,11,9,0
128,2,2,686,92,10,4,4,0
129,4,2,688,88,9,6,3,0
130,8,0,671,94,11,10,6,0
131,109,0,592,79,5,11,4,0
132,254,2,459,67,5,10,3,0
133,306,1,430,40,10,6,7,0
134,351,2,398,28,7,9,5,0
135,453,4,300,25,6,5,7,0
136,504,4,257,16,4,8,7,0
137,538,9,224,14,6,6,3,0
138,552,15,212,9,7,1,4,0
139,583,11,184,7,3,7,5,0
140,627,10,134,10,7,8,4,0
141,645,14,113,7,5,6,10,0
142,665,16,97,6,4,9,3,0
143,669,20,85,7,10,5,4,0
144,553,26,197,7,5,6,6,0
145,465,18,291,4,12,5,5,0
146,405,17,349,4,7,6,12,0
147,344,9,417,10,7,4,9,0
148,322,7,439,13,6,9,4,0
149,264,4,502,13,5,7,5,0
150,259,2,500,17,6,11,5,0
151,277,2,485,14,6,8,8,0
152,364,1,409,10,5,7,4,0
153,360,4,408,9,3,7,9,0
154,409,8,355,14,5,5,4,0
155,454,7,306,11,6,8,8,0
156,507,7,257,17,5,3,4,0
157,555,10,207,14,6,5,3,0
158,586,10,175,5,10,5,9,0
159,611,10,151,4,10,3,11,0
160,643,12,120,7,4,6,8,0
161,649,13,118,4,5,6,5,0
162,672,24,84,7,6,3,4,0
163,685,27,74,7,2,4,1,0
164,634,27,114,8,4,8,5,0
165,569,31,165,16,5,10,4,0
166,545,24,198,8,11,10,4,0
167,448,20,300,13,9,5,5,0
168,394,19,359,12,6,4,6,0
169,329,12,425,12,9,9,4,0
170,290,2,477,16,6,5,4,0
171,273,5,488,15,5,8,6,0
172,186,5,571,17,7,7,7,0
173,181,5,578,13,6,9,8,0
174,161,3,599,14,4,11,8,0
175,117,2,647,15,5,6,8,0
176,119,0,639,21,4,8,9,0
177,107,0,646,22,7,6,12,0
178,73,1,680,32,4,8,2,0
179,73,1,674,34,9,6,3,0
180,58,1,678,38,5,9,11,0
181,42,1,694,36,10,10,7,0
182,41,0,695,35,8,12,9,0
183,35,0,709,36,7,5,8,0
184,24,0,712,37,10,8,9,0
185,36,1,699,42,9,10,3,0
186,24,1,704,47,5,8,11,0
187,19,0,714,49,5,6,7,0
188,19,0,707,50,11,5,8,0
189,19,0,704,61,5,3,8,0
190,17,1,700,60,7,12,3,0
191,23,0,700,64,3,4,6,0
192,13,0,701,66,4,8,8,0
193,10,2,705,68,6,7,2,0
194,18,1,699,67,8,2,5,0
195,12,0,694,75,9,5,5,0
196,7,0,702,77,6,3,5,0
197,6,0,694,81,11,3,5,0
198,9,1,696,82,3,2,7,0
199,4,1,697,85,6,6,1,0
200,113,0,586,81,6,10,4,0
201,238,0,492,54,6,5,5,0
202,315,1,433,34,8,5,4,0
203,383,4,369,20,9,7,8,0
204,436,4,325,16,8,4,7,0
205,486,6,276,11,8,3,10,0
206,509,8,261,4,8,8,2,0
207,593,7,181,4,5,6,4,0
208,580,12,184,11,5,5,3,0
209,623,16,145,5,6,1,4,0
210,607,20,114,7,2,4,46,0
211,598,21,118,6,6,4,47,0
212,607,22,83,2,5,15,66,0
213,588,23,67,5,7,10,100,0
214,636,23,65,4,5,6,61,0
215,627,30,43,4,2,10,84,0
216,589,36,39,4,7,9,116,0
217,536,34,39,4,3,17,167,0
218,462,20,35,3,8,13,259,0
219,371,14,28,11,8,3,365,0
220,400,16,26,10,5,4,339,0
221,434,17,27,9,5,3,305,0
222,390,13,18,5,8,6,360,0
223,379,11,17,1,8,2,382,0
224,320,10,14,5,5,5,441,0
225,280,14,12,4,7,2,481,0
226,239,13,16,4,6,1,521,0
227,195,12,14,3,5,1,570,0
228,148,16,9,2,11,3,611,0
229,187,9,11,8,8,3,574,0
230,167,9,7,5,4,2,606,0
231,147,6,7,2,7,1,630,0
232,245,5,3,4,7,2,534,0
233,270,10,1,4,9,2,504,0
234,338,18,7,4,7,0,426,0
235,407,18,10,9,3,1,352,0
236,456,15,7,10,9,3,300,0
237,490,18,11,8,7,9,257,0
238,546,19,6,6,7,7,209,0
239,595,17,2,4,8,5,169,0
240,591,23,8,12,10,6,150,0
241,612,26,7,8,9,6,132,0
242,636,28,9,1,5,10,111,0
243,632,36,6,10,10,3,103,0
244,547,33,2,10,5,9,194,0
245,446,30,7,8,2,3,304,0
246,383,24,5,7,13,5,363,0
247,361,14,7,5,5,5,403,0
248,341,10,2,4,8,2,433,0
249,282,12,6,5,9,1,485,0
250,232,5,6,8,7,3,539,0
251,185,7,9,6,7,3,583,0
252,178,11,2,5,5,2,597,0
253,144,12,5,6,6,2,625,0
254,125,14,7,8,9,1,636,0
255,122,3,3,9,5,1,657,0
256,94,9,2,9,6,0,680,0
257,82,8,7,10,6,2,685,0
258,59,11,4,9,6,0,711,0
259,55,7,2,6,4,0,726,0
260,55,8,6,8,7,1,715,0
261,46,5,6,5,5,1,732,0
262,40,11,5,7,6,0,731,0
263,35,8,4,6,7,0,740,0
264,35,7,5,4,7,0,742,0
265,30,4,6,7,1,0,752,0
266,17,2,3,3,3,1,771,0
267,28,1,6,6,6,0,753,0
268,19,2,5,6,6,0,762,0
269,18,7,5,5,6,0,759,0
270,15,4,5,7,2,1,766,0
271,18,4,6,8,2,0,762,0
272,14,4,2,9,9,0,762,0
273,10,7,2,9,4,0,768,0
274,10,3,4,4,8,0,771,0
275,16,6,5,6,6,0,761,0
276,9,4,8,4,3,0,772,0
277,6,6,7,7,4,0,770,0
278,12,7,8,9,6,0,758,0
279,10,6,8,9,5,1,761,0
280,3,6,6,7,7,0,771,0
281,10,7,5,5,10,0,763,0
282,6,4,2,6,6,0,776,0
283,5,2,7,11,11,1,763,0
284,0,8,6,7,11,0,768,0
285,5,5,11,6,8,0,765,0
286,7,5,7,4,6,0,771,0
287,6,11,4,7,8,0,764,0
288,2,5,10,5,11,1,766,0
289,4,8,6,11,12,0,759,0
290,4,84,5,5,9,0,693,0
291,2,61,10,7,3,2,715,0
292,6,47,7,3,7,0,730,0
293,3,38,10,5,8,1,735,0
294,5,42,2,8,3,0,740,0
295,4,36,5,9,4,0,742,0
296,1,28,7,6,7,1,750,0
297,6,28,8,4,4,0,750,0
298,4,148,8,11,7,0,622,0
299,4,246,7,6,9,0,528,0
