iteration,exchange,exchangeRandom,inversion,swap,scramble,add,addRandomly,shift
0,50,50,50,50,50,50,50,50
1,51,51,66,62,57,54,45,14
2,46,44,59,53,50,52,94,2
3,33,36,43,41,45,35,165,2
4,40,38,32,41,37,19,191,2
5,26,39,25,39,30,19,220,2
6,22,32,18,45,33,15,234,1
7,26,30,18,41,36,8,240,1
8,15,26,31,23,32,9,263,1
9,17,25,25,16,24,10,283,0
10,24,24,28,27,35,12,250,0
11,17,20,25,27,29,11,271,0
12,25,28,32,22,24,4,265,0
13,23,31,18,22,22,8,276,0
14,12,34,20,19,25,10,280,0
15,13,27,11,19,34,10,286,0
16,20,37,23,25,20,7,268,0
17,16,27,18,22,27,4,286,0
18,26,27,18,21,26,1,281,0
19,17,21,29,26,17,7,283,0
20,15,21,25,30,7,2,300,0
21,17,23,21,23,23,4,289,0
22,26,19,27,26,15,4,283,0
23,19,18,31,20,21,4,287,0
24,23,18,20,24,26,3,286,0
25,14,20,24,26,27,2,287,0
26,18,23,24,25,20,7,283,0
27,13,28,18,29,23,1,288,0
28,24,19,20,22,25,5,285,0
29,21,11,28,24,32,7,277,0
30,30,8,18,32,24,5,283,0
31,23,16,17,18,27,6,293,0
32,23,16,17,16,26,9,293,0
33,23,17,28,18,24,5,285,0
34,21,14,25,16,33,4,287,0
35,27,23,27,14,31,5,273,0
36,20,17,25,21,29,13,275,0
37,26,17,21,12,31,8,285,0
38,32,14,16,18,26,6,288,0
39,22,16,29,18,20,6,289,0
40,24,25,22,19,13,7,290,0
41,22,25,28,37,21,5,262,0
42,18,25,23,21,26,6,281,0
43,83,29,18,20,33,4,213,0
44,131,44,21,17,20,7,160,0
45,95,30,78,24,18,14,141,0
46,84,27,110,35,22,10,112,0
47,63,25,161,29,25,16,81,0
48,56,14,166,34,32,20,78,0
49,55,14,192,37,22,19,61,0
50,42,12,197,44,32,22,51,0
51,34,13,224,40,22,18,49,0
52,35,11,216,44,31,24,39,0
53,34,13,228,56,17,25,27,0
54,25,7,235,58,22,24,29,0
55,32,13,233,52,15,30,25,0
56,29,11,234,52,24,19,31,0
57,28,10,248,44,20,27,23,0
58,34,10,240,36,28,21,31,0
59,33,8,228,43,22,20,46,0
60,38,10,229,50,28,23,22,0
61,24,7,210,51,46,31,31,0
62,32,7,185,50,77,24,25,0
63,30,13,162,55,81,36,23,0
64,29,11,150,42,102,38,28,0
65,19,17,193,35,82,32,22,0
66,27,11,204,40,66,26,26,0
67,19,14,212,41,66,26,22,0
68,20,12,220,48,49,24,27,0
69,23,6,243,48,36,24,20,0
70,23,9,245,53,33,18,19,0
71,25,12,242,46,36,23,16,0
72,25,13,247,55,24,23,13,0
73,19,7,246,47,30,35,16,0
74,14,9,260,49,30,18,20,0
75,22,10,252,53,23,21,19,0
76,15,12,252,70,19,16,16,0
77,24,8,230,66,24,19,29,0
78,24,10,226,71,22,16,31,0
79,19,12,237,62,24,25,21,0
80,43,11,221,63,26,18,18,0
81,69,13,191,58,29,19,21,0
82,64,11,205,46,21,22,31,0
83,54,2,177,50,29,25,63,0
84,48,14,183,42,24,16,73,0
85,39,12,176,38,23,17,95,0
86,26,15,145,32,22,24,136,0
87,36,13,131,30,25,14,151,0
88,35,20,100,34,24,14,173,0
89,24,19,87,34,16,15,205,0
90,27,13,67,22,26,16,229,0
91,28,14,72,25,18,11,232,0
92,22,17,40,28,25,11,257,0
93,33,15,35,27,21,7,262,0
94,21,27,37,35,21,9,250,0
95,16,24,40,27,21,10,262,0
96,26,19,25,23,23,4,280,0
97,19,22,35,21,18,2,283,0
98,17,26,27,33,78,11,208,0
99,17,17,28,25,122,9,182,0
100,15,26,21,17,152,10,159,0
101,17,23,29,12,180,13,126,0
102,16,22,25,21,191,19,106,0
103,20,18,21,15,209,25,92,0
104,16,33,27,16,194,31,83,0
105,17,22,32,14,220,33,62,0
106,18,20,29,8,235,37,53,0
107,22,33,31,10,225,42,37,0
108,14,31,49,6,217,44,39,0
109,26,15,51,15,208,44,41,0
110,49,14,40,14,202,50,31,0
111,60,26,33,10,189,41,41,0
112,79,31,21,13,184,40,32,0
113,64,31,31,14,193,43,24,0
114,50,20,29,15,210,50,26,0
115,52,20,23,13,219,48,25,0
116,50,18,21,14,222,47,28,0
117,22,22,7,12,253,51,33,0
118,18,14,21,14,239,60,34,0
119,34,15,18,9,241,54,29,0
120,24,15,21,9,237,59,35,0
121,19,27,23,7,244,56,24,0
122,23,25,20,6,236,63,27,0
123,19,18,24,8,230,74,27,0
124,27,16,26,5,222,83,21,0
125,30,22,19,12,223,72,22,0
126,27,22,29,10,223,63,26,0
127,25,30,35,11,220,59,20,0
128,18,14,36,9,239,67,17,0
129,15,13,24,8,243,66,31,0
130,21,20,38,15,230,52,24,0
131,21,45,26,11,227,43,27,0
132,15,48,23,8,238,41,27,0
133,22,46,21,11,226,52,22,0
134,15,30,22,7,250,47,29,0
135,24,32,19,6,255,43,21,0
136,19,27,22,7,250,44,31,0
137,19,24,21,8,248,50,30,0
138,30,32,22,7,230,50,29,0
139,19,25,29,11,246,47,23,0
140,17,23,20,11,247,52,30,0
141,19,25,23,10,238,62,23,0
142,25,18,29,4,235,66,23,0
143,17,20,29,6,230,69,29,0
144,21,24,37,12,217,62,27,0
145,16,25,31,12,228,60,28,0
146,15,14,31,9,247,62,22,0
147,23,16,23,13,241,63,21,0
148,18,24,14,8,251,57,28,0
149,17,34,26,10,239,52,22,0
150,23,30,28,12,234,57,16,0
151,16,19,37,7,250,52,19,0
152,17,24,27,5,249,51,27,0
153,13,21,39,9,242,54,22,0
154,16,24,37,12,229,64,18,0
155,15,24,29,17,242,50,23,0
156,19,23,30,12,240,54,22,0
157,13,29,61,7,222,48,20,0
158,12,31,62,6,222,52,15,0
159,11,34,40,15,231,51,18,0
160,15,20,38,10,233,52,32,0
161,13,21,42,11,229,51,33,0
162,13,19,37,16,228,61,26,0
163,17,30,54,10,217,48,24,0
164,12,21,84,13,202,47,21,0
165,12,16,67,12,236,42,15,0
166,13,23,50,10,237,45,22,0
167,45,23,51,9,205,49,18,0
168,73,15,41,9,195,52,15,0
169,78,31,45,13,157,48,28,0
170,64,31,35,13,187,50,20,0
171,67,30,40,12,176,49,26,0
172,55,26,49,17,190,36,27,0
173,72,25,54,19,171,35,24,0
174,63,26,43,18,188,36,26,0
175,42,30,39,23,207,40,19,0
176,38,24,33,14,220,54,17,0
177,36,26,27,9,229,57,16,0
178,40,38,29,13,204,47,29,0
179,45,36,30,14,201,54,20,0
180,49,29,28,10,208,53,23,0
181,34,23,40,7,209,54,33,0
182,30,28,29,14,218,52,29,0
183,28,16,22,9,245,48,32,0
184,32,22,32,14,236,43,21,0
185,23,25,38,5,240,46,23,0
186,34,21,55,16,205,50,19,0
187,27,22,72,14,175,74,16,0
188,32,22,88,23,129,80,26,0
189,20,12,91,29,123,79,46,0
190,27,19,93,32,120,74,35,0
191,46,16,79,41,123,49,46,0
192,33,21,96,34,107,58,51,0
193,45,18,90,32,98,70,47,0
194,53,24,101,26,82,74,40,0
195,61,23,93,25,95,60,43,0
196,61,26,100,26,102,51,34,0
197,79,32,101,22,84,50,32,0
198,78,43,111,24,66,48,30,0
199,82,62,121,18,60,24,33,0
200,81,78,101,21,71,27,21,0
201,63,81,107,23,67,33,26,0
202,65,80,93,33,78,24,27,0
203,80,67,93,43,71,22,24,0
204,58,77,88,42,69,31,35,0
205,56,52,103,38,86,28,37,0
206,72,50,92,36,84,24,42,0
207,106,53,68,39,74,27,33,0
208,141,44,69,42,55,27,22,0
209,156,50,48,30,60,38,18,0
210,177,56,32,27,57,31,20,0
211,178,69,40,25,46,21,21,0
212,184,67,37,34,29,26,23,0
213,188,64,37,37,28,25,21,0
214,206,64,23,33,28,25,21,0
215,198,65,19,37,40,28,13,0
216,182,56,33,24,52,27,26,0
217,201,51,31,27,47,27,16,0
218,189,53,58,28,31,26,15,0
219,171,42,90,33,25,24,15,0
220,147,43,69,15,31,76,19,0
221,145,32,70,30,25,78,20,0
222,157,30,50,31,27,77,28,0
223,139,30,52,29,17,102,31,0
224,148,30,38,19,22,106,37,0
225,144,27,38,18,19,114,40,0
226,129,34,40,17,15,124,41,0
227,153,33,25,27,12,112,38,0
228,158,31,22,27,14,129,19,0
229,120,32,38,26,12,144,28,0
230,123,33,29,30,19,118,48,0
231,113,39,27,24,11,136,50,0
232,114,32,21,22,15,128,68,0
233,115,33,25,26,16,109,76,0
234,120,37,18,27,14,79,105,0
235,114,35,25,23,34,62,107,0
236,103,37,24,27,23,63,123,0
237,108,30,25,21,24,68,124,0
238,120,33,28,21,12,57,129,0
239,110,45,15,23,22,42,143,0
240,95,39,24,46,19,40,137,0
241,112,48,26,44,17,24,129,0
242,95,46,19,53,27,28,132,0
243,115,40,18,44,18,44,121,0
244,139,41,19,37,22,40,102,0
245,172,43,25,27,20,35,78,0
246,186,47,19,27,25,40,56,0
247,207,46,26,20,35,29,37,0
248,223,41,21,27,20,26,42,0
249,200,38,28,44,30,19,41,0
250,185,31,25,69,28,13,49,0
251,162,29,11,63,29,25,81,0
252,149,34,12,73,22,32,78,0
253,117,28,17,80,37,29,92,0
254,148,33,12,74,35,17,81,0
255,165,44,15,70,36,13,57,0
256,177,43,13,50,36,23,58,0
257,213,47,15,41,31,15,38,0
258,221,54,16,24,21,23,41,0
259,162,70,28,26,27,24,63,0
260,160,74,22,34,17,24,69,0
261,148,79,29,29,27,20,68,0
262,113,87,29,26,32,31,82,0
263,102,118,30,23,24,22,81,0
264,82,129,29,23,30,18,89,0
265,84,137,30,23,22,14,90,0
266,86,129,27,23,22,12,101,0
267,76,121,30,25,20,15,113,0
268,69,128,23,18,36,17,109,0
269,76,102,27,19,43,27,106,0
270,67,105,40,23,51,21,93,0
271,54,90,57,20,57,28,94,0
272,49,91,58,28,57,22,95,0
273,57,80,64,35,57,16,91,0
274,47,65,70,46,55,25,92,0
275,41,82,73,57,46,16,85,0
276,38,65,61,74,45,16,101,0
277,29,62,69,91,44,12,93,0
278,21,50,73,98,40,10,108,0
279,34,37,66,121,42,16,84,0
280,24,45,90,118,38,18,67,0
281,23,24,78,151,31,19,74,0
282,28,37,62,123,40,24,86,0
283,16,30,71,135,34,17,97,0
284,21,25,74,112,60,14,94,0
285,22,25,87,114,48,12,92,0
286,16,15,77,98,61,11,122,0
287,28,21,82,87,49,20,113,0
288,25,17,85,79,70,18,106,0
289,38,20,56,60,114,22,90,0
290,26,22,96,36,117,26,77,0
291,28,22,100,30,128,21,71,0
292,29,26,97,21,145,24,58,0
293,30,13,129,35,120,17,56,0
294,27,13,120,21,147,23,49,0
295,41,18,125,23,130,34,29,0
296,53,18,132,30,111,25,31,0
297,90,15,129,34,71,31,30,0
298,82,22,117,39,69,29,42,0
299,86,25,106,24,91,37,31,0
