iteration,exchange,exchangeRandom,inversion,swap,scramble,add,addRandomly,shift
0,50,50,50,50,50,50,50,50
1,49,61,49,56,66,48,60,11
2,86,54,45,50,58,56,51,0
3,125,54,59,44,44,34,40,0
4,148,50,58,35,35,36,38,0
5,175,54,39,42,31,29,30,0
6,188,63,25,34,31,30,29,0
7,173,60,41,27,31,36,32,0
8,214,58,31,24,28,14,31,0
9,205,63,24,18,26,22,42,0
10,198,69,18,35,22,23,35,0
11,223,73,21,20,18,24,21,0
12,210,68,24,17,23,23,35,0
13,227,56,16,21,34,20,26,0
14,222,55,19,19,28,29,28,0
15,230,56,15,22,30,25,22,0
16,208,43,32,22,32,31,32,0
17,237,39,30,29,24,17,24,0
18,256,38,24,22,25,12,23,0
19,254,41,33,17,10,23,22,0
20,247,45,19,20,18,25,26,0
21,247,47,28,15,15,27,21,0
22,240,48,28,15,21,23,25,0
23,230,51,32,24,18,24,21,0
24,223,63,19,34,24,20,17,0
25,236,58,19,25,11,23,28,0
26,224,59,24,28,22,27,16,0
27,223,71,24,30,23,13,16,0
28,215,65,33,26,24,23,14,0
29,242,60,19,18,23,25,13,0
30,182,60,22,69,21,28,18,0
31,131,52,30,120,32,16,19,0
32,107,33,18,163,30,19,30,0
33,99,39,11,175,38,18,20,0
34,82,33,16,180,41,20,28,0
35,53,40,22,196,52,16,21,0
36,42,27,8,233,49,21,20,0
37,48,34,6,226,48,19,19,0
38,42,28,14,222,50,25,19,0
39,36,30,12,232,45,27,18,0
40,23,26,9,245,50,33,14,0
41,26,25,10,240,51,29,19,0
42,37,23,7,241,55,24,13,0
43,46,17,7,223,64,24,19,0
44,25,22,13,240,65,16,19,0
45,26,17,9,240,68,21,19,0
46,28,15,14,232,56,28,27,0
47,26,17,12,246,56,25,18,0
48,23,19,5,241,64,20,28,0
49,23,14,9,243,70,21,20,0
50,34,12,7,231,67,17,32,0
51,31,21,9,232,65,23,19,0
52,31,27,10,225,61,21,25,0
53,19,16,11,240,63,18,33,0
54,27,26,7,232,70,20,18,0
55,26,27,8,231,69,18,21,0
56,21,25,15,229,72,21,17,0
57,19,16,11,234,70,28,22,0
58,26,21,10,234,64,23,22,0
59,26,22,10,236,67,17,22,0
60,16,20,6,238,77,23,20,0
61,25,18,10,221,75,12,39,0
62,20,21,11,247,64,10,27,0
63,16,21,7,229,69,18,40,0
64,19,23,16,224,67,17,34,0
65,17,12,12,243,60,20,36,0
66,22,13,6,236,68,19,36,0
67,17,22,8,240,75,17,21,0
68,25,21,13,232,70,15,24,0
69,86,31,17,175,53,16,22,0
70,112,24,17,154,49,17,27,0
71,143,23,14,140,34,23,23,0
72,167,41,13,110,30,14,25,0
73,181,48,10,91,30,17,23,0
74,180,55,23,75,25,22,20,0
75,138,48,9,71,84,28,22,0
76,120,36,15,50,131,25,23,0
77,125,31,20,30,154,21,19,0
78,87,33,31,29,159,33,28,0
79,65,37,22,26,191,31,28,0
80,66,21,29,22,202,40,20,0
81,56,21,29,15,212,41,26,0
82,43,22,80,20,160,53,22,0
83,30,24,131,26,129,30,30,0
84,33,9,146,28,123,38,23,0
85,37,21,167,24,96,33,22,0
86,28,13,216,29,72,28,14,0
87,28,17,207,27,66,33,22,0
88,36,6,223,26,60,29,20,0
89,29,9,231,37,41,33,20,0
90,21,5,246,46,35,23,24,0
91,35,13,236,45,35,18,18,0
92,26,15,225,37,31,35,31,0
93,17,7,239,44,31,34,28,0
94,28,11,253,45,24,25,14,0
95,14,10,250,51,30,24,21,0
96,16,14,249,47,28,24,22,0
97,15,12,247,43,31,25,27,0
98,14,16,258,50,15,20,27,0
99,21,15,249,49,22,26,18,0
100,21,11,239,43,34,19,33,0
101,23,9,251,48,18,18,33,0
102,80,7,200,49,27,18,19,0
103,154,17,139,31,18,14,27,0
104,126,24,141,29,30,25,25,0
105,169,23,116,25,24,21,22,0
106,179,27,92,28,18,22,34,0
107,202,36,67,22,24,16,33,0
108,214,40,57,25,22,19,23,0
109,206,50,48,25,20,23,28,0
110,211,50,41,16,18,19,45,0
111,218,46,43,22,17,27,27,0
112,214,47,39,20,20,27,33,0
113,231,44,32,22,13,29,29,0
114,235,42,26,23,16,33,25,0
115,225,44,32,19,25,27,28,0
116,236,56,18,22,24,26,18,0
117,229,69,19,16,23,18,26,0
118,175,61,77,16,21,27,23,0
119,152,48,114,21,19,25,21,0
120,151,43,119,20,20,18,29,0
121,181,36,90,19,28,26,20,0
122,195,42,79,17,23,20,24,0
123,204,41,65,35,24,16,15,0
124,207,54,54,29,19,23,14,0
125,219,47,38,30,15,19,32,0
126,209,50,43,30,26,19,23,0
127,212,38,47,35,24,18,26,0
128,233,37,30,27,22,17,34,0
129,233,38,31,27,20,28,23,0
130,259,30,28,19,26,15,23,0
131,235,35,27,26,29,23,25,0
132,248,34,25,25,28,19,21,0
133,236,40,18,29,30,22,25,0
134,238,50,20,24,17,28,23,0
135,220,62,21,38,18,22,19,0
136,214,58,26,45,13,23,21,0
137,220,61,18,30,18,29,24,0
138,218,59,17,30,29,17,30,0
139,208,52,21,35,29,35,20,0
140,246,50,19,20,18,29,18,0
141,241,50,17,22,17,21,32,0
142,223,54,25,24,21,31,22,0
143,248,49,17,16,13,34,23,0
144,225,56,17,21,23,35,23,0
145,228,54,25,16,19,31,27,0
146,231,58,19,27,34,11,20,0
147,233,61,18,19,28,23,18,0
148,233,69,14,16,28,20,20,0
149,215,69,22,14,29,27,24,0
150,200,84,28,19,27,15,27,0
151,182,117,22,22,23,12,22,0
152,145,149,26,16,31,8,25,0
153,119,167,22,26,29,15,22,0
154,71,212,29,17,29,19,23,0
155,47,223,43,22,18,25,22,0
156,38,205,38,54,18,16,31,0
157,32,152,34,112,21,24,25,0
158,37,123,31,147,29,18,15,0
159,42,113,16,173,29,15,12,0
160,31,80,16,209,25,21,18,0
161,39,60,7,210,39,23,22,0
162,22,58,7,225,39,29,20,0
163,26,50,8,226,44,21,25,0
164,22,43,6,227,37,31,34,0
165,15,35,12,240,48,24,26,0
166,37,31,10,232,39,22,29,0
167,29,40,11,239,46,23,12,0
168,14,26,11,248,48,29,24,0
169,17,25,6,251,57,23,21,0
170,24,26,7,227,58,34,24,0
171,16,24,9,249,55,25,22,0
172,21,18,7,256,49,29,20,0
173,16,13,7,257,62,19,26,0
174,17,52,12,209,68,19,23,0
175,20,74,14,185,61,25,21,0
176,17,63,22,209,43,19,27,0
177,22,50,20,224,45,22,17,0
178,18,43,10,228,48,31,22,0
179,22,40,6,217,57,34,24,0
180,77,51,11,181,45,17,18,0
181,129,51,12,121,40,21,26,0
182,141,44,8,120,36,29,22,0
183,184,60,18,75,24,18,21,0
184,183,56,10,88,21,18,24,0
185,165,58,19,80,36,15,27,0
186,200,59,18,66,28,16,13,0
187,224,52,12,41,22,29,20,0
188,212,62,19,35,22,29,21,0
189,221,58,19,33,20,21,28,0
190,208,46,17,49,22,21,37,0
191,222,49,27,24,31,25,22,0
192,225,45,28,33,23,25,21,0
193,237,51,24,28,26,17,17,0
194,235,50,19,29,25,28,14,0
195,199,39,25,21,19,74,23,0
196,159,28,27,25,15,63,83,0
197,119,26,16,25,25,45,144,0
198,100,26,20,28,14,36,176,0
199,74,31,21,24,18,33,199,0
200,60,20,26,18,22,36,218,0
201,60,18,27,18,26,21,230,0
202,110,26,18,22,13,19,192,0
203,116,32,21,25,14,15,177,0
204,158,32,21,17,19,15,138,0
205,187,33,18,21,33,19,89,0
206,162,51,19,7,53,24,84,0
207,156,47,18,17,63,20,79,0
208,178,49,28,21,52,12,60,0
209,185,54,22,14,48,19,58,0
210,183,59,22,16,42,26,52,0
211,186,54,23,32,38,22,45,0
212,213,61,19,14,32,32,29,0
213,201,65,27,25,23,27,32,0
214,159,48,23,83,34,24,29,0
215,137,47,15,115,41,26,19,0
216,118,45,13,133,44,21,26,0
217,94,30,11,146,35,22,62,0
218,71,30,11,123,36,21,108,0
219,67,19,21,134,27,20,112,0
220,58,26,10,108,25,13,160,0
221,42,19,23,139,35,8,134,0
222,29,34,18,133,30,13,143,0
223,30,27,16,99,29,9,190,0
224,32,19,8,99,24,7,211,0
225,30,34,12,67,23,11,223,0
226,19,23,16,60,18,13,251,0
227,21,24,8,70,26,9,242,0
228,26,26,9,41,23,18,257,0
229,22,19,12,54,90,9,194,0
230,24,29,10,30,122,15,170,0
231,24,36,21,26,158,13,122,0
232,19,26,19,13,199,21,103,0
233,19,22,14,9,215,34,87,0
234,22,25,17,16,218,30,72,0
235,18,27,16,23,221,43,52,0
236,20,18,11,14,233,50,54,0
237,23,26,16,16,223,57,39,0
238,20,41,21,20,186,51,61,0
239,23,104,22,14,139,42,56,0
240,17,122,23,16,142,34,46,0
241,12,117,24,48,131,27,41,0
242,11,161,30,48,99,18,33,0
243,11,172,29,46,83,17,42,0
244,12,130,32,52,74,66,34,0
245,13,119,29,39,49,114,37,0
246,15,146,28,46,28,110,27,0
247,7,178,30,46,28,87,24,0
248,13,182,27,37,41,71,29,0
249,31,189,35,28,25,58,34,0
250,37,198,41,30,21,51,22,0
251,49,202,41,27,22,40,19,0
252,52,183,43,29,35,36,22,0
253,51,191,38,21,33,30,36,0
254,31,214,45,19,21,34,36,0
255,26,218,46,21,42,27,20,0
256,31,215,45,23,36,21,29,0
257,24,210,43,24,36,34,29,0
258,18,225,55,25,25,30,22,0
259,14,231,52,20,40,28,15,0
260,16,246,64,14,13,26,21,0
261,10,258,59,19,19,20,15,0
262,7,245,60,19,28,27,14,0
263,9,235,66,25,13,33,19,0
264,9,229,65,28,24,27,18,0
265,8,240,68,28,21,23,12,0
266,5,226,77,30,32,17,13,0
267,11,223,66,25,27,18,30,0
268,12,231,64,29,18,17,29,0
269,4,235,71,20,23,25,22,0
270,11,233,67,24,17,20,28,0
271,8,222,62,29,12,27,40,0
272,14,225,58,27,28,25,23,0
273,9,241,61,20,16,23,30,0
274,9,235,59,26,20,26,25,0
275,5,246,65,21,26,21,16,0
276,8,252,64,16,19,21,20,0
277,5,242,63,22,14,32,22,0
278,9,233,66,29,15,24,24,0
279,11,241,70,13,18,29,18,0
280,8,224,77,20,19,37,15,0
281,10,238,71,24,12,25,20,0
282,7,243,58,19,26,16,31,0
283,10,231,55,30,24,28,22,0
284,7,247,56,25,25,17,23,0
285,6,253,59,21,12,16,33,0
286,8,240,56,30,20,27,19,0
287,10,242,51,26,19,21,31,0
288,12,232,59,25,29,18,25,0
289,8,238,62,22,18,27,25,0
290,13,243,55,26,21,20,22,0
291,11,239,59,31,20,23,17,0
292,15,233,59,27,23,24,19,0
293,14,228,62,35,20,23,18,0
294,11,195,48,33,14,23,76,0
295,13,196,43,31,20,13,84,0
296,9,189,39,21,18,12,112,0
297,13,170,33,29,20,15,120,0
298,14,181,34,18,16,25,112,0
299,15,166,34,23,13,14,135,0
