iteration,exchange,exchangeRandom,inversion,swap,scramble,randomShuffle,add,addRandomly,shift
0,50,50,50,50,50,50,50,50,50
1,60,47,61,49,57,39,42,46,49
2,50,51,44,50,30,105,46,33,41
3,40,40,36,99,34,87,36,41,37
4,32,23,31,154,36,62,44,35,33
5,20,28,27,172,27,73,38,28,37
6,22,27,21,213,26,65,26,24,26
7,21,22,26,256,19,47,21,17,21
8,20,20,15,289,15,41,12,23,15
9,15,23,23,272,15,42,18,26,16
10,14,15,16,313,13,29,16,19,15
11,19,8,12,331,9,28,12,13,18
12,9,15,13,343,13,20,14,12,11
13,15,12,9,350,13,20,4,13,14
14,6,9,10,367,16,20,5,9,8
15,13,11,6,370,7,16,5,13,9
16,12,8,11,351,20,14,5,19,10
17,8,10,8,382,2,13,6,8,13
18,3,10,8,396,6,8,8,10,1
19,3,12,7,387,5,11,11,11,3
20,7,3,4,405,8,9,5,8,1
21,3,6,5,401,11,9,3,9,3
22,5,6,2,403,11,8,3,4,8
23,5,5,2,399,8,10,6,6,9
24,57,2,5,360,12,7,2,1,4
25,110,4,5,309,5,7,5,2,3
26,157,2,6,260,8,5,8,3,1
27,194,5,3,221,7,4,7,2,7
28,209,0,1,164,3,8,57,4,4
29,182,3,6,122,3,3,124,4,3
30,156,3,2,119,4,5,155,2,4
31,138,5,3,98,4,0,197,3,2
32,119,10,8,88,5,3,205,6,6
33,86,5,1,74,7,2,264,3,8
34,82,1,4,69,4,2,281,4,3
35,66,7,3,50,1,4,254,62,3
36,66,2,0,46,6,4,195,126,5
37,58,5,5,45,6,3,231,95,2
38,41,2,4,42,3,3,271,79,5
39,30,3,4,39,4,2,299,64,5
40,37,6,6,33,5,5,293,59,6
41,31,4,3,23,5,5,321,55,3
42,25,3,4,27,6,2,336,42,5
43,22,2,2,18,3,1,359,37,6
44,10,2,2,11,2,2,384,34,3
45,14,3,3,12,3,1,384,29,1
46,12,1,4,17,3,2,377,27,7
47,13,4,2,13,6,1,386,18,7
48,16,3,4,10,2,2,391,17,5
49,8,3,3,9,3,4,351,64,5
50,5,2,3,6,3,1,311,115,4
51,57,3,2,6,2,1,287,87,5
52,98,0,2,4,3,4,231,106,2
53,65,1,4,3,2,0,240,132,3
54,117,2,5,0,1,2,190,128,5
55,151,4,3,3,1,2,184,99,3
56,201,1,3,3,3,1,147,84,7
57,246,4,3,2,1,4,115,73,2
58,261,1,5,10,5,1,105,59,3
59,289,5,0,4,4,3,94,50,1
60,318,4,3,1,1,1,79,41,2
61,340,3,3,3,1,1,62,37,0
62,338,6,5,5,5,3,49,36,3
63,358,1,8,2,6,2,38,28,7
64,372,2,3,5,1,4,36,25,2
65,381,5,1,3,2,3,30,21,4
66,380,4,5,2,3,3,31,22,0
67,390,2,1,3,1,3,31,13,6
68,348,2,2,7,3,58,16,12,2
69,297,3,1,2,3,114,18,8,4
70,301,2,4,0,3,116,15,7,2
71,268,1,1,2,0,163,9,5,1
72,260,0,1,0,3,173,5,6,2
73,250,1,2,2,4,177,3,6,5
74,267,0,1,2,4,162,5,3,6
75,298,2,6,2,1,132,4,5,0
76,287,2,2,2,3,150,2,0,2
77,297,4,5,5,1,129,3,4,2
78,332,2,1,3,4,101,3,2,2
79,289,3,5,2,1,141,5,1,3
80,291,1,2,0,2,146,4,3,1
81,260,2,4,1,2,177,3,0,1
82,236,1,6,0,1,201,3,1,1
83,259,0,2,1,4,176,2,3,3
84,239,4,1,2,1,198,1,1,3
85,243,1,1,1,1,197,4,1,1
86,238,3,2,3,1,198,0,4,1
87,208,3,1,2,3,228,1,2,2
88,228,1,3,0,2,210,2,2,2
89,212,1,1,2,2,230,0,1,1
90,195,2,1,1,1,244,1,3,2
91,150,3,2,3,2,280,6,3,1
92,136,2,7,2,1,296,3,2,1
93,114,3,1,4,0,324,1,1,2
94,88,2,3,2,1,348,0,4,2
95,91,4,3,0,2,345,3,0,2
96,65,3,6,5,3,356,5,4,3
97,57,2,4,4,3,366,3,7,4
98,55,4,0,5,4,373,4,0,5
99,42,0,0,3,2,389,6,3,5
100,29,2,0,2,2,397,7,6,5
101,37,2,3,4,3,395,3,1,2
102,22,3,3,2,3,407,6,2,2
103,19,3,5,3,5,409,3,2,1
104,16,3,3,1,3,412,5,1,6
105,28,6,4,4,4,393,4,4,3
106,10,2,3,2,1,423,3,2,4
107,13,3,2,4,4,413,6,3,2
108,10,1,2,2,0,426,3,4,2
109,8,2,6,3,4,422,4,1,0
110,8,6,5,3,3,415,5,1,4
111,8,4,4,1,4,416,5,2,6
112,5,3,3,3,4,422,6,2,2
113,5,3,3,3,1,422,8,3,2
114,6,3,3,5,2,418,8,4,1
115,2,4,4,0,1,428,4,3,4
116,7,1,3,1,4,420,8,5,1
117,2,6,1,3,1,426,4,4,3
118,5,0,2,1,6,425,4,5,2
119,5,1,5,4,2,421,2,5,5
120,4,7,1,2,5,420,4,4,3
121,5,5,5,2,3,421,2,4,3
122,3,5,4,3,2,423,7,0,3
123,6,2,6,6,5,419,3,1,2
124,1,4,4,3,1,426,5,4,2
125,4,3,7,5,5,421,1,1,3
126,4,6,3,0,2,432,2,0,1
127,2,2,2,3,2,430,3,5,1
128,5,4,2,0,3,423,4,7,2
129,4,3,7,1,4,416,9,4,2
130,1,6,4,0,3,423,5,4,4
131,3,2,5,4,4,422,5,0,5
132,3,1,5,4,1,424,6,3,3
133,4,6,5,1,2,429,1,1,1
134,3,2,1,2,2,425,5,3,7
135,3,3,2,4,5,429,1,1,2
136,4,3,3,2,3,421,3,2,9
137,6,2,1,5,1,427,4,2,2
138,3,4,3,3,6,425,0,3,3
139,1,4,0,5,5,430,2,2,1
140,4,5,9,6,7,412,2,2,3
141,4,4,5,7,4,409,7,7,3
142,6,4,5,3,0,419,6,4,3
143,5,2,6,2,8,417,3,6,1
144,5,6,3,3,7,414,0,5,7
145,6,5,8,2,1,419,3,2,4
146,5,3,4,2,2,423,1,5,5
147,2,2,4,3,0,428,3,2,6
148,3,3,6,0,4,426,5,2,1
149,0,2,6,1,1,429,1,3,7
150,6,3,2,4,6,418,2,4,5
151,2,3,2,1,1,426,7,1,7
152,2,5,1,0,3,428,7,0,4
153,3,2,5,1,4,428,1,5,1
154,5,8,8,3,6,406,7,5,2
155,3,3,5,1,4,417,4,8,5
156,3,3,4,2,4,421,6,5,2
157,3,5,5,6,4,417,4,5,1
158,2,6,3,1,3,424,8,3,0
159,2,3,5,3,5,426,4,2,0
160,3,5,4,3,2,425,4,3,1
161,2,4,2,3,2,428,1,3,5
162,6,1,3,7,5,417,6,3,2
163,2,3,4,4,3,421,5,4,4
164,5,5,6,4,1,413,2,7,7
165,3,3,5,3,3,425,3,2,3
166,4,3,4,6,2,423,4,0,4
167,5,3,2,5,3,424,4,2,2
168,4,2,6,8,4,411,7,3,5
169,2,2,4,2,3,431,4,1,1
170,3,5,5,5,0,421,2,3,6
171,3,4,1,5,3,428,2,4,0
172,6,1,4,7,5,417,3,1,6
173,2,3,4,4,3,422,5,4,3
174,2,2,5,2,2,430,3,3,1
175,1,4,3,2,2,433,2,1,2
176,4,1,5,5,11,411,3,3,7
177,3,2,1,4,4,431,3,1,1
178,5,5,2,1,1,428,1,3,4
179,3,1,2,5,3,425,4,4,3
180,7,3,8,0,2,417,5,4,4
181,6,2,6,3,4,423,1,1,4
182,2,2,5,0,4,421,3,10,3
183,3,2,1,0,5,426,3,4,6
184,6,3,5,2,5,421,3,1,4
185,2,2,2,1,3,426,3,5,6
186,0,2,5,2,2,427,4,3,5
187,4,2,1,2,7,421,5,3,5
188,1,2,0,4,5,430,3,2,3
189,2,3,7,6,7,409,2,7,7
190,2,1,5,2,3,429,4,1,3
191,3,3,3,7,1,422,6,4,1
192,1,2,1,7,6,423,2,4,4
193,8,1,5,3,2,422,2,3,4
194,6,1,2,4,2,419,6,7,3
195,6,2,1,6,0,422,7,3,3
196,4,1,2,4,2,427,2,3,5
197,2,2,4,5,4,416,1,9,7
198,4,2,2,3,1,428,1,5,4
199,1,3,2,1,5,422,6,4,6
200,2,3,1,4,1,425,6,6,2
201,4,2,1,1,4,427,3,1,7
202,3,6,4,3,3,422,4,4,1
203,4,3,3,5,0,430,3,1,1
204,3,4,5,6,0,419,3,8,2
205,4,4,2,4,3,421,3,8,1
206,1,3,3,1,2,432,3,5,0
207,2,1,3,3,4,429,2,5,1
208,5,1,5,3,1,424,8,3,0
209,1,3,3,5,2,432,2,1,1
210,0,0,6,2,3,428,2,7,2
211,3,3,6,2,5,423,1,3,4
212,3,6,7,8,3,411,2,5,5
213,5,1,5,6,5,415,4,6,3
214,6,2,7,5,1,421,1,0,7
215,4,5,3,5,2,427,2,1,1
216,6,2,4,4,4,414,8,3,5
217,4,6,3,5,0,422,7,0,3
218,4,6,3,4,1,416,6,5,5
219,1,3,3,1,4,422,5,9,2
220,2,6,3,6,2,419,3,3,6
221,5,3,3,3,1,426,3,4,2
222,4,3,1,3,4,424,1,6,4
223,1,4,3,6,2,426,1,2,5
224,2,5,1,2,4,424,7,3,2
225,1,2,5,2,2,423,8,2,5
226,2,6,5,3,3,364,62,3,2
227,1,6,3,1,4,293,131,3,8
228,1,6,3,2,2,250,178,3,5
229,3,0,4,1,3,220,209,6,4
230,5,7,3,3,2,169,252,3,6
231,1,3,2,7,3,142,287,1,4
232,6,3,1,4,1,129,300,4,2
233,1,2,3,2,0,116,320,2,4
234,6,0,4,5,4,148,278,4,1
235,5,4,3,3,3,193,230,6,3
236,7,7,1,3,7,164,257,3,1
237,1,3,1,10,2,208,217,5,3
238,3,6,4,4,3,236,185,4,5
239,4,4,2,5,5,247,176,4,3
240,5,3,1,2,3,279,148,2,7
241,5,2,4,7,1,250,175,2,4
242,2,3,1,6,2,245,180,3,8
243,3,3,0,3,3,249,183,1,5
244,0,3,3,2,1,288,149,1,3
245,5,4,1,1,2,261,169,3,4
246,6,4,2,5,1,243,186,3,0
247,2,0,3,5,2,265,166,4,3
248,5,7,6,3,6,286,131,2,4
249,3,3,0,5,3,314,119,1,2
250,3,5,3,1,2,308,120,3,5
251,4,1,3,2,6,347,80,5,2
252,5,4,2,4,3,336,86,2,8
253,3,3,3,2,2,304,128,1,4
254,7,3,2,4,3,273,149,3,6
255,4,1,3,1,5,270,164,2,0
256,8,0,1,5,2,247,182,2,3
257,2,0,5,1,2,241,192,3,4
258,6,0,0,3,1,238,197,2,3
259,2,1,1,3,3,255,177,4,4
260,5,0,2,1,2,291,140,2,7
261,5,3,4,3,1,268,164,1,1
262,2,0,3,3,2,261,177,1,1
263,0,0,2,3,5,255,180,0,5
264,0,2,1,3,2,292,148,2,0
265,4,4,4,3,1,286,143,3,2
266,2,3,4,2,6,320,110,3,0
267,3,4,2,2,5,313,111,5,5
268,2,3,7,3,4,332,95,2,2
269,0,4,3,6,2,347,81,0,7
270,7,5,4,3,6,347,67,4,7
271,1,6,3,1,3,295,66,69,6
272,2,1,0,3,3,246,86,103,6
273,1,5,2,3,3,222,65,146,3
274,3,4,3,5,3,206,122,99,5
275,3,2,7,6,3,181,155,91,2
276,5,0,5,5,2,153,186,90,4
277,3,2,1,1,3,123,233,79,5
278,2,5,5,2,2,107,254,68,5
279,5,3,3,6,4,93,284,50,2
280,8,3,6,3,2,88,293,44,3
281,6,7,5,6,2,77,305,39,3
282,6,4,6,5,2,67,331,27,2
283,3,2,2,4,5,53,350,29,2
284,2,8,2,4,1,43,369,20,1
285,1,4,7,5,5,30,369,23,6
286,6,4,61,4,3,31,321,14,6
287,5,4,52,4,4,28,272,78,3
288,3,3,48,3,3,28,206,146,10
289,2,4,49,5,4,21,184,177,4
290,3,3,106,5,5,16,155,152,5
291,5,1,138,1,5,15,129,153,3
292,2,6,196,0,0,10,126,106,4
293,4,65,162,4,3,7,102,95,8
294,1,118,123,7,2,16,102,77,4
295,2,166,111,2,2,7,82,77,1
296,3,161,150,3,4,9,65,52,3
297,2,175,184,2,3,3,42,36,3
298,4,234,130,0,3,3,29,44,3
299,1,263,119,2,1,2,29,31,2
