iteration,exchange,exchangeRandom,inversion,swap,scramble,add,addRandomly,shift
0,100,100,100,100,100,100,100,100
1,97,84,103,98,108,107,101,102
2,83,82,75,92,80,142,80,166
3,66,126,96,83,74,118,74,163
4,68,105,75,53,74,100,181,144
5,68,85,66,54,63,204,147,113
6,65,77,160,62,52,160,129,95
7,172,76,126,52,44,141,120,69
8,128,73,124,59,44,82,217,73
9,109,66,91,54,57,95,257,71
10,97,51,187,51,51,86,230,47
11,82,47,260,43,52,72,183,61
12,75,45,311,46,40,73,144,66
13,63,40,379,56,40,54,122,46
14,57,45,405,44,40,63,97,49
15,55,43,313,41,158,67,78,45
16,57,58,344,53,110,59,83,36
17,62,45,302,44,95,41,177,34
18,56,46,230,42,176,36,151,63
19,40,53,177,56,266,43,121,44
20,36,41,173,32,214,50,203,51
21,159,38,129,34,169,40,197,34
22,118,48,208,41,133,40,159,53
23,217,50,182,41,101,52,118,39
24,292,44,137,42,107,37,104,37
25,208,149,126,24,83,60,109,41
26,187,130,222,34,70,46,68,43
27,267,108,168,38,67,42,77,33
28,313,106,130,46,64,37,67,37
29,368,84,115,27,61,53,55,37
30,409,76,101,31,40,43,50,50
31,426,73,101,31,47,49,37,36
32,441,54,70,35,50,54,51,45
33,450,50,74,43,48,49,44,42
34,478,73,55,37,52,38,39,28
35,454,54,55,44,54,46,53,40
36,490,54,53,40,49,28,44,42
37,486,38,68,52,28,29,37,62
38,493,65,47,49,40,39,26,41
39,481,56,43,57,34,48,31,50
40,490,58,44,40,42,31,42,53
41,488,49,48,39,51,40,36,49
42,489,42,44,50,43,44,23,65
43,385,49,49,154,42,30,38,53
44,420,36,36,155,33,39,37,44
45,433,54,37,120,50,40,38,28
46,328,53,45,102,46,49,139,38
47,394,41,41,71,44,42,125,42
48,413,48,51,64,51,40,102,31
49,420,43,49,73,57,29,95,34
50,324,40,59,65,40,31,190,49
51,383,35,57,51,45,47,150,30
52,309,41,53,44,38,37,233,43
53,216,39,49,51,37,30,324,52
54,182,42,53,47,52,40,339,43
55,141,42,52,48,41,29,402,43
56,146,39,25,41,55,38,417,37
57,111,44,37,52,55,41,424,34
58,92,38,35,52,149,42,351,39
59,80,49,35,52,260,36,249,37
60,71,44,51,171,187,41,201,32
61,59,41,30,106,284,35,194,49
62,65,41,33,118,310,36,154,41
63,158,29,36,103,264,37,122,49
64,125,45,42,95,302,38,101,50
65,113,53,37,83,347,50,89,26
66,95,46,39,60,386,37,95,40
67,86,31,43,68,417,39,68,46
68,84,44,42,46,455,34,54,39
69,59,49,28,57,465,54,49,37
70,54,53,36,41,479,59,50,26
71,43,45,38,66,368,153,43,42
72,59,43,40,50,388,134,40,44
73,60,42,37,38,431,102,49,39
74,57,27,37,32,439,91,58,57
75,36,35,41,32,465,90,56,43
76,47,37,41,33,491,63,41,45
77,55,35,31,41,492,62,39,43
78,64,45,43,44,485,59,31,27
79,45,41,28,38,495,61,45,45
80,34,39,40,51,490,60,35,49
81,34,46,45,31,509,36,45,52
82,34,47,47,53,500,41,47,29
83,36,47,48,40,495,48,46,38
84,34,37,50,39,499,51,49,39
85,51,43,39,40,508,28,46,43
86,33,39,45,24,501,47,56,53
87,28,33,49,31,507,49,34,67
88,34,49,58,24,504,36,37,56
89,38,53,40,37,517,34,33,46
90,24,49,38,35,520,36,50,46
91,146,41,43,26,414,38,42,48
92,233,52,37,29,337,34,39,37
93,308,48,37,29,226,36,54,50
94,242,26,36,27,336,42,25,52
95,204,33,31,33,357,45,42,41
96,148,33,52,37,387,43,45,41
97,144,41,31,30,427,30,41,42
98,121,31,41,30,434,40,34,55
99,123,30,28,40,430,38,39,58
100,73,49,38,35,462,32,55,42
101,72,45,41,54,422,52,53,47
102,68,51,39,47,447,47,30,57
103,48,52,29,33,471,43,46,64
104,43,44,45,39,480,43,40,52
105,70,56,38,43,448,43,38,50
106,46,46,36,43,487,48,35,45
107,50,42,43,37,492,38,36,48
108,44,42,30,42,508,37,37,46
109,54,56,35,39,485,51,24,42
110,40,58,51,38,486,41,28,44
111,43,41,52,31,503,53,30,33
112,46,26,70,35,492,46,32,39
113,31,38,57,32,516,42,36,34
114,48,44,67,32,468,49,32,46
115,37,45,52,35,489,41,38,49
116,35,48,53,50,492,41,36,31
117,49,41,49,47,483,43,36,38
118,40,40,43,49,490,51,30,43
119,44,44,48,44,480,46,45,35
120,33,28,47,57,475,46,55,45
121,51,34,47,47,482,35,35,55
122,62,32,50,36,473,39,33,61
123,62,33,43,37,500,24,34,53
124,62,31,47,39,485,30,42,50
125,40,32,30,36,505,46,43,54
126,46,32,22,37,501,45,62,41
127,44,34,29,36,512,50,41,40
128,55,26,30,43,503,41,48,40
129,29,35,38,46,506,32,58,42
130,43,33,45,34,510,44,41,36
131,30,41,40,39,384,161,51,40
132,33,37,58,48,419,117,39,35
133,33,39,33,41,457,101,46,36
134,33,40,50,38,451,88,50,36
135,41,44,29,143,364,68,49,48
136,30,45,90,128,332,68,49,44
137,37,49,83,112,367,59,48,31
138,43,48,73,71,409,63,41,38
139,48,38,49,79,425,51,43,53
140,38,38,55,68,343,61,37,146
141,29,37,61,55,408,48,37,111
142,38,31,49,46,429,48,45,100
143,33,29,38,48,445,48,56,89
144,52,26,50,57,410,40,56,95
145,45,25,45,46,454,57,54,60
146,49,38,59,36,453,54,47,50
147,45,41,66,42,453,55,43,41
148,57,37,41,47,465,49,42,48
149,52,39,44,47,475,40,52,37
150,38,26,31,51,491,48,48,53
151,36,27,36,60,495,54,39,39
152,40,37,39,56,466,49,51,48
153,48,40,29,58,470,49,40,52
154,44,38,34,56,495,43,41,35
155,44,38,33,58,486,36,47,44
156,49,32,37,38,505,45,53,27
157,53,37,33,45,496,30,60,32
158,36,36,47,42,478,40,55,52
159,48,47,40,41,483,35,59,33
160,55,37,36,42,473,40,53,50
161,40,49,33,37,482,45,53,47
162,37,45,40,46,507,32,46,33
163,32,45,47,31,538,32,37,24
164,45,36,37,27,516,44,62,19
165,37,38,46,30,483,45,61,46
166,30,44,44,34,493,41,54,46
167,41,148,47,35,380,37,61,37
168,37,136,29,43,422,34,41,44
169,40,113,37,47,431,39,33,46
170,38,199,43,29,344,60,31,42
171,35,181,38,39,390,37,43,23
172,59,157,47,44,361,39,47,32
173,44,107,38,48,397,57,53,42
174,55,104,40,34,419,45,46,43
175,50,83,47,39,436,54,45,32
176,47,63,32,36,480,50,39,39
177,46,65,32,41,492,30,46,34
178,47,45,39,43,495,37,43,37
179,53,52,27,39,489,35,51,40
180,43,50,34,42,499,48,35,35
181,39,60,36,39,483,34,44,51
182,46,35,32,39,520,29,44,41
183,39,34,32,31,542,40,38,30
184,36,43,30,33,512,56,47,29
185,57,22,34,32,508,52,54,27
186,50,38,29,40,478,55,56,40
187,49,38,43,44,496,43,40,33
188,57,28,33,42,496,43,49,38
189,33,30,37,49,482,55,62,38
190,23,43,42,47,522,31,45,33
191,39,46,36,37,491,41,68,28
192,28,46,46,35,497,34,54,46
193,34,49,41,46,488,37,42,49
194,43,46,29,35,502,42,54,35
195,43,53,27,31,497,44,58,33
196,48,39,42,47,463,65,50,32
197,45,32,44,43,493,49,51,29
198,33,42,42,37,500,48,45,39
199,27,52,46,42,482,48,38,51
200,41,50,34,149,359,57,48,48
201,33,54,38,132,402,58,30,39
202,26,50,39,108,432,44,47,40
203,41,32,40,108,444,37,42,42
204,34,49,53,83,345,38,48,136
205,40,33,34,76,380,36,41,146
206,54,39,49,55,405,40,35,109
207,43,31,53,70,436,48,34,71
208,46,20,41,71,320,51,150,87
209,40,46,54,56,253,136,125,76
210,50,41,43,45,331,122,98,56
211,50,38,39,52,349,110,97,51
212,46,39,39,56,269,97,198,42
213,52,53,138,56,212,75,161,39
214,56,35,203,54,176,74,136,52
215,36,49,294,49,152,57,96,53
216,39,48,230,55,133,58,191,32
217,49,32,177,46,229,54,161,38
218,52,41,268,51,167,43,128,36
219,41,31,322,37,134,50,115,56
220,44,43,231,156,123,47,87,55
221,36,38,199,190,117,61,92,53
222,50,42,164,286,84,48,75,37
223,49,48,131,240,160,44,63,51
224,45,51,108,296,154,44,51,37
225,35,44,112,221,235,54,44,41
226,28,41,81,185,307,48,55,41
227,47,36,74,165,237,141,52,34
228,45,51,83,231,169,120,40,47
229,53,32,57,289,166,111,44,34
230,43,30,70,342,118,99,39,45
231,27,35,54,280,240,62,43,45
232,43,31,75,216,272,77,36,36
233,37,33,47,195,238,50,149,37
234,42,47,46,145,254,56,149,47
235,41,46,43,122,326,62,104,42
236,43,35,34,223,249,60,104,38
237,37,54,25,173,328,37,89,43
238,44,31,26,120,390,46,76,53
239,65,37,36,208,277,53,78,32
240,57,39,45,167,332,43,57,46
241,45,43,38,158,344,55,55,48
242,36,33,49,129,395,39,63,42
243,43,28,49,96,324,51,154,41
244,44,37,31,93,255,38,234,54
245,40,37,28,185,192,51,210,43
246,45,35,38,154,273,51,149,41
247,36,41,48,124,330,44,126,37
248,36,56,32,120,361,27,117,37
249,23,42,49,105,395,44,103,25
250,37,35,44,84,408,56,84,38
251,150,27,45,76,344,45,63,36
252,233,44,54,52,272,38,46,47
253,174,35,44,154,213,57,56,52
254,135,37,36,136,306,40,57,38
255,123,43,44,101,352,50,36,36
256,114,40,45,99,388,36,31,32
257,102,53,44,81,404,35,38,28
258,73,50,46,180,316,39,40,41
259,82,35,49,253,244,31,56,35
260,56,46,35,220,312,39,35,42
261,42,37,33,156,372,40,55,50
262,36,47,48,131,406,46,28,43
263,60,51,40,131,397,33,36,37
264,50,47,36,116,421,42,30,43
265,47,63,32,78,431,44,46,44
266,52,41,47,77,441,33,53,41
267,58,38,37,64,455,41,44,48
268,38,32,45,75,466,41,42,46
269,55,38,43,66,479,31,29,44
270,55,34,35,67,484,34,19,57
271,56,49,37,44,480,43,30,46
272,56,44,32,54,480,42,27,50
273,50,36,46,35,522,35,17,44
274,43,30,35,48,469,63,43,54
275,38,37,50,63,472,40,35,50
276,40,31,55,57,379,47,42,134
277,38,42,34,52,411,31,43,134
278,51,53,41,42,392,35,36,135
279,47,47,52,43,445,38,37,76
280,44,50,45,45,456,43,22,80
281,30,32,164,42,359,43,30,85
282,52,47,116,40,391,39,35,65
283,44,42,89,45,429,45,36,55
284,43,34,99,40,441,36,38,54
285,39,42,90,40,440,46,40,48
286,34,33,67,52,449,40,50,60
287,44,31,70,64,442,34,43,57
288,48,33,56,39,467,46,54,42
289,43,48,43,34,501,41,37,38
290,42,30,41,52,478,50,51,41
291,42,42,59,41,487,32,41,41
292,40,31,49,44,496,36,42,47
293,48,39,52,40,483,43,45,35
294,40,33,55,46,496,37,43,35
295,44,52,41,34,505,32,39,38
296,44,48,45,36,482,55,47,28
297,38,47,43,31,396,136,58,36
298,32,41,42,38,329,213,49,41
299,34,37,56,34,242,288,47,47
300,34,52,54,33,316,212,37,47
301,40,33,41,46,337,197,47,44
302,36,38,30,42,382,164,50,43
303,43,51,56,39,395,118,30,53
304,44,43,32,41,327,110,32,156
305,41,62,39,39,365,83,36,120
306,154,57,29,34,293,67,31,120
307,118,60,29,55,235,51,153,84
308,97,47,37,27,298,52,140,87
309,189,46,41,34,228,59,112,76
310,258,32,41,31,201,48,101,73
311,311,41,48,29,154,48,80,74
312,240,45,40,38,250,41,65,66
313,311,41,50,31,184,31,65,72
314,330,39,49,27,164,44,54,78
315,385,43,41,36,137,38,37,55
316,406,46,52,37,94,35,54,48
317,415,60,48,46,93,41,31,38
318,362,48,46,32,70,124,34,50
319,283,150,49,38,63,116,39,28
320,306,123,50,64,48,89,38,48
321,234,101,49,150,61,84,39,48
322,312,91,31,118,59,73,51,31
323,244,176,53,103,40,67,44,39
324,193,146,42,85,39,74,148,39
325,189,219,43,76,42,47,110,40
326,213,190,41,78,43,51,108,42
327,189,279,37,55,29,49,99,29
328,156,292,36,85,34,42,82,39
329,154,329,41,63,42,32,68,37
330,237,267,56,52,35,47,41,31
331,179,338,51,36,40,41,56,25
332,156,355,46,39,38,44,54,34
333,126,404,38,43,43,31,39,42
334,110,386,62,44,48,53,31,32
335,93,403,37,63,41,53,38,38
336,93,407,59,38,38,41,47,43
337,73,408,33,39,86,50,46,31
338,50,424,49,37,85,44,36,41
339,54,438,46,41,70,48,30,39
340,43,461,38,37,66,42,45,34
341,47,476,30,33,65,48,36,31
342,41,444,35,56,63,51,37,39
343,41,371,26,47,170,43,33,35
344,40,279,27,42,242,48,39,49
345,44,217,26,48,302,37,40,52
346,43,176,42,32,254,29,41,149
347,48,255,37,41,183,38,28,136
348,45,219,39,145,161,36,29,92
349,39,278,43,111,137,32,31,95
350,50,214,51,99,209,33,39,71
351,45,185,27,83,270,42,43,71
352,57,149,45,66,318,42,40,49
353,56,128,46,73,338,41,30,54
354,44,103,29,69,401,32,44,44
355,46,87,29,57,418,42,38,49
356,56,76,43,44,399,44,49,55
357,47,55,40,36,463,50,36,39
358,49,49,36,68,451,32,41,40
359,24,57,40,48,452,56,41,48
360,38,47,38,42,474,48,45,34
361,39,45,57,39,478,46,35,27
362,30,39,55,46,475,54,38,29
363,43,41,53,46,463,49,42,29
364,37,35,38,50,471,39,53,43
365,30,41,33,34,490,41,49,48
366,37,39,31,41,455,58,59,46
367,49,33,31,40,491,44,47,31
368,44,45,49,33,454,46,51,44
369,38,38,39,37,494,47,35,38
370,47,37,33,43,486,40,39,41
371,52,33,39,49,474,30,40,49
372,52,29,49,36,469,38,43,50
373,36,29,56,33,491,33,49,39
374,26,35,55,34,481,46,53,36
375,38,28,36,31,489,51,39,54
376,34,36,30,57,475,44,43,47
377,35,27,36,51,469,53,48,47
378,49,35,31,40,352,56,33,170
379,41,29,46,32,300,53,36,229
380,30,40,46,43,233,48,40,286
381,38,31,49,35,176,52,41,344
382,40,46,62,38,151,41,25,363
383,40,47,40,25,129,44,37,395
384,44,31,43,36,117,49,37,400
385,50,43,57,36,101,30,34,406
386,47,32,43,41,85,28,37,422
387,52,30,41,37,92,34,45,404
388,49,34,27,36,63,44,37,439
389,31,37,34,30,62,33,40,447
390,47,28,41,44,54,33,32,425
391,44,26,45,55,42,26,29,429
392,29,39,41,44,57,28,26,432
393,34,32,31,40,43,37,23,456
394,40,40,47,46,36,38,25,424
395,34,34,46,52,46,33,27,424
396,33,35,32,34,33,30,38,440
397,36,29,45,50,40,31,32,401
398,23,29,28,35,34,36,47,430
399,36,33,49,28,124,23,33,336
400,27,37,39,39,113,25,23,359
401,44,27,35,31,187,35,28,275
402,31,29,38,39,151,41,37,296
403,39,36,39,32,128,24,34,317
404,37,35,28,39,109,27,38,336
405,28,21,27,38,92,58,46,339
406,35,25,35,30,79,22,45,368
407,28,44,28,30,69,24,53,363
408,36,30,35,30,58,28,41,376
409,29,33,38,28,62,29,28,387
410,35,41,21,44,67,23,29,374
411,33,32,34,38,47,31,27,385
412,125,37,38,29,48,26,36,288
413,84,40,41,36,38,38,30,309
414,84,29,27,28,38,28,127,255
415,89,35,36,28,32,33,105,258
416,51,41,24,30,45,36,84,300
417,52,37,35,41,25,37,64,320
418,57,40,39,36,38,23,55,310
419,47,31,29,33,27,33,60,331
420,31,39,20,38,34,29,50,348
421,29,38,22,33,34,43,34,356
422,35,41,26,41,39,33,32,342
423,40,43,29,35,29,31,32,350
424,37,32,32,15,40,20,40,370
425,31,26,35,55,28,22,45,344
426,26,28,20,35,36,33,40,368
427,29,28,24,35,26,18,29,395
428,33,35,26,32,20,36,31,371
429,33,25,32,37,33,32,32,360
430,20,41,27,31,33,35,39,348
431,30,30,33,20,28,40,30,351
432,28,36,34,24,21,31,36,350
433,41,28,33,22,28,36,40,332
434,41,33,33,31,23,28,34,337
435,32,21,34,29,41,33,31,339
436,23,37,29,24,21,21,41,364
437,38,29,23,27,22,22,36,363
438,28,38,17,32,21,33,35,353
439,43,33,31,34,18,21,25,350
440,29,31,36,27,18,32,24,358
441,101,33,31,27,27,33,38,265
442,92,33,31,35,27,23,26,288
443,77,37,23,27,36,24,23,308
444,55,39,35,28,34,109,18,237
445,45,18,30,36,46,77,38,265
446,56,32,29,104,20,71,32,211
447,55,25,27,96,28,125,32,167
448,43,27,30,54,32,116,32,221
449,42,33,26,70,26,73,25,255
450,38,25,32,50,27,65,34,279
451,26,25,25,51,27,68,46,279
452,33,19,29,58,23,53,31,301
453,26,36,23,52,27,43,31,309
454,32,27,25,31,22,46,17,347
455,30,26,28,35,32,48,24,324
456,32,25,35,28,27,42,21,337
457,24,27,31,25,32,36,27,324
458,31,37,27,20,29,40,19,323
459,25,34,26,22,31,43,35,309
460,21,22,30,21,35,41,25,330
461,26,112,22,22,21,30,27,263
462,27,163,16,29,35,34,31,188
463,30,129,31,19,31,25,32,226
464,22,91,28,27,31,27,29,268
465,34,90,24,30,26,36,35,248
466,28,96,56,24,19,32,35,230
467,36,83,58,20,22,34,34,233
468,29,89,56,27,19,24,24,252
469,24,64,48,21,21,38,31,273
470,26,67,51,20,28,43,31,245
471,26,42,36,38,30,30,33,261
472,27,37,31,30,22,21,22,306
473,27,32,33,39,21,26,22,296
474,27,32,25,48,24,30,39,268
475,22,28,28,32,13,19,25,326
476,32,22,30,49,13,28,22,296
477,21,26,37,39,13,78,28,250
478,28,19,17,32,24,90,42,236
479,18,22,23,27,20,70,39,269
480,21,27,28,23,22,46,28,285
481,22,32,17,28,20,48,37,265
482,22,25,15,34,26,26,27,294
483,20,19,21,20,33,56,25,272
484,24,26,24,24,22,30,28,276
485,30,31,17,34,15,41,22,264
486,31,22,22,22,32,33,20,272
487,35,15,24,25,28,32,17,278
488,27,31,20,40,19,24,22,271
489,34,19,22,28,27,25,19,280
490,22,19,23,24,27,24,36,264
491,27,17,28,25,18,30,34,260
492,25,25,21,19,35,27,19,265
493,16,26,28,26,25,23,20,272
494,20,18,33,35,26,28,20,256
495,20,24,28,23,19,21,23,270
496,23,13,23,23,30,25,21,270
497,21,19,32,22,23,16,30,265
498,24,18,30,27,18,18,28,260
499,28,18,21,25,20,16,24,269
500,28,12,28,22,16,27,22,260
501,25,18,26,12,16,31,18,268
502,22,23,17,16,24,21,15,276
503,21,30,22,19,19,26,13,264
504,18,17,26,18,19,39,19,258
505,18,19,25,19,25,33,25,250
506,16,16,24,18,27,26,22,265
507,16,18,25,15,25,21,16,269
508,23,20,28,26,25,22,16,245
509,16,29,21,16,35,16,24,246
510,26,25,25,13,11,16,15,271
511,11,16,27,16,30,33,17,249
512,23,29,26,16,23,17,18,247
513,15,24,20,20,27,16,12,265
514,11,33,27,27,16,24,27,234
515,18,19,20,31,27,13,64,207
516,21,31,13,12,22,19,64,214
517,20,12,20,21,20,12,52,239
518,24,25,17,25,20,20,39,226
519,23,24,26,14,27,27,45,207
520,22,21,17,17,35,31,77,168
521,25,23,18,17,20,17,71,197
522,18,19,30,16,21,19,60,205
523,24,18,28,18,18,14,98,170
524,24,18,26,25,20,20,119,136
525,21,22,27,23,24,18,106,141
526,28,19,19,24,11,13,143,125
527,25,23,23,21,24,22,162,82
528,17,19,18,19,34,73,117,85
529,13,24,18,22,22,57,155,71
530,15,18,20,31,21,55,168,54
531,17,17,11,20,32,51,187,47
532,25,20,23,22,18,42,201,31
533,28,27,15,24,20,38,195,35
534,20,18,19,22,22,35,221,25
535,23,15,19,13,25,30,229,28
536,24,14,19,21,19,31,226,28
537,18,19,14,27,20,28,235,21
538,17,30,22,24,23,15,224,27
539,23,22,18,34,18,24,226,17
540,19,28,19,19,24,18,238,17
541,18,27,13,19,18,25,237,25
542,26,23,23,25,26,15,226,18
543,27,27,20,32,26,16,218,16
544,18,24,13,22,16,16,254,19
545,23,27,23,22,18,16,234,19
546,15,17,16,15,26,16,256,21
547,20,25,30,26,26,19,226,10
548,17,18,27,27,18,24,233,18
549,15,24,24,24,15,17,239,24
550,25,23,29,18,22,12,229,24
551,16,26,24,13,23,12,246,22
552,20,19,17,9,36,14,246,21
553,20,19,26,31,32,24,210,20
554,26,31,15,16,12,14,248,20
555,19,10,29,20,21,14,243,26
556,20,19,36,21,21,20,228,17
557,28,29,18,18,17,27,224,21
558,30,24,25,24,25,24,212,18
559,19,23,15,21,17,18,250,19
560,27,75,21,21,22,23,175,18
561,18,120,8,20,22,21,156,17
562,14,89,23,18,20,24,180,14
563,23,74,14,22,19,25,178,27
564,25,54,18,20,27,19,207,12
565,28,50,16,24,19,16,209,20
566,15,46,17,14,29,73,161,27
567,16,46,21,24,26,55,171,23
568,20,25,17,16,26,46,207,25
569,23,26,18,12,27,39,218,19
570,24,36,16,20,23,38,199,26
571,16,29,14,13,20,36,234,20
572,24,27,14,16,16,29,234,22
573,19,23,21,31,21,21,219,27
574,17,26,15,22,18,30,232,22
575,19,26,17,28,10,30,230,22
576,33,21,19,21,19,32,202,35
577,24,20,22,20,25,26,220,25
578,25,24,28,19,19,22,220,25
579,19,18,19,21,20,26,231,28
580,22,24,24,26,22,18,222,24
581,18,22,18,24,21,20,182,77
582,16,26,19,25,21,20,194,61
583,19,28,22,20,23,26,198,46
584,21,30,12,19,15,16,221,48
585,17,24,8,32,15,17,230,39
586,30,25,16,25,15,24,207,40
587,29,31,14,20,8,20,230,30
588,23,16,22,21,17,26,217,40
589,26,18,12,21,14,21,236,34
590,18,23,19,16,22,17,233,34
591,19,18,22,24,13,23,194,69
592,21,18,21,15,25,30,141,111
593,15,18,22,29,16,25,169,88
594,21,16,26,35,26,25,169,64
595,23,18,22,27,21,26,190,55
596,27,20,24,20,24,24,185,58
597,18,19,13,22,26,22,183,79
598,24,27,22,23,24,27,167,68
599,24,23,16,19,19,21,198,62
600,13,17,17,17,22,20,223,53
601,20,18,17,23,19,20,219,46
602,25,18,22,22,19,20,211,45
603,14,19,20,25,18,29,218,39
604,16,19,22,27,20,23,211,44
605,17,14,16,30,16,19,236,34
606,11,17,12,23,25,17,246,31
607,15,19,23,21,25,17,235,27
608,18,18,17,21,18,21,242,27
609,20,17,23,30,24,12,233,23
610,16,24,20,24,27,27,224,20
611,24,25,22,24,15,13,244,15
612,17,23,27,28,21,23,217,26
613,22,31,24,21,26,21,215,22
614,14,20,21,18,25,23,247,14
615,13,23,24,23,22,28,237,12
616,18,23,25,22,19,25,235,15
617,10,20,24,16,16,27,244,25
618,17,30,18,28,16,31,234,8
619,17,13,32,15,22,34,235,14
620,22,19,18,26,22,13,248,14
621,21,22,13,26,22,22,245,11
622,17,18,23,31,22,22,234,15
623,14,20,18,25,16,32,238,19
624,9,33,17,22,23,29,231,18
625,11,22,28,24,17,22,234,24
626,15,25,27,28,16,24,232,15
627,14,23,24,22,25,25,227,22
628,19,26,16,21,21,73,173,33
629,23,21,72,22,23,61,146,14
630,14,17,58,14,21,53,186,19
631,25,20,39,26,19,26,203,24
632,25,18,37,15,21,36,202,28
633,18,17,36,14,27,37,221,12
634,12,29,29,20,21,47,205,19
635,76,29,18,19,21,28,169,22
636,121,21,25,11,22,27,138,17
637,115,14,31,17,20,27,142,15
638,85,16,78,15,22,24,122,19
639,111,23,62,15,28,23,99,20
640,132,21,62,17,14,19,95,21
641,169,22,54,21,15,22,56,22
642,141,27,71,22,18,17,68,17
643,163,22,71,22,17,15,45,26
644,124,16,76,21,18,26,80,20
645,92,17,110,25,21,16,83,17
646,97,19,82,64,11,15,70,23
647,70,20,63,48,12,23,131,14
648,112,21,55,54,17,21,86,14
649,122,26,52,51,25,24,61,19
650,155,15,41,46,21,21,62,19
651,159,24,44,27,24,30,52,18
652,195,10,32,32,16,20,44,23
653,199,29,20,23,22,21,28,25
654,139,19,31,37,16,23,80,22
655,176,13,18,35,22,22,64,17
656,135,18,40,25,20,13,94,22
657,114,15,24,28,22,17,134,13
658,120,24,28,25,13,21,120,16
659,155,19,25,19,23,15,87,24
660,185,8,23,28,15,13,75,20
661,191,10,28,29,23,16,59,10
662,204,11,20,20,24,21,49,17
663,194,20,18,20,22,25,39,15
664,212,14,13,27,20,18,36,13
665,215,11,14,16,21,31,25,20
666,215,12,15,31,17,20,17,19
667,204,14,13,23,22,19,31,16
668,218,18,13,22,18,13,20,19
669,209,14,15,23,11,22,36,11
670,203,19,22,12,15,17,31,22
671,232,15,16,12,20,19,17,10
672,208,12,22,26,21,19,21,12
673,216,14,15,9,25,12,26,24
674,217,18,15,16,26,15,19,15
675,209,14,16,19,18,18,22,23
676,191,18,11,33,19,23,13,22
677,204,15,14,21,13,27,17,16
678,208,10,12,15,22,26,16,18
679,212,15,10,26,17,16,20,11
680,201,22,12,22,16,20,21,13
681,193,21,13,24,19,26,15,14
682,198,19,9,30,21,20,9,19
683,185,28,15,22,18,23,10,24
684,200,16,18,30,16,15,9,21
685,193,14,31,21,17,18,15,16
686,199,18,21,22,14,18,14,19
687,200,13,11,12,20,26,24,19
688,192,19,20,24,21,24,13,12
689,182,19,19,15,15,27,16,23
690,201,9,18,19,16,24,18,11
691,186,9,22,25,27,16,15,10
692,189,12,16,16,23,19,23,12
693,186,17,14,22,11,24,16,20
694,194,12,16,15,20,20,15,18
695,179,24,27,18,15,13,20,14
696,205,15,16,17,11,21,14,11
697,191,16,18,17,15,17,15,17
698,197,14,19,20,14,13,14,14
699,178,15,14,22,11,26,20,12
700,181,20,9,19,12,22,17,16
701,128,17,17,16,15,16,16,71
702,147,28,7,23,15,22,15,39
703,169,19,18,11,10,20,11,38
704,162,9,19,22,12,16,16,40
705,176,14,9,13,19,24,15,26
706,177,10,13,15,15,20,17,29
707,171,6,22,12,16,27,22,20
708,163,14,25,11,14,24,20,20
709,180,8,13,14,22,18,15,21
710,170,10,18,11,26,20,13,23
711,140,53,18,13,17,15,18,17
712,154,47,20,11,20,12,14,13
713,158,34,24,17,14,15,10,19
714,159,29,23,13,18,16,19,14
715,171,30,19,12,14,18,12,15
716,150,34,18,18,21,24,10,16
717,167,27,14,21,21,13,17,11
718,169,16,13,22,18,22,11,20
719,134,68,10,12,22,18,9,17
720,157,46,12,20,19,12,8,16
721,149,51,20,9,16,20,16,8
722,162,44,19,10,11,17,13,13
723,156,27,19,11,22,21,20,13
724,160,35,18,13,22,21,9,11
725,163,27,11,20,20,19,20,9
726,163,34,10,23,14,18,14,13
727,171,22,12,12,16,30,15,11
728,180,23,10,16,17,18,9,16
729,179,24,17,12,12,21,10,14
730,185,16,9,21,12,13,13,15
731,190,19,13,13,12,12,12,13
732,191,13,13,10,13,16,13,15
733,174,16,14,9,13,24,11,23
734,185,14,18,17,13,12,12,13
735,193,21,12,11,15,10,12,10
736,127,21,23,15,16,8,10,64
737,135,18,15,19,15,15,19,48
738,148,15,18,14,23,12,19,35
739,166,12,19,9,14,15,14,35
740,159,14,14,9,20,17,20,31
741,165,19,25,15,20,6,11,23
742,168,14,16,13,20,9,20,24
743,183,18,16,11,21,14,4,17
744,175,22,18,7,10,5,17,30
745,182,15,6,25,15,8,13,20
746,175,17,11,18,16,8,17,19
747,164,26,13,11,18,10,21,18
748,156,20,7,23,24,21,12,18
749,150,18,17,13,29,20,23,11
750,161,20,21,19,20,18,11,11
751,159,11,19,20,22,19,22,9
752,158,21,17,11,23,13,18,20
753,160,16,18,13,21,16,22,15
754,168,17,17,17,19,10,17,16
755,166,19,16,14,18,18,21,9
756,176,14,13,12,22,16,19,9
757,170,24,7,12,15,8,25,14
758,167,9,22,13,21,9,20,14
759,179,15,13,18,17,6,14,13
760,175,13,13,15,11,12,20,16
761,164,13,15,15,17,8,20,19
762,158,15,17,15,19,11,20,16
763,171,11,15,13,20,12,18,11
764,161,15,10,16,12,23,18,16
765,172,14,9,13,18,15,17,13
766,169,8,13,19,19,19,14,10
767,179,14,10,11,16,14,17,10
768,131,16,19,7,9,23,9,57
769,144,24,14,11,12,14,13,36
770,148,17,10,19,15,18,9,32
771,149,16,10,9,15,11,14,44
772,121,18,25,16,19,14,19,36
773,136,16,10,19,18,17,14,38
774,146,10,19,17,12,10,17,37
775,144,19,12,24,19,10,8,32
776,150,15,17,12,15,12,15,25
777,171,22,6,10,19,6,10,17
778,164,12,10,15,19,10,11,20
779,157,13,12,12,13,18,14,22
780,161,15,17,16,14,14,11,13
781,152,13,22,6,11,22,16,15
782,161,11,18,10,13,20,9,15
783,156,12,15,13,16,18,14,13
784,152,12,10,19,8,28,9,17
785,162,9,20,11,9,14,15,15
786,143,10,24,21,15,17,12,12
787,168,11,12,8,14,10,14,17
788,144,14,21,14,7,24,14,16
789,153,11,14,15,17,13,14,9
790,160,6,12,14,13,15,14,12
791,142,7,10,19,19,14,16,19
792,146,14,11,20,26,9,9,11
793,146,17,18,14,16,15,9,11
794,148,14,7,15,15,12,18,17
795,157,12,9,17,12,14,11,14
796,156,12,12,11,14,10,12,19
797,151,12,16,17,8,16,14,12
798,151,15,15,12,10,13,12,18
799,155,12,16,11,14,11,14,12
800,169,13,12,11,8,15,4,13
801,154,8,13,17,18,12,7,16
802,124,16,38,14,17,8,8,20
803,150,7,20,17,18,13,7,13
804,137,13,26,16,12,17,11,13
805,143,13,30,14,15,9,12,9
806,143,9,19,10,13,27,13,11
807,110,45,21,12,11,17,9,20
808,110,43,25,17,9,15,10,15
809,114,47,29,11,5,11,13,14
810,104,34,48,13,18,11,6,10
811,86,31,59,11,12,16,13,16
812,85,28,65,11,10,16,14,15
813,58,20,83,15,14,26,13,15
814,51,24,108,7,18,13,8,15
815,47,19,80,7,16,53,11,11
816,28,46,65,11,17,47,16,14
817,76,47,49,12,18,23,8,11
818,44,30,84,13,19,24,20,10
819,37,31,88,22,17,24,13,12
820,64,29,66,17,25,20,15,8
821,52,28,100,14,14,18,9,9
822,44,28,103,6,14,19,13,17
823,50,17,109,11,12,14,12,19
824,42,17,129,6,11,17,14,8
825,24,19,148,11,13,7,8,14
826,53,15,114,12,12,15,11,12
827,36,8,95,18,40,18,17,12
828,35,10,111,8,46,12,8,14
829,32,16,108,9,32,18,14,15
830,21,16,130,17,22,14,11,13
831,62,8,104,10,25,13,10,12
832,45,15,102,20,16,14,18,14
833,33,17,112,15,33,8,12,14
834,39,12,116,10,21,18,17,11
835,24,13,132,16,19,14,16,10
836,22,20,130,16,15,9,17,15
837,16,13,137,14,21,13,11,19
838,9,15,147,15,16,14,11,17
839,19,13,153,11,17,12,11,8
840,18,12,135,15,20,20,12,12
841,17,8,152,12,22,13,12,8
842,16,15,142,13,19,14,13,12
843,14,35,127,15,20,14,8,11
844,12,34,136,15,12,13,14,8
845,11,40,130,9,16,15,10,13
846,7,29,144,11,16,13,11,13
847,15,57,110,12,12,14,9,15
848,10,52,120,10,13,18,13,8
849,8,76,92,9,16,16,13,14
850,12,69,112,12,11,12,9,7
851,16,52,117,11,16,12,9,11
852,13,32,127,16,15,17,11,13
853,8,44,129,9,15,7,19,13
854,18,30,120,14,14,19,19,10
855,18,26,128,10,27,10,15,10
856,10,25,145,14,13,12,13,12
857,19,17,155,5,17,8,11,12
858,16,20,145,11,19,13,5,15
859,11,18,147,11,17,12,16,12
860,11,13,159,10,12,18,11,10
861,13,9,154,11,16,12,12,17
862,20,11,140,11,20,16,14,12
863,17,13,151,12,10,14,15,12
864,16,9,149,11,10,12,24,13
865,10,17,149,11,10,14,15,18
866,14,16,157,11,12,12,10,12
867,13,10,163,13,7,9,15,14
868,13,12,154,17,7,11,15,15
869,13,16,146,15,17,12,15,10
870,8,16,159,13,11,10,20,7
871,8,10,169,12,9,13,10,13
872,10,18,155,13,7,9,12,20
873,20,9,144,15,18,9,18,11
874,16,10,140,7,24,14,18,15
875,18,10,151,14,16,16,3,16
876,11,8,117,10,57,13,12,16
877,11,12,132,9,35,11,12,22
878,12,10,133,7,40,13,11,18
879,10,11,132,8,37,14,16,16
880,4,13,150,8,33,10,10,16
881,12,14,144,5,29,11,14,15
882,9,11,162,5,21,7,16,13
883,5,17,160,13,30,8,7,4
884,10,7,153,12,25,10,16,11
885,8,10,157,13,20,12,9,15
886,12,13,153,8,20,11,10,17
887,11,18,157,17,11,8,13,9
888,12,9,152,14,21,12,14,10
889,10,11,158,25,15,6,8,11
890,13,17,150,17,9,12,14,12
891,15,12,153,15,14,15,7,13
892,47,19,102,7,17,26,12,14
893,37,12,84,10,19,16,50,16
894,32,8,81,7,20,13,73,10
895,30,9,69,8,11,8,98,11
896,22,12,83,15,21,15,69,7
897,24,6,101,19,13,10,59,12
898,20,12,119,10,13,15,43,12
899,24,15,122,9,15,17,29,13
900,16,21,119,14,10,17,35,12
901,17,12,118,15,16,16,36,14
902,15,13,107,13,16,12,59,9
903,12,53,90,8,12,10,48,11
904,18,36,99,12,15,15,39,10
905,10,42,106,11,16,14,35,10
906,15,29,97,14,12,13,50,14
907,13,24,100,13,14,13,54,13
908,12,24,104,14,16,13,50,11
909,9,20,110,12,11,7,67,8
910,12,20,108,12,8,14,57,13
911,17,45,74,18,15,16,46,13
912,16,43,97,13,14,10,31,20
913,14,37,101,10,23,6,36,17
914,11,27,124,10,13,13,30,16
915,6,26,123,15,13,17,27,17
916,10,31,87,15,13,20,59,9
917,10,25,71,6,14,21,83,14
918,11,17,63,17,9,14,102,11
919,15,20,50,22,16,11,98,12
920,14,18,75,17,14,14,85,7
921,14,14,66,18,17,12,92,11
922,9,9,55,16,12,12,119,12
923,8,17,73,8,18,10,98,12
924,11,12,55,13,12,15,99,27
925,6,18,78,10,26,14,81,11
926,13,10,70,11,13,13,100,14
927,20,12,45,15,15,12,112,13
928,14,14,43,17,8,17,117,14
929,19,9,31,11,15,11,133,15
930,18,15,39,12,10,8,101,41
931,9,16,26,12,15,10,115,41
932,14,4,28,14,10,9,125,40
933,10,19,26,13,14,21,114,27
934,14,15,16,13,14,13,130,29
935,16,20,17,14,14,9,134,20
936,15,13,46,15,10,8,117,20
937,12,19,48,16,13,7,114,15
938,9,13,31,17,13,8,136,17
939,15,10,29,20,9,10,133,18
940,12,11,33,12,10,6,137,23
941,9,13,26,12,17,13,134,20
942,8,55,24,6,14,19,103,15
943,9,31,16,22,19,40,92,15
944,46,34,24,9,13,31,72,14
945,39,28,18,12,12,26,93,15
946,30,20,53,16,8,28,79,9
947,31,18,70,17,8,27,60,12
948,22,17,62,15,11,18,90,8
949,23,15,51,5,12,21,100,16
950,12,20,47,12,15,15,100,22
951,19,9,68,14,14,8,90,21
952,15,10,61,20,13,12,99,13
953,16,12,41,15,12,9,126,12
954,8,12,40,11,12,16,136,8
955,8,14,36,9,20,19,125,12
956,17,8,24,13,12,14,136,19
957,11,17,23,10,13,10,141,18
958,17,16,21,11,9,16,136,17
959,15,12,24,17,11,15,137,12
960,13,11,6,12,19,13,158,11
961,9,4,13,21,15,15,155,11
962,16,15,19,14,14,8,144,13
963,23,12,13,9,15,11,147,13
964,6,7,22,5,13,14,162,14
965,16,14,9,7,14,11,154,18
966,10,7,11,17,13,20,151,14
967,11,17,12,8,14,15,151,15
968,17,12,16,13,12,14,144,15
969,15,8,12,10,12,17,151,18
970,19,12,40,12,17,12,110,21
971,19,9,69,12,14,10,101,9
972,14,10,54,14,14,13,105,19
973,13,10,36,14,12,46,94,17
974,11,10,38,11,14,70,69,19
975,14,20,53,10,16,47,67,15
976,13,16,52,19,10,48,64,20
977,44,12,43,14,14,43,51,21
978,36,14,44,12,12,30,79,15
979,36,10,20,15,8,30,108,15
980,23,16,32,18,12,35,97,9
981,18,9,24,20,8,23,125,15
982,15,14,25,19,12,20,122,15
983,14,14,22,12,9,14,144,13
984,23,9,16,15,10,24,136,9
985,21,7,19,10,18,15,107,45
986,20,22,10,9,9,17,116,39
987,14,17,21,9,9,12,130,30
988,16,19,12,10,4,9,139,33
989,12,20,10,11,11,17,134,27
990,10,10,12,16,14,11,148,21
991,14,7,12,11,14,15,146,23
992,10,13,9,12,12,16,150,20
993,10,14,18,12,11,22,134,21
994,9,7,17,14,17,20,138,20
995,11,13,13,10,17,13,145,20
996,12,19,13,13,14,12,122,37
997,18,15,19,11,14,11,116,38
998,14,13,20,9,11,14,125,36
999,13,14,15,25,12,8,133,22
