iteration,exchange,exchangeRandom,inversion,swap,scramble,add,addRandomly,shift
0,100,100,100,100,100,100,100,100
1,117,106,102,102,106,122,122,23
2,80,65,67,64,71,315,131,7
3,44,61,49,52,35,436,122,1
4,49,27,38,52,15,485,134,0
5,44,27,27,33,7,526,136,0
6,43,24,17,36,14,540,126,0
7,42,48,15,32,13,523,127,0
8,37,31,26,13,2,571,120,0
9,296,26,19,20,7,346,86,0
10,477,39,27,22,16,172,47,0
11,523,48,21,22,17,137,32,0
12,572,56,32,21,12,85,22,0
13,586,79,16,26,10,56,27,0
14,581,89,29,14,13,41,33,0
15,579,89,23,19,16,47,27,0
16,599,101,18,19,9,28,26,0
17,595,116,19,20,8,22,20,0
18,589,122,11,15,15,18,30,0
19,572,124,14,28,14,16,32,0
20,568,116,21,31,18,13,33,0
21,555,125,19,21,31,15,34,0
22,549,133,25,21,31,13,28,0
23,365,142,63,61,58,46,65,0
24,441,137,37,38,55,41,51,0
25,477,136,34,34,44,42,33,0
26,335,137,56,61,72,73,66,0
27,174,94,42,48,180,64,198,0
28,114,46,41,28,254,51,266,0
29,81,32,26,29,302,35,295,0
30,57,35,21,20,310,21,336,0
31,25,23,22,20,357,20,333,0
32,23,115,24,25,296,18,299,0
33,19,185,35,25,247,15,274,0
34,9,188,36,18,253,19,277,0
35,17,218,30,13,242,23,257,0
36,15,228,25,17,236,12,267,0
37,15,214,28,23,244,17,259,0
38,23,232,34,14,244,17,236,0
39,16,239,28,12,241,15,249,0
40,10,235,29,13,259,21,233,0
41,20,241,31,9,223,20,256,0
42,17,238,25,14,245,25,236,0
43,17,211,26,18,247,27,254,0
44,16,218,36,14,249,20,247,0
45,14,199,37,15,266,19,250,0
46,17,121,20,12,282,21,327,0
47,27,80,22,27,171,22,451,0
48,21,63,16,8,104,18,570,0
49,27,40,35,9,73,10,606,0
50,19,30,19,17,48,6,661,0
51,20,24,35,38,203,8,472,0
52,22,40,20,25,242,9,442,0
53,23,26,16,27,290,16,402,0
54,19,109,23,18,268,16,347,0
55,10,214,39,15,300,16,206,0
56,18,137,30,27,452,20,116,0
57,19,69,29,15,276,26,366,0
58,24,51,31,19,131,14,530,0
59,26,32,24,27,114,10,567,0
60,15,25,17,16,65,11,651,0
61,20,26,18,4,45,3,684,0
62,30,28,19,12,33,4,674,0
63,21,23,18,22,36,4,676,0
64,7,35,18,20,30,5,685,0
65,15,41,29,16,20,6,673,0
66,20,22,28,26,26,5,673,0
67,26,112,32,19,134,8,469,0
68,32,63,28,25,380,15,257,0
69,34,173,33,20,377,25,138,0
70,16,102,30,20,503,31,98,0
71,35,70,42,18,536,40,59,0
72,19,51,28,13,590,52,47,0
73,25,23,32,8,618,61,33,0
74,30,31,14,4,604,71,46,0
75,12,34,25,1,605,83,40,0
76,27,48,21,10,575,94,25,0
77,20,27,16,7,586,112,32,0
78,22,19,14,3,609,113,20,0
79,16,35,166,1,453,97,32,0
80,113,25,199,4,367,60,32,0
81,131,65,218,16,302,35,33,0
82,156,121,218,14,226,34,31,0
83,153,163,150,12,264,35,23,0
84,209,244,107,12,175,22,31,0
85,204,354,86,13,95,24,24,0
86,176,423,60,17,63,37,24,0
87,149,479,48,34,44,35,11,0
88,137,514,60,21,27,17,24,0
89,120,521,43,30,35,29,22,0
90,121,530,39,29,26,26,29,0
91,117,562,33,16,28,27,17,0
92,135,536,35,19,31,17,27,0
93,189,483,31,25,50,5,17,0
94,183,344,34,24,40,152,23,0
95,253,223,21,24,21,230,28,0
96,369,184,24,12,25,164,22,0
97,342,123,29,24,26,86,170,0
98,323,92,32,171,20,44,118,0
99,281,59,12,203,113,40,92,0
100,280,44,14,171,189,29,73,0
101,243,31,19,176,265,26,40,0
102,281,36,23,198,198,29,35,0
103,258,40,21,202,131,32,116,0
104,202,42,14,227,146,30,139,0
105,208,36,16,177,191,18,154,0
106,183,29,23,142,216,21,186,0
107,202,22,25,134,227,19,171,0
108,176,30,31,147,261,20,135,0
109,210,34,18,162,286,17,73,0
110,198,39,29,158,300,28,48,0
111,216,44,24,145,292,30,49,0
112,271,43,27,182,218,15,44,0
113,314,39,23,211,164,21,28,0
114,290,36,10,267,140,28,29,0
115,242,31,10,271,95,108,43,0
116,242,36,18,256,52,162,34,0
117,236,33,19,223,35,220,34,0
118,223,42,22,243,19,222,29,0
119,226,41,17,234,23,226,33,0
120,220,43,13,222,27,247,28,0
121,245,52,16,228,16,214,29,0
122,217,44,18,264,17,202,38,0
123,239,29,13,224,18,250,27,0
124,238,27,15,240,21,228,31,0
125,224,38,12,259,23,210,34,0
126,192,47,26,222,24,256,33,0
127,224,38,16,241,18,234,29,0
128,230,34,13,254,17,224,28,0
129,231,37,5,249,15,227,36,0
130,209,22,16,251,16,257,29,0
131,231,18,11,249,24,243,24,0
132,222,25,19,258,25,224,27,0
133,247,29,21,231,21,229,22,0
134,215,31,12,243,18,263,18,0
135,219,36,16,242,20,228,39,0
136,230,28,9,252,17,219,45,0
137,242,29,24,235,27,207,36,0
138,216,35,23,232,23,233,38,0
139,243,27,10,250,24,205,41,0
140,129,23,15,278,18,287,50,0
141,73,22,11,316,31,300,47,0
142,48,21,14,306,34,335,42,0
143,33,19,15,351,35,313,34,0
144,46,15,7,340,35,328,29,0
145,21,8,5,345,34,334,53,0
146,21,7,12,318,30,357,55,0
147,28,20,5,337,29,329,52,0
148,12,26,7,334,25,342,54,0
149,19,17,12,348,18,327,59,0
150,19,8,17,343,24,332,57,0
151,17,8,21,340,23,334,57,0
152,13,23,20,346,23,327,48,0
153,17,16,3,487,33,203,41,0
154,24,24,9,532,44,126,41,0
155,20,192,8,422,50,79,29,0
156,17,258,8,385,51,50,31,0
157,21,293,16,352,37,45,36,0
158,17,328,16,350,39,24,26,0
159,16,330,29,348,33,19,25,0
160,16,343,28,324,27,22,40,0
161,16,349,21,339,26,18,31,0
162,20,342,18,351,32,13,24,0
163,16,358,17,323,42,17,27,0
164,74,319,17,294,52,22,22,0
165,104,322,16,269,34,28,27,0
166,133,322,21,247,28,20,29,0
167,146,323,19,246,31,14,21,0
168,137,336,19,156,99,17,36,0
169,129,344,28,87,169,27,16,0
170,113,336,24,58,208,34,27,0
171,127,353,30,98,151,17,24,0
172,125,350,16,159,115,20,15,0
173,126,354,14,116,148,22,20,0
174,141,334,23,65,180,31,26,0
175,121,334,37,44,207,25,32,0
176,152,337,29,18,209,31,24,0
177,134,302,26,32,233,30,43,0
178,146,314,35,29,230,24,22,0
179,136,315,33,22,247,22,25,0
180,139,331,32,22,223,27,26,0
181,140,323,29,6,241,40,21,0
182,148,300,46,15,239,39,13,0
183,156,295,32,23,234,48,12,0
184,128,276,32,73,229,43,19,0
185,136,241,28,93,228,39,35,0
186,118,217,33,115,257,35,25,0
187,164,243,21,134,187,32,19,0
188,158,275,27,162,132,29,17,0
189,143,316,22,190,91,25,13,0
190,126,289,27,188,61,89,20,0
191,159,293,36,199,49,48,16,0
192,127,266,35,184,50,116,22,0
193,127,257,35,188,38,135,20,0
194,106,249,36,188,43,156,22,0
195,113,230,27,187,30,194,19,0
196,127,226,29,186,28,184,20,0
197,112,230,24,183,27,195,29,0
198,113,244,22,175,22,188,36,0
199,130,226,14,166,22,198,44,0
200,140,216,14,171,29,188,42,0
201,101,219,19,204,20,198,39,0
202,51,244,33,221,18,204,29,0
203,39,226,32,242,17,209,35,0
204,17,224,32,250,16,228,33,0
205,22,248,20,241,22,219,28,0
206,16,254,28,237,25,214,26,0
207,8,250,22,238,18,239,25,0
208,13,243,23,238,20,228,35,0
209,11,280,23,293,23,131,39,0
210,16,238,19,274,37,179,37,0
211,15,247,18,254,32,201,33,0
212,26,229,18,250,25,226,26,0
213,16,215,21,265,23,226,34,0
214,11,246,25,231,25,226,36,0
215,12,196,93,243,28,197,31,0
216,20,202,65,250,34,205,24,0
217,23,188,98,230,31,199,31,0
218,11,200,85,230,27,213,34,0
219,14,209,63,229,26,224,35,0
220,18,231,46,234,25,222,24,0
221,10,218,41,238,25,239,29,0
222,20,137,19,288,17,299,20,0
223,17,84,19,291,12,345,32,0
224,24,59,63,317,15,297,25,0
225,25,34,111,311,24,273,22,0
226,15,26,121,332,19,264,23,0
227,26,24,152,313,23,238,24,0
228,16,9,135,320,37,251,32,0
229,15,19,185,238,24,279,40,0
230,20,23,229,179,18,285,46,0
231,24,12,279,123,22,303,37,0
232,18,5,242,178,25,295,37,0
233,27,7,189,250,16,271,40,0
234,34,14,172,300,15,244,21,0
235,29,22,177,391,23,134,24,0
236,17,19,131,392,34,188,19,0
237,27,28,139,366,24,197,19,0
238,28,20,163,403,22,135,29,0
239,16,21,165,472,29,76,21,0
240,31,20,100,433,26,163,27,0
241,18,29,123,386,33,179,32,0
242,18,20,137,362,29,204,30,0
243,9,18,139,361,27,215,31,0
244,26,11,137,344,25,231,26,0
245,17,22,130,340,22,249,20,0
246,11,16,141,347,32,221,32,0
247,16,8,136,333,33,243,31,0
248,17,11,155,337,21,228,31,0
249,22,20,143,354,22,213,26,0
250,21,14,94,358,13,277,23,0
251,25,22,109,324,19,271,30,0
252,21,29,64,335,19,296,36,0
253,24,24,97,337,17,260,41,0
254,16,27,111,340,18,250,38,0
255,17,26,142,318,20,244,33,0
256,31,19,125,329,20,246,30,0
257,27,23,112,339,19,244,36,0
258,23,23,132,361,16,220,25,0
259,22,19,144,365,13,208,29,0
260,17,29,139,330,20,229,36,0
261,16,17,134,349,24,227,33,0
262,19,20,136,342,19,221,43,0
263,28,20,139,340,26,219,28,0
264,20,30,135,329,23,240,23,0
265,20,26,142,306,23,250,33,0
266,31,7,141,304,29,260,28,0
267,32,10,170,374,26,158,30,0
268,27,15,178,436,37,79,28,0
269,36,21,130,411,29,146,27,0
270,24,28,130,384,19,187,28,0
271,26,12,126,396,22,192,26,0
272,27,11,117,339,38,239,29,0
273,23,7,147,321,37,230,35,0
274,20,15,97,316,29,275,48,0
275,22,22,58,317,24,302,55,0
276,15,26,95,347,18,246,53,0
277,17,23,118,339,15,243,45,0
278,29,16,75,344,17,277,42,0
279,25,15,83,328,34,278,37,0
280,24,31,103,277,22,232,111,0
281,34,27,80,244,21,218,176,0
282,23,10,52,254,19,192,250,0
283,20,16,34,253,23,159,295,0
284,12,22,22,229,34,166,315,0
285,28,19,23,134,22,186,388,0
286,22,15,101,104,20,143,395,0
287,16,18,158,76,11,129,392,0
288,24,13,203,59,18,124,359,0
289,27,14,205,51,19,155,329,0
290,36,24,202,100,17,128,293,0
291,23,14,185,155,15,135,273,0
292,26,17,161,134,22,164,276,0
293,17,16,202,89,15,149,312,0
294,102,19,191,72,14,135,267,0
295,73,21,222,40,32,142,270,0
296,55,17,225,29,11,169,294,0
297,31,16,241,33,19,144,316,0
298,33,8,235,24,19,141,340,0
299,39,9,215,32,21,124,360,0
