iteration,exchange,exchangeRandom,inversion,swap,scramble,add,addRandomly,shift
0,100,100,100,100,100,100,100,100
1,117,106,102,102,106,122,122,23
2,80,65,67,64,71,315,131,7
3,44,61,49,52,35,436,122,1
4,49,27,38,52,15,485,134,0
5,44,27,27,33,7,526,136,0
6,43,24,17,36,14,540,126,0
7,42,48,15,32,13,523,127,0
8,37,31,26,13,2,571,120,0
9,29,21,19,17,6,583,125,0
10,27,13,26,12,7,592,123,0
11,33,30,30,20,3,560,124,0
12,18,20,22,155,10,470,105,0
13,14,26,27,250,8,398,77,0
14,20,25,15,275,10,380,75,0
15,13,171,22,185,16,340,53,0
16,22,259,27,111,21,314,46,0
17,27,152,16,65,15,481,44,0
18,13,111,22,50,6,549,49,0
19,24,58,22,35,16,588,57,0
20,23,24,26,33,8,621,65,0
21,15,39,21,30,3,605,87,0
22,20,25,25,25,1,619,85,0
23,27,32,17,22,4,609,89,0
24,13,25,12,17,6,619,108,0
25,10,16,27,26,6,601,114,0
26,28,6,28,15,7,592,124,0
27,181,31,22,27,9,422,108,0
28,251,38,33,23,12,368,75,0
29,247,29,120,16,20,315,53,0
30,221,34,174,23,21,284,43,0
31,132,28,103,21,14,458,44,0
32,87,35,62,23,9,529,55,0
33,66,39,44,27,8,561,55,0
34,34,33,40,15,7,620,51,0
35,34,13,127,24,7,442,153,0
36,32,15,183,33,10,287,240,0
37,29,15,186,45,13,224,288,0
38,23,13,269,38,16,212,229,0
39,26,18,310,29,14,227,176,0
40,34,19,311,32,13,263,128,0
41,32,11,310,28,16,302,101,0
42,17,17,347,30,21,297,71,0
43,19,8,348,29,22,314,60,0
44,24,10,338,32,13,332,51,0
45,31,10,324,32,10,340,53,0
46,21,8,324,32,16,349,50,0
47,26,8,359,42,16,311,38,0
48,27,21,335,41,17,312,47,0
49,11,24,287,37,16,292,133,0
50,18,20,286,33,14,217,212,0
51,15,13,270,21,18,193,270,0
52,24,11,247,26,13,168,311,0
53,27,11,259,31,25,154,293,0
54,20,17,242,35,8,145,333,0
55,23,13,135,22,16,246,345,0
56,22,15,103,20,11,310,319,0
57,25,16,67,22,4,370,296,0
58,28,15,40,21,16,409,271,0
59,27,22,36,19,11,440,245,0
60,18,15,37,19,10,463,238,0
61,20,28,28,17,9,478,220,0
62,11,29,30,33,10,479,208,0
63,177,27,16,19,12,393,156,0
64,235,35,18,29,10,365,108,0
65,233,130,22,33,17,295,70,0
66,133,200,16,119,17,274,41,0
67,62,218,18,188,17,263,34,0
68,34,141,16,254,31,300,24,0
69,28,74,14,309,35,316,24,0
70,23,59,12,296,34,346,30,0
71,22,33,10,306,32,362,35,0
72,23,27,18,324,28,346,34,0
73,18,37,7,343,17,342,36,0
74,20,20,16,201,15,473,55,0
75,18,22,22,144,10,518,66,0
76,17,26,20,90,7,571,69,0
77,13,189,31,59,11,446,51,0
78,12,252,35,47,12,396,46,0
79,15,253,120,41,9,319,43,0
80,17,257,124,41,3,320,38,0
81,11,230,171,41,12,299,36,0
82,21,211,205,37,9,285,32,0
83,21,191,260,35,20,239,34,0
84,20,160,283,26,20,258,33,0
85,12,145,280,27,14,220,102,0
86,19,136,279,26,8,168,164,0
87,23,145,256,25,19,179,153,0
88,15,142,307,32,23,183,98,0
89,13,133,321,38,13,229,53,0
90,15,141,303,28,13,251,49,0
91,14,164,295,30,17,233,47,0
92,17,141,342,39,13,211,37,0
93,21,124,333,31,14,237,40,0
94,12,153,321,33,16,235,30,0
95,20,134,326,37,20,233,30,0
96,17,153,326,38,9,230,27,0
97,14,150,310,32,13,243,38,0
98,19,145,304,37,23,230,42,0
99,14,143,307,30,16,254,36,0
100,19,149,320,25,13,230,44,0
101,19,92,316,36,22,268,47,0
102,10,45,194,24,22,456,49,0
103,19,46,228,25,12,421,49,0
104,29,26,298,30,9,360,48,0
105,28,12,178,24,9,496,53,0
106,28,25,257,24,4,411,51,0
107,21,13,292,31,13,378,52,0
108,27,13,310,33,14,353,50,0
109,30,14,308,30,19,362,37,0
110,29,14,364,39,13,308,33,0
111,31,12,198,32,19,479,29,0
112,32,16,257,32,18,417,28,0
113,26,21,244,34,56,384,35,0
114,24,19,291,33,38,367,28,0
115,25,22,282,32,22,377,40,0
116,24,17,282,24,87,334,32,0
117,17,18,333,23,51,322,36,0
118,26,16,274,106,40,297,41,0
119,17,20,263,120,33,301,46,0
120,11,17,277,108,23,326,38,0
121,18,18,261,170,25,277,31,0
122,22,13,242,218,27,249,29,0
123,33,20,208,234,18,256,31,0
124,14,19,172,308,21,239,27,0
125,27,21,179,249,11,284,29,0
126,17,15,211,207,9,297,44,0
127,30,18,235,117,11,347,42,0
128,18,12,290,98,13,329,40,0
129,20,13,263,183,14,265,42,0
130,21,10,236,158,11,323,41,0
131,27,15,206,205,17,294,36,0
132,19,13,234,311,14,170,39,0
133,16,9,217,401,14,109,34,0
134,20,16,182,478,22,72,10,0
135,21,26,151,515,36,34,17,0
136,34,19,128,544,24,39,12,0
137,21,20,125,549,30,42,13,0
138,29,16,110,573,27,28,17,0
139,28,17,100,565,39,22,29,0
140,94,88,90,449,28,31,20,0
141,128,133,103,370,19,23,24,0
142,135,135,130,264,32,14,90,0
143,125,168,116,225,39,13,114,0
144,130,178,153,140,42,21,136,0
145,118,177,203,82,34,19,167,0
146,175,207,210,51,21,24,112,0
147,167,224,247,47,26,24,65,0
148,94,214,348,58,22,21,43,0
149,124,161,303,51,24,23,114,0
150,148,156,271,39,23,25,138,0
151,154,174,201,22,17,21,211,0
152,184,218,129,23,27,14,205,0
153,171,246,82,17,30,19,235,0
154,203,320,72,30,25,14,136,0
155,190,400,58,20,18,20,94,0
156,136,392,60,12,19,20,161,0
157,133,363,42,13,30,22,197,0
158,138,305,40,12,19,73,213,0
159,139,222,32,18,10,118,261,0
160,174,151,34,20,16,135,270,0
161,195,87,24,26,10,167,291,0
162,204,61,21,29,14,167,304,0
163,225,40,25,21,13,138,338,0
164,219,38,113,33,14,84,299,0
165,129,29,197,42,23,49,331,0
166,72,31,232,30,24,82,329,0
167,42,23,221,31,36,121,326,0
168,40,11,228,22,27,128,344,0
169,98,17,214,31,27,115,298,0
170,146,21,187,31,25,116,274,0
171,154,16,187,40,16,135,252,0
172,168,21,177,41,13,150,230,0
173,171,23,182,24,17,144,239,0
174,149,24,186,33,22,139,247,0
175,198,24,175,25,16,127,235,0
176,182,29,141,21,32,138,257,0
177,171,28,188,26,9,126,252,0
178,174,34,178,26,16,128,244,0
179,104,22,220,28,20,146,260,0
180,65,18,234,23,8,152,300,0
181,54,8,227,25,14,146,326,0
182,35,16,231,34,7,134,343,0
183,28,7,138,33,14,165,415,0
184,130,16,81,25,5,147,396,0
185,127,18,121,27,7,129,371,0
186,177,28,79,23,4,136,353,0
187,200,30,65,23,11,139,332,0
188,206,27,45,27,13,151,331,0
189,231,33,43,25,17,140,311,0
190,245,19,31,98,18,105,284,0
191,189,24,27,156,81,78,245,0
192,219,26,16,91,164,66,218,0
193,213,25,28,50,201,45,238,0
194,235,22,24,34,200,31,254,0
195,221,31,32,25,237,31,223,0
196,222,33,22,28,218,37,240,0
197,221,33,21,28,206,34,257,0
198,206,37,16,25,239,25,252,0
199,238,35,13,20,223,11,260,0
200,237,27,29,69,168,15,255,0
201,249,24,27,134,117,13,236,0
202,245,21,24,173,75,20,242,0
203,229,28,22,207,66,16,232,0
204,207,31,15,226,58,13,250,0
205,235,37,18,223,39,14,234,0
206,228,48,17,209,29,9,260,0
207,203,37,26,243,26,9,256,0
208,264,39,16,292,36,12,141,0
209,255,27,9,241,44,20,204,0
210,231,24,12,250,43,16,224,0
211,233,22,11,264,39,11,220,0
212,216,20,20,252,35,16,241,0
213,234,19,22,232,30,16,247,0
214,246,31,14,219,37,11,242,0
215,229,32,18,226,31,15,249,0
216,226,27,21,228,31,18,249,0
217,240,35,16,220,48,9,232,0
218,232,29,18,228,43,13,237,0
219,236,42,19,222,30,16,235,0
220,243,29,19,228,33,10,238,0
221,211,29,16,235,24,24,261,0
222,231,22,16,221,30,20,260,0
223,211,22,16,247,30,18,256,0
224,219,30,8,242,39,23,239,0
225,217,99,22,200,25,13,224,0
226,174,159,23,198,20,21,205,0
227,149,181,23,202,35,19,191,0
228,124,207,22,187,40,14,206,0
229,139,236,20,155,31,6,213,0
230,145,238,28,182,28,16,163,0
231,137,234,14,184,32,15,184,0
232,134,269,17,129,29,13,209,0
233,111,267,27,139,41,15,200,0
234,120,245,22,158,30,17,208,0
235,113,215,21,167,37,61,186,0
236,123,222,15,146,36,86,172,0
237,116,139,20,148,31,136,210,0
238,176,99,25,171,30,77,222,0
239,199,93,26,184,26,40,232,0
240,216,57,18,223,20,32,234,0
241,271,40,16,267,28,21,157,0
242,304,43,26,298,26,26,77,0
243,280,40,12,279,30,100,59,0
244,238,29,22,251,32,179,49,0
245,235,29,21,235,37,199,44,0
246,235,29,23,225,37,207,44,0
247,231,30,17,230,27,217,48,0
248,236,24,11,246,23,220,40,0
249,254,27,13,231,87,158,30,0
250,216,31,22,178,139,180,34,0
251,186,31,8,170,170,197,38,0
252,223,37,14,102,163,228,33,0
253,232,35,14,57,178,251,33,0
254,225,29,20,77,171,246,32,0
255,212,13,14,143,131,256,31,0
256,235,21,17,167,90,243,27,0
257,219,25,11,201,73,242,29,0
258,218,28,15,211,48,243,37,0
259,223,34,13,221,37,241,31,0
260,245,43,15,233,26,209,29,0
261,226,33,13,226,24,246,32,0
262,211,39,25,239,24,230,32,0
263,218,33,20,235,19,244,31,0
264,232,40,19,223,16,232,38,0
265,240,18,19,241,21,230,31,0
266,234,20,16,225,16,238,51,0
267,219,24,17,240,24,229,47,0
268,237,31,16,231,24,220,41,0
269,147,24,15,271,28,268,47,0
270,89,21,21,317,20,287,45,0
271,63,20,18,320,23,320,36,0
272,34,35,11,325,31,327,37,0
273,19,33,14,305,29,359,41,0
274,26,26,20,343,27,313,45,0
275,26,34,23,357,22,308,30,0
276,34,26,19,305,35,349,32,0
277,19,30,17,354,20,331,29,0
278,45,24,15,317,17,348,34,0
279,37,20,12,343,25,323,40,0
280,30,18,18,344,29,333,28,0
281,28,15,6,336,28,362,25,0
282,27,18,15,470,28,217,25,0
283,32,13,10,418,20,124,183,0
284,28,12,8,533,25,64,130,0
285,18,17,10,594,45,39,77,0
286,15,8,5,496,49,170,57,0
287,18,15,13,409,54,241,50,0
288,21,24,9,304,39,254,149,0
289,19,31,18,283,20,204,225,0
290,25,18,20,253,11,204,269,0
291,21,23,28,293,13,120,302,0
292,18,18,24,315,21,66,338,0
293,18,11,14,352,25,37,343,0
294,22,117,9,306,26,23,297,0
295,30,185,15,276,32,24,238,0
296,17,242,11,242,32,21,235,0
297,24,232,18,240,20,22,244,0
298,24,220,12,263,16,10,255,0
299,16,227,20,231,23,21,262,0
