iteration,exchange,exchangeRandom,inversion,swap,scramble,add,addRandomly,shift
0,100,100,100,100,100,100,100,100
1,89,119,117,107,116,108,117,27
2,78,103,106,137,111,97,160,8
3,80,78,80,216,96,95,153,2
4,70,66,62,206,90,57,249,0
5,48,66,55,182,75,41,333,0
6,42,48,42,214,57,47,350,0
7,81,52,30,223,66,26,322,0
8,124,41,23,170,54,24,364,0
9,105,33,31,137,41,18,435,0
10,98,38,22,141,36,12,453,0
11,136,34,16,105,34,9,466,0
12,185,33,22,90,21,10,439,0
13,142,26,76,99,16,12,429,0
14,112,19,104,90,57,14,404,0
15,107,15,114,80,98,8,378,0
16,133,15,125,66,97,5,359,0
17,133,16,159,60,69,5,358,0
18,187,12,139,52,58,7,345,0
19,154,15,103,43,50,6,429,0
20,190,12,94,35,40,5,424,0
21,219,7,71,31,38,2,432,0
22,243,11,68,27,29,4,418,0
23,256,18,61,23,27,2,413,0
24,208,21,51,17,76,4,423,0
25,190,17,52,15,131,3,392,0
26,196,10,46,12,157,8,371,0
27,180,8,37,10,193,4,368,0
28,142,7,27,13,223,4,384,0
29,135,7,24,7,261,2,364,0
30,152,10,23,7,243,3,362,0
31,168,10,24,8,234,5,351,0
32,131,5,19,12,272,5,356,0
33,109,7,20,6,282,7,369,0
34,154,11,14,6,264,9,342,0
35,108,7,13,6,334,6,326,0
36,95,6,11,6,320,4,358,0
37,135,5,10,8,256,3,383,0
38,184,10,11,7,212,4,372,0
39,217,9,13,6,185,4,366,0
40,259,12,8,4,153,3,361,0
41,271,11,7,5,155,3,348,0
42,211,13,11,2,157,9,397,0
43,259,7,11,7,153,10,353,0
44,231,8,6,7,182,6,360,0
45,228,8,9,6,189,3,357,0
46,248,5,5,9,194,7,332,0
47,185,8,11,9,155,5,427,0
48,175,7,9,2,218,7,382,0
49,204,11,9,3,199,3,371,0
50,263,5,7,0,136,3,386,0
51,275,9,6,2,113,2,393,0
52,287,13,5,2,99,6,388,0
53,220,5,8,6,91,4,466,0
54,264,8,7,6,98,1,416,0
55,273,9,6,5,63,1,443,0
56,267,9,6,7,93,3,415,0
57,265,8,4,8,133,5,377,0
58,275,6,7,6,162,3,341,0
59,226,8,11,2,182,4,367,0
60,192,10,4,4,212,5,373,0
61,209,7,3,5,223,7,346,0
62,172,8,4,3,255,8,350,0
63,173,8,6,4,256,11,342,0
64,162,7,4,9,265,7,346,0
65,123,5,7,10,303,8,344,0
66,148,5,7,1,294,8,337,0
67,143,9,6,4,281,8,349,0
68,103,9,4,2,330,5,347,0
69,84,8,5,6,358,7,332,0
70,90,1,45,4,327,8,325,0
71,71,5,46,4,314,7,353,0
72,91,4,32,3,335,3,332,0
73,138,10,34,2,300,3,313,0
74,154,5,20,5,289,4,323,0
75,174,6,24,3,296,8,289,0
76,191,8,24,5,282,5,285,0
77,121,5,19,6,316,4,329,0
78,140,3,15,2,303,3,334,0
79,130,2,12,1,310,8,337,0
80,178,6,10,7,282,4,313,0
81,140,12,10,0,308,4,326,0
82,116,6,11,5,331,9,322,0
83,94,6,10,5,268,8,409,0
84,87,7,11,4,223,4,464,0
85,133,7,15,2,185,5,453,0
86,160,3,14,1,207,3,412,0
87,154,7,11,1,232,5,390,0
88,162,8,7,7,179,8,429,0
89,126,8,9,8,192,5,452,0
90,163,4,5,3,186,6,433,0
91,194,5,7,2,203,5,384,0
92,171,8,5,3,218,6,389,0
93,117,5,9,4,210,5,450,0
94,109,7,3,4,158,0,519,0
95,103,9,6,6,130,3,543,0
96,139,11,10,6,115,4,515,0
97,115,13,7,6,88,2,569,0
98,114,8,8,3,143,3,521,0
99,115,6,8,5,174,0,492,0
100,154,7,40,2,132,2,463,0
101,110,4,34,4,108,2,538,0
102,185,5,33,4,106,2,465,0
103,175,6,31,4,135,5,444,0
104,131,6,27,5,172,6,453,0
105,183,9,20,3,118,4,463,0
106,225,9,28,8,119,6,405,0
107,248,10,13,5,132,5,387,0
108,226,10,18,3,168,4,371,0
109,237,11,15,15,151,7,364,0
110,252,8,13,4,153,2,368,0
111,264,9,8,3,118,2,396,0
112,279,11,14,11,120,3,362,0
113,298,5,12,4,91,4,386,0
114,309,8,12,13,80,0,378,0
115,339,12,4,7,72,0,366,0
116,337,12,10,11,46,3,381,0
117,322,12,11,3,53,4,395,0
118,341,8,4,7,60,6,374,0
119,366,16,4,2,33,1,378,0
120,347,9,4,11,34,2,393,0
121,358,16,11,7,31,4,373,0
122,409,19,7,7,22,5,331,0
123,428,14,1,8,32,2,315,0
124,480,7,4,12,21,4,272,0
125,462,8,8,6,64,3,249,0
126,485,10,9,5,76,3,212,0
127,544,22,7,12,52,1,162,0
128,528,19,7,4,49,5,188,0
129,472,14,3,4,38,5,264,0
130,449,13,6,5,92,8,227,0
131,409,18,5,8,123,3,234,0
132,416,13,6,8,112,4,241,0
133,367,14,5,4,186,4,220,0
134,433,14,7,10,130,4,202,0
135,484,19,14,4,134,2,143,0
136,486,17,8,4,100,5,180,0
137,434,13,3,4,135,5,206,0
138,437,15,4,9,159,8,168,0
139,413,7,2,6,220,6,146,0
140,392,14,7,4,210,4,169,0
141,386,10,6,3,176,7,212,0
142,383,11,5,2,184,6,209,0
143,338,11,7,7,195,2,240,0
144,334,10,12,4,206,6,228,0
145,341,11,9,2,231,7,199,0
146,359,13,13,5,251,10,149,0
147,360,11,5,4,281,9,130,0
148,352,15,9,5,283,9,127,0
149,357,16,11,5,291,11,109,0
150,361,8,6,6,324,7,88,0
151,354,11,7,4,330,4,90,0
152,358,12,9,3,346,7,65,0
153,360,12,6,5,355,6,56,0
154,429,13,10,6,289,12,41,0
155,472,13,9,5,252,12,37,0
156,528,14,10,3,206,12,27,0
157,547,18,5,4,188,9,29,0
158,576,18,14,2,156,13,21,0
159,614,21,5,2,125,10,23,0
160,635,25,4,5,104,5,22,0
161,579,29,7,7,154,7,17,0
162,533,25,7,4,204,10,17,0
163,521,22,5,3,230,8,11,0
164,501,21,11,3,246,9,9,0
165,486,22,7,4,255,11,15,0
166,475,19,8,5,268,10,15,0
167,464,24,7,2,289,5,9,0
168,430,20,7,4,320,7,12,0
169,429,16,4,4,293,2,52,0
170,379,14,7,1,294,9,96,0
171,360,9,10,3,316,12,90,0
172,357,10,5,0,246,13,169,0
173,336,12,7,3,254,6,182,0
174,330,15,4,1,258,3,189,0
175,321,12,6,3,265,8,185,0
176,328,9,6,5,213,13,226,0
177,343,10,9,1,177,5,255,0
178,349,9,3,3,191,6,239,0
179,300,14,10,5,216,8,247,0
180,300,13,9,3,210,10,255,0
181,299,6,8,6,213,6,262,0
182,290,12,4,8,241,7,238,0
183,297,8,8,2,192,7,286,0
184,288,12,38,4,194,5,259,0
185,281,7,48,6,184,8,266,0
186,276,8,64,4,198,6,244,0
187,280,9,63,4,149,1,294,0
188,267,9,63,4,190,2,265,0
189,259,12,55,4,195,6,269,0
190,242,11,36,2,224,6,279,0
191,309,10,43,6,164,7,261,0
192,317,12,32,6,130,6,297,0
193,310,10,31,2,131,6,310,0
194,345,10,23,8,86,5,323,0
195,335,7,20,7,96,3,332,0
196,326,12,22,7,78,3,352,0
197,360,17,16,7,62,3,335,0
198,354,10,21,5,75,4,331,0
199,347,8,17,9,41,4,374,0
200,349,11,12,4,42,2,380,0
201,366,9,16,7,37,1,364,0
202,342,9,14,3,40,5,387,0
203,368,7,8,3,22,9,383,0
204,379,11,7,7,25,4,367,0
205,367,8,11,7,20,3,384,0
206,376,11,7,6,16,2,382,0
207,386,13,9,7,10,4,371,0
208,387,9,14,5,14,5,366,0
209,347,12,6,6,8,5,416,0
210,383,8,6,2,14,4,383,0
211,397,11,11,7,14,3,357,0
212,377,9,9,7,11,5,382,0
213,372,10,11,8,14,1,384,0
214,374,10,9,5,17,4,381,0
215,370,7,7,10,6,5,395,0
216,386,10,4,8,9,5,378,0
217,393,16,2,9,7,8,365,0
218,356,18,6,9,5,7,399,0
219,377,17,5,4,2,2,393,0
220,365,13,5,7,6,5,399,0
221,379,14,5,5,6,6,385,0
222,384,10,3,5,11,3,384,0
223,391,13,5,7,3,0,381,0
224,391,16,7,8,1,2,375,0
225,327,13,8,7,7,5,433,0
226,332,15,5,3,6,3,436,0
227,310,10,10,10,11,2,447,0
228,333,8,7,4,4,2,442,0
229,346,11,7,3,3,4,426,0
230,332,9,8,4,8,6,433,0
231,354,13,8,10,5,1,409,0
232,368,10,9,4,5,3,401,0
233,346,7,9,8,5,3,422,0
234,363,15,8,1,4,3,406,0
235,380,17,9,5,5,3,381,0
236,382,21,5,8,6,7,371,0
237,372,17,4,4,5,7,391,0
238,371,19,10,5,6,3,386,0
239,365,10,10,2,6,4,403,0
240,378,10,4,11,4,4,389,0
241,356,8,12,6,5,3,410,0
242,344,15,8,6,8,5,414,0
243,388,16,11,6,6,3,370,0
244,364,9,5,5,2,6,409,0
245,345,8,6,7,7,3,424,0
246,378,11,8,5,9,2,387,0
247,396,11,6,3,3,6,375,0
248,378,11,9,7,4,4,387,0
249,357,15,7,3,4,5,409,0
250,429,19,3,10,4,2,333,0
251,472,11,8,6,11,5,287,0
252,449,11,4,8,5,5,318,0
253,478,11,4,8,10,5,284,0
254,498,11,7,9,6,3,266,0
255,483,12,4,60,5,3,233,0
256,520,13,4,64,5,2,192,0
257,535,13,5,49,7,5,186,0
258,587,20,6,43,3,7,134,0
259,642,22,7,34,8,8,79,0
260,581,23,2,29,4,4,157,0
261,532,20,8,35,6,12,187,0
262,513,19,10,19,5,8,226,0
263,559,12,5,20,2,5,197,0
264,514,11,7,21,2,3,242,0
265,506,10,7,19,7,9,242,0
266,510,9,3,14,3,5,256,0
267,450,10,6,7,7,6,314,0
268,461,14,3,12,6,3,301,0
269,430,14,11,11,6,4,324,0
270,485,14,5,6,8,3,279,0
271,535,13,5,10,7,3,227,0
272,553,19,6,7,11,1,203,0
273,590,18,5,12,3,3,169,0
274,549,22,5,11,4,6,203,0
275,507,21,13,6,10,9,234,0
276,503,21,7,11,7,2,249,0
277,501,18,8,8,4,5,256,0
278,493,18,8,7,5,2,267,0
279,457,13,10,8,2,3,307,0
280,483,13,8,7,7,5,277,0
281,478,20,4,7,8,3,280,0
282,475,16,8,6,2,3,290,0
283,453,16,13,7,6,0,305,0
284,424,22,7,8,6,4,329,0
285,481,13,7,8,4,3,284,0
286,537,14,3,8,2,5,231,0
287,568,15,8,7,11,5,186,0
288,587,21,5,4,3,4,176,0
289,581,26,8,7,6,6,166,0
290,583,31,5,6,2,2,171,0
291,540,28,10,6,7,1,208,0
292,505,24,5,5,8,9,244,0
293,483,25,3,11,7,9,262,0
294,484,22,5,5,9,4,271,0
295,456,19,7,2,4,5,307,0
296,469,25,10,6,7,6,277,0
297,530,24,7,7,4,2,226,0
298,594,24,5,8,8,4,157,0
299,571,26,11,7,4,3,178,0
