iteration,exchange,exchangeRandom,inversion,swap,scramble,randomShuffle,add,addRandomly,shift
0,100,100,100,100,100,100,100,100,100
1,112,93,108,104,119,101,81,106,76
2,66,90,97,73,215,81,95,94,89
3,69,90,89,187,183,81,69,66,66
4,69,60,70,160,270,66,68,64,73
5,66,46,65,265,221,49,72,57,59
6,61,44,56,339,187,67,43,50,53
7,59,57,59,382,127,51,55,60,50
8,49,56,64,411,116,52,62,49,41
9,41,42,66,473,102,52,36,49,39
10,28,41,50,491,96,39,53,46,56
11,40,35,51,539,70,37,39,42,47
12,44,43,53,523,64,51,35,53,34
13,189,39,38,394,55,44,45,49,47
14,269,28,39,248,43,26,37,167,43
15,328,31,34,232,51,30,33,129,32
16,429,26,35,155,40,37,40,99,39
17,426,29,63,137,25,49,43,93,35
18,460,41,51,109,41,36,40,78,44
19,499,42,37,90,40,46,41,61,44
20,366,33,50,66,48,49,48,195,45
21,294,40,37,78,39,38,40,287,47
22,226,30,36,60,29,38,47,386,48
23,183,40,27,51,37,33,40,441,48
24,124,37,37,66,29,40,187,348,32
25,120,52,39,49,33,30,281,258,38
26,213,40,47,32,40,35,317,147,29
27,155,35,36,52,40,28,374,142,38
28,128,27,39,36,34,38,450,110,38
29,123,35,34,30,48,33,468,95,34
30,105,44,39,35,38,33,491,80,35
31,223,49,33,37,37,29,376,70,46
32,329,42,35,40,43,36,295,41,39
33,389,35,36,35,42,51,226,37,49
34,388,32,27,31,47,39,148,157,31
35,289,30,37,31,36,33,139,275,30
36,217,32,24,26,45,35,108,369,44
37,172,31,28,36,22,29,99,447,36
38,125,33,29,25,25,41,198,387,37
39,93,18,36,26,32,32,318,312,33
40,74,32,33,42,32,45,382,225,35
41,86,22,42,18,32,50,397,219,34
42,61,18,40,34,41,29,481,172,24
43,58,38,38,36,45,33,490,120,42
44,154,25,40,34,26,41,443,108,29
45,244,19,27,29,31,34,414,78,24
46,184,26,44,28,29,27,456,68,38
47,142,27,34,39,34,37,491,52,44
48,111,28,29,31,33,30,564,51,23
49,96,39,46,35,31,29,541,52,31
50,107,48,32,29,42,36,518,56,32
51,79,42,33,35,49,42,554,38,28
52,63,34,34,47,29,45,565,48,35
53,63,28,29,47,39,49,579,41,25
54,45,20,23,48,42,30,508,35,149
55,22,130,11,32,16,24,397,28,240
56,29,216,26,27,25,27,388,20,142
57,35,196,24,24,41,28,396,39,117
58,37,134,31,34,51,32,448,23,110
59,36,122,33,23,38,30,504,49,65
60,27,74,43,24,30,23,458,36,185
61,30,60,41,23,26,22,512,37,149
62,34,51,46,35,39,35,506,32,122
63,29,177,23,25,27,26,489,26,78
64,37,232,25,39,21,27,419,27,73
65,40,246,13,27,26,27,356,22,143
66,28,188,25,41,19,29,416,37,117
67,27,139,31,140,19,23,403,26,92
68,33,110,46,126,24,27,428,30,76
69,28,88,40,98,24,34,488,28,72
70,47,56,39,81,24,48,499,41,65
71,40,66,43,58,30,36,538,33,56
72,34,60,50,45,22,34,572,35,48
73,50,48,49,46,52,31,535,40,49
74,45,49,44,53,34,29,556,47,43
75,41,38,39,41,42,30,582,34,53
76,32,35,39,54,43,25,578,43,51
77,41,41,43,49,31,30,571,42,52
78,46,38,46,43,23,47,571,42,44
79,37,31,39,46,25,31,613,46,32
80,55,35,48,49,30,37,568,41,37
81,46,36,45,46,29,27,601,28,42
82,40,36,49,44,33,52,575,34,37
83,58,32,36,36,41,46,579,27,45
84,48,33,38,42,45,40,559,43,52
85,32,38,35,26,44,31,508,146,40
86,26,129,29,27,27,23,405,100,134
87,22,257,33,24,27,44,288,78,127
88,26,338,24,36,33,34,233,67,109
89,28,431,27,41,37,30,157,61,88
90,29,390,37,25,25,30,250,53,61
91,29,408,39,36,44,33,210,43,58
92,34,494,37,44,29,28,150,43,41
93,34,424,35,31,34,22,251,37,32
94,32,357,29,27,23,133,242,22,35
95,23,340,19,23,22,180,236,25,32
96,23,277,29,23,18,232,252,31,15
97,27,173,18,26,18,297,296,24,21
98,20,123,19,23,30,300,343,19,23
99,30,97,22,26,25,343,310,26,21
100,43,74,20,26,29,265,403,17,23
101,41,73,31,26,35,181,463,23,27
102,40,44,25,24,28,271,411,25,32
103,26,48,30,16,27,310,398,24,21
104,33,41,24,19,18,332,387,20,26
105,23,34,22,24,35,327,387,18,30
106,35,52,26,19,20,255,439,32,22
107,40,55,31,21,38,193,465,29,28
108,30,28,29,22,31,256,455,23,26
109,50,24,21,19,28,313,387,32,26
110,33,26,23,20,30,334,383,26,25
111,38,26,11,16,32,329,394,19,35
112,35,27,24,30,27,344,354,35,24
113,19,28,20,21,25,366,368,30,23
114,24,19,17,26,17,363,364,42,28
115,20,31,28,27,18,334,386,20,36
116,24,46,23,44,27,422,274,21,19
117,31,37,32,33,34,489,195,24,25
118,23,34,48,35,42,489,164,35,30
119,22,20,48,30,34,448,231,27,40
120,42,27,27,29,33,517,173,28,24
121,46,23,24,48,28,528,143,37,23
122,38,29,35,36,33,552,123,23,31
123,35,27,165,33,26,473,80,21,40
124,24,19,223,35,27,453,52,31,36
125,36,24,170,40,30,489,48,31,32
126,31,39,164,35,26,492,46,32,35
127,37,38,221,28,29,454,40,18,35
128,24,24,268,33,22,456,25,20,28
129,29,28,307,31,29,398,29,14,35
130,30,23,332,32,29,393,16,17,28
131,36,29,236,21,27,468,23,32,28
132,29,23,205,30,22,486,32,32,41
133,26,37,150,34,33,505,35,38,42
134,23,35,141,30,30,529,40,37,35
135,26,36,93,40,37,546,45,33,44
136,31,40,87,31,38,546,33,47,47
137,36,41,77,30,36,568,31,46,35
138,41,37,46,25,148,504,25,37,37
139,22,33,175,25,114,449,24,21,37
140,23,31,256,24,77,403,32,28,26
141,34,34,271,22,63,406,25,16,29
142,38,29,313,25,28,393,24,26,24
143,24,35,248,29,49,447,20,23,25
144,27,37,214,28,52,459,25,24,34
145,44,33,137,28,49,512,32,36,29
146,36,36,144,38,41,514,16,41,34
147,36,33,99,33,49,554,33,41,22
148,60,29,70,43,59,566,24,32,17
149,50,28,74,36,36,570,21,49,36
150,183,34,58,51,50,408,27,50,39
151,140,39,61,44,40,472,36,35,33
152,111,35,54,37,45,508,47,43,20
153,83,37,55,35,27,551,27,53,32
154,85,46,49,38,29,523,32,54,44
155,56,46,50,30,35,431,179,36,37
156,62,34,46,38,44,314,269,41,52
157,181,44,49,41,38,239,220,36,52
158,315,39,47,42,38,178,165,46,30
159,354,36,47,46,38,162,140,43,34
160,420,41,46,34,33,137,107,42,40
161,479,44,35,37,34,95,90,45,41
162,509,48,28,48,31,84,88,32,32
163,538,33,49,48,36,72,56,36,32
164,418,44,41,43,30,43,208,32,41
165,456,24,43,40,44,52,168,35,38
166,468,31,59,45,36,49,143,31,38
167,465,43,60,51,25,60,117,38,41
168,551,23,48,36,35,39,91,45,32
169,545,27,34,47,22,44,100,49,32
170,572,32,42,42,24,27,68,50,43
171,550,38,51,32,34,45,63,41,46
172,589,24,40,33,34,42,44,37,57
173,581,32,40,20,32,50,56,40,49
174,492,40,30,16,33,34,44,173,38
175,424,28,29,30,36,29,35,248,41
176,424,12,30,25,36,32,20,287,34
177,311,29,28,29,40,31,27,373,32
178,230,20,34,28,47,50,30,429,32
179,181,29,31,33,37,27,44,487,31
180,174,28,26,37,44,27,41,478,45
181,134,33,37,41,34,30,38,514,39
182,114,36,31,30,47,40,32,526,44
183,87,47,32,37,42,28,44,545,38
184,73,43,25,42,36,33,31,572,45
185,78,35,34,56,41,35,29,551,41
186,55,45,21,45,38,51,34,569,42
187,78,41,23,52,39,39,45,557,26
188,51,39,38,52,51,28,38,574,29
189,31,23,23,31,144,22,29,450,147
190,30,32,29,23,215,20,24,416,111
191,41,20,22,34,176,25,32,454,96
192,47,25,44,26,138,40,29,479,72
193,46,26,28,29,108,41,25,548,49
194,34,39,22,31,101,41,36,540,56
195,28,34,24,35,203,43,29,459,45
196,39,43,25,27,184,33,36,458,55
197,30,35,36,27,121,25,40,548,38
198,34,25,42,31,203,27,38,463,37
199,25,26,31,33,185,31,40,503,26
200,25,28,34,32,135,39,35,530,42
201,26,39,36,35,110,24,55,538,37
202,39,26,32,38,96,34,49,553,33
203,44,21,33,170,72,26,33,470,31
204,38,23,29,124,48,23,45,537,33
205,38,36,48,113,51,23,55,508,28
206,45,39,41,76,40,19,44,564,32
207,38,31,40,73,49,30,48,547,44
208,34,39,41,81,41,22,46,555,41
209,31,42,41,55,46,33,33,582,37
210,35,40,55,49,43,20,43,571,44
211,29,27,40,54,39,38,34,602,37
212,28,35,48,57,37,41,41,587,26
213,38,34,47,53,35,30,37,593,33
214,27,30,53,45,48,35,27,598,37
215,31,48,60,40,195,39,32,416,39
216,40,42,41,41,302,33,34,330,37
217,37,45,49,30,377,28,41,260,33
218,45,31,46,41,421,38,42,190,46
219,33,21,32,41,413,34,22,127,177
220,34,20,39,31,400,27,21,212,116
221,34,20,13,37,315,22,26,233,200
222,23,28,18,26,374,27,17,269,118
223,27,111,13,17,259,22,24,255,172
224,25,145,8,26,228,19,19,241,189
225,17,86,6,25,287,16,18,230,215
226,28,76,14,27,176,30,19,181,349
227,27,59,26,36,156,29,19,147,401
228,29,57,39,38,124,46,25,130,412
229,32,43,36,28,90,26,22,213,410
230,24,44,34,39,82,22,31,158,466
231,23,26,42,32,55,25,32,135,530
232,29,30,45,32,52,19,25,114,554
233,26,35,37,35,49,44,31,110,533
234,26,41,58,32,57,32,21,89,544
235,20,40,43,22,34,30,26,179,506
236,149,39,33,19,36,28,13,260,323
237,204,26,31,20,25,23,21,269,281
238,154,13,30,20,24,31,26,277,325
239,94,21,127,14,20,23,23,275,303
240,61,18,183,9,16,22,25,285,281
241,40,22,203,30,25,20,23,276,261
242,29,12,165,24,23,36,24,265,322
243,39,21,102,33,26,26,30,398,225
244,26,19,226,26,28,28,34,372,141
245,21,14,263,20,9,25,26,335,187
246,16,10,216,25,14,20,114,266,219
247,18,15,134,21,9,15,197,261,230
248,20,13,221,16,15,14,104,268,229
249,9,9,209,15,19,25,65,261,288
250,14,10,263,16,21,18,62,245,251
251,21,13,256,17,22,15,31,270,255
252,14,23,297,29,21,20,25,303,168
253,23,18,315,26,23,24,23,317,131
254,23,17,320,31,14,22,18,369,86
255,20,15,352,18,18,32,18,362,65
256,22,17,358,35,13,22,15,380,38
257,31,36,274,30,17,28,32,420,32
258,19,43,196,52,28,34,32,452,44
259,23,36,285,36,21,30,22,413,34
260,22,25,182,169,24,23,34,397,24
261,17,15,133,241,21,25,29,401,18
262,25,23,78,247,19,19,16,339,134
263,36,26,58,341,22,31,32,247,107
264,42,27,62,299,25,19,34,305,87
265,32,30,45,302,26,21,27,363,54
266,28,29,59,287,23,31,22,368,53
267,16,24,29,280,17,34,19,308,173
268,26,21,29,293,19,20,21,281,190
269,12,24,25,311,20,28,31,199,250
270,25,24,39,363,24,32,33,155,205
271,28,32,38,399,26,30,51,127,169
272,28,19,24,421,26,31,32,218,101
273,19,22,20,384,36,23,26,138,232
274,26,25,20,383,30,27,22,88,279
275,24,18,25,339,18,25,30,174,247
276,25,28,16,328,28,32,31,120,292
277,35,32,33,423,22,29,29,77,220
278,31,26,29,450,29,30,31,94,180
279,25,22,40,518,31,28,25,70,141
280,22,25,33,546,43,25,34,63,109
281,29,32,19,486,32,23,26,171,82
282,29,29,24,516,29,36,33,144,60
283,30,38,30,527,47,36,23,112,57
284,34,24,34,552,32,36,31,97,60
285,29,33,28,574,46,40,38,68,44
286,25,27,41,602,37,40,47,53,28
287,20,38,48,567,37,28,57,68,37
288,19,32,31,515,36,33,39,158,37
289,20,28,23,386,162,33,17,194,37
290,32,32,29,423,115,21,33,172,43
291,27,34,34,497,84,34,23,140,27
292,32,38,37,508,83,34,43,99,26
293,30,42,47,523,75,23,34,95,31
294,20,30,27,449,59,38,41,216,20
295,38,33,36,423,53,21,31,248,17
296,33,25,24,426,30,18,27,293,24
297,18,21,36,396,31,24,35,320,19
298,25,24,30,385,40,28,22,335,11
299,26,18,27,391,27,24,23,348,16
