iteration,exchange,exchangeRandom,inversion,swap,scramble,randomShuffle,add,addRandomly,shift
0,50,50,50,50,50,50,50,50,50
1,57,39,41,62,57,37,58,54,45
2,71,50,41,49,43,50,55,46,45
3,64,49,42,47,66,53,36,47,46
4,62,39,43,45,82,44,44,47,44
5,52,59,40,36,93,46,34,45,45
6,43,40,45,52,109,44,44,44,29
7,51,53,43,34,93,36,43,59,38
8,39,42,36,48,103,53,38,55,36
9,54,47,33,42,112,43,28,58,33
10,58,38,50,36,119,31,35,54,29
11,45,42,51,32,120,36,35,56,33
12,44,42,33,36,131,32,38,56,38
13,43,39,47,29,125,49,30,45,43
14,31,47,31,29,123,42,38,56,53
15,34,24,51,25,151,44,39,43,39
16,38,46,37,29,123,39,34,49,55
17,62,25,35,20,130,43,26,43,66
18,68,33,26,29,130,35,38,27,64
19,77,21,38,20,105,37,38,42,72
20,71,20,25,24,98,39,56,39,78
21,74,25,19,24,77,27,81,31,92
22,51,19,40,28,77,33,67,48,87
23,53,23,26,23,60,30,78,78,79
24,51,32,34,22,56,25,85,70,75
25,36,19,37,27,39,50,81,70,91
26,31,35,26,21,43,58,94,78,64
27,22,28,33,15,60,49,99,75,69
28,22,19,37,32,43,54,85,81,77
29,25,7,34,23,57,60,94,90,60
30,18,16,57,26,41,59,84,83,66
31,24,19,55,16,40,58,84,101,53
32,23,27,88,23,39,37,78,90,45
33,18,26,78,29,31,41,83,78,66
34,24,15,101,16,30,28,101,64,71
35,23,14,75,44,23,46,96,49,80
36,28,42,86,43,33,31,77,45,65
37,28,49,73,56,46,30,58,39,71
38,53,27,79,42,44,21,73,39,72
39,51,31,71,45,53,26,68,55,50
40,47,39,69,43,53,31,67,48,53
41,36,41,71,21,38,48,87,56,52
42,34,48,63,23,50,52,66,50,64
43,34,72,58,16,38,49,71,61,51
44,21,74,83,17,35,37,81,60,42
45,16,66,74,21,33,34,81,70,55
46,18,57,70,49,28,27,82,64,55
47,18,43,77,35,31,39,75,70,62
48,24,42,87,32,51,30,65,49,70
49,16,30,86,39,48,32,66,44,89
50,20,33,87,54,26,30,90,36,74
51,15,46,80,55,32,21,73,41,87
52,18,48,89,59,16,28,71,42,79
53,35,55,86,56,20,26,61,28,83
54,34,66,93,57,24,11,44,26,95
55,50,70,91,33,26,19,39,27,95
56,38,62,104,41,29,17,37,29,93
57,37,63,89,40,24,27,35,38,97
58,34,49,81,36,24,14,49,62,101
59,44,47,98,35,20,18,45,46,97
60,50,44,90,36,28,19,36,50,97
61,59,27,99,30,36,14,35,64,86
62,85,30,77,18,46,19,33,53,89
63,76,23,86,40,60,20,28,60,57
64,51,38,101,27,71,26,36,38,62
65,62,31,87,38,88,25,36,37,46
66,41,33,95,45,86,36,36,44,34
67,45,39,100,64,76,31,34,28,33
68,32,38,86,75,75,26,29,63,26
69,35,47,82,57,93,26,23,59,28
70,26,54,95,48,76,29,24,70,28
71,33,67,82,43,86,25,19,61,34
72,23,52,77,33,95,21,20,70,59
73,29,55,90,32,87,25,21,57,54
74,27,43,93,28,85,22,27,61,64
75,27,48,98,27,73,21,30,55,71
76,29,32,89,29,72,26,21,50,102
77,33,37,97,37,66,16,33,40,91
78,26,56,111,38,41,24,24,41,89
79,25,66,89,26,58,23,24,55,84
80,22,64,91,40,60,17,25,52,79
81,20,47,102,49,56,16,18,57,85
82,32,41,84,60,35,23,21,66,88
83,13,37,88,74,30,12,27,74,95
84,18,32,80,74,36,21,21,65,103
85,21,33,72,73,43,20,22,79,87
86,16,30,62,63,63,17,28,75,96
87,21,21,73,73,62,24,15,92,69
88,13,47,49,45,73,17,43,92,71
89,28,57,55,55,65,17,44,79,50
90,15,39,64,63,70,22,69,60,48
91,15,39,74,74,61,18,53,59,57
92,20,29,78,51,98,15,85,38,36
93,22,54,87,53,86,12,53,39,44
94,19,44,87,62,74,25,70,36,33
95,28,48,65,80,62,16,60,41,50
96,20,35,83,57,67,20,74,50,44
97,18,24,87,40,92,17,51,57,64
98,17,37,72,45,85,22,57,59,56
99,19,54,70,32,73,17,67,79,39
100,17,43,94,57,66,20,39,77,37
101,22,43,87,38,74,24,41,93,28
102,20,55,89,30,86,26,28,86,30
103,15,61,88,31,82,21,38,87,27
104,10,61,71,24,87,19,46,100,32
105,20,57,59,40,81,22,43,96,32
106,21,58,44,16,96,22,57,95,41
107,21,69,51,35,80,21,49,82,42
108,14,74,45,20,90,23,54,91,39
109,27,70,53,21,75,18,53,94,39
110,21,80,69,22,57,22,54,89,36
111,23,70,66,22,71,19,57,82,40
112,14,74,83,20,76,11,31,97,44
113,23,72,57,21,70,39,40,63,65
114,17,62,47,21,56,50,49,89,59
115,12,68,62,18,64,53,47,68,58
116,19,74,63,18,52,61,41,52,70
117,19,85,63,16,48,55,37,71,56
118,18,77,76,24,60,51,35,69,40
119,20,73,64,27,72,33,17,83,61
120,21,59,72,38,58,32,35,83,52
121,20,79,53,62,68,18,37,73,40
122,20,85,70,44,69,23,49,60,30
123,27,59,67,36,71,20,61,76,33
124,17,71,71,38,74,30,62,63,24
125,16,60,57,60,71,27,65,73,21
126,19,68,70,53,85,15,50,73,17
127,25,65,79,47,79,18,42,71,24
128,17,80,62,40,83,21,30,91,26
129,27,81,76,42,83,29,28,69,15
130,13,78,72,63,69,36,30,71,18
131,18,91,87,48,53,35,26,68,24
132,18,97,90,43,40,27,24,84,27
133,25,96,93,44,30,32,20,85,25
134,19,98,78,41,43,35,28,79,29
135,41,94,101,26,40,27,22,79,20
136,37,90,103,28,33,24,24,88,23
137,56,106,83,24,31,20,25,86,19
138,52,74,92,47,32,26,26,76,25
139,55,70,93,45,42,15,20,86,24
140,51,73,91,54,40,22,17,83,19
141,54,81,91,69,28,21,21,61,24
142,43,56,107,83,31,30,22,66,12
143,62,50,98,80,20,40,19,55,26
144,62,73,89,62,18,55,19,46,26
145,64,75,88,49,19,53,26,53,23
146,61,52,88,66,17,74,18,51,23
147,46,53,89,52,40,66,20,61,23
148,52,31,80,40,41,70,35,66,35
149,33,36,70,29,57,61,55,76,33
150,42,27,56,27,55,59,58,78,48
151,43,37,43,27,57,63,50,79,51
152,50,53,37,27,41,60,48,74,60
153,50,39,36,27,44,84,32,86,52
154,46,29,46,23,45,60,41,86,74
155,44,35,70,21,25,48,49,97,61
156,51,30,48,16,37,59,48,93,68
157,36,32,68,25,29,41,55,93,71
158,33,32,71,16,26,39,40,101,92
159,30,37,63,27,26,46,47,92,82
160,25,28,91,22,29,33,45,97,80
161,44,26,73,32,38,31,42,74,90
162,63,17,61,26,44,24,46,79,90
163,52,19,59,17,58,20,46,91,88
164,52,24,47,41,54,20,42,90,80
165,46,24,48,29,69,20,54,68,92
166,50,26,38,40,75,21,50,55,95
167,34,26,36,31,74,32,43,61,113
168,41,15,33,35,81,20,51,72,102
169,34,20,46,22,69,21,64,80,94
170,35,16,61,20,50,25,84,81,78
171,30,24,67,20,48,18,72,95,76
172,26,18,60,29,47,21,87,95,67
173,27,31,60,21,34,23,109,82,63
174,28,33,45,22,34,26,79,125,58
175,32,22,39,32,27,27,103,116,52
176,25,26,38,29,51,16,86,102,77
177,37,21,34,17,62,21,99,91,68
178,36,46,57,10,62,22,67,85,65
179,39,48,52,20,50,18,57,98,68
180,59,53,58,17,51,23,48,79,62
181,51,52,69,21,68,10,46,88,45
182,54,77,70,7,65,24,29,86,38
183,40,60,65,27,71,12,46,91,38
184,55,45,67,31,58,14,54,85,41
185,26,58,76,34,53,19,39,92,53
186,47,30,95,25,50,10,39,88,66
187,60,37,95,26,39,16,44,91,42
188,64,32,74,32,51,20,26,88,63
189,48,30,87,21,45,38,50,68,63
190,53,23,68,27,71,20,36,73,79
191,50,26,51,19,66,33,44,74,87
192,29,35,67,20,77,34,36,84,68
193,34,55,54,21,99,22,26,78,61
194,34,69,57,20,73,21,22,91,63
195,36,79,39,32,74,27,21,85,57
196,32,71,41,38,77,17,16,92,66
197,44,87,29,38,68,15,22,91,56
198,40,93,42,18,66,20,16,87,68
199,59,69,51,23,58,16,32,91,51
200,34,85,71,24,66,15,21,94,40
201,26,95,63,21,46,16,23,110,50
202,52,90,37,26,51,20,23,91,60
203,56,88,43,34,35,15,27,94,58
204,54,92,34,47,20,21,23,85,74
205,39,79,44,66,19,18,15,94,76
206,36,79,64,64,20,12,37,80,58
207,41,75,60,70,22,16,31,80,55
208,52,89,54,54,20,7,24,88,62
209,34,81,59,45,24,17,39,81,70
210,32,91,59,39,25,13,29,90,72
211,25,90,72,35,26,25,33,75,69
212,27,91,57,59,19,22,29,71,75
213,35,87,47,68,23,20,21,61,88
214,51,86,54,36,15,29,23,85,71
215,59,89,48,40,26,21,30,76,61
216,49,92,57,36,20,25,21,86,64
217,62,106,49,32,24,19,21,76,61
218,63,97,50,34,16,27,22,87,54
219,73,83,65,28,33,33,22,69,44
220,67,85,81,23,36,31,19,85,23
221,81,78,63,35,40,28,33,61,31
222,68,76,78,47,31,32,39,59,20
223,42,77,89,60,31,23,49,58,21
224,48,72,80,69,22,21,66,48,24
225,45,90,64,63,17,22,46,63,40
226,35,65,81,64,18,15,49,69,54
227,31,76,80,59,23,18,45,79,39
228,33,89,84,47,20,23,47,78,29
229,32,93,81,35,24,25,44,89,27
230,33,99,95,58,19,14,30,67,35
231,36,92,93,65,24,22,28,51,39
232,57,81,94,61,16,20,27,59,35
233,50,72,91,48,38,15,29,59,48
234,61,51,81,40,29,27,55,57,49
235,64,57,73,41,26,31,59,43,56
236,78,36,74,39,22,53,50,48,50
237,63,39,74,69,26,63,39,39,38
238,78,49,53,69,30,69,38,32,32
239,78,61,45,73,16,62,60,26,29
240,75,68,33,66,37,59,35,44,33
241,90,73,48,52,53,57,30,26,21
242,62,54,50,86,44,64,34,29,27
243,56,54,42,79,49,60,24,59,27
244,41,50,54,68,25,74,21,74,43
245,45,61,42,52,45,68,26,59,52
246,39,68,33,59,35,66,16,65,69
247,36,91,33,63,30,69,21,46,61
248,36,73,49,74,23,64,22,47,62
249,23,84,56,61,22,73,17,27,87
250,22,77,61,73,20,71,14,28,84
251,21,55,64,68,15,92,15,37,83
252,24,62,71,60,18,88,21,27,79
253,22,46,86,79,24,66,18,18,91
254,24,65,89,76,23,48,17,26,82
255,22,45,89,92,23,50,14,19,96
256,32,37,96,99,22,42,21,22,79
257,21,34,94,85,14,37,22,37,106
258,19,43,63,112,24,29,27,38,95
259,26,27,55,112,24,35,28,33,110
260,25,40,47,99,29,37,20,41,112
261,42,44,68,84,22,30,16,33,111
262,66,37,69,59,33,26,12,49,99
263,83,28,52,56,37,20,20,41,113
264,56,34,65,40,44,29,25,36,121
265,60,29,58,74,56,30,15,31,97
266,48,39,43,78,54,26,18,30,114
267,38,56,54,67,46,34,21,28,106
268,31,46,45,66,60,45,31,28,98
269,24,41,41,76,64,50,33,26,95
270,35,35,34,62,37,55,44,35,113
271,53,33,31,52,41,74,60,16,90
272,61,23,31,59,51,59,62,25,79
273,61,33,28,60,47,56,68,25,72
274,61,37,23,73,53,40,71,19,73
275,65,39,32,40,69,59,77,16,53
276,67,27,21,63,52,62,68,20,70
277,65,42,38,73,40,58,57,23,54
278,75,26,55,54,47,51,39,20,83
279,88,21,48,39,60,53,29,35,77
280,64,23,39,55,51,45,38,47,88
281,62,19,31,75,39,40,55,54,75
282,47,23,37,66,40,35,63,42,97
283,48,40,30,91,33,26,56,36,90
284,37,60,30,77,32,36,71,32,75
285,27,60,28,69,21,27,87,46,85
286,31,54,12,78,36,29,90,51,69
287,45,58,26,86,25,24,82,42,62
288,45,69,37,62,21,22,92,45,57
289,59,58,57,54,31,16,81,39,55
290,72,42,55,45,39,16,91,30,60
291,67,42,68,40,27,22,84,33,67
292,71,34,71,40,37,16,91,36,54
293,65,32,65,25,35,24,81,48,75
294,80,41,62,24,47,15,76,53,52
295,65,67,45,22,52,18,81,56,44
296,96,59,53,22,57,25,69,38,31
297,71,75,46,35,62,23,78,34,26
298,78,68,62,42,48,16,74,21,41
299,67,73,40,47,72,10,56,36,49
