iteration,exchange,exchangeRandom,inversion,swap,scramble,randomShuffle,add,addRandomly,shift
0,100,100,100,100,100,100,100,100,100
1,96,100,120,109,89,99,101,78,108
2,90,98,102,153,74,98,104,98,83
3,101,86,92,108,67,96,144,109,97
4,86,123,79,98,114,89,144,84,83
5,68,112,81,109,139,76,146,82,87
6,70,138,63,109,149,62,188,59,62
7,54,120,65,119,125,67,202,80,68
8,61,106,72,112,104,71,216,63,95
9,78,88,45,142,123,46,227,55,96
10,76,91,53,159,150,45,205,40,81
11,57,127,56,162,134,31,205,66,62
12,46,122,67,142,161,36,196,83,47
13,44,115,68,159,165,36,189,74,50
14,36,174,52,129,165,26,187,95,36
15,72,174,45,105,169,30,196,83,26
16,83,124,71,106,158,22,193,112,31
17,117,124,63,89,151,18,224,91,23
18,156,97,59,78,140,15,239,87,29
19,179,88,90,81,116,13,238,72,23
20,168,124,107,57,104,12,240,65,23
21,182,99,126,58,98,10,254,60,13
22,174,77,141,89,76,18,249,61,15
23,191,74,151,85,97,15,215,57,15
24,204,63,133,121,83,6,232,42,16
25,202,46,156,111,97,10,233,32,13
26,214,53,149,86,112,19,233,25,9
27,213,46,183,92,130,9,190,30,7
28,253,69,176,78,100,14,171,26,13
29,232,41,181,93,121,4,195,20,13
30,241,22,171,108,138,12,177,19,12
31,208,25,170,114,145,10,180,11,37
32,232,25,173,107,162,6,145,13,37
33,213,24,199,97,165,8,151,19,24
34,212,19,193,100,166,8,171,12,19
35,205,12,192,119,141,11,187,7,26
36,219,16,201,119,128,5,169,15,28
37,212,37,162,163,110,8,189,4,15
38,220,39,137,156,133,7,186,9,13
39,212,32,131,168,111,4,216,9,17
40,232,36,110,199,91,5,205,7,15
41,258,31,108,217,92,4,165,8,17
42,274,30,102,201,83,10,175,14,11
43,277,36,86,175,95,6,199,11,15
44,276,17,85,192,71,6,229,12,12
45,258,35,71,207,53,4,252,10,10
46,284,21,73,202,70,14,218,12,6
47,291,13,60,216,39,10,246,9,16
48,277,24,48,222,42,7,256,10,14
49,295,18,45,191,58,7,271,9,6
50,315,11,49,204,41,13,247,8,12
51,334,13,48,220,32,6,225,10,12
52,301,17,33,273,37,8,207,10,14
53,352,26,33,257,30,5,178,6,13
54,319,22,36,264,25,14,196,9,15
55,350,22,22,303,25,7,148,10,13
56,328,15,27,300,27,3,179,8,13
57,357,9,33,251,26,8,203,2,11
58,332,18,32,258,23,9,204,6,18
59,316,10,55,255,23,7,220,6,8
60,341,11,82,245,16,3,187,7,8
61,329,5,82,253,16,12,190,4,9
62,318,12,89,229,26,8,192,13,13
63,329,9,123,239,21,4,161,10,4
64,302,10,148,191,13,4,219,7,6
65,292,12,148,216,20,1,200,5,6
66,316,9,156,152,9,8,226,13,11
67,313,9,165,145,26,13,214,3,12
68,317,9,134,132,17,4,269,9,9
69,332,10,125,120,11,10,269,12,11
70,331,8,136,113,13,5,274,11,9
71,315,13,143,94,7,8,300,11,9
72,341,9,164,91,9,3,268,7,8
73,305,8,192,79,10,9,283,8,6
74,326,7,175,71,6,10,292,7,6
75,321,9,136,72,15,9,325,3,10
76,326,12,142,70,7,7,313,14,9
77,345,11,132,47,10,6,327,14,8
78,335,15,115,60,8,13,338,5,11
79,394,6,129,62,12,12,266,8,11
80,368,9,126,34,14,14,318,11,6
81,352,8,75,95,15,12,328,10,5
82,352,10,97,102,2,9,305,11,12
83,325,12,121,110,8,5,301,8,10
84,347,10,102,141,4,10,267,10,9
85,371,5,66,144,10,7,280,3,14
86,344,14,78,131,16,12,287,9,9
87,339,10,75,121,11,8,320,9,7
88,368,9,75,108,10,15,296,9,10
89,360,14,88,121,13,9,281,6,8
90,369,10,56,141,11,25,270,9,9
91,359,5,54,158,8,12,290,8,6
92,353,11,44,128,12,11,321,12,8
93,365,11,62,115,12,13,311,5,6
94,334,11,48,156,13,12,303,12,11
95,332,11,77,168,11,5,276,7,13
96,316,11,94,166,5,8,284,9,7
97,318,12,79,167,8,12,286,8,10
98,296,8,58,220,6,11,285,7,9
99,286,11,80,208,5,4,286,7,13
100,331,5,59,192,6,8,287,5,7
101,289,5,48,206,14,8,315,7,8
102,282,10,44,237,6,11,291,10,9
103,277,8,42,246,5,8,301,7,6
104,282,8,50,225,7,9,306,4,9
105,281,9,33,244,6,5,298,13,11
106,304,8,33,262,8,4,265,10,6
107,295,10,22,275,10,10,264,11,3
108,286,9,23,275,5,6,277,8,11
109,302,8,27,249,11,9,270,8,16
110,325,6,20,228,8,9,290,6,8
111,319,9,21,211,8,12,299,8,13
112,336,4,23,210,8,8,289,11,11
113,343,9,21,166,7,9,328,11,6
114,335,10,14,154,6,8,357,13,3
115,324,6,16,154,13,12,358,8,9
116,365,4,24,138,8,7,333,10,11
117,338,8,17,113,39,12,355,11,7
118,357,4,14,118,37,14,333,10,13
119,373,7,23,110,41,13,319,9,5
120,365,7,11,112,33,12,337,13,10
121,382,12,15,95,28,18,325,7,18
122,381,11,20,128,30,13,291,15,11
123,396,13,14,99,36,10,309,8,15
124,398,11,17,88,33,13,320,9,11
125,390,13,16,98,20,8,329,13,13
126,384,5,17,86,31,9,346,12,10
127,393,12,21,70,23,12,341,17,11
128,404,10,17,86,13,12,343,7,8
129,409,7,17,61,28,15,338,15,10
130,429,8,23,62,15,5,336,12,10
131,383,8,23,60,14,10,333,13,56
132,401,7,13,53,15,9,347,11,44
133,396,22,10,52,16,17,334,11,42
134,398,10,13,54,14,10,348,16,37
135,352,8,15,47,21,11,352,17,77
136,405,10,11,45,15,16,301,17,80
137,397,11,12,40,18,12,339,11,60
138,421,9,11,34,13,14,328,8,62
139,375,13,10,41,9,13,342,4,93
140,409,14,8,29,13,12,323,13,79
141,383,8,15,35,11,14,357,6,71
142,382,11,9,30,19,10,337,13,89
143,367,12,7,65,13,11,304,10,111
144,357,11,13,76,12,3,272,12,144
145,384,6,6,66,11,9,259,14,145
146,344,8,7,74,16,12,266,7,166
147,356,7,8,74,17,13,262,12,151
148,348,10,9,77,15,15,286,5,135
149,326,8,8,63,8,9,305,10,163
150,387,7,9,47,6,16,288,11,129
151,373,6,5,55,6,9,316,8,122
152,330,6,14,51,11,7,340,13,128
153,357,12,10,37,10,9,299,10,156
154,327,8,15,32,11,7,300,19,181
155,344,10,6,25,7,9,314,10,175
156,357,5,9,32,3,8,335,9,142
157,323,6,8,28,17,11,337,11,159
158,372,6,7,25,10,7,326,5,142
159,352,8,11,40,7,5,333,8,136
160,379,7,20,29,10,10,325,9,111
161,376,10,9,22,11,7,352,8,105
162,366,6,9,23,10,10,365,9,102
163,384,8,8,20,6,10,354,8,102
164,359,13,6,20,10,10,363,7,112
165,397,13,9,26,7,8,329,7,104
166,400,7,13,19,17,10,338,14,82
167,419,6,8,12,11,4,352,10,78
168,379,15,9,27,8,9,356,8,89
169,399,9,7,20,10,7,349,12,87
170,377,10,10,21,11,10,369,14,78
171,368,14,10,21,13,9,342,12,111
172,400,11,14,16,9,11,337,6,96
173,415,18,12,16,16,9,318,11,85
174,387,19,9,17,7,13,346,6,96
175,406,18,15,18,16,8,340,8,71
176,368,15,8,15,12,9,343,12,118
177,374,18,7,19,15,15,345,6,101
178,403,15,8,9,10,7,355,11,82
179,375,13,6,13,14,9,345,11,114
180,344,10,12,13,10,13,345,40,113
181,370,9,10,17,8,11,333,40,102
182,354,19,6,12,8,14,316,31,140
183,318,14,9,10,9,7,353,37,143
184,355,6,12,16,8,4,344,34,121
185,366,8,9,13,9,15,336,30,114
186,372,2,6,3,8,11,368,28,102
187,394,9,8,10,9,7,347,35,81
188,376,10,17,9,6,8,383,23,68
189,404,12,8,8,12,9,349,21,77
190,414,7,15,11,8,7,309,60,69
191,410,8,11,10,10,11,257,86,97
192,364,7,11,12,15,10,275,86,120
193,375,15,7,6,9,12,278,60,138
194,361,10,12,5,9,9,256,71,167
195,359,4,11,10,11,8,253,82,162
196,349,4,10,13,13,12,263,73,163
197,312,6,12,11,8,9,273,71,198
198,327,6,9,10,6,7,284,64,187
199,372,7,11,7,9,9,280,54,151
200,350,15,19,11,7,10,291,57,140
201,360,12,9,13,9,9,290,52,146
202,355,8,6,10,11,10,289,48,163
203,345,9,13,8,7,13,284,86,135
204,355,9,11,10,6,3,270,74,162
205,330,8,9,6,2,10,279,100,156
206,339,8,11,9,13,9,297,93,121
207,355,8,7,10,10,12,295,81,122
208,363,9,10,9,12,8,306,69,114
209,347,7,9,10,9,7,333,65,113
210,311,5,9,8,8,14,348,56,141
211,353,9,13,12,9,10,318,51,125
212,351,8,13,12,11,6,345,47,107
213,373,5,15,13,9,7,335,48,95
214,370,10,8,12,3,13,349,46,89
215,370,3,11,9,11,10,371,45,70
216,360,12,10,4,5,8,340,48,113
217,356,9,10,14,10,6,334,35,126
218,352,9,9,10,5,7,360,26,122
219,350,11,12,11,15,14,356,34,97
220,359,8,12,7,7,10,362,32,103
221,367,9,7,8,17,11,355,33,93
222,372,6,11,12,11,9,368,24,87
223,371,8,13,7,12,11,364,28,86
224,377,13,14,12,7,9,376,20,72
225,374,7,6,15,14,10,381,21,72
226,415,4,8,12,9,15,342,21,74
227,414,8,6,9,7,14,340,29,73
228,426,18,11,10,8,13,326,21,67
229,398,13,6,14,13,15,325,15,101
230,389,20,13,13,14,7,331,21,92
231,424,16,7,9,11,13,344,14,62
232,427,13,10,8,16,16,310,25,75
233,422,8,11,12,13,18,320,12,84
234,450,12,9,12,11,14,308,18,66
235,471,11,12,17,16,13,286,18,56
236,477,13,7,12,7,13,264,19,88
237,449,12,11,13,15,7,280,27,86
238,439,15,6,48,14,21,268,13,76
239,411,10,4,38,16,16,315,20,70
240,421,10,10,54,15,17,280,15,78
241,423,12,15,41,9,14,270,14,102
242,427,11,9,35,14,13,248,8,135
243,435,9,9,39,15,13,220,15,145
244,445,7,11,43,7,14,211,18,144
245,387,8,17,42,10,14,237,13,172
246,396,13,16,20,11,15,213,9,207
247,380,8,7,26,9,17,222,14,217
248,359,5,8,22,7,15,247,11,226
249,399,7,11,32,5,14,226,6,200
250,337,6,15,20,7,8,247,7,253
251,336,7,3,12,7,64,245,8,218
252,311,16,7,12,4,39,283,11,217
253,366,7,9,24,12,40,285,7,150
254,379,10,4,18,8,35,277,9,160
255,375,5,8,12,4,30,282,10,174
256,345,7,7,15,6,31,298,9,182
257,345,17,10,13,7,25,285,8,190
258,379,9,11,18,6,34,270,4,169
259,375,10,11,13,11,22,298,16,144
260,393,5,20,5,7,17,285,13,155
261,394,7,9,10,15,20,285,16,144
262,391,11,4,14,14,54,220,13,179
263,433,4,5,13,6,42,214,8,175
264,395,7,46,10,11,47,193,16,175
265,356,8,46,11,17,41,233,16,172
266,391,9,35,16,11,49,176,11,202
267,382,3,79,10,10,37,165,11,203
268,342,3,93,12,11,86,142,11,200
269,355,14,115,14,11,63,124,9,195
270,349,8,145,10,10,53,130,4,191
271,324,13,174,12,8,57,119,12,181
272,349,8,180,6,17,84,101,11,144
273,328,11,168,15,10,64,122,9,173
274,295,3,248,7,9,49,140,11,138
275,288,6,207,8,9,44,177,8,153
276,296,4,220,4,13,48,166,5,144
277,291,7,215,9,11,34,183,8,142
278,254,14,241,8,8,41,187,7,140
279,243,9,251,14,11,39,197,7,129
280,228,13,250,9,7,49,227,9,108
281,215,5,263,9,8,26,241,2,131
282,170,10,319,8,11,30,246,9,97
283,157,8,288,12,12,55,247,11,110
284,138,11,280,15,11,71,252,11,111
285,131,10,297,9,12,49,287,11,94
286,116,8,287,11,6,61,276,6,129
287,113,9,303,10,5,37,290,10,123
288,106,8,310,4,5,41,314,3,109
289,95,7,289,13,14,41,291,7,143
290,80,13,324,6,9,23,298,6,141
291,72,7,334,11,4,37,293,9,133
292,76,9,320,6,9,28,328,7,117
293,52,11,320,8,11,19,347,11,121
294,57,3,315,10,9,23,346,7,130
295,54,7,324,14,5,33,329,5,129
296,51,7,318,6,11,19,343,10,135
297,38,6,326,7,9,26,316,9,163
298,69,5,352,8,6,19,290,12,139
299,87,9,343,12,8,18,277,15,131
