iteration,exchange,exchangeRandom,inversion,swap,scramble,randomShuffle,add,addRandomly,shift
0,50,50,50,50,50,50,50,50,50
1,50,54,47,52,47,51,51,53,45
2,45,42,41,36,41,46,121,38,40
3,36,31,27,30,24,27,207,34,34
4,21,24,41,26,30,31,213,35,29
5,21,16,23,27,23,26,271,27,16
6,20,17,18,16,17,19,305,23,15
7,13,12,12,12,15,14,267,93,12
8,11,96,9,14,12,2,235,65,6
9,3,152,12,14,5,17,185,54,8
10,6,189,8,8,2,10,113,102,12
11,6,189,6,6,10,7,158,64,4
12,8,209,1,5,3,4,173,45,2
13,2,171,56,8,3,2,176,31,1
14,2,213,59,2,5,2,137,26,4
15,3,282,33,5,1,1,106,16,3
16,5,244,26,0,1,2,160,9,3
17,4,249,18,1,0,2,166,8,2
18,3,273,16,1,1,2,141,8,5
19,1,297,13,4,4,0,126,4,1
20,2,327,7,1,1,2,99,8,3
21,1,347,9,2,7,5,72,6,1
22,0,365,4,4,0,4,68,3,2
23,1,321,5,2,1,3,113,1,3
24,1,283,9,2,2,3,144,2,4
25,3,284,5,3,2,0,151,1,1
26,2,251,1,0,2,4,185,2,3
27,2,281,4,4,1,2,150,3,3
28,1,260,3,1,3,2,175,3,2
29,1,308,3,4,3,1,127,1,2
30,0,297,0,1,1,2,144,3,2
31,1,274,0,2,1,3,166,0,3
32,0,224,2,0,1,4,215,1,3
33,0,241,0,1,1,1,205,1,0
34,1,271,2,1,2,4,166,0,3
35,0,310,4,0,0,2,131,2,1
36,1,332,0,2,1,0,106,5,3
37,2,354,2,1,3,1,85,1,1
38,2,373,2,2,2,2,58,2,7
39,3,380,4,0,1,7,51,2,2
40,5,386,4,2,2,4,43,2,2
41,5,407,3,3,5,1,24,1,1
42,3,337,1,4,2,4,96,2,1
43,2,348,3,1,4,4,81,2,5
44,4,380,1,1,0,3,53,5,3
45,4,368,0,2,2,2,64,6,2
46,1,383,4,1,2,5,49,2,3
47,3,381,1,4,4,4,49,1,3
48,2,330,2,0,73,3,32,4,4
49,3,297,0,2,120,4,21,2,1
50,1,271,2,2,152,4,12,5,1
51,2,259,0,1,173,1,11,2,1
52,4,200,2,3,227,2,10,1,1
53,1,152,1,1,219,0,73,1,2
54,2,104,0,1,218,2,121,1,1
55,3,84,3,2,263,2,93,0,0
56,2,56,3,4,295,2,87,0,1
57,1,55,1,3,322,2,63,1,2
58,1,48,2,2,329,4,55,4,5
59,3,40,3,3,353,8,36,2,2
60,1,33,1,1,377,4,32,1,0
61,2,38,2,5,363,6,30,4,0
62,2,81,1,0,344,1,18,1,2
63,2,144,1,4,285,1,11,1,1
64,2,147,1,0,282,0,13,3,2
65,1,192,3,2,239,2,8,1,2
66,1,192,2,1,238,1,5,4,6
67,3,195,0,1,247,2,1,1,0
68,2,250,1,0,190,2,2,1,2
69,0,283,3,1,153,1,7,1,1
70,1,320,5,1,111,2,6,2,2
71,0,330,1,3,108,3,2,1,2
72,4,304,0,1,131,0,3,3,4
73,2,323,2,2,112,2,2,2,3
74,5,278,1,3,157,2,1,0,3
75,4,245,3,2,191,1,1,2,1
76,4,251,1,0,183,2,1,3,5
77,3,285,1,0,160,0,0,0,1
78,0,269,0,3,172,1,2,2,1
79,1,250,0,2,187,3,4,2,1
80,2,256,3,1,185,1,1,0,1
81,1,229,0,0,213,3,0,3,1
82,0,225,3,0,218,2,1,0,1
83,1,228,5,1,210,0,3,1,1
84,2,257,0,2,178,4,0,3,4
85,2,286,2,4,152,0,4,0,0
86,1,274,2,71,97,2,1,2,0
87,0,249,3,120,70,4,3,1,0
88,0,299,1,82,63,1,0,0,4
89,2,303,2,96,43,2,0,1,1
90,2,347,2,59,32,2,1,3,2
91,4,281,2,42,113,2,3,2,1
92,2,262,5,30,145,0,3,1,2
93,1,262,2,22,151,0,4,2,6
94,1,227,2,15,201,1,1,1,1
95,4,172,1,12,251,5,1,1,3
96,6,130,1,13,295,2,1,1,1
97,1,118,1,14,309,5,0,1,1
98,1,98,5,4,332,2,5,1,2
99,1,81,3,12,341,4,1,4,3
100,2,59,5,5,370,2,1,4,2
101,2,47,6,7,377,3,3,0,5
102,1,99,2,4,337,2,0,4,1
103,2,137,2,4,299,2,2,2,0
104,2,114,3,3,324,0,1,1,2
105,2,79,4,3,355,3,2,0,2
106,4,119,2,4,307,4,5,3,2
107,1,179,4,1,255,4,4,1,1
108,2,181,1,1,257,3,2,2,1
109,2,141,1,2,299,1,2,1,1
110,1,130,2,3,302,2,1,4,5
111,1,95,3,2,341,3,2,3,0
112,3,70,5,3,363,1,3,0,2
113,2,62,1,1,379,1,1,1,2
114,0,52,0,3,330,2,1,58,4
115,2,31,4,1,367,0,1,44,0
116,2,39,1,2,374,1,2,28,1
117,2,97,3,1,313,4,2,27,1
118,2,135,3,3,274,2,2,26,3
119,1,151,2,1,226,0,0,68,1
120,0,140,2,0,193,0,1,113,1
121,1,154,0,0,145,1,3,144,2
122,3,185,3,0,83,0,0,175,1
123,0,185,0,3,76,2,1,180,3
124,3,193,1,1,43,1,2,203,3
125,0,203,0,1,28,1,2,214,1
126,1,212,0,1,34,2,0,199,1
127,2,210,0,3,7,1,1,224,2
128,1,221,0,1,5,1,1,220,0
129,0,218,3,0,7,1,4,216,1
130,2,208,0,2,12,0,2,221,3
131,1,221,1,5,2,3,0,216,1
132,1,215,1,0,3,1,0,226,3
133,3,251,2,4,4,1,1,182,2
134,1,306,0,1,3,0,1,136,2
135,4,317,1,2,5,3,1,113,4
136,2,341,1,1,5,3,3,91,3
137,4,351,3,2,2,4,5,77,2
138,5,369,3,1,2,4,2,62,2
139,1,392,2,1,2,4,1,47,0
140,7,397,1,1,3,2,4,34,1
141,5,403,4,3,2,1,3,26,3
142,4,400,2,1,1,2,9,28,3
143,1,362,2,1,2,1,2,74,5
144,3,320,0,1,1,2,0,122,1
145,2,264,3,3,4,1,2,169,2
146,4,251,4,2,0,2,2,183,2
147,2,267,1,1,1,3,2,171,2
148,4,206,4,0,0,4,2,228,2
149,1,176,1,1,1,3,2,263,2
150,2,136,1,2,1,2,5,300,1
151,0,186,1,1,1,3,1,255,2
152,2,196,4,1,2,0,5,237,3
153,2,197,2,2,1,2,4,239,1
154,3,188,4,0,5,0,0,249,1
155,2,200,1,0,0,0,2,244,1
156,1,258,1,3,1,0,2,181,3
157,2,281,1,1,0,3,2,159,1
158,1,335,1,1,2,2,2,104,2
159,2,329,1,0,5,3,3,104,3
160,2,352,3,2,1,2,0,88,0
161,1,305,2,1,0,0,3,137,1
162,2,269,1,0,2,2,1,173,0
163,2,257,3,0,1,2,1,180,4
164,1,268,5,0,2,1,1,169,3
165,0,239,1,1,2,4,1,201,1
166,1,214,1,0,3,1,1,227,2
167,0,254,2,4,1,3,1,183,2
168,1,294,4,4,0,1,3,141,2
169,1,319,0,1,1,4,2,120,2
170,3,299,6,0,2,1,2,135,2
171,2,252,2,0,0,4,1,186,3
172,1,244,1,0,1,1,3,198,1
173,1,249,0,2,2,1,2,192,1
174,3,238,4,1,2,2,2,196,2
175,1,239,4,3,0,1,2,199,1
176,1,229,1,0,1,1,2,214,1
177,4,202,1,1,2,2,2,234,2
178,1,248,2,1,0,4,0,191,3
179,2,214,1,1,3,3,2,222,2
180,3,247,1,2,1,1,1,193,1
181,0,215,0,0,3,1,1,227,3
182,1,211,3,1,0,3,0,229,2
183,1,227,0,0,1,0,2,216,3
184,2,201,1,1,1,2,1,241,0
185,2,200,0,1,1,3,0,242,1
186,0,216,0,2,2,1,1,227,1
187,1,236,1,1,3,1,2,205,0
188,1,173,5,1,1,3,2,263,1
189,1,156,3,1,1,2,4,280,2
190,2,100,4,3,3,6,1,330,1
191,4,101,1,1,2,4,6,329,2
192,1,67,2,0,2,3,4,369,2
193,2,44,1,3,3,3,0,328,66
194,2,44,2,1,4,1,0,262,134
195,2,32,1,2,1,2,2,201,207
196,4,25,2,2,1,2,0,153,261
197,0,20,0,4,1,5,4,126,290
198,3,25,2,3,4,1,2,108,302
199,2,17,4,1,0,2,2,78,344
200,1,79,1,5,4,2,4,69,285
201,4,92,1,4,2,1,2,99,245
202,2,110,4,3,1,0,0,127,203
203,1,140,1,3,0,1,0,75,229
204,0,192,1,0,0,2,0,58,197
205,0,185,0,2,2,2,1,38,220
206,1,197,1,1,2,2,0,36,210
207,0,204,1,0,0,1,3,21,220
208,2,228,2,2,2,1,0,7,206
209,0,189,1,3,0,0,0,64,193
210,1,195,0,1,3,0,2,84,164
211,0,176,3,0,1,4,0,142,124
212,1,215,1,0,3,0,1,155,74
213,1,201,1,0,3,1,3,179,61
214,0,205,1,0,2,1,2,193,46
215,3,219,0,2,1,2,1,200,22
216,1,172,2,2,4,1,1,236,31
217,5,188,1,0,1,1,0,243,11
218,2,191,0,3,1,1,2,236,14
219,1,214,0,1,1,3,3,218,9
220,2,218,2,3,3,0,3,211,8
221,1,201,0,1,2,3,1,235,6
222,1,183,0,0,0,1,61,201,3
223,3,203,1,1,0,0,106,135,1
224,1,192,0,3,1,3,113,137,0
225,0,154,0,2,1,0,138,154,1
226,0,193,3,2,2,1,153,95,1
227,0,202,5,3,1,0,172,67,0
228,1,137,1,1,0,1,185,122,2
229,1,137,2,1,1,1,178,126,3
230,2,173,1,1,1,0,181,90,1
231,4,127,1,2,4,0,236,75,1
232,3,112,4,3,2,2,256,65,3
233,1,92,1,0,1,6,301,48,0
234,0,131,2,2,1,2,275,36,1
235,2,160,4,0,1,2,262,16,3
236,7,128,3,2,2,1,280,25,2
237,1,108,4,3,1,4,316,11,2
238,1,159,2,5,1,2,275,5,0
239,4,172,1,0,2,3,261,5,2
240,1,180,2,2,0,1,258,5,1
241,2,152,3,2,1,1,283,2,4
242,3,171,4,1,1,1,262,4,3
243,2,136,0,4,3,2,296,4,3
244,1,115,3,3,1,2,320,4,1
245,2,92,1,1,2,2,340,6,4
246,2,69,3,0,2,2,363,6,3
247,0,66,5,1,2,4,368,3,1
248,1,51,1,1,80,4,306,2,4
249,2,42,3,1,126,2,271,3,0
250,3,26,2,0,158,2,255,3,1
251,4,22,2,4,200,1,215,0,2
252,2,10,1,1,214,2,148,2,70
253,2,11,3,3,260,3,111,3,54
254,3,17,1,0,288,4,88,2,47
255,1,11,2,3,309,0,75,0,49
256,2,5,5,0,305,3,43,3,84
257,4,5,4,2,230,2,99,2,102
258,4,4,1,3,216,1,74,0,147
259,1,4,0,1,243,4,42,0,155
260,2,4,0,1,213,0,35,1,194
261,1,4,1,1,225,2,21,1,194
262,1,3,0,3,221,0,15,1,206
263,3,0,0,1,214,1,20,0,211
264,1,0,0,2,229,2,6,0,210
265,0,4,2,2,207,2,5,1,227
266,3,3,2,0,204,2,5,0,231
267,3,0,1,0,222,2,5,0,217
268,0,1,2,0,217,1,0,2,227
269,0,1,0,2,203,0,3,3,238
270,1,2,1,1,215,2,2,1,225
271,1,0,2,0,229,3,0,1,214
272,0,0,2,0,240,1,3,5,199
273,1,2,0,3,216,1,2,2,223
274,0,2,2,2,229,3,0,1,211
275,1,0,0,3,228,0,1,2,215
276,2,0,0,1,218,1,2,1,225
277,2,1,0,2,223,3,0,3,216
278,0,2,1,2,212,3,2,3,225
279,0,0,1,0,207,1,1,3,237
280,2,3,0,4,226,0,0,2,213
281,2,1,2,4,229,1,3,2,206
282,2,1,2,1,224,1,0,2,217
283,1,3,1,1,201,0,0,2,241
284,1,1,3,0,221,0,0,1,223
285,0,0,1,2,227,1,1,0,218
286,3,1,1,0,226,3,1,2,213
287,1,4,0,3,219,2,2,1,218
288,1,2,2,3,220,1,2,3,216
289,1,0,2,3,212,1,0,0,231
290,0,2,0,1,209,2,3,1,232
291,1,0,1,1,213,0,1,0,233
292,2,4,2,1,221,4,1,0,215
293,1,0,0,1,241,3,1,0,203
294,1,3,2,1,216,0,1,4,222
295,0,0,0,0,223,0,3,1,223
296,0,0,2,2,231,2,3,2,208
297,3,1,1,1,213,3,1,2,225
298,3,2,3,2,211,0,2,0,227
299,0,1,1,3,230,0,0,2,213
