iteration,exchange,exchangeRandom,inversion,swap,scramble,randomShuffle,add,addRandomly,shift
0,100,100,100,100,100,100,100,100,100
1,110,106,110,100,88,106,100,100,80
2,66,95,80,89,71,96,83,106,214
3,67,68,68,72,52,64,71,238,200
4,65,66,53,60,47,71,51,332,155
5,65,60,56,47,51,63,71,385,102
6,61,53,50,195,56,62,38,279,106
7,61,41,58,292,41,47,64,226,70
8,53,58,58,386,43,41,36,166,59
9,47,48,68,298,38,35,40,264,62
10,53,51,48,377,32,42,34,213,50
11,39,45,43,437,42,42,28,179,45
12,44,43,41,479,24,33,46,133,57
13,38,36,47,498,42,42,48,111,38
14,38,33,33,441,162,39,42,72,40
15,21,31,34,445,230,23,27,60,29
16,20,17,114,266,196,22,126,122,17
17,12,13,169,212,213,11,169,78,23
18,20,14,132,348,157,21,114,65,29
19,24,21,85,351,131,16,196,48,28
20,26,26,50,367,79,26,256,36,34
21,21,29,45,348,36,24,339,32,26
22,22,24,38,316,152,16,285,24,23
23,14,18,26,352,94,18,318,29,31
24,18,34,28,347,74,23,332,22,22
25,35,33,33,255,76,23,389,33,23
26,38,25,29,279,50,19,406,34,20
27,27,30,28,206,50,13,480,41,25
28,37,33,23,176,43,26,497,33,32
29,18,27,31,236,35,21,477,21,34
30,36,37,24,214,41,22,471,28,27
31,35,41,22,128,32,24,421,27,170
32,34,19,34,188,125,27,369,16,88
33,15,28,23,121,239,21,345,27,81
34,14,26,26,85,218,30,315,12,174
35,21,21,16,50,269,24,284,15,200
36,13,119,13,30,226,20,261,15,203
37,18,188,25,16,156,26,223,13,235
38,27,199,15,127,63,18,228,8,215
39,11,113,10,153,154,14,214,19,212
40,9,174,10,104,193,26,234,21,129
41,21,237,20,62,202,25,243,18,72
42,8,140,16,42,224,25,285,18,142
43,11,54,15,97,223,17,218,102,163
44,16,40,12,158,191,10,214,165,94
45,22,134,14,79,200,9,223,172,47
46,15,120,9,120,192,11,169,172,92
47,8,140,13,140,165,7,175,181,71
48,15,86,14,69,237,14,228,196,41
49,22,50,11,51,235,10,254,244,23
50,13,39,27,34,258,19,247,242,21
51,8,27,22,31,263,18,258,258,15
52,21,21,21,22,234,23,257,283,18
53,17,23,23,19,243,12,278,263,22
54,24,22,19,18,260,20,277,246,14
55,114,23,18,14,223,6,248,236,18
56,206,18,17,17,250,12,241,131,8
57,186,14,21,7,222,11,241,187,11
58,98,16,26,11,243,20,253,217,16
59,76,13,10,24,166,33,278,284,16
60,55,26,22,15,102,21,341,292,26
61,36,16,21,16,90,15,339,348,19
62,36,18,23,22,58,23,359,350,11
63,38,33,26,16,42,16,362,352,15
64,58,22,15,33,40,30,419,259,24
65,33,15,135,15,22,21,360,267,32
66,25,18,191,19,20,16,321,271,19
67,26,15,215,19,22,23,290,266,24
68,13,22,243,19,16,23,277,272,15
69,17,147,237,10,22,14,292,146,15
70,22,201,260,13,15,21,273,78,17
71,125,178,210,13,13,7,201,144,9
72,131,180,177,6,15,10,210,159,12
73,153,190,179,5,18,15,171,151,18
74,183,90,199,15,11,5,198,180,19
75,105,177,119,7,12,15,233,221,11
76,98,272,91,19,22,26,191,160,21
77,66,350,72,27,24,36,146,140,39
78,70,466,58,25,27,18,103,99,34
79,65,493,51,27,30,24,80,92,38
80,57,440,40,13,28,22,211,60,29
81,26,358,33,17,28,19,224,171,24
82,23,332,30,20,26,18,236,192,23
83,22,281,18,29,24,18,268,224,16
84,15,244,12,121,18,7,242,225,16
85,6,265,13,187,17,14,242,134,22
86,17,291,16,132,16,20,295,92,21
87,4,264,20,169,15,11,273,130,14
88,10,224,12,191,14,14,234,188,13
89,20,203,10,192,19,11,212,215,18
90,14,247,15,137,20,16,152,279,20
91,21,288,23,90,22,14,138,279,25
92,25,220,26,78,13,21,84,408,25
93,14,176,27,58,12,28,193,366,26
94,24,82,16,38,9,24,234,340,133
95,19,46,16,32,17,16,273,300,181
96,19,52,22,33,15,25,205,381,148
97,25,56,41,24,18,35,157,416,128
98,29,31,26,130,18,29,95,373,169
99,11,25,15,170,13,13,141,302,210
100,11,21,141,171,12,10,149,207,178
101,9,27,58,180,13,18,198,202,195
102,11,33,52,258,17,17,268,121,123
103,11,24,138,278,22,18,249,83,77
104,16,14,184,219,16,16,227,56,152
105,5,12,197,247,22,15,132,114,156
106,6,9,185,218,21,12,72,176,201
107,6,9,169,212,12,7,116,194,175
108,21,12,114,230,17,8,183,218,97
109,26,15,176,225,23,19,110,248,58
110,123,8,199,243,10,17,62,208,30
111,157,5,101,216,11,11,145,220,34
112,83,15,162,213,14,7,181,212,13
113,68,11,205,247,18,6,89,239,17
114,32,14,235,281,8,18,55,242,15
115,17,15,241,267,14,21,35,275,15
116,23,18,260,277,9,17,23,265,8
117,134,16,222,217,22,16,16,236,21
118,232,19,138,282,10,20,19,168,12
119,229,13,194,180,13,20,26,213,12
120,257,19,249,87,15,13,17,228,15
121,294,16,136,83,18,9,23,303,18
122,317,20,104,53,21,25,26,323,11
123,343,18,83,33,15,19,27,342,20
124,442,23,57,36,26,28,34,234,20
125,400,25,51,40,169,25,28,151,11
126,413,29,45,18,97,21,26,229,22
127,372,24,170,22,61,31,25,169,26
128,303,37,216,14,48,24,26,219,13
129,324,21,152,17,31,22,28,281,24
130,297,21,102,18,137,23,14,270,18
131,276,24,152,16,158,11,17,233,13
132,294,19,104,26,236,20,21,164,16
133,292,22,60,19,252,14,15,211,15
134,295,26,44,29,188,11,12,289,6
135,290,7,25,30,220,23,17,272,16
136,335,19,28,18,153,19,18,297,13
137,358,22,16,17,103,18,22,328,16
138,357,19,16,18,75,24,26,343,22
139,355,20,19,31,60,23,27,347,18
140,345,23,11,28,40,19,24,382,28
141,349,27,20,24,40,23,33,365,19
142,383,23,21,23,21,15,17,384,13
143,385,26,20,23,22,30,21,355,18
144,374,20,19,14,23,163,42,226,19
145,385,20,30,17,27,239,21,150,11
146,330,13,22,119,19,268,19,94,16
147,240,7,11,173,21,237,17,176,18
148,269,13,20,109,19,251,25,180,14
149,291,27,10,52,13,242,12,240,13
150,169,12,18,142,17,264,21,237,20
151,107,19,12,236,18,161,16,313,18
152,82,25,23,173,37,145,23,364,28
153,66,30,22,121,31,131,26,438,35
154,60,46,18,112,56,102,23,456,27
155,60,27,29,89,33,216,25,395,26
156,39,25,22,56,31,137,26,396,168
157,48,18,25,46,25,110,16,381,231
158,155,17,19,30,19,57,19,307,277
159,200,15,23,25,17,38,17,305,260
160,274,22,22,23,21,32,18,183,305
161,230,17,14,117,16,22,13,223,248
162,244,20,12,196,18,12,17,237,144
163,221,16,13,215,13,17,14,222,169
164,252,19,32,150,17,29,19,268,114
165,297,21,23,96,17,24,24,323,75
166,323,10,30,61,17,18,16,344,81
167,334,19,20,46,13,21,17,362,68
168,335,24,17,48,23,20,32,361,40
169,250,24,28,38,25,23,37,441,34
170,336,26,23,19,18,27,24,400,27
171,318,16,21,44,24,29,23,403,22
172,275,23,29,20,32,18,25,439,39
173,206,26,15,39,35,34,35,485,25
174,159,34,24,43,31,28,40,495,46
175,136,26,14,33,43,40,28,541,39
176,211,35,26,35,29,33,28,468,35
177,286,23,23,31,25,23,17,426,46
178,216,24,31,41,34,24,35,461,34
179,157,24,31,43,29,28,34,524,30
180,119,37,30,42,33,29,24,545,41
181,218,41,17,40,23,18,33,474,36
182,241,27,19,32,134,17,19,384,27
183,272,20,20,35,228,18,31,243,33
184,362,22,17,26,268,20,17,153,15
185,341,23,14,26,310,24,33,105,24
186,320,14,14,19,277,26,20,184,26
187,360,23,25,18,179,17,140,120,18
188,355,26,13,18,140,17,234,74,23
189,292,21,13,22,83,19,255,164,31
190,274,27,20,13,36,23,258,229,20
191,264,15,19,18,142,18,156,251,17
192,243,12,18,19,225,17,185,154,27
193,228,13,12,12,226,11,211,172,15
194,246,11,12,22,253,11,224,109,12
195,261,12,14,21,259,8,236,72,17
196,301,14,17,18,177,15,286,56,16
197,293,16,18,10,102,8,274,149,30
198,302,15,24,18,87,18,307,116,13
199,292,19,18,8,43,15,297,193,15
200,264,19,18,19,28,10,290,237,15
201,246,16,13,13,127,16,244,202,23
202,202,12,16,8,169,16,214,253,10
203,224,12,12,16,241,11,131,243,10
204,251,131,17,18,237,16,80,126,24
205,133,219,24,12,241,12,47,201,11
206,88,225,23,16,247,20,43,227,11
207,49,274,20,10,235,27,143,128,14
208,26,213,18,10,237,17,179,184,16
209,30,243,19,18,242,14,225,90,19
210,30,290,21,19,284,21,136,73,26
211,20,276,13,20,272,16,85,176,22
212,22,278,15,21,275,17,47,211,14
213,24,291,6,14,245,22,33,254,11
214,17,263,19,20,266,20,30,243,22
215,27,282,13,17,269,21,20,240,11
216,31,269,23,12,243,21,22,265,14
217,20,272,20,16,270,14,20,250,18
218,12,164,19,30,306,28,14,305,22
219,19,135,17,23,399,26,21,230,30
220,21,96,30,16,396,13,12,287,29
221,26,70,26,17,374,15,17,332,23
222,25,44,26,9,400,28,18,323,27
223,33,43,31,20,447,20,21,269,16
224,34,37,25,20,491,26,31,200,36
225,27,26,25,25,414,32,36,287,28
226,25,31,18,23,419,30,15,321,18
227,20,24,30,23,356,21,25,281,120
228,21,18,30,28,361,18,27,309,88
229,21,18,26,33,348,27,23,354,50
230,27,32,19,22,362,18,24,353,43
231,21,27,17,23,439,40,25,273,35
232,20,11,24,37,346,147,20,135,160
233,25,20,19,19,323,198,11,194,91
234,27,21,19,19,336,265,19,144,50
235,24,14,22,23,293,255,23,100,146
236,23,12,31,22,291,258,17,168,78
237,16,17,11,17,298,265,10,200,66
238,24,15,14,21,297,184,22,149,174
239,21,16,15,18,346,266,22,93,103
240,19,20,32,27,336,297,22,83,64
241,30,25,25,33,397,217,31,71,71
242,28,21,24,31,374,293,22,44,63
243,23,25,26,24,321,268,29,37,147
244,17,15,21,22,305,258,24,145,93
245,22,8,15,15,255,270,10,235,70
246,36,31,23,22,216,205,29,284,54
247,26,33,21,15,152,267,20,332,34
248,26,27,28,23,110,286,18,339,43
249,24,35,24,33,94,232,25,398,35
250,46,22,26,46,65,177,34,450,34
251,33,23,20,43,72,143,32,503,31
252,32,23,30,36,31,120,177,428,23
253,39,32,18,36,37,65,217,434,22
254,30,26,151,18,38,43,290,286,18
255,28,16,221,24,26,32,258,276,19
256,19,27,140,19,16,35,313,304,27
257,21,18,84,10,120,31,300,175,141
258,24,13,82,24,104,27,376,138,112
259,29,19,67,21,68,18,379,224,75
260,34,11,42,22,47,21,366,297,60
261,36,22,36,28,135,25,313,276,29
262,20,15,120,27,175,16,268,235,24
263,17,10,151,12,97,21,231,249,112
264,9,18,108,8,57,20,246,247,187
265,16,10,136,12,36,11,218,228,233
266,6,20,176,11,114,11,205,191,166
267,9,20,84,106,154,15,160,188,164
268,10,6,34,131,171,11,183,180,174
269,97,4,17,142,152,5,183,148,152
270,140,9,20,147,76,10,146,173,179
271,60,4,91,170,121,9,152,145,148
272,25,9,119,155,133,9,146,155,149
273,23,9,153,155,159,13,61,154,173
274,28,9,80,171,81,15,134,185,197
275,13,8,154,101,39,5,160,215,205
276,12,15,203,54,31,13,100,235,237
277,16,7,183,123,27,8,139,205,192
278,12,10,207,147,17,19,179,106,203
279,15,15,235,216,21,12,208,62,116
280,18,17,296,132,20,14,275,47,81
281,15,24,278,64,12,9,232,120,146
282,14,19,220,147,10,23,201,168,98
283,14,12,229,191,14,16,139,220,65
284,11,20,271,233,13,12,53,247,40
285,11,19,248,234,15,15,53,281,24
286,14,21,261,249,10,14,29,277,25
287,16,12,267,255,20,17,27,271,15
288,27,14,256,270,11,16,32,257,17
289,16,22,264,281,17,18,26,249,7
290,8,30,305,165,16,24,27,304,21
291,93,13,257,195,20,22,18,261,21
292,166,9,211,223,19,7,20,234,11
293,169,10,248,226,7,9,11,209,11
294,188,15,234,211,5,21,13,198,15
295,206,8,210,218,12,15,15,208,8
296,211,23,123,250,16,12,8,239,18
297,244,19,73,234,32,16,12,260,10
298,248,21,42,253,21,14,14,274,13
299,255,16,35,258,22,19,20,254,21
