iteration,exchange,exchangeRandom,inversion,swap,scramble,add,addRandomly,shift
0,100,100,100,100,100,100,100,100
1,117,106,102,102,106,122,122,23
2,80,306,88,85,84,59,91,7
3,38,470,103,42,51,45,51,0
4,18,527,118,22,31,44,40,0
5,12,549,125,23,24,34,33,0
6,9,557,117,28,32,30,27,0
7,9,560,119,31,32,25,24,0
8,8,580,115,25,22,23,27,0
9,6,574,104,35,22,27,32,0
10,8,604,99,22,26,18,23,0
11,8,596,108,23,26,19,20,0
12,8,585,118,21,28,23,17,0
13,7,573,124,28,20,22,26,0
14,4,571,144,22,16,25,18,0
15,5,569,140,17,26,24,19,0
16,7,583,139,11,20,18,22,0
17,11,580,134,17,20,24,14,0
18,11,582,132,17,28,17,13,0
19,6,572,133,20,30,20,19,0
20,8,560,137,24,22,29,20,0
21,5,549,141,26,25,25,29,0
22,5,571,138,17,25,29,15,0
23,5,566,148,20,19,22,20,0
24,4,531,164,30,17,19,35,0
25,4,553,161,25,12,24,21,0
26,6,571,155,13,21,22,12,0
27,5,557,152,14,15,23,34,0
28,3,565,163,18,12,21,18,0
29,11,559,148,24,18,16,24,0
30,3,555,144,25,22,21,30,0
31,7,568,137,16,25,24,23,0
32,5,576,130,15,24,13,37,0
33,8,590,133,17,20,17,15,0
34,4,565,138,22,19,23,29,0
35,2,576,142,13,14,15,38,0
36,4,573,144,15,15,18,31,0
37,4,569,146,20,14,21,26,0
38,11,565,143,13,17,26,25,0
39,6,570,141,15,25,29,14,0
40,4,556,134,19,20,34,33,0
41,3,597,134,18,14,18,16,0
42,8,573,135,21,30,13,20,0
43,9,581,139,30,17,9,15,0
44,6,573,138,23,18,19,23,0
45,7,552,140,15,25,23,38,0
46,5,564,135,37,19,22,18,0
47,10,570,128,36,19,15,22,0
48,5,565,131,26,22,19,32,0
49,5,585,118,19,24,15,34,0
50,9,571,121,19,29,21,30,0
51,9,560,123,43,17,18,30,0
52,52,550,95,33,25,20,25,0
53,60,477,65,39,119,21,19,0
54,84,418,49,28,181,20,20,0
55,86,323,36,24,203,95,33,0
56,124,292,32,69,111,141,31,0
57,127,239,28,131,79,173,23,0
58,71,421,44,81,50,112,21,0
59,32,537,56,56,32,71,16,0
60,13,591,60,39,26,49,22,0
61,5,638,65,28,20,29,15,0
62,2,628,81,15,32,25,17,0
63,3,612,95,34,25,18,13,0
64,5,606,109,24,13,20,23,0
65,6,605,112,23,12,21,21,0
66,5,612,110,23,12,22,16,0
67,8,582,115,24,25,15,31,0
68,12,597,106,23,28,21,13,0
69,4,610,107,29,10,22,18,0
70,8,584,102,38,16,25,27,0
71,5,586,99,36,20,28,26,0
72,4,617,109,25,17,14,14,0
73,6,606,104,20,23,14,27,0
74,6,595,110,23,23,14,29,0
75,3,595,110,15,33,15,29,0
76,7,589,123,8,29,17,27,0
77,3,445,115,11,38,12,176,0
78,11,363,95,26,20,12,273,0
79,19,361,70,29,25,12,284,0
80,13,294,147,34,24,11,277,0
81,6,255,144,35,19,14,327,0
82,18,283,96,29,12,8,354,0
83,13,316,74,30,15,15,337,0
84,13,313,55,23,16,13,367,0
85,17,329,51,26,15,14,348,0
86,13,322,46,20,23,20,356,0
87,13,315,38,19,19,9,387,0
88,83,341,27,14,11,11,313,0
89,101,354,35,23,10,12,265,0
90,104,346,32,28,9,19,262,0
91,61,492,36,29,18,11,153,0
92,34,559,56,14,27,17,93,0
93,15,590,57,33,24,25,56,0
94,9,614,69,24,18,19,47,0
95,9,607,78,24,16,24,42,0
96,5,582,107,27,25,16,38,0
97,6,591,103,25,24,18,33,0
98,5,606,102,17,28,18,24,0
99,14,602,103,33,15,6,27,0
100,13,610,97,20,17,20,23,0
101,7,594,103,21,21,32,22,0
102,6,601,110,24,24,19,16,0
103,5,467,98,12,22,35,161,0
104,11,413,69,23,30,18,236,0
105,14,369,65,16,21,18,297,0
106,14,355,53,25,20,10,323,0
107,17,330,52,21,26,16,338,0
108,12,459,56,38,19,6,210,0
109,11,543,62,29,16,10,129,0
110,6,572,68,16,24,18,96,0
111,8,584,87,31,23,20,47,0
112,7,574,97,25,32,21,44,0
113,4,571,107,20,34,19,45,0
114,12,587,95,27,28,12,39,0
115,2,598,103,23,22,28,24,0
116,10,573,99,34,30,25,29,0
117,3,588,112,30,19,24,24,0
118,7,572,123,24,21,33,20,0
119,4,460,107,28,156,20,25,0
120,12,405,91,16,224,21,31,0
121,15,360,66,14,286,32,27,0
122,15,361,45,14,317,23,25,0
123,15,360,36,9,316,35,29,0
124,3,337,26,15,189,36,194,0
125,23,333,24,23,115,20,262,0
126,13,333,37,24,67,25,301,0
127,5,344,34,20,44,15,338,0
128,10,320,39,32,44,12,343,0
129,17,342,31,29,36,13,332,0
130,11,337,33,27,39,6,347,0
131,9,344,37,26,47,11,326,0
132,10,337,39,21,25,12,356,0
133,11,262,33,19,142,9,324,0
134,20,319,34,21,83,13,310,0
135,17,314,42,25,39,8,355,0
136,14,314,46,22,31,12,361,0
137,11,331,37,14,38,16,353,0
138,11,310,25,23,116,18,297,0
139,10,316,28,27,72,14,333,0
140,8,310,26,29,66,9,352,0
141,14,327,32,19,35,11,362,0
142,8,335,38,15,35,5,364,0
143,23,348,36,10,27,15,341,0
144,14,184,32,19,27,13,511,0
145,28,262,19,27,26,8,430,0
146,18,283,14,25,21,12,427,0
147,15,259,18,107,31,12,358,0
148,8,228,84,140,34,10,296,0
149,7,174,154,168,42,10,245,0
150,16,220,119,128,17,8,292,0
151,17,267,92,79,18,24,303,0
152,17,323,66,36,17,13,328,0
153,14,270,148,34,26,9,299,0
154,16,222,236,41,24,24,237,0
155,24,224,184,27,28,15,298,0
156,14,264,133,11,38,19,321,0
157,17,298,99,23,28,17,318,0
158,12,258,164,24,32,20,290,0
159,12,221,224,31,18,23,271,0
160,14,161,281,30,25,18,271,0
161,17,169,295,40,23,12,244,0
162,8,155,295,37,29,9,267,0
163,19,144,310,30,25,19,253,0
164,19,159,312,40,23,15,232,0
165,20,147,318,36,23,13,243,0
166,23,160,301,41,20,17,238,0
167,9,94,326,39,28,16,288,0
168,16,61,356,30,22,6,309,0
169,25,103,333,27,29,7,276,0
170,12,111,332,23,35,16,271,0
171,25,83,343,31,33,11,274,0
172,22,95,299,26,38,19,301,0
173,19,56,354,19,27,9,316,0
174,16,77,355,24,28,9,291,0
175,23,103,349,31,34,11,249,0
176,24,62,314,38,31,16,315,0
177,22,127,305,23,32,10,281,0
178,20,74,328,30,19,8,321,0
179,21,100,339,29,14,8,289,0
180,24,104,346,35,20,11,260,0
181,23,143,418,31,18,16,151,0
182,21,133,465,42,28,17,94,0
183,124,99,414,42,28,27,66,0
184,214,77,372,47,29,18,43,0
185,151,96,330,43,22,22,136,0
186,155,118,290,38,22,29,148,0
187,163,138,265,34,16,24,160,0
188,162,143,239,40,8,15,193,0
189,170,97,241,35,20,15,222,0
190,171,63,259,36,20,17,234,0
191,187,85,247,29,13,16,223,0
192,201,81,224,26,22,15,231,0
193,194,61,236,32,31,8,238,0
194,195,42,246,42,19,8,248,0
195,230,30,199,27,16,16,282,0
196,231,29,237,21,30,20,232,0
197,228,27,244,25,21,16,239,0
198,240,21,257,28,17,14,223,0
199,234,18,246,34,26,18,224,0
200,230,17,252,45,13,14,229,0
201,241,26,217,43,31,15,227,0
202,238,24,219,42,30,15,232,0
203,209,19,248,36,15,15,258,0
204,202,16,259,39,18,16,250,0
205,278,13,260,54,11,18,166,0
206,306,19,311,52,8,12,92,0
207,323,20,305,50,25,23,54,0
208,306,18,363,39,25,20,29,0
209,354,16,304,42,27,25,32,0
210,343,22,338,42,17,17,21,0
211,349,18,340,34,21,15,23,0
212,329,16,357,30,16,31,21,0
213,343,21,334,39,11,20,32,0
214,320,30,334,40,25,22,29,0
215,316,35,339,38,29,18,25,0
216,336,31,329,38,16,13,37,0
217,305,31,340,36,20,32,36,0
218,317,18,351,42,19,23,30,0
219,245,16,307,26,91,86,29,0
220,230,17,187,23,151,168,24,0
221,262,13,93,12,166,223,31,0
222,266,13,56,21,155,246,43,0
223,216,21,42,13,166,309,33,0
224,225,28,46,18,129,318,36,0
225,249,21,39,21,128,310,32,0
226,233,26,100,20,120,266,35,0
227,217,25,141,24,129,234,30,0
228,120,27,168,32,150,274,29,0
229,66,26,245,28,93,306,36,0
230,54,12,275,34,56,330,39,0
231,43,15,150,26,40,478,48,0
232,22,26,110,20,18,556,48,0
233,24,26,60,17,8,599,66,0
234,96,28,107,25,19,457,68,0
235,142,19,157,21,51,363,47,0
236,157,24,150,28,88,321,32,0
237,165,16,160,23,106,300,30,0
238,191,23,218,25,117,200,26,0
239,218,27,231,21,155,122,26,0
240,212,31,222,19,206,84,26,0
241,215,21,215,31,234,66,18,0
242,218,32,229,28,224,45,24,0
243,218,26,231,21,236,43,25,0
244,250,20,235,20,218,39,18,0
245,241,25,255,15,218,32,14,0
246,244,22,236,16,241,31,10,0
247,232,11,254,25,208,42,28,0
248,240,17,233,27,223,42,18,0
249,262,13,225,23,234,27,16,0
250,255,6,233,23,223,42,18,0
251,228,13,230,22,256,35,16,0
252,242,11,229,22,246,30,20,0
253,223,20,238,16,252,34,17,0
254,209,18,265,12,233,39,24,0
255,149,21,298,18,270,26,18,0
256,78,28,349,27,269,31,18,0
257,63,17,325,23,319,35,18,0
258,44,11,330,23,340,30,22,0
259,124,10,309,18,282,23,34,0
260,197,22,273,19,237,29,23,0
261,197,23,257,28,251,27,17,0
262,115,27,275,24,294,38,27,0
263,61,23,298,23,344,39,12,0
264,116,15,250,13,278,103,25,0
265,145,19,236,14,197,164,25,0
266,160,14,229,12,169,190,26,0
267,182,22,211,24,142,195,24,0
268,95,14,296,24,189,159,23,0
269,73,16,244,19,227,195,26,0
270,51,20,307,22,210,163,27,0
271,41,15,334,25,259,111,15,0
272,42,11,263,23,270,168,23,0
273,22,16,307,26,268,135,26,0
274,22,15,450,37,171,74,31,0
275,86,12,338,97,119,118,30,0
276,156,14,263,86,68,185,28,0
277,188,26,240,70,46,195,35,0
278,184,24,229,54,24,250,35,0
279,203,28,230,40,22,236,41,0
280,267,25,160,27,24,259,38,0
281,300,31,89,33,16,290,41,0
282,237,45,155,25,20,280,38,0
283,239,30,212,24,24,242,29,0
284,225,21,231,30,13,243,37,0
285,211,15,236,22,13,256,47,0
286,252,10,236,33,11,224,34,0
287,252,22,220,43,13,218,32,0
288,252,22,230,34,9,230,23,0
289,210,26,249,31,10,251,23,0
290,213,24,252,34,12,247,18,0
291,226,19,244,32,12,240,27,0
292,214,28,276,40,21,196,25,0
293,243,18,232,32,16,234,25,0
294,231,23,240,27,7,247,25,0
295,195,75,220,44,18,211,37,0
296,121,128,249,38,24,209,31,0
297,67,154,268,28,20,212,51,0
298,37,160,266,22,20,250,45,0
299,24,157,299,34,14,243,29,0
