iteration,exchange,exchangeRandom,inversion,swap,scramble,add,addRandomly,shift
0,100,100,100,100,100,100,100,100
1,89,119,117,107,116,108,117,27
2,78,210,106,90,116,98,95,7
3,74,272,105,80,85,91,93,0
4,50,359,103,82,70,62,74,0
5,27,445,102,67,47,58,54,0
6,16,476,104,64,40,42,58,0
7,17,524,104,35,36,37,47,0
8,10,529,113,32,39,39,38,0
9,8,546,121,37,32,26,30,0
10,6,573,116,16,20,34,35,0
11,6,590,123,13,20,29,19,0
12,5,540,120,73,20,20,22,0
13,8,517,100,112,24,20,19,0
14,5,483,84,172,20,18,18,0
15,26,474,68,188,14,19,11,0
16,31,471,52,206,13,15,12,0
17,48,484,37,194,14,14,9,0
18,52,472,33,212,12,12,7,0
19,74,495,29,179,4,13,6,0
20,110,485,18,165,5,8,9,0
21,126,495,17,141,9,3,9,0
22,139,459,12,165,11,6,8,0
23,156,395,14,205,14,8,8,0
24,173,315,9,278,9,9,7,0
25,176,256,8,330,12,11,7,0
26,178,215,3,380,16,5,3,0
27,159,168,5,439,14,8,7,0
28,144,134,1,491,13,6,11,0
29,143,237,4,386,13,4,13,0
30,106,324,3,345,13,4,5,0
31,75,396,4,303,11,6,5,0
32,49,479,7,240,9,8,8,0
33,37,532,8,208,8,3,4,0
34,28,553,9,184,4,16,6,0
35,18,611,9,147,7,4,4,0
36,8,634,8,130,6,6,8,0
37,8,661,17,104,2,3,5,0
38,6,665,22,89,6,3,9,0
39,7,601,27,144,7,8,6,0
40,7,593,25,150,11,11,3,0
41,5,536,23,212,12,7,5,0
42,6,527,22,229,6,6,4,0
43,8,482,16,278,6,6,4,0
44,10,482,13,270,6,13,6,0
45,8,463,14,284,9,12,10,0
46,12,505,13,249,11,5,5,0
47,5,556,14,208,10,4,3,0
48,3,592,15,170,10,6,4,0
49,1,550,16,209,11,6,7,0
50,5,518,14,239,5,11,8,0
51,0,488,9,280,10,11,2,0
52,2,492,12,269,9,8,8,0
53,2,469,9,303,9,5,3,0
54,3,425,6,343,11,8,4,0
55,3,499,5,275,9,3,6,0
56,4,555,6,209,7,6,13,0
57,4,501,6,263,7,7,12,0
58,1,491,3,276,12,8,9,0
59,2,493,7,273,16,3,6,0
60,1,488,8,278,13,6,6,0
61,2,433,11,328,16,3,7,0
62,3,477,6,271,20,8,15,0
63,1,501,9,268,9,4,8,0
64,2,532,14,231,13,1,7,0
65,4,567,18,177,10,12,12,0
66,4,600,20,144,10,10,12,0
67,1,616,22,135,10,7,9,0
68,2,637,24,120,6,3,8,0
69,1,613,22,149,6,4,5,0
70,2,547,21,216,8,3,3,0
71,1,538,20,228,7,4,2,0
72,4,513,18,240,9,9,7,0
73,3,504,15,252,12,7,7,0
74,0,478,15,277,15,7,8,0
75,1,474,14,279,16,6,10,0
76,1,463,12,297,14,8,5,0
77,3,440,6,325,12,7,7,0
78,3,411,10,358,8,5,5,0
79,2,412,11,349,10,4,12,0
80,0,426,7,339,13,3,12,0
81,2,413,4,353,14,6,8,0
82,4,395,5,374,11,3,8,0
83,2,339,4,422,17,10,6,0
84,1,303,3,406,17,61,9,0
85,4,245,8,339,14,183,7,0
86,6,273,7,307,9,194,4,0
87,4,281,7,235,10,252,11,0
88,0,306,7,206,7,261,13,0
89,3,310,13,185,6,275,8,0
90,7,304,9,180,5,288,7,0
91,3,305,11,198,3,269,11,0
92,0,256,6,237,13,276,12,0
93,2,221,9,236,9,312,11,0
94,3,219,7,263,10,288,10,0
95,6,212,6,249,7,308,12,0
96,6,238,5,262,8,268,13,0
97,5,243,5,262,7,268,10,0
98,1,219,5,274,10,275,16,0
99,2,236,5,245,7,293,12,0
100,1,262,7,232,6,272,20,0
101,4,251,6,257,3,270,9,0
102,6,246,7,247,3,280,11,0
103,9,241,6,260,6,270,8,0
104,4,193,3,302,3,281,14,0
105,6,182,6,274,7,315,10,0
106,2,193,7,248,5,338,7,0
107,7,220,5,263,7,292,6,0
108,3,160,9,221,4,395,8,0
109,7,209,6,191,5,375,7,0
110,5,237,8,145,3,393,9,0
111,5,287,8,126,4,365,5,0
112,5,272,8,120,4,383,8,0
113,2,287,11,97,4,386,13,0
114,1,332,11,74,7,363,12,0
115,3,309,12,78,9,375,14,0
116,2,338,9,60,8,369,14,0
117,2,359,7,55,0,364,13,0
118,6,345,6,50,2,373,18,0
119,3,344,7,30,5,396,15,0
120,2,362,5,30,4,382,15,0
121,2,368,5,26,2,382,15,0
122,3,385,4,21,1,370,16,0
123,6,380,11,18,9,366,10,0
124,5,374,10,25,3,374,9,0
125,1,379,9,16,4,382,9,0
126,5,420,8,19,4,337,7,0
127,2,486,9,16,6,274,7,0
128,2,472,18,12,2,287,7,0
129,2,504,19,12,5,247,11,0
130,2,528,21,13,6,219,11,0
131,0,578,17,10,6,182,7,0
132,2,630,15,14,6,124,9,0
133,1,644,20,7,6,115,7,0
134,1,581,23,12,8,174,1,0
135,2,550,21,10,5,206,6,0
136,6,520,16,11,7,230,10,0
137,8,519,11,7,3,248,4,0
138,3,428,11,3,5,343,7,0
139,3,353,9,5,6,415,9,0
140,6,293,10,8,5,467,11,0
141,4,341,11,4,4,422,14,0
142,3,351,7,6,3,416,14,0
143,3,334,12,7,2,425,17,0
144,2,355,13,5,5,407,13,0
145,3,344,11,3,3,425,11,0
146,5,354,12,4,4,403,18,0
147,2,364,8,4,1,403,18,0
148,1,389,10,6,2,373,19,0
149,4,343,7,1,4,415,26,0
150,6,362,8,10,3,394,17,0
151,2,358,12,6,6,405,11,0
152,2,430,10,7,6,338,7,0
153,4,394,10,6,4,373,9,0
154,5,430,14,5,6,326,14,0
155,2,417,9,3,3,353,13,0
156,3,419,12,5,5,343,13,0
157,7,406,10,6,5,356,10,0
158,3,406,11,9,5,351,15,0
159,2,384,13,3,5,370,23,0
160,3,446,17,5,1,314,14,0
161,4,427,14,9,5,331,10,0
162,2,445,13,6,3,323,8,0
163,2,412,13,6,3,351,13,0
164,2,407,10,7,3,356,15,0
165,3,409,16,5,4,353,10,0
166,5,398,14,11,5,354,13,0
167,3,392,15,4,5,363,18,0
168,1,394,14,4,1,368,18,0
169,1,452,12,6,2,310,17,0
170,3,448,15,63,5,250,16,0
171,5,446,14,45,6,273,11,0
172,1,413,14,53,7,303,9,0
173,5,446,16,40,0,282,11,0
174,4,394,11,38,5,339,9,0
175,6,405,10,22,0,344,13,0
176,4,387,11,31,2,354,11,0
177,5,405,11,25,4,336,14,0
178,3,369,13,50,5,350,10,0
179,4,383,10,46,2,342,13,0
180,2,428,9,39,2,305,15,0
181,4,484,12,36,4,250,10,0
182,2,472,13,89,8,207,9,0
183,3,430,13,152,4,190,8,0
184,3,523,15,107,4,141,7,0
185,2,538,12,117,5,116,10,0
186,1,582,11,85,6,109,6,0
187,1,606,13,78,7,86,9,0
188,0,558,14,69,7,143,9,0
189,0,551,12,40,2,190,5,0
190,5,514,15,59,3,200,4,0
191,1,503,15,33,3,237,8,0
192,2,460,9,36,4,275,14,0
193,4,465,11,35,5,266,14,0
194,2,455,6,26,3,296,12,0
195,4,433,9,17,2,320,15,0
196,1,415,7,20,4,345,8,0
197,2,455,9,18,5,305,6,0
198,4,407,10,27,4,336,12,0
199,7,416,12,14,6,332,13,0
200,4,430,10,15,5,324,12,0
201,0,412,10,14,2,353,9,0
202,2,379,13,18,4,342,42,0
203,3,370,9,10,2,301,105,0
204,2,401,7,13,5,199,173,0
205,7,375,8,9,1,182,218,0
206,2,332,6,10,6,175,269,0
207,6,363,6,8,5,113,299,0
208,4,359,12,10,6,98,311,0
209,4,337,15,8,6,102,328,0
210,2,346,13,8,9,100,322,0
211,6,356,14,8,4,65,347,0
212,2,351,14,3,4,59,367,0
213,4,366,9,10,7,55,349,0
214,5,367,9,8,3,38,370,0
215,3,384,9,6,8,27,363,0
216,3,395,13,9,4,29,347,0
217,0,386,18,3,4,22,367,0
218,3,356,23,9,2,21,386,0
219,1,338,10,4,8,22,417,0
220,4,318,8,6,3,20,441,0
221,3,329,12,8,8,12,428,0
222,7,298,8,3,5,32,447,0
223,4,315,6,9,5,34,427,0
224,5,321,6,12,7,57,392,0
225,2,320,10,3,8,94,363,0
226,4,343,5,7,6,118,317,0
227,5,355,6,6,6,138,284,0
228,2,361,11,5,1,160,260,0
229,1,348,13,5,5,186,242,0
230,4,354,12,3,3,202,222,0
231,5,356,9,14,6,217,193,0
232,5,303,10,6,9,258,209,0
233,1,300,6,7,4,233,249,0
234,1,298,11,8,3,202,277,0
235,5,256,7,5,6,179,342,0
236,1,215,9,12,5,186,372,0
237,5,183,9,3,6,189,405,0
238,3,199,9,5,7,165,412,0
239,3,196,12,7,6,146,430,0
240,3,198,7,7,7,151,427,0
241,2,220,13,1,3,133,428,0
242,3,229,9,3,4,131,421,0
243,1,231,7,3,8,131,419,0
244,3,204,10,7,4,150,422,0
245,1,203,12,7,5,145,427,0
246,5,172,12,2,4,149,456,0
247,3,158,9,7,3,139,481,0
248,6,118,5,2,1,126,542,0
249,7,117,7,4,2,92,571,0
250,7,90,14,5,5,75,604,0
251,7,78,15,1,5,47,647,0
252,9,74,8,4,5,32,668,0
253,9,52,8,2,4,19,706,0
254,3,52,5,1,4,13,722,0
255,5,104,7,6,4,11,663,0
256,5,134,17,2,4,13,625,0
257,4,120,8,5,5,18,640,0
258,8,168,5,7,8,13,591,0
259,3,194,10,3,6,15,569,0
260,6,237,5,8,2,12,530,0
261,1,263,6,6,4,10,510,0
262,3,270,9,7,5,11,495,0
263,4,242,8,8,6,11,521,0
264,33,232,13,6,4,6,506,0
265,65,238,10,7,3,8,469,0
266,94,225,8,8,6,5,454,0
267,87,239,7,34,7,5,421,0
268,105,263,9,31,7,8,377,0
269,95,234,10,80,10,9,362,0
270,122,205,6,95,8,12,352,0
271,155,193,4,136,4,8,300,0
272,173,172,3,212,8,7,225,0
273,201,138,6,176,10,8,261,0
274,232,125,4,212,9,8,210,0
275,245,105,5,242,7,13,183,0
276,254,100,8,275,6,4,153,0
277,283,89,6,271,8,6,137,0
278,223,67,2,352,15,5,136,0
279,201,113,2,380,11,10,83,0
280,152,164,4,371,16,5,88,0
281,140,191,8,370,12,7,72,0
282,137,232,5,348,11,6,61,0
283,149,243,5,340,11,6,46,0
284,154,200,6,348,10,7,75,0
285,178,215,5,309,10,5,78,0
286,180,237,6,305,11,4,57,0
287,186,237,1,303,7,12,54,0
288,166,268,5,304,10,10,37,0
289,163,273,5,319,7,3,30,0
290,182,230,6,291,9,8,74,0
291,202,191,4,314,8,5,76,0
292,243,158,8,301,6,2,82,0
293,236,131,4,331,10,7,81,0
294,266,134,6,310,10,6,68,0
295,269,129,3,331,11,3,54,0
296,288,108,1,340,10,6,47,0
297,269,93,5,340,11,5,77,0
298,251,79,0,336,9,6,119,0
299,296,64,1,298,8,5,128,0
