iteration,exchange,exchangeRandom,inversion,swap,scramble,randomShuffle,add,addRandomly,shift
0,50,50,50,50,50,50,50,50,50
1,41,59,45,50,49,57,46,52,51
2,107,46,34,42,38,48,42,55,38
3,157,50,46,32,38,36,26,30,35
4,148,20,24,29,110,32,30,34,23
5,120,24,30,24,159,22,29,22,20
6,100,9,17,19,224,20,23,19,19
7,73,12,20,11,219,80,11,18,6
8,57,10,10,9,257,76,11,7,13
9,45,5,13,6,295,53,13,10,10
10,32,5,7,4,256,77,61,3,5
11,9,3,2,6,201,112,110,3,4
12,9,5,1,3,228,72,126,2,4
13,7,1,2,6,206,44,177,4,3
14,5,3,1,4,167,50,217,1,2
15,5,1,4,1,132,29,219,56,3
16,4,3,3,3,67,16,237,114,3
17,3,3,1,2,68,6,169,196,2
18,2,2,1,2,50,17,155,220,1
19,3,3,3,1,52,8,135,243,2
20,3,3,0,2,36,19,90,297,0
21,3,2,1,4,34,10,84,310,2
22,4,3,3,4,29,7,62,337,1
23,4,4,2,1,24,5,54,354,2
24,4,2,3,0,21,9,39,372,0
25,5,0,2,5,9,12,35,382,0
26,6,0,6,2,10,5,26,393,2
27,5,3,0,2,12,5,26,397,0
28,2,0,4,1,8,4,24,405,2
29,6,2,4,6,7,3,11,406,5
30,3,0,1,3,3,2,11,423,4
31,4,0,2,7,8,62,14,349,4
32,1,4,0,2,3,131,4,304,1
33,2,0,1,2,2,158,4,278,3
34,4,2,3,0,6,203,5,225,2
35,0,2,3,2,0,285,7,150,1
36,0,1,2,3,1,290,2,151,0
37,2,2,1,1,2,314,2,124,2
38,4,2,4,3,3,331,7,91,5
39,1,4,3,1,0,346,8,83,4
40,5,1,1,1,3,373,3,60,3
41,3,2,3,1,2,384,5,49,1
42,3,1,3,3,1,399,3,35,2
43,2,3,5,5,2,392,2,35,4
44,4,1,5,6,2,394,2,35,1
45,4,2,3,2,4,406,5,22,2
46,4,2,3,4,4,409,3,19,2
47,3,2,5,3,2,411,5,17,2
48,3,3,6,6,4,411,3,12,2
49,0,0,4,2,4,423,4,9,4
50,3,3,6,3,2,419,3,8,3
51,1,8,4,1,2,417,2,10,5
52,1,3,2,1,4,421,4,9,5
53,3,4,0,3,2,422,2,6,8
54,1,0,2,7,2,428,3,4,3
55,0,2,1,4,1,434,1,6,1
56,1,1,4,2,1,428,6,6,1
57,1,5,2,3,2,429,4,0,4
58,1,3,1,4,3,429,3,1,5
59,1,8,0,3,3,426,1,3,5
60,2,3,2,1,3,428,0,6,5
61,3,3,2,1,4,427,2,6,2
62,0,3,1,5,4,427,4,1,5
63,5,4,0,4,0,428,1,7,1
64,4,1,0,4,2,434,1,3,1
65,0,5,5,7,4,422,3,2,2
66,5,2,4,6,2,424,1,2,4
67,5,3,3,3,2,430,2,2,0
68,3,3,1,3,1,436,0,1,2
69,2,3,1,1,2,435,0,3,3
70,3,5,3,4,2,427,1,3,2
71,4,4,7,0,2,425,4,2,2
72,5,2,0,6,1,427,1,6,2
73,2,3,1,3,4,430,1,2,4
74,1,2,2,6,0,437,0,0,2
75,3,2,3,1,4,424,6,4,3
76,7,4,3,1,1,426,3,1,4
77,2,3,2,2,2,432,2,0,5
78,3,0,4,2,1,435,1,1,3
79,2,3,1,2,3,432,2,1,4
80,1,4,2,1,3,432,2,1,4
81,3,2,2,4,1,428,4,3,3
82,1,1,1,0,1,438,0,5,3
83,2,4,3,2,3,428,2,4,2
84,5,3,3,2,3,421,4,3,6
85,0,1,4,4,3,430,3,2,3
86,2,6,2,2,2,429,2,4,1
87,2,4,0,3,1,434,1,1,4
88,0,7,2,4,1,428,3,3,2
89,3,3,1,2,3,425,0,8,5
90,2,1,1,3,2,436,1,0,4
91,1,6,2,5,0,429,3,2,2
92,1,3,3,2,1,430,5,1,4
93,3,3,0,1,2,423,5,6,7
94,2,4,2,3,0,435,1,2,1
95,1,5,2,3,5,426,2,3,3
96,4,5,3,5,2,421,2,4,4
97,2,3,5,0,3,427,3,1,6
98,3,0,2,2,2,431,3,2,5
99,4,3,5,4,5,419,3,2,5
100,2,2,2,1,3,432,2,2,4
101,6,6,8,1,3,414,4,4,4
102,3,3,4,3,1,433,1,0,2
103,4,2,0,1,1,435,3,3,1
104,6,0,3,3,4,428,1,2,3
105,3,1,0,4,0,434,2,4,2
106,3,2,1,5,2,434,1,0,2
107,2,2,2,4,1,432,2,1,4
108,4,2,2,4,1,430,2,3,2
109,1,2,0,5,2,433,1,1,5
110,1,1,4,6,4,427,2,3,2
111,3,4,2,3,1,433,0,3,1
112,2,4,2,2,2,433,1,3,1
113,6,1,2,3,2,424,5,3,4
114,4,3,5,2,2,424,6,3,1
115,3,3,3,2,4,431,3,1,0
116,2,4,1,1,4,425,2,3,8
117,0,2,1,4,3,431,6,2,1
118,2,2,2,2,3,428,2,3,6
119,3,4,2,4,1,426,3,4,3
120,2,2,4,2,4,427,2,4,3
121,5,8,5,4,5,415,2,2,4
122,3,3,3,3,2,422,3,6,5
123,5,0,1,5,4,428,4,0,3
124,7,1,2,7,2,424,2,3,2
125,2,4,2,0,1,434,0,4,3
126,5,1,4,2,3,427,1,5,2
127,3,3,4,1,4,424,2,2,7
128,3,4,3,5,4,420,5,2,4
129,0,5,1,3,4,426,4,5,2
130,0,3,3,0,1,436,2,4,1
131,2,1,1,1,4,432,3,4,2
132,3,4,6,7,3,413,4,2,8
133,3,1,1,2,3,426,8,3,3
134,3,2,0,4,6,425,3,4,3
135,3,1,3,2,6,424,5,4,2
136,3,2,0,3,2,431,1,3,5
137,3,0,3,2,4,424,4,7,3
138,1,1,0,0,1,435,7,0,5
139,1,4,2,4,6,423,2,5,3
140,1,2,3,4,6,426,2,4,2
141,1,2,9,1,2,427,3,4,1
142,3,1,2,4,3,429,3,4,1
143,2,0,1,3,5,433,1,3,2
144,1,4,0,3,3,431,4,4,0
145,3,1,1,2,2,432,3,3,3
146,4,0,0,2,2,434,2,4,2
147,2,1,0,3,0,436,5,2,1
148,1,0,1,1,3,430,6,4,4
149,2,2,3,1,1,434,2,3,2
150,2,0,2,1,3,433,5,3,1
151,2,5,4,2,2,428,3,1,3
152,5,6,2,2,2,422,2,6,3
153,4,3,0,0,1,353,9,1,79
154,4,2,1,1,2,283,3,5,149
155,3,3,3,1,3,241,0,2,194
156,4,2,2,5,7,194,2,2,232
157,4,1,5,3,7,144,2,3,281
158,5,0,3,2,3,116,1,3,317
159,0,4,4,2,4,105,4,2,325
160,6,2,5,2,3,159,1,2,270
161,4,3,1,1,2,209,2,3,225
162,4,2,2,1,3,239,2,3,194
163,4,5,4,1,5,293,3,2,133
164,4,1,6,2,2,270,3,3,159
165,2,2,5,1,3,243,1,1,192
166,1,3,2,4,3,273,3,3,158
167,1,1,2,5,1,314,3,2,121
168,0,2,2,1,0,348,2,1,94
169,3,1,0,0,3,355,2,4,82
170,2,2,0,1,3,309,70,1,62
171,4,4,1,2,3,239,135,5,57
172,1,7,2,2,1,190,201,2,44
173,2,1,1,4,3,140,262,3,34
174,5,2,1,2,6,122,199,0,113
175,2,3,5,3,3,162,148,2,122
176,3,4,2,0,2,216,126,0,97
177,1,1,2,3,1,260,95,0,87
178,3,3,3,3,1,283,71,4,79
179,1,4,2,2,2,317,53,2,67
180,2,3,3,1,4,333,47,3,54
181,1,5,3,1,4,369,37,1,29
182,1,1,0,6,3,375,29,1,34
183,2,0,3,2,1,392,18,2,30
184,4,4,0,0,3,389,27,2,21
185,4,3,4,3,3,390,20,1,22
186,3,2,2,1,2,410,10,4,16
187,2,3,5,2,4,394,19,6,15
188,2,3,2,3,3,406,13,4,14
189,3,2,4,1,1,423,10,2,4
190,3,4,3,1,3,422,9,1,4
191,4,1,3,5,2,423,6,3,3
192,2,3,1,4,2,424,8,0,6
193,7,3,0,3,2,423,7,1,4
194,2,5,3,6,0,417,7,3,7
195,4,3,4,3,2,423,5,2,4
196,3,4,3,4,3,420,2,4,7
197,5,4,1,3,8,419,4,3,3
198,2,1,3,1,2,433,1,3,4
199,3,5,6,3,3,423,7,0,0
200,1,7,1,2,1,429,6,2,1
201,7,4,3,2,3,421,2,4,4
202,1,1,2,4,6,423,7,3,3
203,0,4,2,0,1,429,7,6,1
204,2,2,4,4,3,425,4,5,1
205,2,5,0,3,3,431,1,1,4
206,3,2,2,1,6,424,4,6,2
207,0,4,1,3,3,428,5,3,3
208,1,2,1,3,0,436,2,5,0
209,3,4,4,3,5,421,2,4,4
210,3,2,1,1,2,425,10,2,4
211,2,3,2,1,5,431,0,4,2
212,2,1,6,2,4,428,4,2,1
213,2,1,1,1,7,431,2,4,1
214,2,2,5,1,3,432,1,3,1
215,5,3,6,3,6,419,1,2,5
216,3,1,3,2,2,429,1,6,3
217,9,1,3,0,3,425,3,6,0
218,4,2,1,3,3,432,1,3,1
219,0,3,1,0,1,432,7,1,5
220,4,2,0,3,1,432,3,0,5
221,4,4,3,3,0,431,3,1,1
222,2,4,5,2,3,426,5,1,2
223,1,6,2,4,3,428,1,2,3
224,0,3,1,5,1,430,3,3,4
225,3,2,2,5,3,414,4,7,10
226,0,3,1,1,2,437,2,2,2
227,1,0,2,2,5,428,4,3,5
228,2,2,1,3,5,430,0,3,4
229,1,2,5,3,1,433,4,0,1
230,4,2,3,3,2,424,5,2,5
231,3,1,2,1,2,433,1,2,5
232,3,2,5,2,1,433,0,3,1
233,4,4,0,2,1,428,2,1,8
234,4,3,4,2,2,421,3,3,8
235,2,2,4,1,3,429,1,3,5
236,2,5,2,1,5,432,1,0,2
237,0,6,2,1,2,428,2,3,6
238,2,2,1,1,1,436,3,0,4
239,5,2,0,1,0,436,1,4,1
240,5,2,3,3,4,429,1,3,0
241,1,5,2,3,2,429,3,4,1
242,2,3,4,1,2,424,6,4,4
243,1,3,3,5,2,429,3,2,2
244,5,1,1,3,3,430,2,4,1
245,2,1,4,3,2,430,5,1,2
246,2,2,4,5,1,431,0,0,5
247,3,2,7,7,3,423,4,1,0
248,7,3,6,5,1,421,2,4,1
249,4,2,2,5,0,431,2,2,2
250,0,4,5,4,1,428,2,4,2
251,1,0,3,1,3,436,1,4,1
252,2,1,6,4,3,428,0,4,2
253,3,4,7,3,1,418,4,7,3
254,2,4,5,4,3,424,2,1,5
255,4,2,2,5,0,428,4,2,3
256,2,0,2,3,1,429,4,6,3
257,1,4,1,1,2,433,5,1,2
258,2,3,10,0,1,422,5,2,5
259,2,4,3,3,5,427,1,3,2
260,4,3,3,4,1,427,2,4,2
261,0,3,4,4,1,428,2,3,5
262,2,5,5,1,3,429,3,1,1
263,3,2,1,4,1,428,4,4,3
264,1,0,4,2,2,434,3,2,2
265,0,1,4,3,3,430,4,3,2
266,3,5,3,2,2,431,1,1,2
267,4,6,2,3,5,424,3,3,0
268,1,1,4,3,3,430,3,3,2
269,1,4,5,3,0,429,3,1,4
270,4,9,6,1,8,412,1,4,5
271,2,2,3,1,2,438,0,2,0
272,1,7,2,3,1,432,2,1,1
273,1,6,2,2,2,366,2,3,66
274,3,6,1,3,1,311,5,2,118
275,2,0,4,2,3,235,2,5,197
276,0,1,3,2,2,206,0,0,236
277,3,4,2,8,0,162,1,3,267
278,3,4,5,5,1,122,4,1,305
279,4,4,4,1,2,189,1,5,240
280,1,2,1,8,1,224,1,3,209
281,0,2,3,4,2,271,1,1,166
282,4,3,3,3,2,294,0,4,137
283,3,4,0,2,2,336,4,2,97
284,1,4,1,3,4,346,1,4,86
285,2,3,6,0,2,355,4,4,74
286,3,4,3,2,2,359,8,2,67
287,2,0,2,1,2,378,5,0,60
288,3,2,1,2,1,393,4,0,44
289,0,3,1,3,1,406,1,2,33
290,6,0,1,3,3,409,1,3,24
291,2,4,4,1,2,413,1,2,21
292,1,3,4,5,0,417,5,2,13
293,4,5,1,3,6,416,2,2,11
294,2,4,3,2,4,421,2,3,9
295,7,3,1,6,3,413,4,0,13
296,4,4,5,5,1,416,5,2,8
297,4,1,4,3,1,430,2,1,4
298,0,7,5,3,2,418,2,2,11
299,3,5,4,3,4,421,2,1,7
