u[0][3]==1;u[3][11]==1;u[11][9]==1;u[9][8]==1;u[8][14]==1;u[14][7]==1;u[7][2]==1;u[2][10]==1;u[10][4]==1;u[4][1]==1;u[1][13]==1;
a[1]==1;a[2]==1;a[3]==1;a[4]==1;a[5]==0;a[6]==0;a[7]==1;a[8]==1;a[9]==1;a[10]==1;a[11]==1;a[12]==0;a[13]==1;a[14]==1;a[15]==0;
C[3]==34;C[11]==49;C[9]==57;C[8]==74;C[14]==95;C[7]==101;C[2]==113;C[10]==124;C[4]==148;C[1]==156;C[13]==176;
ST[3]==18;ST[11]==34;ST[9]==49;ST[8]==57;ST[14]==74;ST[7]==95;ST[2]==101;ST[10]==113;ST[4]==124;ST[1]==148;ST[13]==156;
139.343

objVal=139.343
time=7.13038
u[0][14]==1;u[14][3]==1;u[3][11]==1;u[11][8]==1;u[8][9]==1;u[9][13]==1;u[13][10]==1;u[10][4]==1;u[4][1]==1;u[1][15]==1;u[15][7]==1;
a[1]==1;a[2]==0;a[3]==1;a[4]==1;a[5]==0;a[6]==0;a[7]==1;a[8]==1;a[9]==1;a[10]==1;a[11]==1;a[12]==0;a[13]==1;a[14]==1;a[15]==1;
C[14]==38;C[3]==50;C[11]==65;C[8]==84;C[9]==91;C[13]==109;C[10]==119;C[4]==143;C[1]==151;C[15]==179;C[7]==191;
ST[14]==11;ST[3]==38;ST[11]==50;ST[8]==65;ST[9]==84;ST[13]==91;ST[10]==109;ST[4]==119;ST[1]==143;ST[15]==151;ST[7]==179;
145.322

objVal=145.322
time=7.23956
u[0][14]==1;u[14][3]==1;u[3][10]==1;u[10][1]==1;u[1][8]==1;u[8][4]==1;u[4][9]==1;u[9][7]==1;u[7][2]==1;u[2][13]==1;u[13][15]==1;
a[1]==1;a[2]==1;a[3]==1;a[4]==1;a[5]==0;a[6]==0;a[7]==1;a[8]==1;a[9]==1;a[10]==1;a[11]==0;a[12]==0;a[13]==1;a[14]==1;a[15]==1;
C[14]==38;C[3]==50;C[10]==61;C[1]==70;C[8]==89;C[4]==112;C[9]==118;C[7]==124;C[2]==136;C[13]==154;C[15]==182;
ST[14]==11;ST[3]==38;ST[10]==50;ST[1]==61;ST[8]==70;ST[4]==89;ST[9]==112;ST[7]==118;ST[2]==124;ST[13]==136;ST[15]==154;
140.372

objVal=140.372
time=7.02366
u[0][8]==1;u[8][14]==1;u[14][3]==1;u[3][11]==1;u[11][12]==1;u[12][9]==1;u[9][7]==1;u[7][10]==1;u[10][4]==1;u[4][1]==1;u[1][13]==1;
a[1]==1;a[2]==0;a[3]==1;a[4]==1;a[5]==0;a[6]==0;a[7]==1;a[8]==1;a[9]==1;a[10]==1;a[11]==1;a[12]==1;a[13]==1;a[14]==1;a[15]==0;
C[8]==28;C[14]==49;C[3]==61;C[11]==76;C[12]==98;C[9]==107;C[7]==113;C[10]==123;C[4]==147;C[1]==155;C[13]==175;
ST[8]==6;ST[14]==28;ST[3]==49;ST[11]==61;ST[12]==76;ST[9]==98;ST[7]==107;ST[10]==113;ST[4]==123;ST[1]==147;ST[13]==155;
146.295

objVal=146.295
time=7.09186
u[0][8]==1;u[8][14]==1;u[14][3]==1;u[3][12]==1;u[12][9]==1;u[9][13]==1;u[13][10]==1;u[10][4]==1;u[4][1]==1;u[1][15]==1;u[15][7]==1;
a[1]==1;a[2]==0;a[3]==1;a[4]==1;a[5]==0;a[6]==0;a[7]==1;a[8]==1;a[9]==1;a[10]==1;a[11]==0;a[12]==1;a[13]==1;a[14]==1;a[15]==1;
C[8]==28;C[14]==49;C[3]==61;C[12]==82;C[9]==91;C[13]==109;C[10]==119;C[4]==143;C[1]==151;C[15]==179;C[7]==191;
ST[8]==6;ST[14]==28;ST[3]==49;ST[12]==61;ST[9]==82;ST[13]==91;ST[10]==109;ST[4]==119;ST[1]==143;ST[15]==151;ST[7]==179;
147.314

objVal=147.314
time=7.08184
u[0][14]==1;u[14][3]==1;u[3][11]==1;u[11][8]==1;u[8][9]==1;u[9][13]==1;u[13][10]==1;u[10][4]==1;u[4][1]==1;u[1][15]==1;u[15][7]==1;
a[1]==1;a[2]==0;a[3]==1;a[4]==1;a[5]==0;a[6]==0;a[7]==1;a[8]==1;a[9]==1;a[10]==1;a[11]==1;a[12]==0;a[13]==1;a[14]==1;a[15]==1;
C[14]==38;C[3]==50;C[11]==65;C[8]==84;C[9]==91;C[13]==109;C[10]==119;C[4]==143;C[1]==151;C[15]==179;C[7]==191;
ST[14]==11;ST[3]==38;ST[11]==50;ST[8]==65;ST[9]==84;ST[13]==91;ST[10]==109;ST[4]==119;ST[1]==143;ST[15]==151;ST[7]==179;
145.322

objVal=145.322
time=7.29735
u[0][11]==1;u[11][9]==1;u[9][8]==1;u[8][4]==1;u[4][1]==1;u[1][14]==1;u[14][3]==1;u[3][10]==1;u[10][13]==1;u[13][15]==1;u[15][7]==1;
a[1]==1;a[2]==0;a[3]==1;a[4]==1;a[5]==0;a[6]==0;a[7]==1;a[8]==1;a[9]==1;a[10]==1;a[11]==1;a[12]==0;a[13]==1;a[14]==1;a[15]==1;
C[11]==30;C[9]==38;C[8]==55;C[4]==78;C[1]==86;C[14]==108;C[3]==120;C[10]==131;C[13]==150;C[15]==178;C[7]==190;
ST[11]==14;ST[9]==30;ST[8]==38;ST[4]==55;ST[1]==78;ST[14]==86;ST[3]==108;ST[10]==120;ST[13]==131;ST[15]==150;ST[7]==178;
145.33

objVal=145.33
time=13.1589
u[0][8]==1;u[8][14]==1;u[14][3]==1;u[3][11]==1;u[11][12]==1;u[12][9]==1;u[9][7]==1;u[7][10]==1;u[10][4]==1;u[4][1]==1;u[1][13]==1;
a[1]==1;a[2]==0;a[3]==1;a[4]==1;a[5]==0;a[6]==0;a[7]==1;a[8]==1;a[9]==1;a[10]==1;a[11]==1;a[12]==1;a[13]==1;a[14]==1;a[15]==0;
C[8]==28;C[14]==49;C[3]==61;C[11]==76;C[12]==98;C[9]==107;C[7]==113;C[10]==123;C[4]==147;C[1]==155;C[13]==175;
ST[8]==6;ST[14]==28;ST[3]==49;ST[11]==61;ST[12]==76;ST[9]==98;ST[7]==107;ST[10]==113;ST[4]==123;ST[1]==147;ST[13]==155;
146.295

objVal=146.295
time=12.5073
u[0][8]==1;u[8][9]==1;u[9][12]==1;u[12][1]==1;u[1][14]==1;u[14][3]==1;u[3][7]==1;u[7][10]==1;u[10][4]==1;u[4][13]==1;
a[1]==1;a[2]==0;a[3]==1;a[4]==1;a[5]==0;a[6]==0;a[7]==1;a[8]==1;a[9]==1;a[10]==1;a[11]==0;a[12]==1;a[13]==1;a[14]==1;a[15]==0;
C[8]==28;C[9]==35;C[12]==55;C[1]==69;C[14]==91;C[3]==103;C[7]==110;C[10]==120;C[4]==144;C[13]==162;
ST[8]==6;ST[9]==28;ST[12]==35;ST[1]==56;ST[14]==69;ST[3]==91;ST[7]==103;ST[10]==110;ST[4]==120;ST[13]==144;
139.339

objVal=139.339
time=5.67438
u[0][3]==1;u[3][10]==1;u[10][4]==1;u[4][9]==1;u[9][8]==1;u[8][14]==1;u[14][12]==1;u[12][7]==1;u[7][1]==1;u[1][13]==1;
a[1]==1;a[2]==0;a[3]==1;a[4]==1;a[5]==0;a[6]==0;a[7]==1;a[8]==1;a[9]==1;a[10]==1;a[11]==0;a[12]==1;a[13]==1;a[14]==1;a[15]==0;
C[3]==34;C[10]==45;C[4]==69;C[9]==75;C[8]==92;C[14]==113;C[12]==134;C[7]==144;C[1]==153;C[13]==173;
ST[3]==18;ST[10]==34;ST[4]==45;ST[9]==69;ST[8]==75;ST[14]==92;ST[12]==113;ST[7]==134;ST[1]==144;ST[13]==153;
139.328

objVal=139.328
time=5.59814
