u[0][27]==1;u[27][16]==1;u[16][48]==1;u[48][17]==1;u[17][33]==1;u[33][32]==1;u[32][7]==1;u[7][14]==1;u[14][24]==1;u[24][44]==1;u[44][22]==1;u[22][42]==1;u[42][19]==1;u[19][50]==1;u[50][8]==1;u[8][29]==1;u[29][36]==1;u[36][6]==1;u[6][47]==1;u[47][30]==1;u[30][41]==1;u[41][46]==1;u[46][13]==1;u[13][1]==1;u[1][25]==1;u[25][10]==1;u[10][40]==1;u[40][35]==1;u[35][26]==1;u[26][2]==1;u[2][37]==1;u[37][43]==1;u[43][39]==1;u[39][34]==1;u[34][45]==1;u[45][31]==1;u[31][20]==1;u[20][18]==1;u[18][5]==1;u[5][23]==1;u[23][49]==1;u[49][4]==1;
a[1]==1;a[2]==1;a[3]==0;a[4]==1;a[5]==1;a[6]==1;a[7]==1;a[8]==1;a[9]==0;a[10]==1;a[11]==0;a[12]==0;a[13]==1;a[14]==1;a[15]==0;a[16]==1;a[17]==1;a[18]==1;a[19]==1;a[20]==1;a[21]==0;a[22]==1;a[23]==1;a[24]==1;a[25]==1;a[26]==1;a[27]==1;a[28]==0;a[29]==1;a[30]==1;a[31]==1;a[32]==1;a[33]==1;a[34]==1;a[35]==1;a[36]==1;a[37]==1;a[38]==0;a[39]==1;a[40]==1;a[41]==1;a[42]==1;a[43]==1;a[44]==1;a[45]==1;a[46]==1;a[47]==1;a[48]==1;a[49]==1;a[50]==1;
C[27]==31;C[16]==57;C[48]==69;C[17]==91;C[33]==114;C[32]==121;C[7]==147;C[14]==169;C[24]==187;C[44]==191;C[22]==203;C[42]==208;C[19]==228;C[50]==250;C[8]==260;C[29]==264;C[36]==269;C[6]==277;C[47]==288;C[30]==301;C[41]==317;C[46]==321;C[13]==330;C[1]==343;C[25]==354;C[10]==360;C[40]==372;C[35]==381;C[26]==393;C[2]==408;C[37]==417;C[43]==434;C[39]==455;C[34]==471;C[45]==476;C[31]==490;C[20]==508;C[18]==530;C[5]==542;C[23]==555;C[49]==563;C[4]==582;
ST[27]==2;ST[16]==32;ST[48]==57;ST[17]==69;ST[33]==91;ST[32]==114;ST[7]==121;ST[14]==147;ST[24]==169;ST[44]==187;ST[22]==191;ST[42]==203;ST[19]==208;ST[50]==228;ST[8]==250;ST[29]==260;ST[36]==264;ST[6]==269;ST[47]==277;ST[30]==288;ST[41]==301;ST[46]==317;ST[13]==321;ST[1]==330;ST[25]==343;ST[10]==354;ST[40]==360;ST[35]==372;ST[26]==381;ST[2]==393;ST[37]==408;ST[43]==417;ST[39]==434;ST[34]==455;ST[45]==471;ST[31]==476;ST[20]==490;ST[18]==508;ST[5]==530;ST[23]==542;ST[49]==555;ST[4]==563;
548.2

objVal=548.2
time=9.91188
u[0][1]==1;u[1][27]==1;u[27][33]==1;u[33][16]==1;u[16][3]==1;u[3][48]==1;u[48][32]==1;u[32][9]==1;u[9][41]==1;u[41][14]==1;u[14][36]==1;u[36][46]==1;u[46][24]==1;u[24][44]==1;u[44][22]==1;u[22][42]==1;u[42][19]==1;u[19][5]==1;u[5][50]==1;u[50][47]==1;u[47][21]==1;u[21][25]==1;u[25][6]==1;u[6][43]==1;u[43][2]==1;u[2][30]==1;u[30][39]==1;u[39][13]==1;u[13][40]==1;u[40][35]==1;u[35][8]==1;u[8][10]==1;u[10][49]==1;u[49][26]==1;u[26][31]==1;u[31][37]==1;u[37][34]==1;u[34][29]==1;u[29][20]==1;u[20][23]==1;u[23][45]==1;u[45][7]==1;u[7][18]==1;u[18][4]==1;
a[1]==1;a[2]==1;a[3]==1;a[4]==1;a[5]==1;a[6]==1;a[7]==1;a[8]==1;a[9]==1;a[10]==1;a[11]==0;a[12]==0;a[13]==1;a[14]==1;a[15]==0;a[16]==1;a[17]==0;a[18]==1;a[19]==1;a[20]==1;a[21]==1;a[22]==1;a[23]==1;a[24]==1;a[25]==1;a[26]==1;a[27]==1;a[28]==0;a[29]==1;a[30]==1;a[31]==1;a[32]==1;a[33]==1;a[34]==1;a[35]==1;a[36]==1;a[37]==1;a[38]==0;a[39]==1;a[40]==1;a[41]==1;a[42]==1;a[43]==1;a[44]==1;a[45]==1;a[46]==1;a[47]==1;a[48]==1;a[49]==1;a[50]==1;
C[1]==16;C[27]==38;C[33]==68;C[16]==85;C[3]==101;C[48]==111;C[32]==118;C[9]==135;C[41]==151;C[14]==173;C[36]==181;C[46]==187;C[24]==201;C[44]==205;C[22]==217;C[42]==222;C[19]==242;C[5]==252;C[50]==272;C[47]==282;C[21]==298;C[25]==309;C[6]==316;C[43]==335;C[2]==346;C[30]==358;C[39]==380;C[13]==387;C[40]==401;C[35]==410;C[8]==416;C[10]==421;C[49]==426;C[26]==437;C[31]==450;C[37]==459;C[34]==475;C[29]==481;C[20]==500;C[23]==512;C[45]==517;C[7]==542;C[18]==563;C[4]==586;
ST[1]==3;ST[27]==16;ST[33]==38;ST[16]==68;ST[3]==85;ST[48]==101;ST[32]==111;ST[9]==118;ST[41]==135;ST[14]==151;ST[36]==173;ST[46]==181;ST[24]==187;ST[44]==201;ST[22]==205;ST[42]==217;ST[19]==222;ST[5]==242;ST[50]==252;ST[47]==272;ST[21]==282;ST[25]==298;ST[6]==309;ST[43]==316;ST[2]==335;ST[30]==346;ST[39]==358;ST[13]==380;ST[40]==387;ST[35]==401;ST[8]==410;ST[10]==416;ST[49]==421;ST[26]==426;ST[31]==437;ST[37]==450;ST[34]==459;ST[29]==475;ST[20]==481;ST[23]==500;ST[45]==512;ST[7]==517;ST[18]==542;ST[4]==563;
565.83

objVal=565.83
time=9.22036
u[0][27]==1;u[27][16]==1;u[16][48]==1;u[48][33]==1;u[33][42]==1;u[42][3]==1;u[3][32]==1;u[32][2]==1;u[2][9]==1;u[9][46]==1;u[46][24]==1;u[24][19]==1;u[19][5]==1;u[5][44]==1;u[44][1]==1;u[1][6]==1;u[6][22]==1;u[22][50]==1;u[50][47]==1;u[47][21]==1;u[21][30]==1;u[30][41]==1;u[41][29]==1;u[29][36]==1;u[36][23]==1;u[23][8]==1;u[8][7]==1;u[7][35]==1;u[35][26]==1;u[26][25]==1;u[25][15]==1;u[15][28]==1;u[28][39]==1;u[39][34]==1;u[34][43]==1;u[43][18]==1;u[18][45]==1;u[45][37]==1;u[37][49]==1;u[49][13]==1;u[13][20]==1;u[20][10]==1;u[10][40]==1;u[40][4]==1;u[4][31]==1;
a[1]==1;a[2]==1;a[3]==1;a[4]==1;a[5]==1;a[6]==1;a[7]==1;a[8]==1;a[9]==1;a[10]==1;a[11]==0;a[12]==0;a[13]==1;a[14]==0;a[15]==1;a[16]==1;a[17]==0;a[18]==1;a[19]==1;a[20]==1;a[21]==1;a[22]==1;a[23]==1;a[24]==1;a[25]==1;a[26]==1;a[27]==1;a[28]==1;a[29]==1;a[30]==1;a[31]==1;a[32]==1;a[33]==1;a[34]==1;a[35]==1;a[36]==1;a[37]==1;a[38]==0;a[39]==1;a[40]==1;a[41]==1;a[42]==1;a[43]==1;a[44]==1;a[45]==1;a[46]==1;a[47]==1;a[48]==1;a[49]==1;a[50]==1;
C[27]==31;C[16]==57;C[48]==69;C[33]==93;C[42]==97;C[3]==116;C[32]==122;C[2]==135;C[9]==149;C[46]==153;C[24]==167;C[19]==186;C[5]==196;C[44]==201;C[1]==215;C[6]==223;C[22]==235;C[50]==258;C[47]==268;C[21]==284;C[30]==298;C[41]==314;C[29]==319;C[36]==324;C[23]==334;C[8]==341;C[7]==364;C[35]==373;C[26]==385;C[25]==396;C[15]==420;C[28]==436;C[39]==458;C[34]==474;C[43]==494;C[18]==516;C[45]==521;C[37]==530;C[49]==538;C[13]==545;C[20]==563;C[10]==571;C[40]==583;C[4]==602;C[31]==621;
ST[27]==2;ST[16]==32;ST[48]==57;ST[33]==69;ST[42]==93;ST[3]==97;ST[32]==116;ST[2]==122;ST[9]==135;ST[46]==149;ST[24]==153;ST[19]==167;ST[5]==186;ST[44]==196;ST[1]==201;ST[6]==215;ST[22]==223;ST[50]==235;ST[47]==258;ST[21]==268;ST[30]==284;ST[41]==298;ST[29]==314;ST[36]==319;ST[23]==324;ST[8]==334;ST[7]==341;ST[35]==364;ST[26]==373;ST[25]==385;ST[15]==396;ST[28]==420;ST[39]==436;ST[34]==458;ST[43]==474;ST[18]==494;ST[45]==516;ST[37]==521;ST[49]==530;ST[13]==538;ST[20]==545;ST[10]==563;ST[40]==571;ST[4]==583;ST[31]==602;
562.997

objVal=562.997
time=9.82622
u[0][27]==1;u[27][16]==1;u[16][48]==1;u[48][9]==1;u[9][14]==1;u[14][17]==1;u[17][32]==1;u[32][3]==1;u[3][19]==1;u[19][24]==1;u[24][44]==1;u[44][22]==1;u[22][42]==1;u[42][41]==1;u[41][47]==1;u[47][50]==1;u[50][13]==1;u[13][46]==1;u[46][30]==1;u[30][21]==1;u[21][45]==1;u[45][6]==1;u[6][36]==1;u[36][1]==1;u[1][34]==1;u[34][8]==1;u[8][29]==1;u[29][25]==1;u[25][2]==1;u[2][7]==1;u[7][39]==1;u[39][23]==1;u[23][35]==1;u[35][40]==1;u[40][5]==1;u[5][37]==1;u[37][43]==1;u[43][49]==1;u[49][26]==1;u[26][18]==1;u[18][20]==1;u[20][10]==1;u[10][4]==1;u[4][31]==1;
a[1]==1;a[2]==1;a[3]==1;a[4]==1;a[5]==1;a[6]==1;a[7]==1;a[8]==1;a[9]==1;a[10]==1;a[11]==0;a[12]==0;a[13]==1;a[14]==1;a[15]==0;a[16]==1;a[17]==1;a[18]==1;a[19]==1;a[20]==1;a[21]==1;a[22]==1;a[23]==1;a[24]==1;a[25]==1;a[26]==1;a[27]==1;a[28]==0;a[29]==1;a[30]==1;a[31]==1;a[32]==1;a[33]==0;a[34]==1;a[35]==1;a[36]==1;a[37]==1;a[38]==0;a[39]==1;a[40]==1;a[41]==1;a[42]==1;a[43]==1;a[44]==1;a[45]==1;a[46]==1;a[47]==1;a[48]==1;a[49]==1;a[50]==1;
C[27]==31;C[16]==57;C[48]==69;C[9]==85;C[14]==109;C[17]==131;C[32]==137;C[3]==155;C[19]==176;C[24]==190;C[44]==194;C[22]==206;C[42]==211;C[41]==230;C[47]==244;C[50]==264;C[13]==274;C[46]==280;C[30]==292;C[21]==308;C[45]==313;C[6]==321;C[36]==328;C[1]==342;C[34]==358;C[8]==363;C[29]==367;C[25]==378;C[2]==391;C[7]==413;C[39]==434;C[23]==446;C[35]==455;C[40]==468;C[5]==478;C[37]==489;C[43]==506;C[49]==513;C[26]==524;C[18]==545;C[20]==565;C[10]==573;C[4]==597;C[31]==616;
ST[27]==2;ST[16]==32;ST[48]==57;ST[9]==69;ST[14]==85;ST[17]==109;ST[32]==131;ST[3]==137;ST[19]==155;ST[24]==176;ST[44]==190;ST[22]==194;ST[42]==206;ST[41]==211;ST[47]==230;ST[50]==244;ST[13]==267;ST[46]==274;ST[30]==280;ST[21]==292;ST[45]==308;ST[6]==313;ST[36]==321;ST[1]==328;ST[34]==342;ST[8]==358;ST[29]==363;ST[25]==367;ST[2]==378;ST[7]==391;ST[39]==413;ST[23]==434;ST[35]==446;ST[40]==455;ST[5]==468;ST[37]==478;ST[43]==489;ST[49]==506;ST[26]==513;ST[18]==524;ST[20]==545;ST[10]==565;ST[4]==573;ST[31]==597;
564.984

objVal=564.984
time=10.2481
u[0][27]==1;u[27][16]==1;u[16][48]==1;u[48][19]==1;u[19][14]==1;u[14][32]==1;u[32][36]==1;u[36][34]==1;u[34][1]==1;u[1][17]==1;u[17][41]==1;u[41][24]==1;u[24][44]==1;u[44][22]==1;u[22][42]==1;u[42][37]==1;u[37][50]==1;u[50][6]==1;u[6][10]==1;u[10][47]==1;u[47][21]==1;u[21][25]==1;u[25][46]==1;u[46][2]==1;u[2][30]==1;u[30][29]==1;u[29][20]==1;u[20][39]==1;u[39][8]==1;u[8][7]==1;u[7][43]==1;u[43][45]==1;u[45][35]==1;u[35][4]==1;u[4][13]==1;u[13][5]==1;u[5][23]==1;u[23][49]==1;u[49][26]==1;u[26][18]==1;u[18][31]==1;u[31][40]==1;
a[1]==1;a[2]==1;a[3]==0;a[4]==1;a[5]==1;a[6]==1;a[7]==1;a[8]==1;a[9]==0;a[10]==1;a[11]==0;a[12]==0;a[13]==1;a[14]==1;a[15]==0;a[16]==1;a[17]==1;a[18]==1;a[19]==1;a[20]==1;a[21]==1;a[22]==1;a[23]==1;a[24]==1;a[25]==1;a[26]==1;a[27]==1;a[28]==0;a[29]==1;a[30]==1;a[31]==1;a[32]==1;a[33]==0;a[34]==1;a[35]==1;a[36]==1;a[37]==1;a[38]==0;a[39]==1;a[40]==1;a[41]==1;a[42]==1;a[43]==1;a[44]==1;a[45]==1;a[46]==1;a[47]==1;a[48]==1;a[49]==1;a[50]==1;
C[27]==31;C[16]==57;C[48]==69;C[19]==88;C[14]==112;C[32]==120;C[36]==125;C[34]==141;C[1]==153;C[17]==178;C[41]==194;C[24]==211;C[44]==215;C[22]==227;C[42]==232;C[37]==242;C[50]==262;C[6]==273;C[10]==279;C[47]==288;C[21]==304;C[25]==315;C[46]==319;C[2]==330;C[30]==342;C[29]==347;C[20]==366;C[39]==388;C[8]==394;C[7]==417;C[43]==435;C[45]==444;C[35]==454;C[4]==470;C[13]==477;C[5]==487;C[23]==500;C[49]==508;C[26]==519;C[18]==540;C[31]==555;C[40]==570;
ST[27]==2;ST[16]==32;ST[48]==57;ST[19]==69;ST[14]==88;ST[32]==112;ST[36]==120;ST[34]==125;ST[1]==141;ST[17]==153;ST[41]==178;ST[24]==194;ST[44]==211;ST[22]==215;ST[42]==227;ST[37]==232;ST[50]==242;ST[6]==262;ST[10]==273;ST[47]==279;ST[21]==288;ST[25]==304;ST[46]==315;ST[2]==319;ST[30]==330;ST[29]==342;ST[20]==347;ST[39]==366;ST[8]==388;ST[7]==394;ST[43]==417;ST[45]==435;ST[35]==444;ST[4]==454;ST[13]==470;ST[5]==477;ST[23]==487;ST[49]==500;ST[26]==508;ST[18]==519;ST[31]==540;ST[40]==555;
549.281

objVal=549.281
time=9.93563
u[0][27]==1;u[27][33]==1;u[33][16]==1;u[16][48]==1;u[48][32]==1;u[32][14]==1;u[14][9]==1;u[9][41]==1;u[41][46]==1;u[46][24]==1;u[24][19]==1;u[19][36]==1;u[36][5]==1;u[5][44]==1;u[44][22]==1;u[22][42]==1;u[42][50]==1;u[50][1]==1;u[1][6]==1;u[6][47]==1;u[47][38]==1;u[38][21]==1;u[21][43]==1;u[43][2]==1;u[2][30]==1;u[30][8]==1;u[8][7]==1;u[7][39]==1;u[39][13]==1;u[13][29]==1;u[29][35]==1;u[35][23]==1;u[23][25]==1;u[25][45]==1;u[45][37]==1;u[37][34]==1;u[34][49]==1;u[49][26]==1;u[26][18]==1;u[18][31]==1;u[31][20]==1;u[20][10]==1;u[10][40]==1;u[40][4]==1;
a[1]==1;a[2]==1;a[3]==0;a[4]==1;a[5]==1;a[6]==1;a[7]==1;a[8]==1;a[9]==1;a[10]==1;a[11]==0;a[12]==0;a[13]==1;a[14]==1;a[15]==0;a[16]==1;a[17]==0;a[18]==1;a[19]==1;a[20]==1;a[21]==1;a[22]==1;a[23]==1;a[24]==1;a[25]==1;a[26]==1;a[27]==1;a[28]==0;a[29]==1;a[30]==1;a[31]==1;a[32]==1;a[33]==1;a[34]==1;a[35]==1;a[36]==1;a[37]==1;a[38]==1;a[39]==1;a[40]==1;a[41]==1;a[42]==1;a[43]==1;a[44]==1;a[45]==1;a[46]==1;a[47]==1;a[48]==1;a[49]==1;a[50]==1;
C[27]==31;C[33]==64;C[16]==81;C[48]==93;C[32]==100;C[14]==126;C[9]==141;C[41]==157;C[46]==161;C[24]==175;C[19]==194;C[36]==201;C[5]==213;C[44]==218;C[22]==230;C[42]==235;C[50]==258;C[1]==270;C[6]==278;C[47]==289;C[38]==309;C[21]==330;C[43]==347;C[2]==358;C[30]==370;C[8]==376;C[7]==399;C[39]==420;C[13]==427;C[29]==432;C[35]==442;C[23]==451;C[25]==462;C[45]==466;C[37]==475;C[34]==491;C[49]==501;C[26]==512;C[18]==533;C[31]==548;C[20]==566;C[10]==574;C[40]==586;C[4]==605;
ST[27]==2;ST[33]==34;ST[16]==64;ST[48]==81;ST[32]==93;ST[14]==100;ST[9]==126;ST[41]==141;ST[46]==157;ST[24]==161;ST[19]==175;ST[36]==194;ST[5]==201;ST[44]==213;ST[22]==218;ST[42]==230;ST[50]==235;ST[1]==258;ST[6]==270;ST[47]==278;ST[38]==289;ST[21]==309;ST[43]==330;ST[2]==347;ST[30]==358;ST[8]==370;ST[7]==376;ST[39]==399;ST[13]==420;ST[29]==427;ST[35]==432;ST[23]==442;ST[25]==451;ST[45]==462;ST[37]==466;ST[34]==475;ST[49]==491;ST[26]==501;ST[18]==512;ST[31]==533;ST[20]==548;ST[10]==566;ST[40]==574;ST[4]==586;
565.018

objVal=565.018
time=9.65267
u[0][27]==1;u[27][33]==1;u[33][7]==1;u[7][48]==1;u[48][32]==1;u[32][42]==1;u[42][16]==1;u[16][3]==1;u[3][41]==1;u[41][46]==1;u[46][14]==1;u[14][24]==1;u[24][44]==1;u[44][22]==1;u[22][6]==1;u[6][47]==1;u[47][50]==1;u[50][1]==1;u[1][19]==1;u[19][36]==1;u[36][21]==1;u[21][30]==1;u[30][8]==1;u[8][39]==1;u[39][25]==1;u[25][2]==1;u[2][37]==1;u[37][43]==1;u[43][49]==1;u[49][10]==1;u[10][5]==1;u[5][35]==1;u[35][40]==1;u[40][26]==1;u[26][34]==1;u[34][23]==1;u[23][45]==1;u[45][20]==1;u[20][18]==1;u[18][13]==1;u[13][29]==1;u[29][31]==1;u[31][4]==1;
a[1]==1;a[2]==1;a[3]==1;a[4]==1;a[5]==1;a[6]==1;a[7]==1;a[8]==1;a[9]==0;a[10]==1;a[11]==0;a[12]==0;a[13]==1;a[14]==1;a[15]==0;a[16]==1;a[17]==0;a[18]==1;a[19]==1;a[20]==1;a[21]==1;a[22]==1;a[23]==1;a[24]==1;a[25]==1;a[26]==1;a[27]==1;a[28]==0;a[29]==1;a[30]==1;a[31]==1;a[32]==1;a[33]==1;a[34]==1;a[35]==1;a[36]==1;a[37]==1;a[38]==0;a[39]==1;a[40]==1;a[41]==1;a[42]==1;a[43]==1;a[44]==1;a[45]==1;a[46]==1;a[47]==1;a[48]==1;a[49]==1;a[50]==1;
C[27]==31;C[33]==64;C[7]==89;C[48]==99;C[32]==106;C[42]==116;C[16]==133;C[3]==149;C[41]==165;C[46]==169;C[14]==191;C[24]==209;C[44]==213;C[22]==225;C[6]==235;C[47]==246;C[50]==266;C[1]==278;C[19]==299;C[36]==306;C[21]==326;C[30]==340;C[8]==346;C[39]==369;C[25]==380;C[2]==393;C[37]==402;C[43]==419;C[49]==426;C[10]==431;C[5]==442;C[35]==451;C[40]==464;C[26]==476;C[34]==492;C[23]==505;C[45]==510;C[20]==530;C[18]==552;C[13]==561;C[29]==566;C[31]==580;C[4]==604;
ST[27]==2;ST[33]==34;ST[7]==64;ST[48]==89;ST[32]==99;ST[42]==106;ST[16]==116;ST[3]==133;ST[41]==149;ST[46]==165;ST[14]==169;ST[24]==191;ST[44]==209;ST[22]==213;ST[6]==225;ST[47]==235;ST[50]==246;ST[1]==266;ST[19]==278;ST[36]==299;ST[21]==306;ST[30]==326;ST[8]==340;ST[39]==346;ST[25]==369;ST[2]==380;ST[37]==393;ST[43]==402;ST[49]==419;ST[10]==426;ST[5]==431;ST[35]==442;ST[40]==451;ST[26]==464;ST[34]==476;ST[23]==492;ST[45]==505;ST[20]==510;ST[18]==530;ST[13]==552;ST[29]==561;ST[31]==566;ST[4]==580;
559.046

objVal=559.046
time=9.58049
u[0][27]==1;u[27][36]==1;u[36][16]==1;u[16][14]==1;u[14][48]==1;u[48][33]==1;u[33][32]==1;u[32][3]==1;u[3][24]==1;u[24][47]==1;u[47][44]==1;u[44][17]==1;u[17][22]==1;u[22][42]==1;u[42][8]==1;u[8][41]==1;u[41][10]==1;u[10][46]==1;u[46][25]==1;u[25][45]==1;u[45][19]==1;u[19][6]==1;u[6][7]==1;u[7][1]==1;u[1][30]==1;u[30][15]==1;u[15][28]==1;u[28][2]==1;u[2][35]==1;u[35][23]==1;u[23][39]==1;u[39][34]==1;u[34][5]==1;u[5][37]==1;u[37][43]==1;u[43][49]==1;u[49][26]==1;u[26][18]==1;u[18][29]==1;u[29][20]==1;u[20][40]==1;u[40][4]==1;u[4][31]==1;u[31][13]==1;
a[1]==1;a[2]==1;a[3]==1;a[4]==1;a[5]==1;a[6]==1;a[7]==1;a[8]==1;a[9]==0;a[10]==1;a[11]==0;a[12]==0;a[13]==1;a[14]==1;a[15]==1;a[16]==1;a[17]==1;a[18]==1;a[19]==1;a[20]==1;a[21]==0;a[22]==1;a[23]==1;a[24]==1;a[25]==1;a[26]==1;a[27]==1;a[28]==1;a[29]==1;a[30]==1;a[31]==1;a[32]==1;a[33]==1;a[34]==1;a[35]==1;a[36]==1;a[37]==1;a[38]==0;a[39]==1;a[40]==1;a[41]==1;a[42]==1;a[43]==1;a[44]==1;a[45]==1;a[46]==1;a[47]==1;a[48]==1;a[49]==1;a[50]==0;
C[27]==31;C[36]==47;C[16]==66;C[14]==92;C[48]==102;C[33]==126;C[32]==133;C[3]==151;C[24]==169;C[47]==182;C[44]==189;C[17]==213;C[22]==225;C[42]==230;C[8]==237;C[41]==256;C[10]==261;C[46]==265;C[25]==276;C[45]==280;C[19]==299;C[6]==308;C[7]==331;C[1]==343;C[30]==358;C[15]==380;C[28]==396;C[2]==407;C[35]==419;C[23]==428;C[39]==449;C[34]==465;C[5]==476;C[37]==487;C[43]==504;C[49]==511;C[26]==522;C[18]==543;C[29]==548;C[20]==567;C[40]==585;C[4]==604;C[31]==623;C[13]==631;
ST[27]==2;ST[36]==42;ST[16]==47;ST[14]==68;ST[48]==92;ST[33]==102;ST[32]==126;ST[3]==133;ST[24]==152;ST[47]==169;ST[44]==182;ST[17]==189;ST[22]==213;ST[42]==225;ST[8]==230;ST[41]==237;ST[10]==256;ST[46]==261;ST[25]==265;ST[45]==276;ST[19]==280;ST[6]==299;ST[7]==308;ST[1]==331;ST[30]==343;ST[15]==358;ST[28]==380;ST[2]==396;ST[35]==407;ST[23]==419;ST[39]==428;ST[34]==449;ST[5]==465;ST[37]==476;ST[43]==487;ST[49]==504;ST[26]==511;ST[18]==522;ST[29]==543;ST[20]==548;ST[40]==567;ST[4]==585;ST[31]==604;ST[13]==623;
552.907

objVal=552.907
time=10.1262
u[0][48]==1;u[48][27]==1;u[27][33]==1;u[33][17]==1;u[17][41]==1;u[41][32]==1;u[32][36]==1;u[36][42]==1;u[42][6]==1;u[6][47]==1;u[47][20]==1;u[20][22]==1;u[22][24]==1;u[24][19]==1;u[19][50]==1;u[50][31]==1;u[31][46]==1;u[46][30]==1;u[30][21]==1;u[21][35]==1;u[35][1]==1;u[1][25]==1;u[25][2]==1;u[2][7]==1;u[7][43]==1;u[43][39]==1;u[39][8]==1;u[8][29]==1;u[29][26]==1;u[26][34]==1;u[34][10]==1;u[10][49]==1;u[49][13]==1;u[13][45]==1;u[45][5]==1;u[5][37]==1;u[37][40]==1;u[40][4]==1;u[4][23]==1;
a[1]==1;a[2]==1;a[3]==0;a[4]==1;a[5]==1;a[6]==1;a[7]==1;a[8]==1;a[9]==0;a[10]==1;a[11]==0;a[12]==0;a[13]==1;a[14]==0;a[15]==0;a[16]==0;a[17]==1;a[18]==0;a[19]==1;a[20]==1;a[21]==1;a[22]==1;a[23]==1;a[24]==1;a[25]==1;a[26]==1;a[27]==1;a[28]==0;a[29]==1;a[30]==1;a[31]==1;a[32]==1;a[33]==1;a[34]==1;a[35]==1;a[36]==1;a[37]==1;a[38]==0;a[39]==1;a[40]==1;a[41]==1;a[42]==1;a[43]==1;a[44]==0;a[45]==1;a[46]==1;a[47]==1;a[48]==1;a[49]==1;a[50]==1;
C[48]==42;C[27]==64;C[33]==94;C[17]==122;C[41]==138;C[32]==145;C[36]==150;C[42]==157;C[6]==168;C[47]==179;C[20]==197;C[22]==209;C[24]==225;C[19]==244;C[50]==266;C[31]==283;C[46]==288;C[30]==300;C[21]==316;C[35]==328;C[1]==340;C[25]==351;C[2]==364;C[7]==386;C[43]==404;C[39]==425;C[8]==431;C[29]==435;C[26]==449;C[34]==465;C[10]==472;C[49]==477;C[13]==484;C[45]==491;C[5]==504;C[37]==515;C[40]==530;C[4]==549;C[23]==557;
ST[48]==31;ST[27]==42;ST[33]==64;ST[17]==94;ST[41]==122;ST[32]==138;ST[36]==145;ST[42]==150;ST[6]==158;ST[47]==168;ST[20]==179;ST[22]==197;ST[24]==209;ST[19]==225;ST[50]==244;ST[31]==266;ST[46]==283;ST[30]==288;ST[21]==300;ST[35]==316;ST[1]==328;ST[25]==340;ST[2]==351;ST[7]==364;ST[43]==386;ST[39]==404;ST[8]==425;ST[29]==431;ST[26]==435;ST[34]==449;ST[10]==465;ST[49]==472;ST[13]==477;ST[45]==484;ST[5]==491;ST[37]==504;ST[40]==515;ST[4]==530;ST[23]==549;
523.672

objVal=523.672
time=9.49453
u[0][27]==1;u[27][33]==1;u[33][16]==1;u[16][48]==1;u[48][32]==1;u[32][36]==1;u[36][19]==1;u[19][18]==1;u[18][9]==1;u[9][41]==1;u[41][46]==1;u[46][24]==1;u[24][44]==1;u[44][22]==1;u[22][42]==1;u[42][8]==1;u[8][29]==1;u[29][6]==1;u[6][10]==1;u[10][47]==1;u[47][50]==1;u[50][30]==1;u[30][21]==1;u[21][1]==1;u[1][38]==1;u[38][35]==1;u[35][13]==1;u[13][20]==1;u[20][28]==1;u[28][2]==1;u[2][37]==1;u[37][43]==1;u[43][39]==1;u[39][25]==1;u[25][34]==1;u[34][45]==1;u[45][5]==1;u[5][40]==1;u[40][26]==1;u[26][7]==1;u[7][23]==1;u[23][49]==1;u[49][4]==1;u[4][31]==1;
a[1]==1;a[2]==1;a[3]==0;a[4]==1;a[5]==1;a[6]==1;a[7]==1;a[8]==1;a[9]==1;a[10]==1;a[11]==0;a[12]==0;a[13]==1;a[14]==0;a[15]==0;a[16]==1;a[17]==0;a[18]==1;a[19]==1;a[20]==1;a[21]==1;a[22]==1;a[23]==1;a[24]==1;a[25]==1;a[26]==1;a[27]==1;a[28]==1;a[29]==1;a[30]==1;a[31]==1;a[32]==1;a[33]==1;a[34]==1;a[35]==1;a[36]==1;a[37]==1;a[38]==1;a[39]==1;a[40]==1;a[41]==1;a[42]==1;a[43]==1;a[44]==1;a[45]==1;a[46]==1;a[47]==1;a[48]==1;a[49]==1;a[50]==1;
C[27]==31;C[33]==64;C[16]==81;C[48]==93;C[32]==100;C[36]==105;C[19]==125;C[18]==148;C[9]==162;C[41]==178;C[46]==182;C[24]==196;C[44]==200;C[22]==212;C[42]==217;C[8]==224;C[29]==228;C[6]==236;C[10]==244;C[47]==253;C[50]==273;C[30]==285;C[21]==301;C[1]==319;C[38]==338;C[35]==348;C[13]==356;C[20]==374;C[28]==389;C[2]==400;C[37]==409;C[43]==426;C[39]==447;C[25]==458;C[34]==478;C[45]==483;C[5]==496;C[40]==510;C[26]==522;C[7]==546;C[23]==560;C[49]==568;C[4]==587;C[31]==606;
ST[27]==2;ST[33]==34;ST[16]==64;ST[48]==81;ST[32]==93;ST[36]==100;ST[19]==105;ST[18]==125;ST[9]==148;ST[41]==162;ST[46]==178;ST[24]==182;ST[44]==196;ST[22]==200;ST[42]==212;ST[8]==217;ST[29]==224;ST[6]==228;ST[10]==238;ST[47]==244;ST[50]==253;ST[30]==273;ST[21]==285;ST[1]==301;ST[38]==319;ST[35]==338;ST[13]==348;ST[20]==356;ST[28]==374;ST[2]==389;ST[37]==400;ST[43]==409;ST[39]==426;ST[25]==447;ST[34]==458;ST[45]==478;ST[5]==483;ST[40]==496;ST[26]==510;ST[7]==522;ST[23]==546;ST[49]==560;ST[4]==568;ST[31]==587;
555.074

objVal=555.074
time=10.2121
