u[0][3]==1;u[3][2]==1;u[2][6]==1;u[6][20]==1;u[20][21]==1;u[21][25]==1;u[25][16]==1;u[16][15]==1;u[15][1]==1;u[1][9]==1;u[9][14]==1;u[14][4]==1;u[4][7]==1;u[7][18]==1;u[18][12]==1;u[12][22]==1;u[22][8]==1;u[8][19]==1;u[19][5]==1;u[5][11]==1;u[11][23]==1;
a[1]==1;a[2]==1;a[3]==1;a[4]==1;a[5]==1;a[6]==1;a[7]==1;a[8]==1;a[9]==1;a[10]==0;a[11]==1;a[12]==1;a[13]==0;a[14]==1;a[15]==1;a[16]==1;a[17]==0;a[18]==1;a[19]==1;a[20]==1;a[21]==1;a[22]==1;a[23]==1;a[24]==0;a[25]==1;
C[3]==35;C[2]==49;C[6]==61;C[20]==73;C[21]==92;C[25]==102;C[16]==120;C[15]==150;C[1]==159;C[9]==175;C[14]==183;C[4]==195;C[7]==215;C[18]==221;C[12]==229;C[22]==247;C[8]==264;C[19]==280;C[5]==302;C[11]==318;C[23]==335;
ST[3]==8;ST[2]==35;ST[6]==49;ST[20]==61;ST[21]==84;ST[25]==92;ST[16]==102;ST[15]==120;ST[1]==150;ST[9]==159;ST[14]==176;ST[4]==183;ST[7]==195;ST[18]==215;ST[12]==222;ST[22]==229;ST[8]==247;ST[19]==264;ST[5]==280;ST[11]==302;ST[23]==318;
259.843

objVal=259.843
time=6.51255
u[0][9]==1;u[9][2]==1;u[2][20]==1;u[20][24]==1;u[24][21]==1;u[21][25]==1;u[25][16]==1;u[16][15]==1;u[15][1]==1;u[1][4]==1;u[4][14]==1;u[14][7]==1;u[7][18]==1;u[18][12]==1;u[12][22]==1;u[22][8]==1;u[8][19]==1;u[19][5]==1;u[5][11]==1;u[11][23]==1;
a[1]==1;a[2]==1;a[3]==0;a[4]==1;a[5]==1;a[6]==0;a[7]==1;a[8]==1;a[9]==1;a[10]==0;a[11]==1;a[12]==1;a[13]==0;a[14]==1;a[15]==1;a[16]==1;a[17]==0;a[18]==1;a[19]==1;a[20]==1;a[21]==1;a[22]==1;a[23]==1;a[24]==1;a[25]==1;
C[9]==35;C[2]==53;C[20]==67;C[24]==90;C[21]==95;C[25]==105;C[16]==123;C[15]==153;C[1]==162;C[4]==177;C[14]==183;C[7]==208;C[18]==214;C[12]==229;C[22]==247;C[8]==264;C[19]==280;C[5]==302;C[11]==318;C[23]==335;
ST[9]==18;ST[2]==35;ST[20]==53;ST[24]==71;ST[21]==90;ST[25]==95;ST[16]==105;ST[15]==123;ST[1]==153;ST[4]==162;ST[14]==177;ST[7]==184;ST[18]==208;ST[12]==222;ST[22]==229;ST[8]==247;ST[19]==264;ST[5]==280;ST[11]==302;ST[23]==318;
249.598

objVal=249.598
time=6.34166
u[0][3]==1;u[3][2]==1;u[2][20]==1;u[20][9]==1;u[9][21]==1;u[21][25]==1;u[25][16]==1;u[16][1]==1;u[1][24]==1;u[24][15]==1;u[15][14]==1;u[14][4]==1;u[4][22]==1;u[22][12]==1;u[12][19]==1;u[19][8]==1;u[8][5]==1;u[5][11]==1;u[11][23]==1;
a[1]==1;a[2]==1;a[3]==1;a[4]==1;a[5]==1;a[6]==0;a[7]==0;a[8]==1;a[9]==1;a[10]==0;a[11]==1;a[12]==1;a[13]==0;a[14]==1;a[15]==1;a[16]==1;a[17]==0;a[18]==0;a[19]==1;a[20]==1;a[21]==1;a[22]==1;a[23]==1;a[24]==1;a[25]==1;
C[3]==35;C[2]==49;C[20]==63;C[9]==81;C[21]==93;C[25]==103;C[16]==121;C[1]==138;C[24]==157;C[15]==187;C[14]==195;C[4]==207;C[22]==221;C[12]==233;C[19]==247;C[8]==264;C[5]==280;C[11]==296;C[23]==313;
ST[3]==8;ST[2]==35;ST[20]==49;ST[9]==63;ST[21]==84;ST[25]==93;ST[16]==103;ST[1]==126;ST[24]==138;ST[15]==157;ST[14]==187;ST[4]==195;ST[22]==207;ST[12]==222;ST[19]==233;ST[8]==247;ST[5]==264;ST[11]==280;ST[23]==296;
256.735

objVal=256.735
time=6.2011
u[0][2]==1;u[2][20]==1;u[20][24]==1;u[24][21]==1;u[21][25]==1;u[25][16]==1;u[16][1]==1;u[1][9]==1;u[9][15]==1;u[15][4]==1;u[4][14]==1;u[14][22]==1;u[22][12]==1;u[12][19]==1;u[19][8]==1;u[8][5]==1;u[5][11]==1;u[11][23]==1;
a[1]==1;a[2]==1;a[3]==0;a[4]==1;a[5]==1;a[6]==0;a[7]==0;a[8]==1;a[9]==1;a[10]==0;a[11]==1;a[12]==1;a[13]==0;a[14]==1;a[15]==1;a[16]==1;a[17]==0;a[18]==0;a[19]==1;a[20]==1;a[21]==1;a[22]==1;a[23]==1;a[24]==1;a[25]==1;
C[2]==50;C[20]==64;C[24]==90;C[21]==95;C[25]==105;C[16]==123;C[1]==138;C[9]==154;C[15]==183;C[4]==197;C[14]==203;C[22]==217;C[12]==233;C[19]==247;C[8]==264;C[5]==280;C[11]==296;C[23]==313;
ST[2]==35;ST[20]==50;ST[24]==71;ST[21]==90;ST[25]==95;ST[16]==105;ST[1]==126;ST[9]==138;ST[15]==154;ST[4]==183;ST[14]==197;ST[22]==205;ST[12]==222;ST[19]==233;ST[8]==247;ST[5]==264;ST[11]==280;ST[23]==296;
240.264

objVal=240.264
time=6.53823
u[0][9]==1;u[9][2]==1;u[2][20]==1;u[20][24]==1;u[24][21]==1;u[21][25]==1;u[25][16]==1;u[16][15]==1;u[15][1]==1;u[1][4]==1;u[4][14]==1;u[14][7]==1;u[7][18]==1;u[18][12]==1;u[12][22]==1;u[22][8]==1;u[8][19]==1;u[19][5]==1;u[5][11]==1;u[11][23]==1;
a[1]==1;a[2]==1;a[3]==0;a[4]==1;a[5]==1;a[6]==0;a[7]==1;a[8]==1;a[9]==1;a[10]==0;a[11]==1;a[12]==1;a[13]==0;a[14]==1;a[15]==1;a[16]==1;a[17]==0;a[18]==1;a[19]==1;a[20]==1;a[21]==1;a[22]==1;a[23]==1;a[24]==1;a[25]==1;
C[9]==35;C[2]==53;C[20]==67;C[24]==90;C[21]==95;C[25]==105;C[16]==123;C[15]==153;C[1]==162;C[4]==177;C[14]==183;C[7]==208;C[18]==214;C[12]==229;C[22]==247;C[8]==264;C[19]==280;C[5]==302;C[11]==318;C[23]==335;
ST[9]==18;ST[2]==35;ST[20]==53;ST[24]==71;ST[21]==90;ST[25]==95;ST[16]==105;ST[15]==123;ST[1]==153;ST[4]==162;ST[14]==177;ST[7]==184;ST[18]==208;ST[12]==222;ST[22]==229;ST[8]==247;ST[19]==264;ST[5]==280;ST[11]==302;ST[23]==318;
249.598

objVal=249.598
time=6.65247
u[0][9]==1;u[9][2]==1;u[2][6]==1;u[6][20]==1;u[20][21]==1;u[21][25]==1;u[25][16]==1;u[16][15]==1;u[15][1]==1;u[1][4]==1;u[4][14]==1;u[14][7]==1;u[7][18]==1;u[18][12]==1;u[12][22]==1;u[22][8]==1;u[8][19]==1;u[19][5]==1;u[5][11]==1;u[11][23]==1;
a[1]==1;a[2]==1;a[3]==0;a[4]==1;a[5]==1;a[6]==1;a[7]==1;a[8]==1;a[9]==1;a[10]==0;a[11]==1;a[12]==1;a[13]==0;a[14]==1;a[15]==1;a[16]==1;a[17]==0;a[18]==1;a[19]==1;a[20]==1;a[21]==1;a[22]==1;a[23]==1;a[24]==0;a[25]==1;
C[9]==35;C[2]==53;C[6]==65;C[20]==77;C[21]==92;C[25]==102;C[16]==120;C[15]==150;C[1]==159;C[4]==174;C[14]==182;C[7]==208;C[18]==214;C[12]==229;C[22]==247;C[8]==264;C[19]==280;C[5]==302;C[11]==318;C[23]==335;
ST[9]==18;ST[2]==35;ST[6]==53;ST[20]==65;ST[21]==84;ST[25]==92;ST[16]==102;ST[15]==120;ST[1]==150;ST[4]==159;ST[14]==176;ST[7]==184;ST[18]==208;ST[12]==222;ST[22]==229;ST[8]==247;ST[19]==264;ST[5]==280;ST[11]==302;ST[23]==318;
249.298

objVal=249.298
time=6.95536
u[0][9]==1;u[9][2]==1;u[2][20]==1;u[20][24]==1;u[24][21]==1;u[21][25]==1;u[25][16]==1;u[16][15]==1;u[15][1]==1;u[1][4]==1;u[4][14]==1;u[14][7]==1;u[7][18]==1;u[18][12]==1;u[12][22]==1;u[22][8]==1;u[8][19]==1;u[19][5]==1;u[5][11]==1;u[11][23]==1;
a[1]==1;a[2]==1;a[3]==0;a[4]==1;a[5]==1;a[6]==0;a[7]==1;a[8]==1;a[9]==1;a[10]==0;a[11]==1;a[12]==1;a[13]==0;a[14]==1;a[15]==1;a[16]==1;a[17]==0;a[18]==1;a[19]==1;a[20]==1;a[21]==1;a[22]==1;a[23]==1;a[24]==1;a[25]==1;
C[9]==35;C[2]==53;C[20]==67;C[24]==90;C[21]==95;C[25]==105;C[16]==123;C[15]==153;C[1]==162;C[4]==177;C[14]==183;C[7]==208;C[18]==214;C[12]==229;C[22]==247;C[8]==264;C[19]==280;C[5]==302;C[11]==318;C[23]==335;
ST[9]==18;ST[2]==35;ST[20]==53;ST[24]==71;ST[21]==90;ST[25]==95;ST[16]==105;ST[15]==123;ST[1]==153;ST[4]==162;ST[14]==177;ST[7]==184;ST[18]==208;ST[12]==222;ST[22]==229;ST[8]==247;ST[19]==264;ST[5]==280;ST[11]==302;ST[23]==318;
249.598

objVal=249.598
time=6.55101
u[0][9]==1;u[9][2]==1;u[2][20]==1;u[20][24]==1;u[24][21]==1;u[21][25]==1;u[25][16]==1;u[16][15]==1;u[15][1]==1;u[1][4]==1;u[4][14]==1;u[14][7]==1;u[7][18]==1;u[18][12]==1;u[12][22]==1;u[22][8]==1;u[8][19]==1;u[19][5]==1;u[5][11]==1;u[11][23]==1;
a[1]==1;a[2]==1;a[3]==0;a[4]==1;a[5]==1;a[6]==0;a[7]==1;a[8]==1;a[9]==1;a[10]==0;a[11]==1;a[12]==1;a[13]==0;a[14]==1;a[15]==1;a[16]==1;a[17]==0;a[18]==1;a[19]==1;a[20]==1;a[21]==1;a[22]==1;a[23]==1;a[24]==1;a[25]==1;
C[9]==35;C[2]==53;C[20]==67;C[24]==90;C[21]==95;C[25]==105;C[16]==123;C[15]==153;C[1]==162;C[4]==177;C[14]==183;C[7]==208;C[18]==214;C[12]==229;C[22]==247;C[8]==264;C[19]==280;C[5]==302;C[11]==318;C[23]==335;
ST[9]==18;ST[2]==35;ST[20]==53;ST[24]==71;ST[21]==90;ST[25]==95;ST[16]==105;ST[15]==123;ST[1]==153;ST[4]==162;ST[14]==177;ST[7]==184;ST[18]==208;ST[12]==222;ST[22]==229;ST[8]==247;ST[19]==264;ST[5]==280;ST[11]==302;ST[23]==318;
249.598

objVal=249.598
time=6.7887
u[0][3]==1;u[3][2]==1;u[2][9]==1;u[9][20]==1;u[20][21]==1;u[21][25]==1;u[25][16]==1;u[16][15]==1;u[15][1]==1;u[1][17]==1;u[17][14]==1;u[14][7]==1;u[7][4]==1;u[4][22]==1;u[22][19]==1;u[19][8]==1;u[8][5]==1;u[5][11]==1;u[11][23]==1;
a[1]==1;a[2]==1;a[3]==1;a[4]==1;a[5]==1;a[6]==0;a[7]==1;a[8]==1;a[9]==1;a[10]==0;a[11]==1;a[12]==0;a[13]==0;a[14]==1;a[15]==1;a[16]==1;a[17]==1;a[18]==0;a[19]==1;a[20]==1;a[21]==1;a[22]==1;a[23]==1;a[24]==0;a[25]==1;
C[3]==35;C[2]==49;C[9]==68;C[20]==82;C[21]==92;C[25]==102;C[16]==120;C[15]==150;C[1]==159;C[17]==178;C[14]==187;C[7]==211;C[4]==225;C[22]==239;C[19]==254;C[8]==271;C[5]==287;C[11]==303;C[23]==320;
ST[3]==8;ST[2]==35;ST[9]==49;ST[20]==68;ST[21]==84;ST[25]==92;ST[16]==102;ST[15]==120;ST[1]==150;ST[17]==159;ST[14]==178;ST[7]==187;ST[4]==211;ST[22]==225;ST[19]==239;ST[8]==254;ST[5]==271;ST[11]==287;ST[23]==303;
260.818

objVal=260.818
time=6.72696
u[0][6]==1;u[6][3]==1;u[3][2]==1;u[2][20]==1;u[20][21]==1;u[21][25]==1;u[25][16]==1;u[16][15]==1;u[15][1]==1;u[1][9]==1;u[9][14]==1;u[14][7]==1;u[7][18]==1;u[18][4]==1;u[4][22]==1;u[22][8]==1;u[8][19]==1;u[19][5]==1;u[5][11]==1;u[11][23]==1;
a[1]==1;a[2]==1;a[3]==1;a[4]==1;a[5]==1;a[6]==1;a[7]==1;a[8]==1;a[9]==1;a[10]==0;a[11]==1;a[12]==0;a[13]==0;a[14]==1;a[15]==1;a[16]==1;a[17]==0;a[18]==1;a[19]==1;a[20]==1;a[21]==1;a[22]==1;a[23]==1;a[24]==0;a[25]==1;
C[6]==21;C[3]==43;C[2]==57;C[20]==71;C[21]==92;C[25]==102;C[16]==120;C[15]==150;C[1]==159;C[9]==175;C[14]==183;C[7]==208;C[18]==214;C[4]==230;C[22]==244;C[8]==264;C[19]==280;C[5]==302;C[11]==318;C[23]==335;
ST[6]==9;ST[3]==21;ST[2]==43;ST[20]==57;ST[21]==84;ST[25]==92;ST[16]==102;ST[15]==120;ST[1]==150;ST[9]==159;ST[14]==176;ST[7]==184;ST[18]==208;ST[4]==214;ST[22]==230;ST[8]==247;ST[19]==264;ST[5]==280;ST[11]==302;ST[23]==318;
250.702

objVal=250.702
time=6.91561
