iteration,exchange,exchangeRandom,inversion,swap,scramble,randomShuffle,add,addRandomly,shift
0,100,100,100,100,100,100,100,100,100
1,117,110,77,82,92,95,113,115,99
2,96,100,95,130,91,82,107,90,109
3,85,87,104,148,91,96,111,78,100
4,102,97,84,163,80,95,99,89,91
5,80,96,87,190,94,91,88,79,95
6,75,91,85,218,89,97,74,84,87
7,80,90,82,260,71,81,77,83,76
8,87,76,107,221,85,79,79,82,84
9,68,87,74,279,86,75,78,90,63
10,74,64,71,294,79,79,85,72,82
11,68,72,101,274,78,83,79,78,67
12,78,57,84,291,71,75,79,93,72
13,69,73,87,287,88,70,77,74,75
14,73,49,129,314,52,64,79,69,71
15,63,70,134,297,61,69,65,66,75
16,57,72,178,275,67,62,63,68,58
17,70,42,195,268,56,66,67,73,63
18,54,61,218,268,59,62,61,61,56
19,51,69,216,272,46,54,47,85,60
20,57,55,214,261,51,55,67,94,46
21,40,51,223,283,51,50,47,94,61
22,51,60,244,246,50,54,51,100,44
23,53,43,270,243,54,47,49,89,52
24,45,47,268,221,46,54,51,129,39
25,54,47,259,230,47,47,42,133,41
26,53,38,234,224,39,40,49,169,54
27,33,55,236,229,49,59,38,155,46
28,57,49,280,197,49,39,30,150,49
29,41,44,306,178,36,50,43,168,34
30,50,47,316,183,52,39,43,136,34
31,31,57,325,179,39,37,32,143,57
32,34,38,356,169,46,32,47,138,40
33,45,39,338,175,44,49,40,126,44
34,38,41,373,155,46,46,40,126,35
35,35,36,375,179,31,37,55,110,42
36,37,39,396,146,44,33,47,119,39
37,47,34,379,148,36,39,69,115,33
38,37,39,394,141,39,37,76,100,37
39,28,42,372,169,49,31,103,83,23
40,27,37,371,169,36,39,91,92,38
41,40,29,358,198,39,26,90,90,30
42,28,26,364,201,41,29,65,108,38
43,38,25,339,226,36,32,71,95,38
44,32,34,326,271,34,27,75,72,29
45,28,36,319,279,28,33,68,72,37
46,33,35,301,285,33,32,83,72,26
47,43,33,282,322,41,26,60,69,24
48,31,21,241,328,34,27,92,98,28
49,24,23,268,346,22,26,67,97,27
50,27,35,225,343,23,25,85,106,31
51,34,27,251,302,23,29,81,138,15
52,30,30,244,274,26,21,77,175,23
53,32,31,236,287,37,23,68,161,25
54,25,26,215,301,27,22,58,200,26
55,28,24,219,246,37,29,65,221,31
56,32,23,183,312,30,36,84,173,27
57,34,21,197,333,19,28,62,185,21
58,27,23,186,325,31,34,52,191,31
59,20,25,163,358,25,35,65,188,21
60,29,26,180,365,24,21,70,163,22
61,28,24,150,362,28,21,63,195,29
62,29,41,145,390,42,24,55,146,28
63,21,22,158,396,28,38,52,164,21
64,18,16,126,443,38,26,57,147,29
65,33,22,153,425,23,31,47,147,19
66,18,18,141,450,22,28,56,134,33
67,25,20,130,447,31,32,45,143,27
68,24,25,131,481,24,26,48,112,29
69,25,36,133,467,30,28,48,112,21
70,23,24,125,497,31,30,49,104,17
71,29,19,95,507,23,25,56,117,29
72,18,17,106,510,27,30,37,128,27
73,25,28,116,520,20,39,39,86,27
74,29,21,87,527,25,25,49,107,30
75,23,23,97,540,26,27,46,93,25
76,28,20,77,548,21,30,31,108,37
77,22,30,91,548,17,31,35,94,32
78,27,21,97,553,25,24,39,90,24
79,29,21,87,526,29,22,76,89,21
80,33,28,73,506,29,17,104,93,17
81,23,26,83,477,28,26,146,59,32
82,24,19,85,455,20,23,167,83,24
83,20,22,81,457,23,27,172,79,19
84,21,22,69,435,21,26,203,72,31
85,36,25,69,406,25,25,235,52,27
86,31,12,67,404,20,24,259,65,18
87,22,23,56,379,27,26,271,75,21
88,31,23,62,370,22,26,274,63,29
89,23,22,58,356,29,21,301,63,27
90,18,24,59,329,19,22,352,61,16
91,25,18,57,303,26,21,361,66,23
92,21,16,59,330,29,24,342,60,19
93,24,24,63,279,18,18,403,46,25
94,25,17,66,266,18,38,405,47,18
95,15,19,45,271,21,22,440,52,15
96,21,16,44,243,26,19,445,58,28
97,23,13,51,245,24,19,450,45,30
98,22,17,48,239,28,23,453,44,26
99,26,17,55,230,20,18,466,43,25
100,26,22,43,203,22,22,478,59,25
101,30,20,44,230,26,21,458,50,21
102,18,25,47,200,19,26,510,37,18
103,62,16,38,199,23,33,465,40,24
104,46,25,36,184,22,16,508,42,21
105,53,26,40,173,28,19,495,42,24
106,52,22,41,181,25,28,493,40,18
107,46,15,45,180,20,22,505,41,26
108,48,14,40,189,15,22,510,35,27
109,37,21,39,170,22,21,522,42,26
110,49,13,26,163,19,22,547,43,18
111,52,23,35,155,14,18,549,33,21
112,37,18,36,176,18,24,528,37,26
113,34,18,39,143,30,27,560,33,16
114,38,24,32,146,20,21,546,41,32
115,40,16,40,147,18,32,563,24,20
116,40,30,35,121,19,22,594,22,17
117,43,21,35,115,19,24,586,32,25
118,46,19,21,122,21,22,599,31,19
119,40,20,27,106,18,26,603,33,27
120,42,26,30,111,29,14,594,28,26
121,35,14,24,106,23,18,627,26,27
122,38,20,30,97,25,27,610,30,23
123,35,22,31,106,14,21,623,32,16
124,25,11,32,78,23,30,646,28,27
125,35,12,27,90,16,20,636,42,22
126,38,13,17,98,25,18,577,62,52
127,34,14,26,80,13,24,601,51,57
128,34,12,27,94,18,19,587,61,48
129,28,23,32,88,10,15,581,66,57
130,28,18,27,77,18,18,610,67,37
131,24,20,24,69,13,17,621,75,37
132,20,16,23,71,19,26,611,72,42
133,37,16,18,75,29,18,546,116,45
134,26,13,28,73,11,32,581,103,33
135,29,19,27,62,21,28,593,86,35
136,28,18,24,67,17,11,613,86,36
137,28,18,23,64,18,27,590,99,33
138,34,18,27,57,21,24,586,91,42
139,26,17,19,46,14,12,616,119,31
140,24,24,19,53,26,16,579,131,28
141,20,16,23,52,16,17,580,144,32
142,18,31,24,46,16,21,571,148,25
143,28,16,20,39,20,21,569,155,32
144,18,13,19,34,9,16,582,137,72
145,20,10,13,39,16,25,565,136,76
146,23,12,12,38,21,21,570,144,59
147,14,19,22,39,19,16,552,173,46
148,12,17,38,37,20,13,503,191,69
149,20,18,36,29,19,21,474,184,99
150,22,12,48,27,13,17,474,154,133
151,11,20,37,28,17,11,435,156,185
152,28,14,40,32,15,25,402,141,203
153,13,14,40,36,21,23,397,134,222
154,13,18,32,34,19,19,386,151,228
155,23,21,33,17,22,14,395,117,258
156,20,16,22,26,30,11,345,145,285
157,10,18,31,30,14,17,345,123,312
158,15,12,24,19,19,17,352,137,305
159,23,16,31,28,20,20,311,108,343
160,18,13,39,33,20,21,311,112,333
161,23,17,25,26,16,19,286,117,371
162,18,16,36,21,22,23,282,99,383
163,20,14,20,77,14,12,235,96,412
164,18,19,33,62,14,19,294,64,377
165,19,16,27,53,22,15,250,82,416
166,16,17,28,51,18,24,236,93,417
167,18,20,25,47,20,14,235,69,452
168,16,19,32,41,21,12,241,79,439
169,17,19,26,36,17,34,229,73,449
170,13,53,22,37,14,25,186,62,488
171,11,77,21,44,13,27,210,55,442
172,15,107,22,28,9,18,171,55,475
173,13,129,20,37,19,15,192,47,428
174,18,131,22,28,13,12,205,47,424
175,15,123,22,30,13,19,239,49,390
176,18,116,18,32,17,13,259,41,386
177,15,100,10,33,25,20,294,41,362
178,17,92,26,31,18,15,304,47,350
179,17,101,21,40,17,25,301,43,335
180,22,90,20,32,20,16,364,43,293
181,20,99,24,32,15,12,372,34,292
182,10,127,23,24,19,17,362,42,276
183,11,82,25,34,25,18,411,23,271
184,16,77,23,31,18,23,409,39,264
185,17,70,29,27,21,12,451,43,230
186,13,73,20,36,18,19,450,32,239
187,17,74,20,20,18,13,488,39,211
188,18,71,15,34,22,18,478,29,215
189,17,67,21,20,20,17,519,30,189
190,14,71,14,43,19,21,496,34,188
191,16,65,24,18,23,17,469,39,229
192,16,66,28,28,17,14,444,37,250
193,19,58,24,17,19,24,435,39,265
194,17,60,24,34,17,12,404,38,294
195,20,49,27,54,17,13,365,33,322
196,23,58,13,68,22,16,366,26,308
197,17,48,24,58,15,18,338,24,358
198,19,50,21,49,22,14,324,29,372
199,19,41,18,64,16,25,341,23,353
200,25,44,24,46,15,13,330,24,379
201,19,33,31,61,18,22,298,33,385
202,24,44,14,48,18,17,243,33,459
203,19,29,14,43,14,20,263,31,467
204,20,49,19,46,18,14,278,25,431
205,10,33,10,38,14,22,315,31,427
206,22,33,12,36,22,18,295,27,435
207,13,41,13,40,23,17,269,21,463
208,13,30,24,41,20,17,260,22,473
209,15,36,16,34,16,15,252,23,493
210,18,26,13,35,18,21,250,21,498
211,14,28,22,31,15,23,239,24,504
212,23,31,23,31,20,12,230,41,489
213,20,26,19,33,14,16,207,94,471
214,15,28,14,10,17,15,193,115,493
215,21,16,15,31,12,24,176,107,498
216,19,33,12,29,14,12,213,98,470
217,18,21,8,25,13,11,177,108,519
218,24,24,16,33,16,43,177,91,476
219,16,17,15,31,30,49,212,91,439
220,13,23,14,23,14,51,234,96,432
221,22,26,13,18,23,46,253,70,429
222,12,31,17,21,17,44,289,80,389
223,20,25,16,26,15,51,286,67,394
224,18,14,15,28,20,38,320,83,364
225,23,27,9,22,15,42,325,62,375
226,17,26,11,28,20,39,329,74,356
227,24,20,21,22,17,41,315,56,384
228,24,34,27,25,24,39,307,48,372
229,18,19,15,22,22,38,294,65,407
230,16,15,18,14,18,74,279,55,411
231,17,15,14,11,13,94,267,48,421
232,12,23,12,24,12,105,276,39,397
233,11,12,16,20,12,162,270,51,346
234,15,14,19,18,13,186,229,39,367
235,22,24,19,14,19,206,223,43,330
236,14,19,18,17,12,236,203,42,339
237,18,19,23,15,17,260,174,39,335
238,14,24,13,24,22,258,143,65,337
239,13,24,13,16,11,254,161,102,306
240,14,8,11,14,13,270,132,119,319
241,14,11,12,20,15,270,119,147,292
242,16,22,10,18,13,281,100,149,291
243,11,11,15,10,15,312,109,150,267
244,12,12,11,18,11,338,91,177,230
245,12,8,12,10,12,314,87,183,262
246,13,14,21,17,14,313,83,161,264
247,16,18,9,24,21,267,80,158,307
248,14,16,14,17,13,235,80,145,366
249,18,14,18,12,17,246,82,133,360
250,15,18,16,23,9,254,66,159,340
251,13,21,14,14,11,274,75,151,327
252,15,14,11,17,14,278,52,154,345
253,9,9,9,9,18,266,60,180,340
254,10,20,14,8,12,270,62,149,355
255,14,8,9,15,46,285,44,167,312
256,9,8,11,12,29,271,38,174,348
257,11,15,48,15,36,302,35,155,283
258,10,15,92,14,41,244,32,146,306
259,9,11,118,12,41,269,33,143,264
260,9,16,139,14,32,269,38,115,268
261,10,9,151,15,33,278,25,103,276
262,10,12,169,14,28,278,30,88,271
263,12,8,156,13,23,264,30,110,284
264,11,7,137,16,24,265,24,138,278
265,16,10,135,14,20,223,18,202,262
266,45,7,140,10,22,235,26,184,231
267,97,11,142,8,22,205,24,159,232
268,133,14,111,14,20,212,12,159,225
269,153,13,131,9,31,206,17,144,196
270,179,10,109,8,22,206,28,142,196
271,200,14,109,13,26,180,21,153,184
272,226,18,105,12,31,169,27,125,187
273,275,8,110,14,19,175,27,123,149
274,299,10,93,26,20,157,27,125,143
275,327,16,90,19,21,135,26,116,150
276,331,15,83,17,19,132,29,128,146
277,378,15,83,7,11,141,27,95,143
278,362,15,84,14,31,136,20,100,138
279,396,12,88,18,18,133,14,101,120
280,409,17,75,16,15,102,22,90,154
281,417,11,67,19,16,106,31,88,145
282,464,11,49,8,20,98,21,82,147
283,470,9,69,9,20,86,25,81,131
284,466,17,69,14,19,95,27,75,118
285,479,24,52,18,21,92,18,82,114
286,499,13,65,17,27,72,22,72,113
287,490,18,53,22,17,82,23,72,123
288,488,22,49,21,51,79,21,60,109
289,508,14,37,18,94,75,21,40,93
290,475,16,41,19,115,73,24,54,83
291,434,21,47,16,164,81,19,46,72
292,392,24,51,16,174,88,15,51,89
293,400,18,38,14,211,47,21,75,76
294,374,20,36,11,233,49,15,94,68
295,378,15,29,16,189,58,19,139,57
296,356,10,35,7,243,37,16,110,86
297,312,17,27,10,248,38,14,118,116
298,289,21,26,10,257,32,17,141,107
299,294,9,24,9,295,36,11,108,114
