iteration,exchange,exchangeRandom,inversion,swap,scramble,add,addRandomly,shift
0,50,50,50,50,50,50,50,50
1,53,48,64,55,60,57,49,14
2,36,35,38,35,173,44,35,4
3,24,152,34,12,124,29,25,0
4,9,95,26,11,224,22,13,0
5,5,70,15,7,266,27,10,0
6,6,34,10,2,314,30,4,0
7,8,30,6,1,322,26,7,0
8,3,16,3,0,347,26,5,0
9,1,6,2,0,359,30,2,0
10,0,7,2,0,361,29,1,0
11,2,5,1,0,357,32,3,0
12,0,3,2,0,362,32,1,0
13,2,3,1,0,361,31,2,0
14,0,2,0,0,364,32,2,0
15,1,2,3,0,357,33,4,0
16,0,1,2,0,362,34,1,0
17,1,0,3,0,360,35,1,0
18,2,0,0,0,361,37,0,0
19,1,3,1,0,358,36,1,0
20,2,0,3,0,217,21,157,0
21,2,1,0,0,151,8,238,0
22,0,3,1,0,79,1,316,0
23,1,0,2,1,56,1,339,0
24,1,1,0,2,37,0,359,0
25,0,0,1,0,16,0,383,0
26,1,0,0,2,19,0,378,0
27,0,0,1,1,164,0,234,0
28,0,1,1,0,278,0,120,0
29,1,1,1,0,329,0,68,0
30,0,2,2,0,337,3,56,0
31,2,2,1,0,369,3,23,0
32,0,2,0,0,374,4,20,0
33,1,1,1,0,388,4,5,0
34,0,1,1,0,388,6,4,0
35,0,1,1,0,384,7,7,0
36,3,0,2,0,385,9,1,0
37,1,1,2,0,386,8,2,0
38,1,0,3,0,381,10,5,0
39,1,2,4,0,380,13,0,0
40,1,3,1,0,380,13,2,0
41,2,0,1,0,381,14,2,0
42,1,2,0,0,381,15,1,0
43,1,1,0,0,383,14,1,0
44,2,0,0,0,381,15,2,0
45,0,4,1,0,378,16,1,0
46,0,3,2,0,378,17,0,0
47,3,4,0,0,373,17,3,0
48,2,0,1,1,376,19,1,0
49,2,2,1,0,372,23,0,0
50,3,0,2,0,370,24,1,0
51,1,1,1,0,369,26,2,0
52,2,1,1,0,368,27,1,0
53,0,0,1,0,368,30,1,0
54,2,1,0,1,363,32,1,0
55,4,0,1,0,360,34,1,0
56,0,3,0,0,362,35,0,0
57,1,0,2,1,361,33,2,0
58,0,3,0,0,364,32,1,0
59,4,0,2,0,361,31,2,0
60,0,1,2,0,366,31,0,0
61,2,1,1,0,360,31,5,0
62,2,0,2,0,363,32,1,0
63,1,2,1,0,364,32,0,0
64,2,2,0,0,361,33,2,0
65,3,0,1,0,360,33,3,0
66,4,1,1,0,360,32,2,0
67,0,2,5,0,358,31,4,0
68,2,0,0,0,364,31,3,0
69,3,1,2,0,360,32,2,0
70,2,2,2,1,359,31,3,0
71,4,0,0,0,363,31,2,0
72,3,1,1,0,362,30,3,0
73,0,2,0,0,366,30,2,0
74,1,0,2,0,366,29,2,0
75,1,1,3,0,363,30,2,0
76,0,2,3,1,361,31,2,0
77,0,0,0,0,367,32,1,0
78,0,2,0,0,365,33,0,0
79,0,0,1,0,364,33,2,0
80,0,0,1,0,363,34,2,0
81,0,3,2,0,359,35,1,0
82,3,2,0,0,356,36,3,0
83,0,1,1,0,356,35,7,0
84,3,0,2,0,358,35,2,0
85,0,1,0,0,363,36,0,0
86,2,0,0,0,360,37,1,0
87,1,2,0,0,358,37,2,0
88,1,1,3,0,358,36,1,0
89,2,0,1,0,358,37,2,0
90,0,2,1,0,357,39,1,0
91,0,1,2,0,359,38,0,0
92,1,0,1,0,359,38,1,0
93,0,2,4,0,354,38,2,0
94,1,3,0,0,287,27,82,0
95,0,1,0,1,234,18,146,0
96,1,1,3,0,302,15,78,0
97,1,0,0,0,327,14,58,0
98,1,1,0,0,353,15,30,0
99,1,0,1,0,369,17,12,0
100,2,0,1,0,369,18,10,0
101,1,0,1,1,369,19,9,0
102,1,1,0,0,366,24,8,0
103,1,0,2,0,368,26,3,0
104,0,2,2,0,366,28,2,0
105,2,1,73,1,302,20,1,0
106,1,1,114,1,265,14,4,0
107,1,2,160,1,222,14,0,0
108,0,0,170,1,216,11,2,0
109,1,1,192,0,199,7,0,0
110,1,0,174,0,220,4,1,0
111,1,1,203,1,189,4,1,0
112,1,1,107,2,284,4,1,0
113,1,1,155,1,235,5,2,0
114,3,1,101,1,290,4,0,0
115,2,1,54,1,336,5,1,0
116,1,0,30,0,362,7,0,0
117,1,1,11,0,378,9,0,0
118,0,1,22,0,363,12,2,0
119,3,0,10,0,374,11,2,0
120,0,1,4,0,384,11,0,0
121,2,2,5,0,372,15,4,0
122,0,2,3,0,378,16,1,0
123,2,1,2,0,379,16,0,0
124,1,0,1,0,380,17,1,0
125,1,0,1,0,379,18,1,0
126,2,1,2,0,374,19,2,0
127,1,0,1,0,374,20,4,0
128,4,0,1,0,372,21,2,0
129,1,0,0,0,378,21,0,0
130,3,1,1,0,371,20,4,0
131,3,1,0,0,374,20,2,0
132,2,1,0,0,375,20,2,0
133,0,1,2,0,373,20,4,0
134,0,0,0,1,380,19,0,0
135,0,1,0,0,378,20,1,0
136,0,1,2,0,374,22,1,0
137,1,3,2,0,368,24,2,0
138,2,3,2,0,367,23,3,0
139,1,1,0,1,372,23,2,0
140,1,0,0,0,373,26,0,0
141,0,1,0,0,369,29,1,0
142,1,1,2,1,368,27,0,0
143,1,1,1,0,369,28,0,0
144,0,3,3,0,363,29,2,0
145,1,1,2,0,364,31,1,0
146,3,0,1,0,364,32,0,0
147,0,0,4,0,362,32,2,0
148,1,2,2,1,358,36,0,0
149,2,1,1,0,358,37,1,0
150,0,1,0,0,359,39,1,0
151,2,3,0,0,354,39,2,0
152,0,2,2,0,354,40,2,0
153,3,1,0,0,356,39,1,0
154,0,3,1,0,358,38,0,0
155,1,1,1,0,359,38,0,0
156,0,2,1,0,358,39,0,0
157,0,1,2,1,354,41,1,0
158,0,0,1,0,356,41,2,0
159,0,2,1,0,355,41,1,0
160,0,2,4,0,349,43,2,0
161,1,2,1,0,352,44,0,0
162,2,2,1,0,352,43,0,0
163,1,1,0,1,353,44,0,0
164,0,1,1,0,354,44,0,0
165,1,1,2,0,349,44,3,0
166,0,0,2,1,351,44,2,0
167,0,0,3,0,352,44,1,0
168,0,2,2,0,351,43,2,0
169,2,1,1,0,354,40,2,0
170,2,1,4,0,348,43,2,0
171,2,1,0,0,355,42,0,0
172,1,3,1,0,347,44,4,0
173,2,1,0,1,351,42,3,0
174,3,0,1,0,351,43,2,0
175,0,1,4,1,346,45,3,0
176,0,0,0,0,353,46,1,0
177,1,0,0,0,350,49,0,0
178,0,2,2,0,346,49,1,0
179,3,1,0,0,346,48,2,0
180,0,2,2,0,346,50,0,0
181,0,0,1,0,347,50,2,0
182,0,3,0,0,343,50,4,0
183,1,2,0,0,347,49,1,0
184,2,1,1,1,347,48,0,0
185,1,0,3,1,346,46,3,0
186,1,2,3,0,348,46,0,0
187,1,0,1,1,350,45,2,0
188,1,1,2,2,350,43,1,0
189,1,2,1,0,350,44,2,0
190,0,0,0,0,353,46,1,0
191,0,0,0,1,353,45,1,0
192,2,2,1,0,350,45,0,0
193,2,2,1,0,351,43,1,0
194,0,3,2,0,351,43,1,0
195,3,2,2,1,348,42,2,0
196,1,3,2,0,351,43,0,0
197,3,2,2,1,350,40,2,0
198,3,2,1,0,353,41,0,0
199,1,2,0,0,356,40,1,0
200,1,2,4,0,354,39,0,0
201,2,1,1,0,356,39,1,0
202,2,1,0,0,358,39,0,0
203,3,2,4,0,353,38,0,0
204,1,2,0,0,357,40,0,0
205,1,1,1,0,354,41,2,0
206,0,4,4,0,348,41,3,0
207,0,3,1,0,350,43,3,0
208,3,2,2,1,351,41,0,0
209,1,0,3,1,355,39,1,0
210,1,0,0,0,360,38,1,0
211,3,1,6,0,352,37,1,0
212,0,2,2,0,358,37,1,0
213,3,0,3,0,356,36,2,0
214,2,1,1,1,357,36,2,0
215,0,2,1,0,358,38,1,0
216,1,0,0,0,360,37,2,0
217,0,1,0,0,360,38,1,0
218,1,1,2,0,357,37,2,0
219,0,0,2,0,359,39,0,0
220,1,0,1,0,359,38,1,0
221,0,1,1,0,358,38,2,0
222,2,0,0,0,357,38,3,0
223,0,1,1,0,357,39,2,0
224,0,0,1,0,359,40,0,0
225,0,2,2,0,357,38,1,0
226,1,1,0,0,356,40,2,0
227,2,1,1,0,357,39,0,0
228,1,0,1,0,358,40,0,0
229,1,1,0,0,352,41,5,0
230,0,4,1,0,353,41,1,0
231,2,3,2,0,349,43,1,0
232,2,3,1,0,348,43,3,0
233,1,2,2,0,352,43,0,0
234,1,2,1,0,352,43,1,0
235,1,4,1,1,351,42,0,0
236,1,1,1,0,356,41,0,0
237,1,1,3,0,354,39,2,0
238,2,0,1,0,357,40,0,0
239,1,2,2,0,354,40,1,0
240,1,0,1,0,355,41,2,0
241,0,1,1,0,355,43,0,0
242,1,0,1,0,354,42,2,0
243,1,1,1,0,354,42,1,0
244,5,1,0,0,349,42,3,0
245,0,1,1,0,355,42,1,0
246,0,2,0,0,354,41,3,0
247,1,3,0,0,349,45,2,0
248,1,0,2,0,350,47,0,0
249,0,0,1,0,348,49,2,0
250,3,3,0,1,345,48,0,0
251,3,1,3,0,345,47,1,0
252,1,2,0,1,349,47,0,0
253,3,1,0,2,347,47,0,0
254,0,1,2,0,349,48,0,0
255,1,0,0,0,349,49,1,0
256,2,0,2,0,345,49,2,0
257,3,0,0,0,347,50,0,0
258,0,3,2,0,345,49,1,0
259,2,1,0,0,345,50,2,0
260,3,4,0,0,338,51,4,0
261,4,0,0,1,341,53,1,0
262,1,0,1,0,343,54,1,0
263,1,1,2,2,340,52,2,0
264,3,0,2,0,342,50,3,0
265,2,3,5,1,341,48,0,0
266,2,2,0,0,348,48,0,0
267,0,2,2,0,347,49,0,0
268,0,1,0,1,347,49,2,0
269,1,4,2,0,344,49,0,0
270,2,2,3,0,343,50,0,0
271,0,2,0,0,348,50,0,0
272,0,1,4,0,343,50,2,0
273,1,2,0,1,346,49,1,0
274,0,0,3,0,346,49,2,0
275,2,0,4,0,345,49,0,0
276,1,3,1,0,347,48,0,0
277,0,1,0,0,349,49,1,0
278,0,2,1,0,348,49,0,0
279,0,0,0,0,348,50,2,0
280,0,2,2,0,343,53,0,0
281,1,3,2,0,340,53,1,0
282,1,1,1,0,340,54,3,0
283,0,1,1,0,341,55,2,0
284,1,1,4,0,338,55,1,0
285,1,0,0,0,341,57,1,0
286,2,2,1,0,336,55,4,0
287,1,1,3,1,338,56,0,0
288,1,1,2,0,338,57,1,0
289,0,0,2,0,338,58,2,0
290,1,1,1,1,339,57,0,0
291,2,1,2,0,337,57,1,0
292,3,1,5,0,334,57,0,0
293,4,1,1,0,336,55,3,0
294,2,0,0,0,339,56,3,0
295,2,1,4,0,334,54,5,0
296,0,2,1,0,344,52,1,0
297,1,0,1,0,344,52,2,0
298,3,1,1,0,340,52,3,0
299,4,1,0,0,341,52,2,0
